<?xml version="1.0" encoding="UTF-8"?>
<coverage generated="1657741403891" clover="3.2.0">
  <project timestamp="1657741403891" name="All files">
    <metrics statements="5685" coveredstatements="4935" conditionals="2194" coveredconditionals="1492" methods="1962" coveredmethods="1635" elements="9841" coveredelements="8062" complexity="0" loc="5685" ncloc="5685" packages="55" files="252" classes="252"/>
    <package name="app.web.src">
      <metrics statements="63" coveredstatements="53" conditionals="35" coveredconditionals="22" methods="18" coveredmethods="12"/>
      <file name="app.dev.js" path="/app/web/src/app.dev.js">
        <metrics statements="15" coveredstatements="11" conditionals="6" coveredconditionals="4" methods="2" coveredmethods="1"/>
        <line num="24" count="311" type="cond" truecount="1" falsecount="1"/>
        <line num="25" count="0" type="stmt"/>
        <line num="29" count="311" type="cond" truecount="1" falsecount="1"/>
        <line num="30" count="0" type="stmt"/>
        <line num="38" count="311" type="stmt"/>
        <line num="40" count="311" type="stmt"/>
        <line num="42" count="311" type="stmt"/>
        <line num="51" count="311" type="cond" truecount="2" falsecount="0"/>
        <line num="53" count="311" type="stmt"/>
        <line num="58" count="311" type="stmt"/>
        <line num="59" count="311" type="stmt"/>
        <line num="62" count="311" type="stmt"/>
        <line num="63" count="0" type="stmt"/>
        <line num="64" count="0" type="stmt"/>
        <line num="67" count="311" type="stmt"/>
      </file>
      <file name="constants.js" path="/app/web/src/constants.js">
        <metrics statements="15" coveredstatements="10" conditionals="12" coveredconditionals="1" methods="8" coveredmethods="3"/>
        <line num="3" count="311" type="stmt"/>
        <line num="14" count="311" type="stmt"/>
        <line num="18" count="311" type="stmt"/>
        <line num="29" count="311" type="stmt"/>
        <line num="32" count="2968" type="cond" truecount="1" falsecount="0"/>
        <line num="34" count="2226" type="stmt"/>
        <line num="38" count="11130" type="stmt"/>
        <line num="42" count="311" type="stmt"/>
        <line num="49" count="311" type="stmt"/>
        <line num="57" count="311" type="stmt"/>
        <line num="63" count="0" type="cond" truecount="0" falsecount="2"/>
        <line num="70" count="0" type="cond" truecount="0" falsecount="2"/>
        <line num="77" count="0" type="cond" truecount="0" falsecount="2"/>
        <line num="84" count="0" type="cond" truecount="0" falsecount="2"/>
        <line num="92" count="0" type="cond" truecount="0" falsecount="2"/>
      </file>
      <file name="cookie-constants.js" path="/app/web/src/cookie-constants.js">
        <metrics statements="2" coveredstatements="2" conditionals="0" coveredconditionals="0" methods="0" coveredmethods="0"/>
        <line num="1" count="311" type="stmt"/>
        <line num="2" count="311" type="stmt"/>
      </file>
      <file name="file-loader.js" path="/app/web/src/file-loader.js">
        <metrics statements="1" coveredstatements="1" conditionals="0" coveredconditionals="0" methods="0" coveredmethods="0"/>
        <line num="1" count="311" type="stmt"/>
      </file>
      <file name="saveMiddleware.js" path="/app/web/src/saveMiddleware.js">
        <metrics statements="30" coveredstatements="29" conditionals="17" coveredconditionals="17" methods="8" coveredmethods="8"/>
        <line num="11" count="311" type="stmt"/>
        <line num="15" count="311" type="stmt"/>
        <line num="16" count="311" type="stmt"/>
        <line num="17" count="311" type="stmt"/>
        <line num="19" count="311" type="stmt"/>
        <line num="20" count="833" type="stmt"/>
        <line num="21" count="833" type="stmt"/>
        <line num="22" count="833" type="stmt"/>
        <line num="23" count="833" type="stmt"/>
        <line num="27" count="0" type="stmt"/>
        <line num="32" count="311" type="stmt"/>
        <line num="39" count="4870" type="cond" truecount="2" falsecount="0"/>
        <line num="40" count="392" type="stmt"/>
        <line num="41" count="392" type="stmt"/>
        <line num="47" count="4478" type="cond" truecount="2" falsecount="0"/>
        <line num="51" count="4478" type="stmt"/>
        <line num="53" count="833" type="stmt"/>
        <line num="55" count="833" type="stmt"/>
        <line num="57" count="832" type="stmt"/>
        <line num="60" count="832" type="cond" truecount="2" falsecount="0"/>
        <line num="61" count="364" type="stmt"/>
        <line num="62" count="364" type="stmt"/>
        <line num="68" count="311" type="cond" truecount="2" falsecount="0"/>
        <line num="69" count="311" type="stmt"/>
        <line num="70" count="18325" type="stmt"/>
        <line num="71" count="18325" type="cond" truecount="6" falsecount="0"/>
        <line num="77" count="4506" type="stmt"/>
        <line num="78" count="4506" type="stmt"/>
        <line num="80" count="13819" type="stmt"/>
        <line num="82" count="18325" type="stmt"/>
      </file>
    </package>
    <package name="app.web.src.components">
      <metrics statements="507" coveredstatements="444" conditionals="302" coveredconditionals="219" methods="158" coveredmethods="129"/>
      <file name="AlertMissingFFY.js" path="/app/web/src/components/AlertMissingFFY.js">
        <metrics statements="6" coveredstatements="5" conditionals="2" coveredconditionals="1" methods="2" coveredmethods="2"/>
        <line num="8" count="311" type="stmt"/>
        <line num="9" count="308" type="cond" truecount="1" falsecount="1"/>
        <line num="10" count="308" type="stmt"/>
        <line num="12" count="0" type="stmt"/>
        <line num="20" count="311" type="stmt"/>
        <line num="25" count="7582" type="stmt"/>
      </file>
      <file name="AriaAnnounce.js" path="/app/web/src/components/AriaAnnounce.js">
        <metrics statements="6" coveredstatements="6" conditionals="0" coveredconditionals="0" methods="2" coveredmethods="2"/>
        <line num="7" count="311" type="stmt"/>
        <line num="8" count="1227" type="stmt"/>
        <line num="9" count="1215" type="stmt"/>
        <line num="20" count="311" type="stmt"/>
        <line num="24" count="311" type="stmt"/>
        <line num="28" count="15910" type="stmt"/>
      </file>
      <file name="ArrowLeftIcon.js" path="/app/web/src/components/ArrowLeftIcon.js">
        <metrics statements="2" coveredstatements="2" conditionals="0" coveredconditionals="0" methods="1" coveredmethods="1"/>
        <line num="4" count="311" type="stmt"/>
        <line num="5" count="516" type="stmt"/>
      </file>
      <file name="ArrowRightIcon.js" path="/app/web/src/components/ArrowRightIcon.js">
        <metrics statements="4" coveredstatements="4" conditionals="0" coveredconditionals="0" methods="1" coveredmethods="1"/>
        <line num="6" count="311" type="stmt"/>
        <line num="7" count="1340" type="stmt"/>
        <line num="15" count="311" type="stmt"/>
        <line num="19" count="311" type="stmt"/>
      </file>
      <file name="AutoScrollToElement.js" path="/app/web/src/components/AutoScrollToElement.js">
        <metrics statements="12" coveredstatements="12" conditionals="8" coveredconditionals="6" methods="3" coveredmethods="3"/>
        <line num="5" count="311" type="stmt"/>
        <line num="6" count="2291" type="stmt"/>
        <line num="8" count="2291" type="stmt"/>
        <line num="9" count="2291" type="cond" truecount="2" falsecount="0"/>
        <line num="10" count="1177" type="stmt"/>
        <line num="11" count="1177" type="cond" truecount="2" falsecount="0"/>
        <line num="12" count="1177" type="cond" truecount="2" falsecount="0"/>
        <line num="13" count="20" type="stmt"/>
        <line num="14" count="20" type="stmt"/>
        <line num="18" count="2291" type="stmt"/>
        <line num="21" count="311" type="stmt"/>
        <line num="28" count="15910" type="cond" truecount="0" falsecount="2"/>
      </file>
      <file name="Broadcast.js" path="/app/web/src/components/Broadcast.js">
        <metrics statements="26" coveredstatements="13" conditionals="10" coveredconditionals="1" methods="9" coveredmethods="2"/>
        <line num="3" count="311" type="stmt"/>
        <line num="4" count="311" type="stmt"/>
        <line num="6" count="311" type="stmt"/>
        <line num="7" count="0" type="cond" truecount="0" falsecount="2"/>
        <line num="8" count="0" type="stmt"/>
        <line num="12" count="311" type="stmt"/>
        <line num="13" count="0" type="cond" truecount="0" falsecount="2"/>
        <line num="14" count="0" type="stmt"/>
        <line num="18" count="311" type="stmt"/>
        <line num="19" count="0" type="stmt"/>
        <line num="20" count="0" type="cond" truecount="0" falsecount="2"/>
        <line num="21" count="0" type="stmt"/>
        <line num="25" count="311" type="stmt"/>
        <line num="26" count="311" type="stmt"/>
        <line num="27" count="311" type="stmt"/>
        <line num="28" count="311" type="cond" truecount="1" falsecount="1"/>
        <line num="29" count="311" type="stmt"/>
        <line num="30" count="311" type="stmt"/>
        <line num="31" count="0" type="cond" truecount="0" falsecount="2"/>
        <line num="32" count="0" type="stmt"/>
        <line num="33" count="0" type="stmt"/>
        <line num="37" count="311" type="stmt"/>
        <line num="38" count="0" type="stmt"/>
        <line num="39" count="0" type="stmt"/>
        <line num="43" count="0" type="stmt"/>
        <line num="46" count="311" type="stmt"/>
      </file>
      <file name="CardForm.js" path="/app/web/src/components/CardForm.js">
        <metrics statements="8" coveredstatements="8" conditionals="24" coveredconditionals="14" methods="2" coveredmethods="2"/>
        <line num="6" count="311" type="stmt"/>
        <line num="21" count="88" type="stmt"/>
        <line num="23" count="88" type="stmt"/>
        <line num="24" count="28" type="stmt"/>
        <line num="25" count="28" type="cond" truecount="3" falsecount="1"/>
        <line num="28" count="88" type="stmt"/>
        <line num="97" count="311" type="stmt"/>
        <line num="113" count="311" type="stmt"/>
      </file>
      <file name="Choice.js" path="/app/web/src/components/Choice.js">
        <metrics statements="9" coveredstatements="6" conditionals="2" coveredconditionals="1" methods="2" coveredmethods="2"/>
        <line num="4" count="311" type="stmt"/>
        <line num="5" count="2287" type="stmt"/>
        <line num="7" count="2287" type="stmt"/>
        <line num="8" count="407" type="stmt"/>
        <line num="10" count="407" type="cond" truecount="1" falsecount="1"/>
        <line num="11" count="0" type="stmt"/>
        <line num="12" count="0" type="stmt"/>
        <line num="13" count="0" type="stmt"/>
        <line num="17" count="2287" type="stmt"/>
      </file>
      <file name="ConnectedWaypoint.js" path="/app/web/src/components/ConnectedWaypoint.js">
        <metrics statements="7" coveredstatements="7" conditionals="0" coveredconditionals="0" methods="3" coveredmethods="3"/>
        <line num="7" count="311" type="stmt"/>
        <line num="8" count="814" type="stmt"/>
        <line num="12" count="76" type="stmt"/>
        <line num="18" count="311" type="stmt"/>
        <line num="25" count="311" type="stmt"/>
        <line num="30" count="9928" type="stmt"/>
        <line num="34" count="311" type="stmt"/>
      </file>
      <file name="ContinuePreviousButtons.js" path="/app/web/src/components/ContinuePreviousButtons.js">
        <metrics statements="18" coveredstatements="18" conditionals="14" coveredconditionals="14" methods="3" coveredmethods="3"/>
        <line num="9" count="311" type="stmt"/>
        <line num="10" count="311" type="stmt"/>
        <line num="12" count="311" type="stmt"/>
        <line num="13" count="916" type="stmt"/>
        <line num="14" count="1340" type="cond" truecount="2" falsecount="0"/>
        <line num="15" count="228" type="stmt"/>
        <line num="16" count="228" type="stmt"/>
        <line num="18" count="1112" type="stmt"/>
        <line num="21" count="916" type="cond" truecount="2" falsecount="0"/>
        <line num="22" count="916" type="cond" truecount="2" falsecount="0"/>
        <line num="24" count="916" type="cond" truecount="2" falsecount="0"/>
        <line num="36" count="916" type="cond" truecount="2" falsecount="0"/>
        <line num="42" count="916" type="cond" truecount="2" falsecount="0"/>
        <line num="54" count="916" type="cond" truecount="2" falsecount="0"/>
        <line num="58" count="916" type="stmt"/>
        <line num="73" count="311" type="stmt"/>
        <line num="78" count="311" type="stmt"/>
        <line num="83" count="8250" type="stmt"/>
      </file>
      <file name="DateField.js" path="/app/web/src/components/DateField.js">
        <metrics statements="24" coveredstatements="23" conditionals="37" coveredconditionals="27" methods="6" coveredmethods="6"/>
        <line num="6" count="311" type="stmt"/>
        <line num="7" count="3428" type="cond" truecount="2" falsecount="0"/>
        <line num="8" count="912" type="stmt"/>
        <line num="14" count="2516" type="stmt"/>
        <line num="15" count="2516" type="cond" truecount="5" falsecount="1"/>
        <line num="18" count="311" type="cond" truecount="0" falsecount="4"/>
        <line num="19" count="712" type="cond" truecount="3" falsecount="2"/>
        <line num="20" count="0" type="stmt"/>
        <line num="23" count="712" type="cond" truecount="2" falsecount="0"/>
        <line num="28" count="311" type="stmt"/>
        <line num="35" count="3428" type="stmt"/>
        <line num="41" count="3428" type="stmt"/>
        <line num="43" count="3428" type="stmt"/>
        <line num="44" count="932" type="cond" truecount="2" falsecount="0"/>
        <line num="45" count="228" type="cond" truecount="0" falsecount="3"/>
        <line num="46" count="228" type="stmt"/>
        <line num="47" count="228" type="stmt"/>
        <line num="54" count="932" type="cond" truecount="2" falsecount="0"/>
        <line num="55" count="704" type="stmt"/>
        <line num="63" count="3428" type="stmt"/>
        <line num="70" count="712" type="stmt"/>
        <line num="71" count="712" type="stmt"/>
        <line num="83" count="311" type="stmt"/>
        <line num="90" count="311" type="stmt"/>
      </file>
      <file name="DeleteModal.js" path="/app/web/src/components/DeleteModal.js">
        <metrics statements="5" coveredstatements="5" conditionals="4" coveredconditionals="3" methods="1" coveredmethods="1"/>
        <line num="8" count="311" type="stmt"/>
        <line num="9" count="120" type="stmt"/>
        <line num="11" count="120" type="stmt"/>
        <line num="38" count="311" type="stmt"/>
        <line num="44" count="311" type="stmt"/>
      </file>
      <file name="DeleteModalOptions.js" path="/app/web/src/components/DeleteModalOptions.js">
        <metrics statements="14" coveredstatements="12" conditionals="0" coveredconditionals="0" methods="13" coveredmethods="11"/>
        <line num="5" count="120" type="stmt"/>
        <line num="8" count="4" type="stmt"/>
        <line num="25" count="4" type="stmt"/>
        <line num="42" count="12" type="stmt"/>
        <line num="52" count="12" type="stmt"/>
        <line num="62" count="20" type="stmt"/>
        <line num="72" count="12" type="stmt"/>
        <line num="82" count="12" type="stmt"/>
        <line num="92" count="24" type="stmt"/>
        <line num="110" count="0" type="stmt"/>
        <line num="120" count="12" type="stmt"/>
        <line num="130" count="8" type="stmt"/>
        <line num="137" count="0" type="stmt"/>
        <line num="147" count="120" type="stmt"/>
      </file>
      <file name="DocumentUpload.js" path="/app/web/src/components/DocumentUpload.js">
        <metrics statements="17" coveredstatements="14" conditionals="2" coveredconditionals="2" methods="4" coveredmethods="3"/>
        <line num="13" count="311" type="stmt"/>
        <line num="14" count="466" type="stmt"/>
        <line num="15" count="466" type="stmt"/>
        <line num="17" count="466" type="stmt"/>
        <line num="18" count="14" type="stmt"/>
        <line num="20" count="14" type="stmt"/>
        <line num="37" count="466" type="stmt"/>
        <line num="38" count="216" type="stmt"/>
        <line num="39" count="216" type="stmt"/>
        <line num="40" count="216" type="stmt"/>
        <line num="42" count="216" type="stmt"/>
        <line num="45" count="466" type="stmt"/>
        <line num="46" count="0" type="stmt"/>
        <line num="47" count="0" type="stmt"/>
        <line num="49" count="0" type="stmt"/>
        <line num="52" count="466" type="stmt"/>
        <line num="90" count="311" type="stmt"/>
      </file>
      <file name="DollarField.js" path="/app/web/src/components/DollarField.js">
        <metrics statements="2" coveredstatements="2" conditionals="0" coveredconditionals="0" methods="1" coveredmethods="1"/>
        <line num="4" count="311" type="stmt"/>
        <line num="5" count="28984" type="stmt"/>
      </file>
      <file name="Dollars.js" path="/app/web/src/components/Dollars.js">
        <metrics statements="7" coveredstatements="7" conditionals="4" coveredconditionals="4" methods="1" coveredmethods="1"/>
        <line num="13" count="311" type="stmt"/>
        <line num="14" count="251626" type="stmt"/>
        <line num="16" count="251626" type="cond" truecount="4" falsecount="0"/>
        <line num="17" count="1712" type="stmt"/>
        <line num="20" count="249914" type="stmt"/>
        <line num="23" count="311" type="stmt"/>
        <line num="29" count="311" type="stmt"/>
      </file>
      <file name="EnableCookies.js" path="/app/web/src/components/EnableCookies.js">
        <metrics statements="1" coveredstatements="1" conditionals="0" coveredconditionals="0" methods="0" coveredmethods="0"/>
        <line num="1" count="311" type="stmt"/>
      </file>
      <file name="FormAndReviewList.js" path="/app/web/src/components/FormAndReviewList.js">
        <metrics statements="41" coveredstatements="41" conditionals="25" coveredconditionals="22" methods="12" coveredmethods="12"/>
        <line num="5" count="311" type="stmt"/>
        <line num="15" count="1788" type="stmt"/>
        <line num="16" count="1788" type="stmt"/>
        <line num="18" count="1788" type="stmt"/>
        <line num="19" count="1788" type="stmt"/>
        <line num="20" count="1788" type="stmt"/>
        <line num="21" count="232" type="stmt"/>
        <line num="22" count="232" type="cond" truecount="4" falsecount="0"/>
        <line num="23" count="196" type="stmt"/>
        <line num="24" count="196" type="stmt"/>
        <line num="26" count="232" type="stmt"/>
        <line num="29" count="1788" type="stmt"/>
        <line num="31" count="1788" type="stmt"/>
        <line num="32" count="60" type="stmt"/>
        <line num="33" count="60" type="stmt"/>
        <line num="34" count="60" type="stmt"/>
        <line num="37" count="1788" type="cond" truecount="2" falsecount="0"/>
        <line num="38" count="996" type="stmt"/>
        <line num="45" count="792" type="stmt"/>
        <line num="55" count="60" type="stmt"/>
        <line num="63" count="172" type="stmt"/>
        <line num="64" count="172" type="stmt"/>
        <line num="65" count="172" type="stmt"/>
        <line num="74" count="311" type="stmt"/>
        <line num="87" count="311" type="stmt"/>
        <line num="92" count="311" type="stmt"/>
        <line num="106" count="1008" type="stmt"/>
        <line num="107" count="1008" type="stmt"/>
        <line num="109" count="1008" type="stmt"/>
        <line num="110" count="152" type="stmt"/>
        <line num="114" count="1008" type="cond" truecount="1" falsecount="1"/>
        <line num="116" count="1008" type="stmt"/>
        <line num="117" count="196" type="stmt"/>
        <line num="118" count="196" type="stmt"/>
        <line num="119" count="196" type="stmt"/>
        <line num="122" count="1008" type="stmt"/>
        <line num="124" count="1008" type="stmt"/>
        <line num="136" count="1160" type="stmt"/>
        <line num="146" count="52" type="stmt"/>
        <line num="163" count="311" type="stmt"/>
        <line num="179" count="311" type="stmt"/>
      </file>
      <file name="Icons.js" path="/app/web/src/components/Icons.js">
        <metrics statements="15" coveredstatements="14" conditionals="0" coveredconditionals="0" methods="11" coveredmethods="7"/>
        <line num="35" count="1048" type="stmt"/>
        <line num="36" count="311" type="stmt"/>
        <line num="37" count="311" type="stmt"/>
        <line num="38" count="0" type="stmt"/>
        <line num="40" count="311" type="stmt"/>
        <line num="41" count="311" type="stmt"/>
        <line num="42" count="311" type="stmt"/>
        <line num="43" count="76" type="stmt"/>
        <line num="45" count="311" type="stmt"/>
        <line num="46" count="855" type="stmt"/>
        <line num="53" count="311" type="stmt"/>
        <line num="54" count="311" type="stmt"/>
        <line num="55" count="1757" type="stmt"/>
        <line num="57" count="311" type="stmt"/>
        <line num="58" count="311" type="stmt"/>
      </file>
      <file name="Instruction.js" path="/app/web/src/components/Instruction.js">
        <metrics statements="20" coveredstatements="20" conditionals="27" coveredconditionals="25" methods="3" coveredmethods="3"/>
        <line num="8" count="311" type="stmt"/>
        <line num="9" count="12508" type="stmt"/>
        <line num="10" count="12508" type="stmt"/>
        <line num="12" count="12508" type="cond" truecount="2" falsecount="0"/>
        <line num="13" count="7240" type="stmt"/>
        <line num="15" count="5268" type="stmt"/>
        <line num="18" count="311" type="stmt"/>
        <line num="25" count="311" type="stmt"/>
        <line num="31" count="311" type="stmt"/>
        <line num="32" count="16987" type="stmt"/>
        <line num="33" count="16987" type="stmt"/>
        <line num="34" count="16987" type="stmt"/>
        <line num="35" count="16987" type="stmt"/>
        <line num="36" count="16987" type="stmt"/>
        <line num="38" count="16987" type="cond" truecount="6" falsecount="0"/>
        <line num="39" count="16067" type="stmt"/>
        <line num="55" count="96" type="stmt"/>
        <line num="70" count="920" type="stmt"/>
        <line num="73" count="311" type="stmt"/>
        <line num="81" count="311" type="stmt"/>
      </file>
      <file name="Loading.js" path="/app/web/src/components/Loading.js">
        <metrics statements="3" coveredstatements="3" conditionals="0" coveredconditionals="0" methods="1" coveredmethods="1"/>
        <line num="5" count="311" type="stmt"/>
        <line num="6" count="895" type="stmt"/>
        <line num="11" count="311" type="stmt"/>
      </file>
      <file name="Md.js" path="/app/web/src/components/Md.js">
        <metrics statements="18" coveredstatements="18" conditionals="2" coveredconditionals="1" methods="4" coveredmethods="4"/>
        <line num="6" count="311" type="stmt"/>
        <line num="11" count="311" type="stmt"/>
        <line num="55" count="22453" type="stmt"/>
        <line num="56" count="22453" type="stmt"/>
        <line num="58" count="22453" type="stmt"/>
        <line num="59" count="22453" type="stmt"/>
        <line num="60" count="1306" type="stmt"/>
        <line num="63" count="1306" type="cond" truecount="1" falsecount="1"/>
        <line num="64" count="1306" type="stmt"/>
        <line num="66" count="1306" type="stmt"/>
        <line num="68" count="5224" type="stmt"/>
        <line num="69" count="5224" type="stmt"/>
        <line num="70" count="5224" type="stmt"/>
        <line num="73" count="1306" type="stmt"/>
        <line num="79" count="1306" type="stmt"/>
        <line num="82" count="22453" type="stmt"/>
        <line num="90" count="311" type="stmt"/>
        <line num="95" count="311" type="stmt"/>
      </file>
      <file name="NoMatch.js" path="/app/web/src/components/NoMatch.js">
        <metrics statements="2" coveredstatements="1" conditionals="0" coveredconditionals="0" methods="1" coveredmethods="0"/>
        <line num="3" count="311" type="stmt"/>
        <line num="4" count="0" type="stmt"/>
      </file>
      <file name="NumberField.js" path="/app/web/src/components/NumberField.js">
        <metrics statements="38" coveredstatements="37" conditionals="26" coveredconditionals="22" methods="7" coveredmethods="7"/>
        <line num="5" count="311" type="stmt"/>
        <line num="6" count="63096" type="cond" truecount="2" falsecount="0"/>
        <line num="8" count="311" type="stmt"/>
        <line num="17" count="57298" type="stmt"/>
        <line num="18" count="57298" type="stmt"/>
        <line num="19" count="5030" type="stmt"/>
        <line num="22" count="57298" type="stmt"/>
        <line num="25" count="3496" type="cond" truecount="4" falsecount="0"/>
        <line num="26" count="332" type="stmt"/>
        <line num="29" count="3164" type="stmt"/>
        <line num="31" count="3164" type="cond" truecount="1" falsecount="1"/>
        <line num="34" count="57298" type="stmt"/>
        <line num="35" count="768" type="stmt"/>
        <line num="36" count="768" type="cond" truecount="2" falsecount="0"/>
        <line num="37" count="28" type="stmt"/>
        <line num="39" count="740" type="cond" truecount="3" falsecount="1"/>
        <line num="40" count="0" type="stmt"/>
        <line num="42" count="740" type="cond" truecount="2" falsecount="0"/>
        <line num="43" count="588" type="stmt"/>
        <line num="46" count="152" type="stmt"/>
        <line num="49" count="57298" type="stmt"/>
        <line num="50" count="768" type="stmt"/>
        <line num="51" count="768" type="stmt"/>
        <line num="53" count="768" type="cond" truecount="1" falsecount="1"/>
        <line num="54" count="768" type="stmt"/>
        <line num="59" count="768" type="cond" truecount="2" falsecount="0"/>
        <line num="60" count="328" type="stmt"/>
        <line num="66" count="57298" type="stmt"/>
        <line num="67" count="2768" type="stmt"/>
        <line num="68" count="2768" type="cond" truecount="2" falsecount="0"/>
        <line num="71" count="40" type="stmt"/>
        <line num="73" count="2728" type="stmt"/>
        <line num="74" count="2728" type="cond" truecount="2" falsecount="0"/>
        <line num="75" count="2728" type="cond" truecount="1" falsecount="1"/>
        <line num="76" count="2728" type="stmt"/>
        <line num="83" count="57298" type="stmt"/>
        <line num="94" count="311" type="stmt"/>
        <line num="103" count="311" type="stmt"/>
      </file>
      <file name="PasswordWithMeter.js" path="/app/web/src/components/PasswordWithMeter.js">
        <metrics statements="24" coveredstatements="22" conditionals="26" coveredconditionals="16" methods="7" coveredmethods="4"/>
        <line num="9" count="407" type="stmt"/>
        <line num="10" count="407" type="stmt"/>
        <line num="14" count="407" type="stmt"/>
        <line num="15" count="407" type="cond" truecount="1" falsecount="1"/>
        <line num="16" count="0" type="stmt"/>
        <line num="20" count="407" type="stmt"/>
        <line num="21" count="1070" type="stmt"/>
        <line num="22" count="1070" type="stmt"/>
        <line num="24" count="1070" type="cond" truecount="1" falsecount="1"/>
        <line num="25" count="1070" type="stmt"/>
        <line num="29" count="407" type="stmt"/>
        <line num="30" count="0" type="stmt"/>
        <line num="42" count="2287" type="stmt"/>
        <line num="43" count="2287" type="stmt"/>
        <line num="45" count="2287" type="stmt"/>
        <line num="46" count="2287" type="cond" truecount="2" falsecount="0"/>
        <line num="47" count="1056" type="stmt"/>
        <line num="48" count="1231" type="cond" truecount="2" falsecount="0"/>
        <line num="49" count="136" type="stmt"/>
        <line num="50" count="1095" type="cond" truecount="2" falsecount="0"/>
        <line num="51" count="285" type="stmt"/>
        <line num="54" count="2287" type="stmt"/>
        <line num="113" count="311" type="stmt"/>
        <line num="125" count="311" type="stmt"/>
      </file>
      <file name="PercentField.js" path="/app/web/src/components/PercentField.js">
        <metrics statements="9" coveredstatements="5" conditionals="4" coveredconditionals="3" methods="2" coveredmethods="2"/>
        <line num="4" count="311" type="stmt"/>
        <line num="5" count="13728" type="stmt"/>
        <line num="6" count="13728" type="stmt"/>
        <line num="7" count="416" type="cond" truecount="3" falsecount="1"/>
        <line num="8" count="0" type="stmt"/>
        <line num="9" count="0" type="stmt"/>
        <line num="10" count="0" type="stmt"/>
        <line num="11" count="0" type="stmt"/>
        <line num="15" count="13728" type="stmt"/>
      </file>
      <file name="PersonCostForm.js" path="/app/web/src/components/PersonCostForm.js">
        <metrics statements="19" coveredstatements="19" conditionals="4" coveredconditionals="4" methods="9" coveredmethods="9"/>
        <line num="13" count="311" type="stmt"/>
        <line num="27" count="720" type="stmt"/>
        <line num="36" count="720" type="stmt"/>
        <line num="39" count="720" type="stmt"/>
        <line num="40" count="1440" type="stmt"/>
        <line num="41" count="400" type="stmt"/>
        <line num="42" count="400" type="stmt"/>
        <line num="46" count="720" type="stmt"/>
        <line num="47" count="1440" type="stmt"/>
        <line num="48" count="160" type="stmt"/>
        <line num="49" count="160" type="stmt"/>
        <line num="52" count="720" type="stmt"/>
        <line num="53" count="76" type="stmt"/>
        <line num="56" count="720" type="stmt"/>
        <line num="59" count="1440" type="stmt"/>
        <line num="66" count="1440" type="stmt"/>
        <line num="84" count="1440" type="stmt"/>
        <line num="110" count="311" type="stmt"/>
        <line num="120" count="311" type="stmt"/>
      </file>
      <file name="PrivateRoute.js" path="/app/web/src/components/PrivateRoute.js">
        <metrics statements="5" coveredstatements="5" conditionals="2" coveredconditionals="2" methods="3" coveredmethods="3"/>
        <line num="6" count="311" type="stmt"/>
        <line num="7" count="1906" type="stmt"/>
        <line num="10" count="1906" type="cond" truecount="2" falsecount="0"/>
        <line num="24" count="311" type="stmt"/>
        <line num="30" count="13896" type="stmt"/>
      </file>
      <file name="Review.js" path="/app/web/src/components/Review.js">
        <metrics statements="20" coveredstatements="20" conditionals="24" coveredconditionals="23" methods="6" coveredmethods="6"/>
        <line num="7" count="311" type="stmt"/>
        <line num="23" count="5128" type="stmt"/>
        <line num="24" count="5128" type="stmt"/>
        <line num="26" count="604" type="stmt"/>
        <line num="27" count="44" type="cond" truecount="2" falsecount="0"/>
        <line num="28" count="8" type="stmt"/>
        <line num="30" count="44" type="cond" truecount="2" falsecount="0"/>
        <line num="31" count="36" type="stmt"/>
        <line num="37" count="5128" type="stmt"/>
        <line num="39" count="5128" type="stmt"/>
        <line num="40" count="52" type="stmt"/>
        <line num="41" count="52" type="stmt"/>
        <line num="44" count="5128" type="stmt"/>
        <line num="45" count="84" type="cond" truecount="2" falsecount="0"/>
        <line num="46" count="4" type="stmt"/>
        <line num="48" count="80" type="stmt"/>
        <line num="52" count="5128" type="stmt"/>
        <line num="102" count="28" type="stmt"/>
        <line num="110" count="311" type="stmt"/>
        <line num="122" count="311" type="stmt"/>
      </file>
      <file name="RichText.js" path="/app/web/src/components/RichText.js">
        <metrics statements="56" coveredstatements="31" conditionals="12" coveredconditionals="5" methods="16" coveredmethods="9"/>
        <line num="34" count="311" type="stmt"/>
        <line num="48" count="311" type="stmt"/>
        <line num="49" count="0" type="stmt"/>
        <line num="50" count="0" type="cond" truecount="0" falsecount="4"/>
        <line num="52" count="0" type="stmt"/>
        <line num="54" count="0" type="stmt"/>
        <line num="55" count="0" type="cond" truecount="0" falsecount="2"/>
        <line num="57" count="0" type="stmt"/>
        <line num="64" count="0" type="stmt"/>
        <line num="68" count="0" type="stmt"/>
        <line num="69" count="0" type="stmt"/>
        <line num="70" count="0" type="stmt"/>
        <line num="73" count="0" type="stmt"/>
        <line num="74" count="0" type="stmt"/>
        <line num="78" count="0" type="stmt"/>
        <line num="82" count="0" type="stmt"/>
        <line num="89" count="0" type="stmt"/>
        <line num="90" count="0" type="stmt"/>
        <line num="91" count="0" type="stmt"/>
        <line num="92" count="0" type="stmt"/>
        <line num="95" count="0" type="stmt"/>
        <line num="99" count="7464" type="stmt"/>
        <line num="100" count="1726" type="stmt"/>
        <line num="101" count="1070" type="stmt"/>
        <line num="102" count="1070" type="stmt"/>
        <line num="106" count="1070" type="stmt"/>
        <line num="109" count="1726" type="stmt"/>
        <line num="110" count="2" type="stmt"/>
        <line num="113" count="1726" type="stmt"/>
        <line num="116" count="0" type="stmt"/>
        <line num="117" count="0" type="stmt"/>
        <line num="118" count="0" type="stmt"/>
        <line num="119" count="0" type="stmt"/>
        <line num="124" count="0" type="stmt"/>
        <line num="132" count="1726" type="stmt"/>
        <line num="134" count="1726" type="stmt"/>
        <line num="141" count="7464" type="stmt"/>
        <line num="142" count="2" type="stmt"/>
        <line num="143" count="2" type="stmt"/>
        <line num="145" count="2" type="stmt"/>
        <line num="146" count="2" type="stmt"/>
        <line num="147" count="2" type="stmt"/>
        <line num="155" count="2" type="stmt"/>
        <line num="156" count="2" type="stmt"/>
        <line num="158" count="0" type="stmt"/>
        <line num="162" count="1726" type="stmt"/>
        <line num="163" count="140" type="stmt"/>
        <line num="164" count="140" type="stmt"/>
        <line num="168" count="7464" type="stmt"/>
        <line num="169" count="7464" type="stmt"/>
        <line num="172" count="7464" type="stmt"/>
        <line num="183" count="7464" type="stmt"/>
        <line num="196" count="7464" type="stmt"/>
        <line num="250" count="311" type="stmt"/>
        <line num="259" count="311" type="stmt"/>
        <line num="267" count="311" type="stmt"/>
      </file>
      <file name="SaveMessage.js" path="/app/web/src/components/SaveMessage.js">
        <metrics statements="20" coveredstatements="19" conditionals="8" coveredconditionals="7" methods="5" coveredmethods="5"/>
        <line num="7" count="311" type="stmt"/>
        <line num="23" count="311" type="stmt"/>
        <line num="24" count="2773" type="stmt"/>
        <line num="26" count="2773" type="stmt"/>
        <line num="27" count="2760" type="stmt"/>
        <line num="28" count="2760" type="stmt"/>
        <line num="31" count="2773" type="stmt"/>
        <line num="32" count="2773" type="stmt"/>
        <line num="33" count="2773" type="stmt"/>
        <line num="34" count="2773" type="stmt"/>
        <line num="36" count="2773" type="cond" truecount="4" falsecount="0"/>
        <line num="37" count="2564" type="stmt"/>
        <line num="40" count="209" type="cond" truecount="2" falsecount="0"/>
        <line num="41" count="51" type="stmt"/>
        <line num="42" count="158" type="cond" truecount="1" falsecount="1"/>
        <line num="43" count="0" type="stmt"/>
        <line num="45" count="158" type="stmt"/>
        <line num="48" count="209" type="stmt"/>
        <line num="49" count="209" type="stmt"/>
        <line num="52" count="311" type="stmt"/>
      </file>
      <file name="Section.js" path="/app/web/src/components/Section.js">
        <metrics statements="11" coveredstatements="11" conditionals="12" coveredconditionals="9" methods="2" coveredmethods="2"/>
        <line num="9" count="311" type="stmt"/>
        <line num="10" count="5842" type="stmt"/>
        <line num="11" count="5842" type="stmt"/>
        <line num="13" count="5842" type="stmt"/>
        <line num="26" count="311" type="stmt"/>
        <line num="32" count="311" type="stmt"/>
        <line num="37" count="311" type="stmt"/>
        <line num="38" count="3420" type="stmt"/>
        <line num="40" count="3420" type="stmt"/>
        <line num="58" count="311" type="stmt"/>
        <line num="66" count="311" type="stmt"/>
      </file>
      <file name="SessionEndingAlert.js" path="/app/web/src/components/SessionEndingAlert.js">
        <metrics statements="14" coveredstatements="10" conditionals="12" coveredconditionals="2" methods="5" coveredmethods="2"/>
        <line num="13" count="311" type="stmt"/>
        <line num="21" count="586" type="stmt"/>
        <line num="22" count="586" type="cond" truecount="1" falsecount="1"/>
        <line num="27" count="586" type="stmt"/>
        <line num="28" count="0" type="stmt"/>
        <line num="36" count="586" type="stmt"/>
        <line num="37" count="0" type="stmt"/>
        <line num="38" count="0" type="stmt"/>
        <line num="41" count="586" type="stmt"/>
        <line num="58" count="0" type="stmt"/>
        <line num="96" count="311" type="stmt"/>
        <line num="105" count="311" type="stmt"/>
        <line num="107" count="15910" type="stmt"/>
        <line num="114" count="311" type="stmt"/>
      </file>
      <file name="TextArea.js" path="/app/web/src/components/TextArea.js">
        <metrics statements="5" coveredstatements="5" conditionals="0" coveredconditionals="0" methods="2" coveredmethods="2"/>
        <line num="5" count="311" type="stmt"/>
        <line num="6" count="10340" type="stmt"/>
        <line num="17" count="10340" type="stmt"/>
        <line num="27" count="311" type="stmt"/>
        <line num="31" count="311" type="stmt"/>
      </file>
      <file name="UnexpectedError.js" path="/app/web/src/components/UnexpectedError.js">
        <metrics statements="7" coveredstatements="6" conditionals="6" coveredconditionals="1" methods="3" coveredmethods="2"/>
        <line num="11" count="311" type="stmt"/>
        <line num="12" count="1881" type="stmt"/>
        <line num="13" count="0" type="stmt"/>
        <line num="16" count="1881" type="stmt"/>
        <line num="51" count="311" type="stmt"/>
        <line num="57" count="11474" type="stmt"/>
        <line num="62" count="311" type="stmt"/>
      </file>
      <file name="UpgradeBrowser.js" path="/app/web/src/components/UpgradeBrowser.js">
        <metrics statements="6" coveredstatements="6" conditionals="3" coveredconditionals="2" methods="2" coveredmethods="2"/>
        <line num="5" count="311" type="stmt"/>
        <line num="23" count="311" type="stmt"/>
        <line num="34" count="933" type="stmt"/>
        <line num="49" count="311" type="cond" truecount="1" falsecount="0"/>
        <line num="51" count="2414" type="cond" truecount="1" falsecount="1"/>
        <line num="61" count="311" type="stmt"/>
      </file>
      <file name="Wrapper.js" path="/app/web/src/components/Wrapper.js">
        <metrics statements="6" coveredstatements="6" conditionals="2" coveredconditionals="2" methods="3" coveredmethods="3"/>
        <line num="9" count="3110" type="stmt"/>
        <line num="11" count="311" type="stmt"/>
        <line num="12" count="2455" type="stmt"/>
        <line num="13" count="2455" type="stmt"/>
        <line num="15" count="2455" type="stmt"/>
        <line num="25" count="311" type="stmt"/>
      </file>
    </package>
    <package name="app.web.src.containers">
      <metrics statements="110" coveredstatements="90" conditionals="68" coveredconditionals="47" methods="22" coveredmethods="18"/>
      <file name="ApdApplication.js" path="/app/web/src/containers/ApdApplication.js">
        <metrics statements="29" coveredstatements="25" conditionals="29" coveredconditionals="21" methods="4" coveredmethods="4"/>
        <line num="27" count="311" type="stmt"/>
        <line num="39" count="1770" type="stmt"/>
        <line num="40" count="1770" type="stmt"/>
        <line num="41" count="1770" type="stmt"/>
        <line num="42" count="1770" type="stmt"/>
        <line num="44" count="1770" type="stmt"/>
        <line num="46" count="216" type="cond" truecount="2" falsecount="2"/>
        <line num="47" count="0" type="stmt"/>
        <line num="48" count="0" type="stmt"/>
        <line num="49" count="216" type="cond" truecount="3" falsecount="1"/>
        <line num="50" count="0" type="stmt"/>
        <line num="51" count="216" type="cond" truecount="5" falsecount="0"/>
        <line num="52" count="158" type="stmt"/>
        <line num="53" count="158" type="cond" truecount="1" falsecount="3"/>
        <line num="54" count="158" type="stmt"/>
        <line num="56" count="58" type="stmt"/>
        <line num="65" count="1770" type="stmt"/>
        <line num="66" count="374" type="cond" truecount="2" falsecount="0"/>
        <line num="67" count="216" type="stmt"/>
        <line num="71" count="1770" type="cond" truecount="1" falsecount="1"/>
        <line num="72" count="0" type="stmt"/>
        <line num="74" count="1770" type="cond" truecount="4" falsecount="0"/>
        <line num="75" count="474" type="stmt"/>
        <line num="82" count="1296" type="stmt"/>
        <line num="90" count="1296" type="stmt"/>
        <line num="105" count="311" type="stmt"/>
        <line num="118" count="311" type="stmt"/>
        <line num="125" count="12428" type="stmt"/>
        <line num="133" count="311" type="stmt"/>
      </file>
      <file name="App.js" path="/app/web/src/containers/App.js">
        <metrics statements="2" coveredstatements="2" conditionals="0" coveredconditionals="0" methods="1" coveredmethods="1"/>
        <line num="9" count="311" type="stmt"/>
        <line num="10" count="512" type="stmt"/>
      </file>
      <file name="LoginApplication.js" path="/app/web/src/containers/LoginApplication.js">
        <metrics statements="72" coveredstatements="56" conditionals="39" coveredconditionals="26" methods="15" coveredmethods="11"/>
        <line num="25" count="311" type="stmt"/>
        <line num="44" count="1373" type="stmt"/>
        <line num="45" count="1373" type="stmt"/>
        <line num="46" count="1373" type="stmt"/>
        <line num="47" count="1373" type="stmt"/>
        <line num="49" count="1373" type="stmt"/>
        <line num="50" count="318" type="cond" truecount="4" falsecount="0"/>
        <line num="51" count="307" type="stmt"/>
        <line num="52" count="307" type="stmt"/>
        <line num="53" count="307" type="stmt"/>
        <line num="54" count="290" type="stmt"/>
        <line num="60" count="1373" type="stmt"/>
        <line num="61" count="318" type="stmt"/>
        <line num="68" count="1373" type="stmt"/>
        <line num="70" count="1373" type="cond" truecount="1" falsecount="1"/>
        <line num="71" count="0" type="stmt"/>
        <line num="72" count="1373" type="cond" truecount="2" falsecount="0"/>
        <line num="73" count="16" type="stmt"/>
        <line num="79" count="1357" type="cond" truecount="2" falsecount="0"/>
        <line num="80" count="6" type="stmt"/>
        <line num="81" count="1351" type="cond" truecount="2" falsecount="0"/>
        <line num="82" count="24" type="stmt"/>
        <line num="86" count="1373" type="stmt"/>
        <line num="87" count="0" type="cond" truecount="0" falsecount="2"/>
        <line num="91" count="0" type="stmt"/>
        <line num="92" count="0" type="stmt"/>
        <line num="94" count="0" type="stmt"/>
        <line num="95" count="0" type="cond" truecount="0" falsecount="2"/>
        <line num="96" count="0" type="stmt"/>
        <line num="102" count="1373" type="stmt"/>
        <line num="103" count="0" type="stmt"/>
        <line num="104" count="0" type="cond" truecount="0" falsecount="2"/>
        <line num="105" count="0" type="stmt"/>
        <line num="110" count="1373" type="stmt"/>
        <line num="111" count="0" type="stmt"/>
        <line num="112" count="0" type="stmt"/>
        <line num="116" count="1373" type="stmt"/>
        <line num="117" count="10" type="stmt"/>
        <line num="118" count="10" type="cond" truecount="1" falsecount="1"/>
        <line num="119" count="10" type="stmt"/>
        <line num="124" count="1373" type="stmt"/>
        <line num="125" count="10" type="stmt"/>
        <line num="126" count="10" type="stmt"/>
        <line num="130" count="1373" type="stmt"/>
        <line num="131" count="79" type="stmt"/>
        <line num="132" count="79" type="cond" truecount="2" falsecount="0"/>
        <line num="133" count="73" type="stmt"/>
        <line num="137" count="1373" type="stmt"/>
        <line num="138" count="8" type="stmt"/>
        <line num="139" count="8" type="stmt"/>
        <line num="143" count="1373" type="stmt"/>
        <line num="144" count="0" type="stmt"/>
        <line num="145" count="0" type="cond" truecount="0" falsecount="2"/>
        <line num="146" count="0" type="stmt"/>
        <line num="150" count="1373" type="stmt"/>
        <line num="151" count="4" type="stmt"/>
        <line num="152" count="4" type="stmt"/>
        <line num="155" count="1373" type="cond" truecount="2" falsecount="0"/>
        <line num="156" count="397" type="stmt"/>
        <line num="163" count="976" type="cond" truecount="4" falsecount="0"/>
        <line num="164" count="4" type="stmt"/>
        <line num="167" count="972" type="cond" truecount="2" falsecount="0"/>
        <line num="168" count="267" type="cond" truecount="3" falsecount="0"/>
        <line num="169" count="267" type="cond" truecount="1" falsecount="1"/>
        <line num="170" count="0" type="stmt"/>
        <line num="173" count="267" type="stmt"/>
        <line num="176" count="705" type="stmt"/>
        <line num="195" count="311" type="stmt"/>
        <line num="215" count="311" type="stmt"/>
        <line num="222" count="311" type="stmt"/>
        <line num="233" count="2642" type="stmt"/>
        <line num="244" count="311" type="stmt"/>
      </file>
      <file name="Root.js" path="/app/web/src/containers/Root.js">
        <metrics statements="7" coveredstatements="7" conditionals="0" coveredconditionals="0" methods="2" coveredmethods="2"/>
        <line num="11" count="311" type="stmt"/>
        <line num="14" count="311" type="stmt"/>
        <line num="16" count="311" type="stmt"/>
        <line num="18" count="311" type="stmt"/>
        <line num="19" count="3904" type="stmt"/>
        <line num="22" count="311" type="stmt"/>
        <line num="31" count="311" type="stmt"/>
      </file>
    </package>
    <package name="app.web.src.i18n">
      <metrics statements="13" coveredstatements="12" conditionals="17" coveredconditionals="11" methods="3" coveredmethods="2"/>
      <file name="index.js" path="/app/web/src/i18n/index.js">
        <metrics statements="13" coveredstatements="12" conditionals="17" coveredconditionals="11" methods="3" coveredmethods="2"/>
        <line num="8" count="311" type="stmt"/>
        <line num="9" count="311" type="stmt"/>
        <line num="10" count="311" type="stmt"/>
        <line num="13" count="311" type="stmt"/>
        <line num="15" count="311" type="stmt"/>
        <line num="18" count="311" type="cond" truecount="2" falsecount="2"/>
        <line num="22" count="311" type="stmt"/>
        <line num="23" count="311" type="cond" truecount="2" falsecount="0"/>
        <line num="24" count="311" type="cond" truecount="3" falsecount="1"/>
        <line num="26" count="311" type="stmt"/>
        <line num="30" count="311" type="cond" truecount="3" falsecount="1"/>
        <line num="31" count="0" type="cond" truecount="0" falsecount="2"/>
        <line num="32" count="160370" type="cond" truecount="1" falsecount="0"/>
      </file>
    </package>
    <package name="app.web.src.i18n.locales.en">
      <metrics statements="0" coveredstatements="0" conditionals="0" coveredconditionals="0" methods="0" coveredmethods="0"/>
      <file name="index.js" path="/app/web/src/i18n/locales/en/index.js">
        <metrics statements="0" coveredstatements="0" conditionals="0" coveredconditionals="0" methods="0" coveredmethods="0"/>
      </file>
    </package>
    <package name="app.web.src.i18n.locales.en.activities">
      <metrics statements="0" coveredstatements="0" conditionals="0" coveredconditionals="0" methods="0" coveredmethods="0"/>
      <file name="index.js" path="/app/web/src/i18n/locales/en/activities/index.js">
        <metrics statements="0" coveredstatements="0" conditionals="0" coveredconditionals="0" methods="0" coveredmethods="0"/>
      </file>
    </package>
    <package name="app.web.src.i18n.locales.en.apd">
      <metrics statements="0" coveredstatements="0" conditionals="0" coveredconditionals="0" methods="0" coveredmethods="0"/>
      <file name="index.js" path="/app/web/src/i18n/locales/en/apd/index.js">
        <metrics statements="0" coveredstatements="0" conditionals="0" coveredconditionals="0" methods="0" coveredmethods="0"/>
      </file>
    </package>
    <package name="app.web.src.layout.footer">
      <metrics statements="2" coveredstatements="2" conditionals="0" coveredconditionals="0" methods="1" coveredmethods="1"/>
      <file name="Footer.js" path="/app/web/src/layout/footer/Footer.js">
        <metrics statements="2" coveredstatements="2" conditionals="0" coveredconditionals="0" methods="1" coveredmethods="1"/>
        <line num="3" count="311" type="stmt"/>
        <line num="4" count="2455" type="stmt"/>
      </file>
    </package>
    <package name="app.web.src.layout.header">
      <metrics statements="76" coveredstatements="70" conditionals="57" coveredconditionals="48" methods="20" coveredmethods="19"/>
      <file name="ApdHeader.js" path="/app/web/src/layout/header/ApdHeader.js">
        <metrics statements="25" coveredstatements="22" conditionals="10" coveredconditionals="5" methods="8" coveredmethods="7"/>
        <line num="15" count="311" type="stmt"/>
        <line num="16" count="486" type="stmt"/>
        <line num="18" count="486" type="stmt"/>
        <line num="19" count="258" type="stmt"/>
        <line num="21" count="258" type="cond" truecount="2" falsecount="0"/>
        <line num="22" count="8" type="stmt"/>
        <line num="26" count="486" type="stmt"/>
        <line num="27" count="8" type="stmt"/>
        <line num="29" count="8" type="cond" truecount="1" falsecount="1"/>
        <line num="30" count="0" type="stmt"/>
        <line num="32" count="8" type="stmt"/>
        <line num="35" count="8" type="stmt"/>
        <line num="38" count="486" type="stmt"/>
        <line num="39" count="0" type="cond" truecount="0" falsecount="4"/>
        <line num="40" count="0" type="stmt"/>
        <line num="44" count="486" type="stmt"/>
        <line num="54" count="156" type="stmt"/>
        <line num="65" count="8" type="stmt"/>
        <line num="79" count="4" type="stmt"/>
        <line num="80" count="4" type="stmt"/>
        <line num="81" count="4" type="stmt"/>
        <line num="98" count="311" type="stmt"/>
        <line num="105" count="311" type="stmt"/>
        <line num="107" count="5740" type="stmt"/>
        <line num="113" count="311" type="stmt"/>
      </file>
      <file name="DashboardButton.js" path="/app/web/src/layout/header/DashboardButton.js">
        <metrics statements="5" coveredstatements="5" conditionals="0" coveredconditionals="0" methods="2" coveredmethods="2"/>
        <line num="7" count="311" type="stmt"/>
        <line num="8" count="1391" type="stmt"/>
        <line num="9" count="6" type="stmt"/>
        <line num="15" count="311" type="stmt"/>
        <line num="20" count="311" type="stmt"/>
      </file>
      <file name="Header.js" path="/app/web/src/layout/header/Header.js">
        <metrics statements="30" coveredstatements="28" conditionals="39" coveredconditionals="36" methods="7" coveredmethods="7"/>
        <line num="27" count="311" type="stmt"/>
        <line num="28" count="311" type="stmt"/>
        <line num="31" count="311" type="stmt"/>
        <line num="34" count="311" type="stmt"/>
        <line num="35" count="34" type="cond" truecount="1" falsecount="1"/>
        <line num="36" count="34" type="stmt"/>
        <line num="38" count="0" type="stmt"/>
        <line num="40" count="0" type="stmt"/>
        <line num="43" count="311" type="stmt"/>
        <line num="44" count="66" type="stmt"/>
        <line num="45" count="66" type="cond" truecount="2" falsecount="0"/>
        <line num="47" count="34" type="stmt"/>
        <line num="50" count="32" type="stmt"/>
        <line num="52" count="66" type="stmt"/>
        <line num="65" count="2205" type="stmt"/>
        <line num="66" count="2205" type="stmt"/>
        <line num="68" count="2205" type="stmt"/>
        <line num="70" count="2205" type="stmt"/>
        <line num="71" count="2205" type="cond" truecount="4" falsecount="0"/>
        <line num="72" count="640" type="stmt"/>
        <line num="74" count="1565" type="cond" truecount="4" falsecount="0"/>
        <line num="75" count="137" type="stmt"/>
        <line num="77" count="1428" type="cond" truecount="4" falsecount="0"/>
        <line num="78" count="164" type="stmt"/>
        <line num="80" count="1264" type="stmt"/>
        <line num="94" count="2205" type="stmt"/>
        <line num="194" count="311" type="stmt"/>
        <line num="205" count="311" type="stmt"/>
        <line num="213" count="15910" type="stmt"/>
        <line num="222" count="311" type="stmt"/>
      </file>
      <file name="HeaderSaveMessage.js" path="/app/web/src/layout/header/HeaderSaveMessage.js">
        <metrics statements="16" coveredstatements="15" conditionals="8" coveredconditionals="7" methods="3" coveredmethods="3"/>
        <line num="15" count="311" type="stmt"/>
        <line num="16" count="3590" type="stmt"/>
        <line num="17" count="3590" type="stmt"/>
        <line num="19" count="3590" type="cond" truecount="2" falsecount="0"/>
        <line num="20" count="1617" type="cond" truecount="2" falsecount="0"/>
        <line num="23" count="785" type="stmt"/>
        <line num="26" count="785" type="stmt"/>
        <line num="30" count="785" type="stmt"/>
        <line num="37" count="780" type="stmt"/>
        <line num="43" count="3590" type="cond" truecount="2" falsecount="0"/>
        <line num="44" count="1757" type="stmt"/>
        <line num="51" count="1833" type="cond" truecount="1" falsecount="1"/>
        <line num="52" count="0" type="stmt"/>
        <line num="59" count="1833" type="stmt"/>
        <line num="66" count="311" type="stmt"/>
        <line num="72" count="12564" type="stmt"/>
      </file>
    </package>
    <package name="app.web.src.layout.nav">
      <metrics statements="27" coveredstatements="27" conditionals="8" coveredconditionals="7" methods="8" coveredmethods="8"/>
      <file name="Nav.js" path="/app/web/src/layout/nav/Nav.js">
        <metrics statements="7" coveredstatements="7" conditionals="0" coveredconditionals="0" methods="3" coveredmethods="3"/>
        <line num="8" count="311" type="stmt"/>
        <line num="10" count="1948" type="stmt"/>
        <line num="11" count="1948" type="stmt"/>
        <line num="12" count="1948" type="stmt"/>
        <line num="19" count="311" type="stmt"/>
        <line num="23" count="311" type="stmt"/>
        <line num="29" count="11474" type="stmt"/>
      </file>
      <file name="NavLink.js" path="/app/web/src/layout/nav/NavLink.js">
        <metrics statements="4" coveredstatements="4" conditionals="0" coveredconditionals="0" methods="1" coveredmethods="1"/>
        <line num="5" count="311" type="stmt"/>
        <line num="6" count="55360" type="stmt"/>
        <line num="11" count="311" type="stmt"/>
        <line num="15" count="311" type="stmt"/>
      </file>
      <file name="SecondaryNav.js" path="/app/web/src/layout/nav/SecondaryNav.js">
        <metrics statements="9" coveredstatements="9" conditionals="4" coveredconditionals="4" methods="2" coveredmethods="2"/>
        <line num="13" count="311" type="stmt"/>
        <line num="14" count="5888" type="stmt"/>
        <line num="15" count="5888" type="stmt"/>
        <line num="18" count="5888" type="cond" truecount="2" falsecount="0"/>
        <line num="21" count="5888" type="stmt"/>
        <line num="41" count="311" type="stmt"/>
        <line num="45" count="311" type="stmt"/>
        <line num="52" count="8478" type="stmt"/>
        <line num="58" count="311" type="stmt"/>
      </file>
      <file name="Sidebar.js" path="/app/web/src/layout/nav/Sidebar.js">
        <metrics statements="7" coveredstatements="7" conditionals="4" coveredconditionals="3" methods="2" coveredmethods="2"/>
        <line num="6" count="311" type="stmt"/>
        <line num="7" count="1296" type="stmt"/>
        <line num="8" count="216" type="stmt"/>
        <line num="11" count="1296" type="stmt"/>
        <line num="12" count="1296" type="stmt"/>
        <line num="16" count="1296" type="stmt"/>
        <line num="35" count="311" type="stmt"/>
      </file>
    </package>
    <package name="app.web.src.lazy">
      <metrics statements="4" coveredstatements="4" conditionals="0" coveredconditionals="0" methods="3" coveredmethods="3"/>
      <file name="zxcvbn.js" path="/app/web/src/lazy/zxcvbn.js">
        <metrics statements="4" coveredstatements="4" conditionals="0" coveredconditionals="0" methods="3" coveredmethods="3"/>
        <line num="1" count="365" type="stmt"/>
        <line num="4" count="1070" type="stmt"/>
        <line num="5" count="1070" type="stmt"/>
        <line num="8" count="1070" type="stmt"/>
      </file>
    </package>
    <package name="app.web.src.pages">
      <metrics statements="9" coveredstatements="9" conditionals="6" coveredconditionals="6" methods="2" coveredmethods="2"/>
      <file name="MainRoutes.js" path="/app/web/src/pages/MainRoutes.js">
        <metrics statements="8" coveredstatements="8" conditionals="6" coveredconditionals="6" methods="2" coveredmethods="2"/>
        <line num="8" count="311" type="stmt"/>
        <line num="9" count="512" type="stmt"/>
        <line num="11" count="5120" type="cond" truecount="2" falsecount="0"/>
        <line num="12" count="5120" type="cond" truecount="2" falsecount="0"/>
        <line num="13" count="1536" type="stmt"/>
        <line num="19" count="3584" type="cond" truecount="2" falsecount="0"/>
        <line num="20" count="512" type="stmt"/>
        <line num="26" count="3072" type="stmt"/>
      </file>
      <file name="mainRoutesList.js" path="/app/web/src/pages/mainRoutesList.js">
        <metrics statements="1" coveredstatements="1" conditionals="0" coveredconditionals="0" methods="0" coveredmethods="0"/>
        <line num="14" count="311" type="stmt"/>
      </file>
    </package>
    <package name="app.web.src.pages.admin">
      <metrics statements="45" coveredstatements="44" conditionals="16" coveredconditionals="12" methods="13" coveredmethods="13"/>
      <file name="AdminRoute.js" path="/app/web/src/pages/admin/AdminRoute.js">
        <metrics statements="9" coveredstatements="8" conditionals="4" coveredconditionals="3" methods="3" coveredmethods="3"/>
        <line num="8" count="311" type="stmt"/>
        <line num="9" count="32" type="stmt"/>
        <line num="13" count="32" type="cond" truecount="2" falsecount="0"/>
        <line num="14" count="18" type="cond" truecount="1" falsecount="1"/>
        <line num="15" count="18" type="stmt"/>
        <line num="20" count="0" type="stmt"/>
        <line num="22" count="14" type="stmt"/>
        <line num="32" count="311" type="stmt"/>
        <line num="39" count="311" type="stmt"/>
      </file>
      <file name="ConfirmationDialog.js" path="/app/web/src/pages/admin/ConfirmationDialog.js">
        <metrics statements="4" coveredstatements="4" conditionals="4" coveredconditionals="4" methods="1" coveredmethods="1"/>
        <line num="6" count="311" type="stmt"/>
        <line num="11" count="5" type="cond" truecount="2" falsecount="0"/>
        <line num="12" count="5" type="stmt"/>
        <line num="42" count="311" type="stmt"/>
      </file>
      <file name="ManageRoleDialog.js" path="/app/web/src/pages/admin/ManageRoleDialog.js">
        <metrics statements="32" coveredstatements="32" conditionals="8" coveredconditionals="5" methods="9" coveredmethods="9"/>
        <line num="6" count="311" type="stmt"/>
        <line num="13" count="7" type="stmt"/>
        <line num="14" count="10" type="stmt"/>
        <line num="15" count="15" type="stmt"/>
        <line num="19" count="7" type="stmt"/>
        <line num="20" count="14" type="cond" truecount="2" falsecount="0"/>
        <line num="21" count="8" type="cond" truecount="1" falsecount="1"/>
        <line num="23" count="6" type="stmt"/>
        <line num="26" count="7" type="stmt"/>
        <line num="27" count="7" type="stmt"/>
        <line num="28" count="7" type="cond" truecount="1" falsecount="1"/>
        <line num="31" count="7" type="stmt"/>
        <line num="32" count="7" type="stmt"/>
        <line num="33" count="7" type="cond" truecount="1" falsecount="1"/>
        <line num="36" count="7" type="stmt"/>
        <line num="39" count="7" type="stmt"/>
        <line num="43" count="7" type="stmt"/>
        <line num="44" count="2" type="stmt"/>
        <line num="45" count="2" type="stmt"/>
        <line num="46" count="2" type="stmt"/>
        <line num="49" count="7" type="stmt"/>
        <line num="52" count="4" type="stmt"/>
        <line num="55" count="7" type="stmt"/>
        <line num="56" count="14" type="stmt"/>
        <line num="59" count="14" type="stmt"/>
        <line num="60" count="14" type="stmt"/>
        <line num="61" count="14" type="stmt"/>
        <line num="62" count="14" type="stmt"/>
        <line num="65" count="7" type="stmt"/>
        <line num="71" count="7" type="stmt"/>
        <line num="110" count="311" type="stmt"/>
        <line num="118" count="311" type="stmt"/>
      </file>
    </package>
    <package name="app.web.src.pages.admin.fed-admin">
      <metrics statements="235" coveredstatements="192" conditionals="112" coveredconditionals="73" methods="90" coveredmethods="69"/>
      <file name="DelegateStateAdminForm.js" path="/app/web/src/pages/admin/fed-admin/DelegateStateAdminForm.js">
        <metrics statements="33" coveredstatements="31" conditionals="16" coveredconditionals="14" methods="17" coveredmethods="16"/>
        <line num="14" count="311" type="stmt"/>
        <line num="15" count="17416" type="stmt"/>
        <line num="20" count="311" type="stmt"/>
        <line num="22" count="622" type="stmt"/>
        <line num="27" count="311" type="stmt"/>
        <line num="28" count="682" type="stmt"/>
        <line num="29" count="678" type="stmt"/>
        <line num="31" count="678" type="stmt"/>
        <line num="41" count="652" type="cond" truecount="1" falsecount="1"/>
        <line num="43" count="652" type="stmt"/>
        <line num="48" count="0" type="stmt"/>
        <line num="54" count="678" type="stmt"/>
        <line num="56" count="678" type="stmt"/>
        <line num="57" count="446" type="stmt"/>
        <line num="58" count="2286" type="stmt"/>
        <line num="60" count="446" type="stmt"/>
        <line num="63" count="678" type="stmt"/>
        <line num="64" count="216" type="stmt"/>
        <line num="67" count="678" type="stmt"/>
        <line num="68" count="4" type="stmt"/>
        <line num="71" count="4" type="stmt"/>
        <line num="74" count="0" type="stmt"/>
        <line num="76" count="4" type="cond" truecount="1" falsecount="1"/>
        <line num="77" count="4" type="stmt"/>
        <line num="81" count="678" type="stmt"/>
        <line num="93" count="4" type="stmt"/>
        <line num="104" count="52" type="stmt"/>
        <line num="116" count="4" type="stmt"/>
        <line num="128" count="68" type="stmt"/>
        <line num="141" count="88" type="stmt"/>
        <line num="164" count="4" type="stmt"/>
        <line num="181" count="311" type="stmt"/>
        <line num="185" count="311" type="stmt"/>
      </file>
      <file name="FederalAdmin.js" path="/app/web/src/pages/admin/fed-admin/FederalAdmin.js">
        <metrics statements="62" coveredstatements="32" conditionals="22" coveredconditionals="7" methods="21" coveredmethods="6"/>
        <line num="19" count="311" type="stmt"/>
        <line num="28" count="128" type="stmt"/>
        <line num="29" count="128" type="stmt"/>
        <line num="30" count="128" type="stmt"/>
        <line num="32" count="128" type="stmt"/>
        <line num="34" count="128" type="stmt"/>
        <line num="36" count="128" type="stmt"/>
        <line num="38" count="128" type="stmt"/>
        <line num="40" count="128" type="stmt"/>
        <line num="41" count="36" type="stmt"/>
        <line num="42" count="36" type="cond" truecount="1" falsecount="1"/>
        <line num="43" count="36" type="stmt"/>
        <line num="44" count="36" type="stmt"/>
        <line num="45" count="33" type="stmt"/>
        <line num="50" count="128" type="stmt"/>
        <line num="52" count="36" type="stmt"/>
        <line num="53" count="36" type="stmt"/>
        <line num="62" count="128" type="stmt"/>
        <line num="63" count="0" type="stmt"/>
        <line num="66" count="128" type="stmt"/>
        <line num="68" count="0" type="cond" truecount="0" falsecount="2"/>
        <line num="69" count="0" type="stmt"/>
        <line num="70" count="0" type="stmt"/>
        <line num="73" count="0" type="cond" truecount="0" falsecount="2"/>
        <line num="74" count="0" type="stmt"/>
        <line num="76" count="0" type="stmt"/>
        <line num="79" count="128" type="stmt"/>
        <line num="80" count="0" type="stmt"/>
        <line num="82" count="0" type="stmt"/>
        <line num="88" count="0" type="stmt"/>
        <line num="90" count="0" type="stmt"/>
        <line num="92" count="0" type="stmt"/>
        <line num="98" count="0" type="stmt"/>
        <line num="101" count="128" type="stmt"/>
        <line num="102" count="0" type="stmt"/>
        <line num="103" count="0" type="stmt"/>
        <line num="106" count="128" type="stmt"/>
        <line num="107" count="0" type="stmt"/>
        <line num="110" count="128" type="stmt"/>
        <line num="112" count="0" type="stmt"/>
        <line num="113" count="0" type="stmt"/>
        <line num="114" count="0" type="stmt"/>
        <line num="115" count="0" type="stmt"/>
        <line num="118" count="128" type="stmt"/>
        <line num="120" count="128" type="stmt"/>
        <line num="121" count="0" type="cond" truecount="0" falsecount="2"/>
        <line num="122" count="0" type="cond" truecount="0" falsecount="2"/>
        <line num="123" count="0" type="stmt"/>
        <line num="131" count="128" type="stmt"/>
        <line num="132" count="0" type="stmt"/>
        <line num="133" count="0" type="stmt"/>
        <line num="134" count="0" type="stmt"/>
        <line num="138" count="128" type="stmt"/>
        <line num="139" count="0" type="cond" truecount="0" falsecount="2"/>
        <line num="140" count="0" type="stmt"/>
        <line num="141" count="0" type="stmt"/>
        <line num="142" count="0" type="stmt"/>
        <line num="146" count="128" type="stmt"/>
        <line num="259" count="311" type="stmt"/>
        <line num="269" count="311" type="stmt"/>
        <line num="273" count="311" type="stmt"/>
        <line num="279" count="311" type="stmt"/>
      </file>
      <file name="ManageAllUsersTable.js" path="/app/web/src/pages/admin/fed-admin/ManageAllUsersTable.js">
        <metrics statements="21" coveredstatements="18" conditionals="34" coveredconditionals="19" methods="7" coveredmethods="6"/>
        <line num="13" count="311" type="stmt"/>
        <line num="20" count="128" type="stmt"/>
        <line num="22" count="128" type="stmt"/>
        <line num="23" count="57" type="stmt"/>
        <line num="30" count="128" type="stmt"/>
        <line num="31" count="57" type="stmt"/>
        <line num="83" count="128" type="stmt"/>
        <line num="84" count="0" type="stmt"/>
        <line num="116" count="128" type="stmt"/>
        <line num="119" count="57" type="cond" truecount="1" falsecount="1"/>
        <line num="120" count="57" type="stmt"/>
        <line num="122" count="57" type="cond" truecount="1" falsecount="1"/>
        <line num="123" count="0" type="stmt"/>
        <line num="125" count="57" type="stmt"/>
        <line num="137" count="128" type="stmt"/>
        <line num="158" count="57" type="stmt"/>
        <line num="160" count="57" type="cond" truecount="1" falsecount="1"/>
        <line num="161" count="57" type="stmt"/>
        <line num="169" count="0" type="stmt"/>
        <line num="186" count="311" type="stmt"/>
        <line num="194" count="311" type="stmt"/>
      </file>
      <file name="MatchStateAdminDialog.js" path="/app/web/src/pages/admin/fed-admin/MatchStateAdminDialog.js">
        <metrics statements="24" coveredstatements="24" conditionals="4" coveredconditionals="3" methods="9" coveredmethods="9"/>
        <line num="10" count="311" type="stmt"/>
        <line num="11" count="42" type="stmt"/>
        <line num="12" count="42" type="stmt"/>
        <line num="14" count="42" type="stmt"/>
        <line num="16" count="6" type="stmt"/>
        <line num="17" count="6" type="stmt"/>
        <line num="19" count="6" type="stmt"/>
        <line num="22" count="6" type="stmt"/>
        <line num="25" count="6" type="stmt"/>
        <line num="26" count="6" type="stmt"/>
        <line num="31" count="6" type="stmt"/>
        <line num="40" count="42" type="stmt"/>
        <line num="41" count="6" type="stmt"/>
        <line num="42" count="9" type="stmt"/>
        <line num="44" count="6" type="stmt"/>
        <line num="47" count="42" type="stmt"/>
        <line num="48" count="3" type="stmt"/>
        <line num="54" count="3" type="stmt"/>
        <line num="57" count="42" type="stmt"/>
        <line num="58" count="84" type="stmt"/>
        <line num="61" count="42" type="stmt"/>
        <line num="62" count="108" type="stmt"/>
        <line num="68" count="42" type="stmt"/>
        <line num="150" count="311" type="stmt"/>
      </file>
      <file name="StateAdminLetters.js" path="/app/web/src/pages/admin/fed-admin/StateAdminLetters.js">
        <metrics statements="95" coveredstatements="87" conditionals="36" coveredconditionals="30" methods="36" coveredmethods="32"/>
        <line num="32" count="311" type="stmt"/>
        <line num="33" count="98" type="stmt"/>
        <line num="34" count="98" type="cond" truecount="2" falsecount="0"/>
        <line num="35" count="3" type="stmt"/>
        <line num="37" count="95" type="cond" truecount="4" falsecount="0"/>
        <line num="38" count="43" type="stmt"/>
        <line num="40" count="52" type="cond" truecount="3" falsecount="1"/>
        <line num="41" count="52" type="stmt"/>
        <line num="43" count="0" type="stmt"/>
        <line num="46" count="98" type="stmt"/>
        <line num="60" count="311" type="stmt"/>
        <line num="61" count="82" type="stmt"/>
        <line num="62" count="98" type="stmt"/>
        <line num="68" count="311" type="stmt"/>
        <line num="69" count="413" type="stmt"/>
        <line num="71" count="413" type="stmt"/>
        <line num="72" count="3" type="cond" truecount="1" falsecount="1"/>
        <line num="75" count="413" type="stmt"/>
        <line num="81" count="66" type="stmt"/>
        <line num="82" count="66" type="stmt"/>
        <line num="90" count="311" type="stmt"/>
        <line num="95" count="311" type="stmt"/>
        <line num="101" count="311" type="stmt"/>
        <line num="104" count="694" type="stmt"/>
        <line num="105" count="194" type="stmt"/>
        <line num="106" count="194" type="stmt"/>
        <line num="107" count="238" type="stmt"/>
        <line num="109" count="194" type="stmt"/>
        <line num="112" count="694" type="stmt"/>
        <line num="119" count="30" type="cond" truecount="2" falsecount="0"/>
        <line num="124" count="1241" type="stmt"/>
        <line num="132" count="311" type="stmt"/>
        <line num="136" count="311" type="stmt"/>
        <line num="140" count="311" type="stmt"/>
        <line num="141" count="2429" type="cond" truecount="2" falsecount="0"/>
        <line num="142" count="1388" type="cond" truecount="1" falsecount="1"/>
        <line num="143" count="0" type="cond" truecount="0" falsecount="2"/>
        <line num="144" count="0" type="stmt"/>
        <line num="146" count="0" type="stmt"/>
        <line num="148" count="1388" type="stmt"/>
        <line num="150" count="1041" type="stmt"/>
        <line num="153" count="311" type="stmt"/>
        <line num="154" count="348" type="stmt"/>
        <line num="156" count="347" type="stmt"/>
        <line num="157" count="347" type="stmt"/>
        <line num="159" count="347" type="stmt"/>
        <line num="160" count="347" type="stmt"/>
        <line num="162" count="347" type="stmt"/>
        <line num="163" count="51" type="stmt"/>
        <line num="164" count="51" type="stmt"/>
        <line num="165" count="47" type="stmt"/>
        <line num="169" count="347" type="stmt"/>
        <line num="170" count="36" type="stmt"/>
        <line num="210" count="347" type="stmt"/>
        <line num="226" count="347" type="stmt"/>
        <line num="237" count="347" type="stmt"/>
        <line num="238" count="2" type="stmt"/>
        <line num="241" count="347" type="stmt"/>
        <line num="242" count="6" type="stmt"/>
        <line num="245" count="6" type="stmt"/>
        <line num="246" count="12" type="stmt"/>
        <line num="248" count="6" type="stmt"/>
        <line num="249" count="6" type="stmt"/>
        <line num="252" count="347" type="stmt"/>
        <line num="253" count="6" type="stmt"/>
        <line num="256" count="347" type="stmt"/>
        <line num="257" count="2" type="stmt"/>
        <line num="260" count="2" type="stmt"/>
        <line num="261" count="4" type="stmt"/>
        <line num="263" count="2" type="stmt"/>
        <line num="264" count="2" type="stmt"/>
        <line num="267" count="347" type="stmt"/>
        <line num="268" count="0" type="stmt"/>
        <line num="271" count="347" type="stmt"/>
        <line num="272" count="2" type="stmt"/>
        <line num="277" count="1" type="cond" truecount="1" falsecount="1"/>
        <line num="278" count="1" type="stmt"/>
        <line num="282" count="347" type="stmt"/>
        <line num="293" count="1735" type="stmt"/>
        <line num="296" count="1388" type="stmt"/>
        <line num="307" count="347" type="stmt"/>
        <line num="312" count="2429" type="stmt"/>
        <line num="329" count="619" type="stmt"/>
        <line num="330" count="619" type="stmt"/>
        <line num="337" count="4333" type="cond" truecount="2" falsecount="0"/>
        <line num="338" count="619" type="stmt"/>
        <line num="349" count="3714" type="cond" truecount="2" falsecount="0"/>
        <line num="350" count="619" type="stmt"/>
        <line num="368" count="3095" type="stmt"/>
        <line num="390" count="0" type="stmt"/>
        <line num="394" count="1735" type="stmt"/>
        <line num="408" count="0" type="stmt"/>
        <line num="416" count="0" type="stmt"/>
        <line num="439" count="311" type="stmt"/>
        <line num="445" count="311" type="stmt"/>
      </file>
    </package>
    <package name="app.web.src.pages.admin.state-admin">
      <metrics statements="81" coveredstatements="80" conditionals="39" coveredconditionals="33" methods="27" coveredmethods="27"/>
      <file name="ManageAccount.js" path="/app/web/src/pages/admin/state-admin/ManageAccount.js">
        <metrics statements="25" coveredstatements="24" conditionals="12" coveredconditionals="7" methods="6" coveredmethods="6"/>
        <line num="18" count="311" type="stmt"/>
        <line num="26" count="42" type="stmt"/>
        <line num="28" count="42" type="stmt"/>
        <line num="30" count="42" type="stmt"/>
        <line num="32" count="42" type="stmt"/>
        <line num="33" count="18" type="stmt"/>
        <line num="34" count="18" type="stmt"/>
        <line num="35" count="18" type="stmt"/>
        <line num="36" count="18" type="stmt"/>
        <line num="39" count="18" type="stmt"/>
        <line num="41" count="42" type="stmt"/>
        <line num="42" count="6" type="stmt"/>
        <line num="43" count="4" type="cond" truecount="1" falsecount="1"/>
        <line num="44" count="4" type="stmt"/>
        <line num="48" count="42" type="stmt"/>
        <line num="49" count="2" type="stmt"/>
        <line num="50" count="2" type="stmt"/>
        <line num="53" count="42" type="cond" truecount="1" falsecount="1"/>
        <line num="54" count="0" type="stmt"/>
        <line num="57" count="42" type="cond" truecount="1" falsecount="1"/>
        <line num="65" count="42" type="cond" truecount="2" falsecount="0"/>
        <line num="79" count="311" type="stmt"/>
        <line num="84" count="311" type="stmt"/>
        <line num="93" count="311" type="stmt"/>
        <line num="99" count="311" type="stmt"/>
      </file>
      <file name="ManageUserTable.js" path="/app/web/src/pages/admin/state-admin/ManageUserTable.js">
        <metrics statements="8" coveredstatements="8" conditionals="21" coveredconditionals="20" methods="3" coveredmethods="3"/>
        <line num="12" count="311" type="stmt"/>
        <line num="19" count="141" type="stmt"/>
        <line num="21" count="141" type="stmt"/>
        <line num="22" count="393" type="stmt"/>
        <line num="29" count="141" type="stmt"/>
        <line num="49" count="393" type="stmt"/>
        <line num="76" count="311" type="stmt"/>
        <line num="84" count="311" type="stmt"/>
      </file>
      <file name="StateAdmin.js" path="/app/web/src/pages/admin/state-admin/StateAdmin.js">
        <metrics statements="48" coveredstatements="48" conditionals="6" coveredconditionals="6" methods="18" coveredmethods="18"/>
        <line num="18" count="311" type="stmt"/>
        <line num="27" count="47" type="stmt"/>
        <line num="28" count="47" type="stmt"/>
        <line num="29" count="47" type="stmt"/>
        <line num="31" count="47" type="stmt"/>
        <line num="33" count="47" type="stmt"/>
        <line num="35" count="47" type="stmt"/>
        <line num="37" count="47" type="stmt"/>
        <line num="38" count="6" type="stmt"/>
        <line num="39" count="6" type="stmt"/>
        <line num="40" count="6" type="stmt"/>
        <line num="41" count="6" type="stmt"/>
        <line num="45" count="47" type="stmt"/>
        <line num="47" count="1" type="stmt"/>
        <line num="55" count="47" type="stmt"/>
        <line num="56" count="5" type="stmt"/>
[...]
        <line num="93" count="0" type="stmt"/>
        <line num="95" count="0" type="stmt"/>
        <line num="101" count="0" type="cond" truecount="0" falsecount="2"/>
        <line num="102" count="0" type="stmt"/>
        <line num="103" count="0" type="stmt"/>
        <line num="104" count="0" type="stmt"/>
        <line num="106" count="0" type="stmt"/>
        <line num="113" count="0" type="stmt"/>
        <line num="114" count="0" type="stmt"/>
        <line num="122" count="0" type="stmt"/>
        <line num="123" count="0" type="stmt"/>
        <line num="125" count="0" type="stmt"/>
        <line num="128" count="6" type="cond" truecount="0" falsecount="1"/>
        <line num="134" count="0" type="stmt"/>
        <line num="135" count="0" type="stmt"/>
        <line num="137" count="0" type="stmt"/>
        <line num="138" count="0" type="stmt"/>
        <line num="142" count="0" type="stmt"/>
        <line num="146" count="6" type="cond" truecount="0" falsecount="1"/>
        <line num="147" count="0" type="stmt"/>
        <line num="149" count="0" type="stmt"/>
        <line num="150" count="0" type="stmt"/>
        <line num="155" count="0" type="stmt"/>
      </file>
      <file name="previous-activities-page.js" path="/home/dmirano/Developer/eAPD/e2e/cypress/page-objects/previous-activities-page.js">
        <metrics statements="75" coveredstatements="75" conditionals="4" coveredconditionals="2" methods="30" coveredmethods="30"/>
        <line num="4" count="4" type="stmt"/>
        <line num="5" count="108" type="cond" truecount="1" falsecount="1"/>
        <line num="6" count="108" type="stmt"/>
        <line num="11" count="4" type="stmt"/>
        <line num="14" count="4" type="cond" truecount="1" falsecount="1"/>
        <line num="15" count="4" type="stmt"/>
        <line num="19" count="12" type="stmt"/>
        <line num="25" count="2" type="stmt"/>
        <line num="26" count="2" type="stmt"/>
        <line num="30" count="2" type="stmt"/>
        <line num="31" count="6" type="stmt"/>
        <line num="34" count="6" type="stmt"/>
        <line num="38" count="6" type="stmt"/>
        <line num="41" count="6" type="stmt"/>
        <line num="45" count="6" type="stmt"/>
        <line num="48" count="6" type="stmt"/>
        <line num="52" count="6" type="stmt"/>
        <line num="55" count="6" type="stmt"/>
        <line num="65" count="4" type="stmt"/>
        <line num="68" count="6" type="stmt"/>
        <line num="71" count="6" type="stmt"/>
        <line num="72" count="6" type="stmt"/>
        <line num="73" count="6" type="stmt"/>
        <line num="75" count="6" type="stmt"/>
        <line num="81" count="6" type="stmt"/>
        <line num="82" count="6" type="stmt"/>
        <line num="88" count="6" type="stmt"/>
        <line num="91" count="6" type="stmt"/>
        <line num="92" count="6" type="stmt"/>
        <line num="93" count="6" type="stmt"/>
        <line num="95" count="6" type="stmt"/>
        <line num="101" count="6" type="stmt"/>
        <line num="102" count="6" type="stmt"/>
        <line num="108" count="6" type="stmt"/>
        <line num="111" count="6" type="stmt"/>
        <line num="112" count="6" type="stmt"/>
        <line num="113" count="6" type="stmt"/>
        <line num="115" count="6" type="stmt"/>
        <line num="121" count="6" type="stmt"/>
        <line num="122" count="6" type="stmt"/>
        <line num="128" count="6" type="stmt"/>
        <line num="131" count="6" type="stmt"/>
        <line num="132" count="6" type="stmt"/>
        <line num="133" count="6" type="stmt"/>
        <line num="135" count="6" type="stmt"/>
        <line num="141" count="6" type="stmt"/>
        <line num="142" count="6" type="stmt"/>
        <line num="149" count="4" type="stmt"/>
        <line num="151" count="4" type="stmt"/>
        <line num="152" count="6" type="stmt"/>
        <line num="154" count="6" type="stmt"/>
        <line num="160" count="6" type="stmt"/>
        <line num="163" count="6" type="stmt"/>
        <line num="169" count="6" type="stmt"/>
        <line num="172" count="6" type="stmt"/>
        <line num="178" count="6" type="stmt"/>
        <line num="181" count="6" type="stmt"/>
        <line num="187" count="6" type="stmt"/>
        <line num="190" count="6" type="stmt"/>
        <line num="193" count="6" type="stmt"/>
        <line num="194" count="6" type="stmt"/>
        <line num="200" count="4" type="stmt"/>
        <line num="202" count="4" type="stmt"/>
        <line num="203" count="6" type="stmt"/>
        <line num="205" count="6" type="stmt"/>
        <line num="208" count="6" type="stmt"/>
        <line num="211" count="6" type="stmt"/>
        <line num="214" count="6" type="stmt"/>
        <line num="217" count="6" type="stmt"/>
        <line num="220" count="6" type="stmt"/>
        <line num="223" count="6" type="stmt"/>
        <line num="226" count="6" type="stmt"/>
        <line num="229" count="6" type="stmt"/>
        <line num="232" count="6" type="stmt"/>
        <line num="233" count="6" type="stmt"/>
      </file>
      <file name="proposed-budget-page.js" path="/home/dmirano/Developer/eAPD/e2e/cypress/page-objects/proposed-budget-page.js">
        <metrics statements="71" coveredstatements="71" conditionals="6" coveredconditionals="5" methods="44" coveredmethods="44"/>
        <line num="2" count="6" type="stmt"/>
        <line num="7" count="6" type="stmt"/>
        <line num="8" count="16" type="stmt"/>
        <line num="10" count="6" type="stmt"/>
        <line num="11" count="8" type="stmt"/>
        <line num="12" count="16" type="stmt"/>
        <line num="15" count="16" type="stmt"/>
        <line num="16" count="16" type="stmt"/>
        <line num="19" count="16" type="stmt"/>
        <line num="20" count="16" type="stmt"/>
        <line num="22" count="16" type="stmt"/>
        <line num="23" count="16" type="stmt"/>
        <line num="32" count="6" type="stmt"/>
        <line num="33" count="24" type="stmt"/>
        <line num="35" count="6" type="stmt"/>
        <line num="36" count="24" type="stmt"/>
        <line num="41" count="6" type="stmt"/>
        <line num="42" count="8" type="stmt"/>
        <line num="43" count="16" type="stmt"/>
        <line num="45" count="32" type="stmt"/>
        <line num="47" count="32" type="stmt"/>
        <line num="48" count="32" type="stmt"/>
        <line num="49" count="32" type="stmt"/>
        <line num="50" count="96" type="stmt"/>
        <line num="52" count="32" type="stmt"/>
        <line num="62" count="6" type="stmt"/>
        <line num="63" count="8" type="stmt"/>
        <line num="64" count="24" type="stmt"/>
        <line num="65" count="24" type="stmt"/>
        <line num="66" count="72" type="stmt"/>
        <line num="69" count="72" type="stmt"/>
        <line num="72" count="72" type="stmt"/>
        <line num="78" count="8" type="stmt"/>
        <line num="79" count="8" type="stmt"/>
        <line num="82" count="8" type="stmt"/>
        <line num="88" count="6" type="stmt"/>
        <line num="89" count="8" type="stmt"/>
        <line num="90" count="16" type="stmt"/>
        <line num="91" count="16" type="stmt"/>
        <line num="92" count="32" type="cond" truecount="2" falsecount="0"/>
        <line num="93" count="16" type="stmt"/>
        <line num="96" count="16" type="stmt"/>
        <line num="99" count="16" type="stmt"/>
        <line num="102" count="16" type="cond" truecount="1" falsecount="1"/>
        <line num="103" count="16" type="stmt"/>
        <line num="106" count="16" type="stmt"/>
        <line num="109" count="16" type="stmt"/>
        <line num="117" count="6" type="stmt"/>
        <line num="121" count="8" type="stmt"/>
        <line num="124" count="8" type="stmt"/>
        <line num="127" count="8" type="stmt"/>
        <line num="131" count="8" type="stmt"/>
        <line num="134" count="8" type="stmt"/>
        <line num="137" count="8" type="stmt"/>
        <line num="143" count="6" type="stmt"/>
        <line num="144" count="2" type="stmt"/>
        <line num="145" count="4" type="stmt"/>
        <line num="146" count="4" type="stmt"/>
        <line num="149" count="4" type="stmt"/>
        <line num="150" count="16" type="stmt"/>
        <line num="153" count="16" type="stmt"/>
        <line num="154" count="80" type="cond" truecount="2" falsecount="0"/>
        <line num="155" count="16" type="stmt"/>
        <line num="159" count="64" type="stmt"/>
        <line num="171" count="6" type="stmt"/>
        <line num="172" count="6" type="stmt"/>
        <line num="173" count="12" type="stmt"/>
        <line num="174" count="12" type="stmt"/>
        <line num="175" count="48" type="stmt"/>
        <line num="178" count="48" type="stmt"/>
        <line num="181" count="48" type="stmt"/>
      </file>
    </package>
    <package name="home.dmirano.Developer.eAPD.e2e.cypress.support">
      <metrics statements="200" coveredstatements="147" conditionals="47" coveredconditionals="21" methods="78" coveredmethods="47"/>
      <file name="commands.js" path="/home/dmirano/Developer/eAPD/e2e/cypress/support/commands.js">
        <metrics statements="192" coveredstatements="140" conditionals="47" coveredconditionals="21" methods="77" coveredmethods="47"/>
        <line num="12" count="21" type="stmt"/>
        <line num="13" count="21" type="stmt"/>
        <line num="15" count="21" type="stmt"/>
        <line num="19" count="21" type="stmt"/>
        <line num="20" count="188" type="cond" truecount="3" falsecount="1"/>
        <line num="21" count="0" type="stmt"/>
        <line num="23" count="188" type="stmt"/>
        <line num="24" count="188" type="cond" truecount="1" falsecount="1"/>
        <line num="25" count="0" type="stmt"/>
        <line num="27" count="188" type="stmt"/>
        <line num="57" count="21" type="stmt"/>
        <line num="58" count="138" type="stmt"/>
        <line num="59" count="138" type="stmt"/>
        <line num="62" count="21" type="stmt"/>
        <line num="63" count="47" type="stmt"/>
        <line num="64" count="47" type="stmt"/>
        <line num="67" count="47" type="stmt"/>
        <line num="68" count="47" type="stmt"/>
        <line num="69" count="47" type="stmt"/>
        <line num="70" count="47" type="stmt"/>
        <line num="73" count="47" type="stmt"/>
        <line num="76" count="21" type="stmt"/>
        <line num="77" count="7" type="stmt"/>
        <line num="80" count="7" type="stmt"/>
        <line num="81" count="7" type="stmt"/>
        <line num="82" count="7" type="stmt"/>
        <line num="85" count="21" type="stmt"/>
        <line num="86" count="39" type="stmt"/>
        <line num="89" count="21" type="stmt"/>
        <line num="90" count="42" type="stmt"/>
        <line num="91" count="42" type="stmt"/>
        <line num="94" count="42" type="stmt"/>
        <line num="102" count="42" type="cond" truecount="2" falsecount="0"/>
        <line num="103" count="42" type="stmt"/>
        <line num="106" count="21" type="stmt"/>
        <line num="107" count="0" type="stmt"/>
        <line num="110" count="21" type="stmt"/>
        <line num="111" count="2" type="stmt"/>
        <line num="114" count="21" type="stmt"/>
        <line num="115" count="28" type="stmt"/>
        <line num="118" count="21" type="stmt"/>
        <line num="119" count="0" type="stmt"/>
        <line num="122" count="21" type="stmt"/>
        <line num="123" count="12" type="stmt"/>
        <line num="126" count="21" type="stmt"/>
        <line num="127" count="0" type="stmt"/>
        <line num="130" count="21" type="stmt"/>
        <line num="131" count="0" type="stmt"/>
        <line num="134" count="21" type="stmt"/>
        <line num="135" count="0" type="stmt"/>
        <line num="138" count="21" type="stmt"/>
        <line num="139" count="0" type="stmt"/>
        <line num="143" count="21" type="stmt"/>
        <line num="144" count="0" type="stmt"/>
        <line num="145" count="0" type="stmt"/>
        <line num="149" count="21" type="stmt"/>
        <line num="153" count="0" type="stmt"/>
        <line num="156" count="21" type="stmt"/>
        <line num="160" count="4" type="stmt"/>
        <line num="164" count="21" type="stmt"/>
        <line num="168" count="184" type="stmt"/>
        <line num="175" count="21" type="stmt"/>
        <line num="178" count="88" type="stmt"/>
        <line num="179" count="88" type="stmt"/>
        <line num="180" count="178" type="stmt"/>
        <line num="181" count="178" type="stmt"/>
        <line num="191" count="21" type="stmt"/>
        <line num="192" count="4" type="cond" truecount="1" falsecount="1"/>
        <line num="193" count="4" type="stmt"/>
        <line num="194" count="4" type="stmt"/>
        <line num="195" count="4" type="stmt"/>
        <line num="199" count="4" type="stmt"/>
        <line num="201" count="4" type="stmt"/>
        <line num="202" count="4" type="stmt"/>
        <line num="206" count="4" type="stmt"/>
        <line num="209" count="21" type="stmt"/>
        <line num="210" count="0" type="stmt"/>
        <line num="215" count="21" type="stmt"/>
        <line num="217" count="0" type="stmt"/>
        <line num="220" count="0" type="cond" truecount="0" falsecount="2"/>
        <line num="222" count="0" type="stmt"/>
        <line num="226" count="0" type="stmt"/>
        <line num="232" count="21" type="stmt"/>
        <line num="234" count="8" type="stmt"/>
        <line num="237" count="8" type="cond" truecount="1" falsecount="1"/>
        <line num="239" count="8" type="stmt"/>
        <line num="243" count="8" type="stmt"/>
        <line num="249" count="21" type="stmt"/>
        <line num="251" count="8" type="stmt"/>
        <line num="254" count="8" type="cond" truecount="2" falsecount="0"/>
        <line num="256" count="6" type="stmt"/>
        <line num="260" count="8" type="stmt"/>
        <line num="266" count="21" type="stmt"/>
        <line num="268" count="0" type="stmt"/>
        <line num="271" count="0" type="cond" truecount="0" falsecount="2"/>
        <line num="273" count="0" type="stmt"/>
        <line num="277" count="0" type="stmt"/>
        <line num="283" count="21" type="stmt"/>
        <line num="285" count="0" type="stmt"/>
        <line num="288" count="0" type="cond" truecount="0" falsecount="2"/>
        <line num="290" count="0" type="stmt"/>
        <line num="294" count="0" type="stmt"/>
        <line num="300" count="21" type="stmt"/>
        <line num="302" count="10" type="stmt"/>
        <line num="305" count="10" type="cond" truecount="1" falsecount="1"/>
        <line num="307" count="10" type="stmt"/>
        <line num="310" count="10" type="stmt"/>
        <line num="316" count="21" type="stmt"/>
        <line num="318" count="18" type="stmt"/>
        <line num="321" count="18" type="cond" truecount="2" falsecount="0"/>
        <line num="323" count="8" type="stmt"/>
        <line num="326" count="18" type="stmt"/>
        <line num="331" count="18" type="stmt"/>
        <line num="335" count="18" type="cond" truecount="2" falsecount="0"/>
        <line num="336" count="10" type="stmt"/>
        <line num="339" count="18" type="stmt"/>
        <line num="343" count="18" type="stmt"/>
        <line num="352" count="21" type="stmt"/>
        <line num="353" count="0" type="stmt"/>
        <line num="356" count="21" type="stmt"/>
        <line num="357" count="4" type="stmt"/>
        <line num="360" count="21" type="stmt"/>
        <line num="361" count="4" type="stmt"/>
        <line num="364" count="21" type="stmt"/>
        <line num="365" count="4" type="stmt"/>
        <line num="368" count="21" type="stmt"/>
        <line num="369" count="0" type="stmt"/>
        <line num="372" count="21" type="stmt"/>
        <line num="373" count="6" type="stmt"/>
        <line num="376" count="21" type="stmt"/>
        <line num="377" count="10" type="stmt"/>
        <line num="382" count="21" type="stmt"/>
        <line num="384" count="6" type="stmt"/>
        <line num="387" count="6" type="cond" truecount="1" falsecount="1"/>
        <line num="389" count="6" type="stmt"/>
        <line num="393" count="6" type="stmt"/>
        <line num="399" count="21" type="stmt"/>
        <line num="401" count="0" type="stmt"/>
        <line num="404" count="0" type="cond" truecount="0" falsecount="2"/>
        <line num="406" count="0" type="stmt"/>
        <line num="410" count="0" type="stmt"/>
        <line num="416" count="21" type="stmt"/>
        <line num="418" count="0" type="stmt"/>
        <line num="421" count="0" type="cond" truecount="0" falsecount="2"/>
        <line num="423" count="0" type="stmt"/>
        <line num="427" count="0" type="stmt"/>
        <line num="433" count="21" type="stmt"/>
        <line num="435" count="0" type="stmt"/>
        <line num="438" count="0" type="cond" truecount="0" falsecount="2"/>
        <line num="440" count="0" type="stmt"/>
        <line num="444" count="0" type="stmt"/>
        <line num="450" count="21" type="stmt"/>
        <line num="452" count="0" type="stmt"/>
        <line num="455" count="0" type="cond" truecount="0" falsecount="2"/>
        <line num="457" count="0" type="stmt"/>
        <line num="461" count="0" type="stmt"/>
        <line num="467" count="21" type="stmt"/>
        <line num="468" count="6" type="stmt"/>
        <line num="473" count="21" type="stmt"/>
        <line num="475" count="6" type="stmt"/>
        <line num="478" count="6" type="cond" truecount="2" falsecount="0"/>
        <line num="480" count="4" type="stmt"/>
        <line num="484" count="6" type="stmt"/>
        <line num="490" count="21" type="stmt"/>
        <line num="492" count="0" type="stmt"/>
        <line num="495" count="0" type="cond" truecount="0" falsecount="2"/>
        <line num="497" count="0" type="stmt"/>
        <line num="501" count="0" type="stmt"/>
        <line num="507" count="21" type="stmt"/>
        <line num="509" count="0" type="stmt"/>
        <line num="512" count="0" type="cond" truecount="0" falsecount="2"/>
        <line num="514" count="0" type="stmt"/>
        <line num="518" count="0" type="stmt"/>
        <line num="524" count="21" type="stmt"/>
        <line num="525" count="38" type="stmt"/>
        <line num="526" count="38" type="stmt"/>
        <line num="529" count="21" type="stmt"/>
        <line num="530" count="192" type="cond" truecount="1" falsecount="1"/>
        <line num="531" count="0" type="stmt"/>
        <line num="535" count="192" type="stmt"/>
        <line num="536" count="192" type="stmt"/>
        <line num="537" count="904" type="stmt"/>
        <line num="541" count="192" type="stmt"/>
        <line num="542" count="2632" type="stmt"/>
        <line num="545" count="904" type="stmt"/>
        <line num="548" count="21" type="stmt"/>
        <line num="549" count="126" type="cond" truecount="1" falsecount="1"/>
        <line num="550" count="0" type="stmt"/>
        <line num="554" count="126" type="stmt"/>
        <line num="557" count="126" type="stmt"/>
        <line num="558" count="2910" type="stmt"/>
        <line num="561" count="126" type="stmt"/>
      </file>
      <file name="e2e.js" path="/home/dmirano/Developer/eAPD/e2e/cypress/support/e2e.js">
        <metrics statements="8" coveredstatements="7" conditionals="0" coveredconditionals="0" methods="1" coveredmethods="0"/>
        <line num="25" count="21" type="stmt"/>
        <line num="26" count="21" type="stmt"/>
        <line num="29" count="21" type="stmt"/>
        <line num="32" count="21" type="stmt"/>
        <line num="35" count="21" type="stmt"/>
        <line num="37" count="21" type="stmt"/>
        <line num="40" count="21" type="stmt"/>
        <line num="43" count="0" type="stmt"/>
      </file>
    </package>
  </project>
</coverage>
