{"total": {"lines":{"total":5685,"covered":4935,"skipped":0,"pct":86.8},"statements":{"total":5999,"covered":5185,"skipped":0,"pct":86.43},"functions":{"total":1962,"covered":1635,"skipped":0,"pct":83.33},"branches":{"total":2194,"covered":1492,"skipped":0,"pct":68},"branchesTrue":{"total":0,"covered":0,"skipped":0,"pct":100}}
,"/app/web/src/app.dev.js": {"lines":{"total":15,"covered":11,"skipped":0,"pct":73.33},"functions":{"total":2,"covered":1,"skipped":0,"pct":50},"statements":{"total":15,"covered":11,"skipped":0,"pct":73.33},"branches":{"total":6,"covered":4,"skipped":0,"pct":66.66}}
,"/app/web/src/constants.js": {"lines":{"total":15,"covered":10,"skipped":0,"pct":66.66},"functions":{"total":8,"covered":3,"skipped":0,"pct":37.5},"statements":{"total":15,"covered":10,"skipped":0,"pct":66.66},"branches":{"total":12,"covered":1,"skipped":0,"pct":8.33}}
,"/app/web/src/cookie-constants.js": {"lines":{"total":2,"covered":2,"skipped":0,"pct":100},"functions":{"total":0,"covered":0,"skipped":0,"pct":100},"statements":{"total":2,"covered":2,"skipped":0,"pct":100},"branches":{"total":0,"covered":0,"skipped":0,"pct":100}}
,"/app/web/src/file-loader.js": {"lines":{"total":1,"covered":1,"skipped":0,"pct":100},"functions":{"total":0,"covered":0,"skipped":0,"pct":100},"statements":{"total":1,"covered":1,"skipped":0,"pct":100},"branches":{"total":0,"covered":0,"skipped":0,"pct":100}}
,"/app/web/src/saveMiddleware.js": {"lines":{"total":30,"covered":29,"skipped":0,"pct":96.66},"functions":{"total":8,"covered":8,"skipped":0,"pct":100},"statements":{"total":31,"covered":30,"skipped":0,"pct":96.77},"branches":{"total":17,"covered":17,"skipped":0,"pct":100}}
,"/app/web/src/components/AlertMissingFFY.js": {"lines":{"total":6,"covered":5,"skipped":0,"pct":83.33},"functions":{"total":2,"covered":2,"skipped":0,"pct":100},"statements":{"total":7,"covered":6,"skipped":0,"pct":85.71},"branches":{"total":2,"covered":1,"skipped":0,"pct":50}}
,"/app/web/src/components/AriaAnnounce.js": {"lines":{"total":6,"covered":6,"skipped":0,"pct":100},"functions":{"total":2,"covered":2,"skipped":0,"pct":100},"statements":{"total":7,"covered":7,"skipped":0,"pct":100},"branches":{"total":0,"covered":0,"skipped":0,"pct":100}}
,"/app/web/src/components/ArrowLeftIcon.js": {"lines":{"total":2,"covered":2,"skipped":0,"pct":100},"functions":{"total":1,"covered":1,"skipped":0,"pct":100},"statements":{"total":2,"covered":2,"skipped":0,"pct":100},"branches":{"total":0,"covered":0,"skipped":0,"pct":100}}
,"/app/web/src/components/ArrowRightIcon.js": {"lines":{"total":4,"covered":4,"skipped":0,"pct":100},"functions":{"total":1,"covered":1,"skipped":0,"pct":100},"statements":{"total":4,"covered":4,"skipped":0,"pct":100},"branches":{"total":0,"covered":0,"skipped":0,"pct":100}}
,"/app/web/src/components/AutoScrollToElement.js": {"lines":{"total":12,"covered":12,"skipped":0,"pct":100},"functions":{"total":3,"covered":3,"skipped":0,"pct":100},"statements":{"total":14,"covered":14,"skipped":0,"pct":100},"branches":{"total":8,"covered":6,"skipped":0,"pct":75}}
,"/app/web/src/components/Broadcast.js": {"lines":{"total":26,"covered":13,"skipped":0,"pct":50},"functions":{"total":9,"covered":2,"skipped":0,"pct":22.22},"statements":{"total":26,"covered":13,"skipped":0,"pct":50},"branches":{"total":10,"covered":1,"skipped":0,"pct":10}}
,"/app/web/src/components/CardForm.js": {"lines":{"total":8,"covered":8,"skipped":0,"pct":100},"functions":{"total":2,"covered":2,"skipped":0,"pct":100},"statements":{"total":9,"covered":9,"skipped":0,"pct":100},"branches":{"total":24,"covered":14,"skipped":0,"pct":58.33}}
,"/app/web/src/components/Choice.js": {"lines":{"total":9,"covered":6,"skipped":0,"pct":66.66},"functions":{"total":2,"covered":2,"skipped":0,"pct":100},"statements":{"total":9,"covered":6,"skipped":0,"pct":66.66},"branches":{"total":2,"covered":1,"skipped":0,"pct":50}}
,"/app/web/src/components/ConnectedWaypoint.js": {"lines":{"total":7,"covered":7,"skipped":0,"pct":100},"functions":{"total":3,"covered":3,"skipped":0,"pct":100},"statements":{"total":8,"covered":8,"skipped":0,"pct":100},"branches":{"total":0,"covered":0,"skipped":0,"pct":100}}
,"/app/web/src/components/ContinuePreviousButtons.js": {"lines":{"total":18,"covered":18,"skipped":0,"pct":100},"functions":{"total":3,"covered":3,"skipped":0,"pct":100},"statements":{"total":19,"covered":19,"skipped":0,"pct":100},"branches":{"total":14,"covered":14,"skipped":0,"pct":100}}
,"/app/web/src/components/DateField.js": {"lines":{"total":24,"covered":23,"skipped":0,"pct":95.83},"functions":{"total":6,"covered":6,"skipped":0,"pct":100},"statements":{"total":24,"covered":23,"skipped":0,"pct":95.83},"branches":{"total":37,"covered":27,"skipped":0,"pct":72.97}}
,"/app/web/src/components/DeleteModal.js": {"lines":{"total":5,"covered":5,"skipped":0,"pct":100},"functions":{"total":1,"covered":1,"skipped":0,"pct":100},"statements":{"total":5,"covered":5,"skipped":0,"pct":100},"branches":{"total":4,"covered":3,"skipped":0,"pct":75}}
,"/app/web/src/components/DeleteModalOptions.js": {"lines":{"total":14,"covered":12,"skipped":0,"pct":85.71},"functions":{"total":13,"covered":11,"skipped":0,"pct":84.61},"statements":{"total":14,"covered":12,"skipped":0,"pct":85.71},"branches":{"total":0,"covered":0,"skipped":0,"pct":100}}
,"/app/web/src/components/DocumentUpload.js": {"lines":{"total":17,"covered":14,"skipped":0,"pct":82.35},"functions":{"total":4,"covered":3,"skipped":0,"pct":75},"statements":{"total":17,"covered":14,"skipped":0,"pct":82.35},"branches":{"total":2,"covered":2,"skipped":0,"pct":100}}
,"/app/web/src/components/DollarField.js": {"lines":{"total":2,"covered":2,"skipped":0,"pct":100},"functions":{"total":1,"covered":1,"skipped":0,"pct":100},"statements":{"total":2,"covered":2,"skipped":0,"pct":100},"branches":{"total":0,"covered":0,"skipped":0,"pct":100}}
,"/app/web/src/components/Dollars.js": {"lines":{"total":7,"covered":7,"skipped":0,"pct":100},"functions":{"total":1,"covered":1,"skipped":0,"pct":100},"statements":{"total":7,"covered":7,"skipped":0,"pct":100},"branches":{"total":4,"covered":4,"skipped":0,"pct":100}}
,"/app/web/src/components/EnableCookies.js": {"lines":{"total":1,"covered":1,"skipped":0,"pct":100},"functions":{"total":0,"covered":0,"skipped":0,"pct":100},"statements":{"total":1,"covered":1,"skipped":0,"pct":100},"branches":{"total":0,"covered":0,"skipped":0,"pct":100}}
,"/app/web/src/components/FormAndReviewList.js": {"lines":{"total":41,"covered":41,"skipped":0,"pct":100},"functions":{"total":12,"covered":12,"skipped":0,"pct":100},"statements":{"total":43,"covered":43,"skipped":0,"pct":100},"branches":{"total":25,"covered":22,"skipped":0,"pct":88}}
,"/app/web/src/components/Icons.js": {"lines":{"total":15,"covered":14,"skipped":0,"pct":93.33},"functions":{"total":11,"covered":7,"skipped":0,"pct":63.63},"statements":{"total":22,"covered":18,"skipped":0,"pct":81.81},"branches":{"total":0,"covered":0,"skipped":0,"pct":100}}
,"/app/web/src/components/Instruction.js": {"lines":{"total":20,"covered":20,"skipped":0,"pct":100},"functions":{"total":3,"covered":3,"skipped":0,"pct":100},"statements":{"total":20,"covered":20,"skipped":0,"pct":100},"branches":{"total":27,"covered":25,"skipped":0,"pct":92.59}}
,"/app/web/src/components/Loading.js": {"lines":{"total":3,"covered":3,"skipped":0,"pct":100},"functions":{"total":1,"covered":1,"skipped":0,"pct":100},"statements":{"total":3,"covered":3,"skipped":0,"pct":100},"branches":{"total":0,"covered":0,"skipped":0,"pct":100}}
,"/app/web/src/components/Md.js": {"lines":{"total":18,"covered":18,"skipped":0,"pct":100},"functions":{"total":4,"covered":4,"skipped":0,"pct":100},"statements":{"total":18,"covered":18,"skipped":0,"pct":100},"branches":{"total":2,"covered":1,"skipped":0,"pct":50}}
,"/app/web/src/components/NoMatch.js": {"lines":{"total":2,"covered":1,"skipped":0,"pct":50},"functions":{"total":1,"covered":0,"skipped":0,"pct":0},"statements":{"total":2,"covered":1,"skipped":0,"pct":50},"branches":{"total":0,"covered":0,"skipped":0,"pct":100}}
,"/app/web/src/components/NumberField.js": {"lines":{"total":38,"covered":37,"skipped":0,"pct":97.36},"functions":{"total":7,"covered":7,"skipped":0,"pct":100},"statements":{"total":38,"covered":37,"skipped":0,"pct":97.36},"branches":{"total":26,"covered":22,"skipped":0,"pct":84.61}}
,"/app/web/src/components/PasswordWithMeter.js": {"lines":{"total":24,"covered":22,"skipped":0,"pct":91.66},"functions":{"total":7,"covered":4,"skipped":0,"pct":57.14},"statements":{"total":25,"covered":22,"skipped":0,"pct":88},"branches":{"total":26,"covered":16,"skipped":0,"pct":61.53}}
,"/app/web/src/components/PercentField.js": {"lines":{"total":9,"covered":5,"skipped":0,"pct":55.55},"functions":{"total":2,"covered":2,"skipped":0,"pct":100},"statements":{"total":9,"covered":5,"skipped":0,"pct":55.55},"branches":{"total":4,"covered":3,"skipped":0,"pct":75}}
,"/app/web/src/components/PersonCostForm.js": {"lines":{"total":19,"covered":19,"skipped":0,"pct":100},"functions":{"total":9,"covered":9,"skipped":0,"pct":100},"statements":{"total":19,"covered":19,"skipped":0,"pct":100},"branches":{"total":4,"covered":4,"skipped":0,"pct":100}}
,"/app/web/src/components/PrivateRoute.js": {"lines":{"total":5,"covered":5,"skipped":0,"pct":100},"functions":{"total":3,"covered":3,"skipped":0,"pct":100},"statements":{"total":6,"covered":6,"skipped":0,"pct":100},"branches":{"total":2,"covered":2,"skipped":0,"pct":100}}
,"/app/web/src/components/Review.js": {"lines":{"total":20,"covered":20,"skipped":0,"pct":100},"functions":{"total":6,"covered":6,"skipped":0,"pct":100},"statements":{"total":20,"covered":20,"skipped":0,"pct":100},"branches":{"total":24,"covered":23,"skipped":0,"pct":95.83}}
,"/app/web/src/components/RichText.js": {"lines":{"total":56,"covered":31,"skipped":0,"pct":55.35},"functions":{"total":16,"covered":9,"skipped":0,"pct":56.25},"statements":{"total":59,"covered":33,"skipped":0,"pct":55.93},"branches":{"total":12,"covered":5,"skipped":0,"pct":41.66}}
,"/app/web/src/components/SaveMessage.js": {"lines":{"total":20,"covered":19,"skipped":0,"pct":95},"functions":{"total":5,"covered":5,"skipped":0,"pct":100},"statements":{"total":23,"covered":22,"skipped":0,"pct":95.65},"branches":{"total":8,"covered":7,"skipped":0,"pct":87.5}}
,"/app/web/src/components/Section.js": {"lines":{"total":11,"covered":11,"skipped":0,"pct":100},"functions":{"total":2,"covered":2,"skipped":0,"pct":100},"statements":{"total":11,"covered":11,"skipped":0,"pct":100},"branches":{"total":12,"covered":9,"skipped":0,"pct":75}}
,"/app/web/src/components/SessionEndingAlert.js": {"lines":{"total":14,"covered":10,"skipped":0,"pct":71.42},"functions":{"total":5,"covered":2,"skipped":0,"pct":40},"statements":{"total":14,"covered":10,"skipped":0,"pct":71.42},"branches":{"total":12,"covered":2,"skipped":0,"pct":16.66}}
,"/app/web/src/components/TextArea.js": {"lines":{"total":5,"covered":5,"skipped":0,"pct":100},"functions":{"total":2,"covered":2,"skipped":0,"pct":100},"statements":{"total":5,"covered":5,"skipped":0,"pct":100},"branches":{"total":0,"covered":0,"skipped":0,"pct":100}}
,"/app/web/src/components/UnexpectedError.js": {"lines":{"total":7,"covered":6,"skipped":0,"pct":85.71},"functions":{"total":3,"covered":2,"skipped":0,"pct":66.66},"statements":{"total":8,"covered":7,"skipped":0,"pct":87.5},"branches":{"total":6,"covered":1,"skipped":0,"pct":16.66}}
,"/app/web/src/components/UpgradeBrowser.js": {"lines":{"total":6,"covered":6,"skipped":0,"pct":100},"functions":{"total":2,"covered":2,"skipped":0,"pct":100},"statements":{"total":6,"covered":6,"skipped":0,"pct":100},"branches":{"total":3,"covered":2,"skipped":0,"pct":66.66}}
,"/app/web/src/components/Wrapper.js": {"lines":{"total":6,"covered":6,"skipped":0,"pct":100},"functions":{"total":3,"covered":3,"skipped":0,"pct":100},"statements":{"total":8,"covered":8,"skipped":0,"pct":100},"branches":{"total":2,"covered":2,"skipped":0,"pct":100}}
,"/app/web/src/containers/ApdApplication.js": {"lines":{"total":29,"covered":25,"skipped":0,"pct":86.2},"functions":{"total":4,"covered":4,"skipped":0,"pct":100},"statements":{"total":30,"covered":26,"skipped":0,"pct":86.66},"branches":{"total":29,"covered":21,"skipped":0,"pct":72.41}}
,"/app/web/src/containers/App.js": {"lines":{"total":2,"covered":2,"skipped":0,"pct":100},"functions":{"total":1,"covered":1,"skipped":0,"pct":100},"statements":{"total":2,"covered":2,"skipped":0,"pct":100},"branches":{"total":0,"covered":0,"skipped":0,"pct":100}}
,"/app/web/src/containers/LoginApplication.js": {"lines":{"total":72,"covered":56,"skipped":0,"pct":77.77},"functions":{"total":15,"covered":11,"skipped":0,"pct":73.33},"statements":{"total":72,"covered":56,"skipped":0,"pct":77.77},"branches":{"total":39,"covered":26,"skipped":0,"pct":66.66}}
,"/app/web/src/containers/Root.js": {"lines":{"total":7,"covered":7,"skipped":0,"pct":100},"functions":{"total":2,"covered":2,"skipped":0,"pct":100},"statements":{"total":7,"covered":7,"skipped":0,"pct":100},"branches":{"total":0,"covered":0,"skipped":0,"pct":100}}
,"/app/web/src/i18n/index.js": {"lines":{"total":13,"covered":12,"skipped":0,"pct":92.3},"functions":{"total":3,"covered":2,"skipped":0,"pct":66.66},"statements":{"total":14,"covered":12,"skipped":0,"pct":85.71},"branches":{"total":17,"covered":11,"skipped":0,"pct":64.7}}
,"/app/web/src/i18n/locales/en/index.js": {"lines":{"total":0,"covered":0,"skipped":0,"pct":0},"functions":{"total":0,"covered":0,"skipped":0,"pct":0},"statements":{"total":0,"covered":0,"skipped":0,"pct":0},"branches":{"total":0,"covered":0,"skipped":0,"pct":0}}
,"/app/web/src/i18n/locales/en/activities/index.js": {"lines":{"total":0,"covered":0,"skipped":0,"pct":0},"functions":{"total":0,"covered":0,"skipped":0,"pct":0},"statements":{"total":0,"covered":0,"skipped":0,"pct":0},"branches":{"total":0,"covered":0,"skipped":0,"pct":0}}
,"/app/web/src/i18n/locales/en/apd/index.js": {"lines":{"total":0,"covered":0,"skipped":0,"pct":0},"functions":{"total":0,"covered":0,"skipped":0,"pct":0},"statements":{"total":0,"covered":0,"skipped":0,"pct":0},"branches":{"total":0,"covered":0,"skipped":0,"pct":0}}
,"/app/web/src/layout/footer/Footer.js": {"lines":{"total":2,"covered":2,"skipped":0,"pct":100},"functions":{"total":1,"covered":1,"skipped":0,"pct":100},"statements":{"total":2,"covered":2,"skipped":0,"pct":100},"branches":{"total":0,"covered":0,"skipped":0,"pct":100}}
,"/app/web/src/layout/header/ApdHeader.js": {"lines":{"total":25,"covered":22,"skipped":0,"pct":88},"functions":{"total":8,"covered":7,"skipped":0,"pct":87.5},"statements":{"total":26,"covered":23,"skipped":0,"pct":88.46},"branches":{"total":10,"covered":5,"skipped":0,"pct":50}}
,"/app/web/src/layout/header/DashboardButton.js": {"lines":{"total":5,"covered":5,"skipped":0,"pct":100},"functions":{"total":2,"covered":2,"skipped":0,"pct":100},"statements":{"total":5,"covered":5,"skipped":0,"pct":100},"branches":{"total":0,"covered":0,"skipped":0,"pct":100}}
,"/app/web/src/layout/header/Header.js": {"lines":{"total":30,"covered":28,"skipped":0,"pct":93.33},"functions":{"total":7,"covered":7,"skipped":0,"pct":100},"statements":{"total":31,"covered":29,"skipped":0,"pct":93.54},"branches":{"total":39,"covered":36,"skipped":0,"pct":92.3}}
,"/app/web/src/layout/header/HeaderSaveMessage.js": {"lines":{"total":16,"covered":15,"skipped":0,"pct":93.75},"functions":{"total":3,"covered":3,"skipped":0,"pct":100},"statements":{"total":17,"covered":16,"skipped":0,"pct":94.11},"branches":{"total":8,"covered":7,"skipped":0,"pct":87.5}}
,"/app/web/src/layout/nav/Nav.js": {"lines":{"total":7,"covered":7,"skipped":0,"pct":100},"functions":{"total":3,"covered":3,"skipped":0,"pct":100},"statements":{"total":9,"covered":9,"skipped":0,"pct":100},"branches":{"total":0,"covered":0,"skipped":0,"pct":100}}
,"/app/web/src/layout/nav/NavLink.js": {"lines":{"total":4,"covered":4,"skipped":0,"pct":100},"functions":{"total":1,"covered":1,"skipped":0,"pct":100},"statements":{"total":4,"covered":4,"skipped":0,"pct":100},"branches":{"total":0,"covered":0,"skipped":0,"pct":100}}
,"/app/web/src/layout/nav/SecondaryNav.js": {"lines":{"total":9,"covered":9,"skipped":0,"pct":100},"functions":{"total":2,"covered":2,"skipped":0,"pct":100},"statements":{"total":10,"covered":10,"skipped":0,"pct":100},"branches":{"total":4,"covered":4,"skipped":0,"pct":100}}
,"/app/web/src/layout/nav/Sidebar.js": {"lines":{"total":7,"covered":7,"skipped":0,"pct":100},"functions":{"total":2,"covered":2,"skipped":0,"pct":100},"statements":{"total":7,"covered":7,"skipped":0,"pct":100},"branches":{"total":4,"covered":3,"skipped":0,"pct":75}}
,"/app/web/src/lazy/zxcvbn.js": {"lines":{"total":4,"covered":4,"skipped":0,"pct":100},"functions":{"total":3,"covered":3,"skipped":0,"pct":100},"statements":{"total":5,"covered":5,"skipped":0,"pct":100},"branches":{"total":0,"covered":0,"skipped":0,"pct":100}}
,"/app/web/src/pages/MainRoutes.js": {"lines":{"total":8,"covered":8,"skipped":0,"pct":100},"functions":{"total":2,"covered":2,"skipped":0,"pct":100},"statements":{"total":8,"covered":8,"skipped":0,"pct":100},"branches":{"total":6,"covered":6,"skipped":0,"pct":100}}
,"/app/web/src/pages/mainRoutesList.js": {"lines":{"total":1,"covered":1,"skipped":0,"pct":100},"functions":{"total":0,"covered":0,"skipped":0,"pct":100},"statements":{"total":1,"covered":1,"skipped":0,"pct":100},"branches":{"total":0,"covered":0,"skipped":0,"pct":100}}
,"/app/web/src/pages/admin/AdminRoute.js": {"lines":{"total":9,"covered":8,"skipped":0,"pct":88.88},"functions":{"total":3,"covered":3,"skipped":0,"pct":100},"statements":{"total":10,"covered":9,"skipped":0,"pct":90},"branches":{"total":4,"covered":3,"skipped":0,"pct":75}}
,"/app/web/src/pages/admin/ConfirmationDialog.js": {"lines":{"total":4,"covered":4,"skipped":0,"pct":100},"functions":{"total":1,"covered":1,"skipped":0,"pct":100},"statements":{"total":4,"covered":4,"skipped":0,"pct":100},"branches":{"total":4,"covered":4,"skipped":0,"pct":100}}
,"/app/web/src/pages/admin/ManageRoleDialog.js": {"lines":{"total":32,"covered":32,"skipped":0,"pct":100},"functions":{"total":9,"covered":9,"skipped":0,"pct":100},"statements":{"total":32,"covered":32,"skipped":0,"pct":100},"branches":{"total":8,"covered":5,"skipped":0,"pct":62.5}}
,"/app/web/src/pages/admin/fed-admin/DelegateStateAdminForm.js": {"lines":{"total":33,"covered":31,"skipped":0,"pct":93.93},"functions":{"total":17,"covered":16,"skipped":0,"pct":94.11},"statements":{"total":35,"covered":33,"skipped":0,"pct":94.28},"branches":{"total":16,"covered":14,"skipped":0,"pct":87.5}}
,"/app/web/src/pages/admin/fed-admin/FederalAdmin.js": {"lines":{"total":62,"covered":32,"skipped":0,"pct":51.61},"functions":{"total":21,"covered":6,"skipped":0,"pct":28.57},"statements":{"total":65,"covered":33,"skipped":0,"pct":50.76},"branches":{"total":22,"covered":7,"skipped":0,"pct":31.81}}
,"/app/web/src/pages/admin/fed-admin/ManageAllUsersTable.js": {"lines":{"total":21,"covered":18,"skipped":0,"pct":85.71},"functions":{"total":7,"covered":6,"skipped":0,"pct":85.71},"statements":{"total":21,"covered":18,"skipped":0,"pct":85.71},"branches":{"total":34,"covered":19,"skipped":0,"pct":55.88}}
,"/app/web/src/pages/admin/fed-admin/MatchStateAdminDialog.js": {"lines":{"total":24,"covered":24,"skipped":0,"pct":100},"functions":{"total":9,"covered":9,"skipped":0,"pct":100},"statements":{"total":24,"covered":24,"skipped":0,"pct":100},"branches":{"total":4,"covered":3,"skipped":0,"pct":75}}
,"/app/web/src/pages/admin/fed-admin/StateAdminLetters.js": {"lines":{"total":95,"covered":87,"skipped":0,"pct":91.57},"functions":{"total":36,"covered":32,"skipped":0,"pct":88.88},"statements":{"total":96,"covered":88,"skipped":0,"pct":91.66},"branches":{"total":36,"covered":30,"skipped":0,"pct":83.33}}
,"/app/web/src/pages/admin/state-admin/ManageAccount.js": {"lines":{"total":25,"covered":24,"skipped":0,"pct":96},"functions":{"total":6,"covered":6,"skipped":0,"pct":100},"statements":{"total":26,"covered":25,"skipped":0,"pct":96.15},"branches":{"total":12,"covered":7,"skipped":0,"pct":58.33}}
,"/app/web/src/pages/admin/state-admin/ManageUserTable.js": {"lines":{"total":8,"covered":8,"skipped":0,"pct":100},"functions":{"total":3,"covered":3,"skipped":0,"pct":100},"statements":{"total":8,"covered":8,"skipped":0,"pct":100},"branches":{"total":21,"covered":20,"skipped":0,"pct":95.23}}
,"/app/web/src/pages/admin/state-admin/StateAdmin.js": {"lines":{"total":48,"covered":48,"skipped":0,"pct":100},"functions":{"total":18,"covered":18,"skipped":0,"pct":100},"statements":{"total":49,"covered":49,"skipped":0,"pct":100},"branches":{"total":6,"covered":6,"skipped":0,"pct":100}}
,"/app/web/src/pages/apd/ApdPageRoutes.js": {"lines":{"total":6,"covered":6,"skipped":0,"pct":100},"functions":{"total":2,"covered":2,"skipped":0,"pct":100},"statements":{"total":6,"covered":6,"skipped":0,"pct":100},"branches":{"total":0,"covered":0,"skipped":0,"pct":100}}
,"/app/web/src/pages/apd/ApdReadOnly.js": {"lines":{"total":31,"covered":24,"skipped":0,"pct":77.41},"functions":{"total":7,"covered":7,"skipped":0,"pct":100},"statements":{"total":33,"covered":26,"skipped":0,"pct":78.78},"branches":{"total":27,"covered":18,"skipped":0,"pct":66.66}}
,"/app/web/src/pages/apd/apdRoutesList.js": {"lines":{"total":1,"covered":1,"skipped":0,"pct":100},"functions":{"total":0,"covered":0,"skipped":0,"pct":100},"statements":{"total":1,"covered":1,"skipped":0,"pct":100},"branches":{"total":0,"covered":0,"skipped":0,"pct":100}}
,"/app/web/src/pages/apd/activities/ActivityRoutes.js": {"lines":{"total":5,"covered":5,"skipped":0,"pct":100},"functions":{"total":2,"covered":2,"skipped":0,"pct":100},"statements":{"total":5,"covered":5,"skipped":0,"pct":100},"branches":{"total":0,"covered":0,"skipped":0,"pct":100}}
,"/app/web/src/pages/apd/activities/activityRoutesList.js": {"lines":{"total":1,"covered":1,"skipped":0,"pct":100},"functions":{"total":1,"covered":1,"skipped":0,"pct":100},"statements":{"total":2,"covered":2,"skipped":0,"pct":100},"branches":{"total":0,"covered":0,"skipped":0,"pct":100}}
,"/app/web/src/pages/apd/activities/activities-dashboard/ActivitiesDashboard.js": {"lines":{"total":7,"covered":7,"skipped":0,"pct":100},"functions":{"total":3,"covered":3,"skipped":0,"pct":100},"statements":{"total":8,"covered":8,"skipped":0,"pct":100},"branches":{"total":0,"covered":0,"skipped":0,"pct":100}}
,"/app/web/src/pages/apd/activities/activities-dashboard/ActivitiesDashboardReadOnly.js": {"lines":{"total":4,"covered":4,"skipped":0,"pct":100},"functions":{"total":2,"covered":2,"skipped":0,"pct":100},"statements":{"total":4,"covered":4,"skipped":0,"pct":100},"branches":{"total":0,"covered":0,"skipped":0,"pct":100}}
,"/app/web/src/pages/apd/activities/activities-dashboard/Activity.js": {"lines":{"total":26,"covered":25,"skipped":0,"pct":96.15},"functions":{"total":7,"covered":6,"skipped":0,"pct":85.71},"statements":{"total":26,"covered":25,"skipped":0,"pct":96.15},"branches":{"total":10,"covered":10,"skipped":0,"pct":100}}
,"/app/web/src/pages/apd/activities/activities-dashboard/ActivityListReadOnly.js": {"lines":{"total":6,"covered":6,"skipped":0,"pct":100},"functions":{"total":3,"covered":3,"skipped":0,"pct":100},"statements":{"total":6,"covered":6,"skipped":0,"pct":100},"branches":{"total":4,"covered":2,"skipped":0,"pct":50}}
,"/app/web/src/pages/apd/activities/activities-dashboard/ActivityReadOnly.js": {"lines":{"total":24,"covered":24,"skipped":0,"pct":100},"functions":{"total":17,"covered":17,"skipped":0,"pct":100},"statements":{"total":25,"covered":25,"skipped":0,"pct":100},"branches":{"total":74,"covered":51,"skipped":0,"pct":68.91}}
,"/app/web/src/pages/apd/activities/contractor-costs/ContractorResources.js": {"lines":{"total":15,"covered":15,"skipped":0,"pct":100},"functions":{"total":6,"covered":6,"skipped":0,"pct":100},"statements":{"total":16,"covered":16,"skipped":0,"pct":100},"branches":{"total":0,"covered":0,"skipped":0,"pct":100}}
,"/app/web/src/pages/apd/activities/contractor-costs/ContractorResource/ContractorResourceForm.js": {"lines":{"total":55,"covered":53,"skipped":0,"pct":96.36},"functions":{"total":25,"covered":25,"skipped":0,"pct":100},"statements":{"total":61,"covered":56,"skipped":0,"pct":91.8},"branches":{"total":29,"covered":19,"skipped":0,"pct":65.51}}
,"/app/web/src/pages/apd/activities/contractor-costs/ContractorResource/ContractorResourceReview.js": {"lines":{"total":8,"covered":8,"skipped":0,"pct":100},"functions":{"total":4,"covered":4,"skipped":0,"pct":100},"statements":{"total":9,"covered":9,"skipped":0,"pct":100},"branches":{"total":10,"covered":10,"skipped":0,"pct":100}}
,"/app/web/src/pages/apd/activities/contractor-costs/ContractorResource/index.js": {"lines":{"total":0,"covered":0,"skipped":0,"pct":0},"functions":{"total":0,"covered":0,"skipped":0,"pct":0},"statements":{"total":0,"covered":0,"skipped":0,"pct":0},"branches":{"total":0,"covered":0,"skipped":0,"pct":0}}
,"/app/web/src/pages/apd/activities/cost-allocation/CostAllocateFFPQuarterly.js": {"lines":{"total":28,"covered":27,"skipped":0,"pct":96.42},"functions":{"total":13,"covered":13,"skipped":0,"pct":100},"statements":{"total":28,"covered":27,"skipped":0,"pct":96.42},"branches":{"total":6,"covered":5,"skipped":0,"pct":83.33}}
,"/app/web/src/pages/apd/activities/cost-allocation/CostAllocationRows.js": {"lines":{"total":8,"covered":8,"skipped":0,"pct":100},"functions":{"total":3,"covered":3,"skipped":0,"pct":100},"statements":{"total":8,"covered":8,"skipped":0,"pct":100},"branches":{"total":30,"covered":23,"skipped":0,"pct":76.66}}
,"/app/web/src/pages/apd/activities/cost-allocation/CostAllocation/CostAllocate.js": {"lines":{"total":8,"covered":8,"skipped":0,"pct":100},"functions":{"total":3,"covered":3,"skipped":0,"pct":100},"statements":{"total":9,"covered":9,"skipped":0,"pct":100},"branches":{"total":0,"covered":0,"skipped":0,"pct":100}}
,"/app/web/src/pages/apd/activities/cost-allocation/CostAllocation/OtherFunding.js": {"lines":{"total":13,"covered":13,"skipped":0,"pct":100},"functions":{"total":7,"covered":7,"skipped":0,"pct":100},"statements":{"total":16,"covered":16,"skipped":0,"pct":100},"branches":{"total":6,"covered":6,"skipped":0,"pct":100}}
,"/app/web/src/pages/apd/activities/cost-allocation/CostAllocation/index.js": {"lines":{"total":3,"covered":3,"skipped":0,"pct":100},"functions":{"total":1,"covered":1,"skipped":0,"pct":100},"statements":{"total":3,"covered":3,"skipped":0,"pct":100},"branches":{"total":0,"covered":0,"skipped":0,"pct":100}}
,"/app/web/src/pages/apd/activities/ffp/CostAllocateFFP.js": {"lines":{"total":35,"covered":31,"skipped":0,"pct":88.57},"functions":{"total":8,"covered":8,"skipped":0,"pct":100},"statements":{"total":36,"covered":32,"skipped":0,"pct":88.88},"branches":{"total":24,"covered":21,"skipped":0,"pct":87.5}}
,"/app/web/src/pages/apd/activities/oms/Milestones.js": {"lines":{"total":15,"covered":15,"skipped":0,"pct":100},"functions":{"total":6,"covered":6,"skipped":0,"pct":100},"statements":{"total":16,"covered":16,"skipped":0,"pct":100},"branches":{"total":0,"covered":0,"skipped":0,"pct":100}}
,"/app/web/src/pages/apd/activities/oms/Outcomes.js": {"lines":{"total":15,"covered":15,"skipped":0,"pct":100},"functions":{"total":6,"covered":6,"skipped":0,"pct":100},"statements":{"total":16,"covered":16,"skipped":0,"pct":100},"branches":{"total":0,"covered":0,"skipped":0,"pct":100}}
,"/app/web/src/pages/apd/activities/oms/Milestone/MilestoneForm.js": {"lines":{"total":18,"covered":17,"skipped":0,"pct":94.44},"functions":{"total":7,"covered":7,"skipped":0,"pct":100},"statements":{"total":18,"covered":17,"skipped":0,"pct":94.44},"branches":{"total":2,"covered":1,"skipped":0,"pct":50}}
,"/app/web/src/pages/apd/activities/oms/Milestone/MilestoneReview.js": {"lines":{"total":5,"covered":5,"skipped":0,"pct":100},"functions":{"total":2,"covered":2,"skipped":0,"pct":100},"statements":{"total":6,"covered":6,"skipped":0,"pct":100},"branches":{"total":4,"covered":4,"skipped":0,"pct":100}}
,"/app/web/src/pages/apd/activities/oms/Milestone/index.js": {"lines":{"total":0,"covered":0,"skipped":0,"pct":0},"functions":{"total":0,"covered":0,"skipped":0,"pct":0},"statements":{"total":0,"covered":0,"skipped":0,"pct":0},"branches":{"total":0,"covered":0,"skipped":0,"pct":0}}
,"/app/web/src/pages/apd/activities/oms/OutcomesAndMetrics/OutcomeAndMetricForm.js": {"lines":{"total":46,"covered":45,"skipped":0,"pct":97.82},"functions":{"total":15,"covered":15,"skipped":0,"pct":100},"statements":{"total":46,"covered":45,"skipped":0,"pct":97.82},"branches":{"total":9,"covered":7,"skipped":0,"pct":77.77}}
,"/app/web/src/pages/apd/activities/oms/OutcomesAndMetrics/OutcomeAndMetricReview.js": {"lines":{"total":5,"covered":5,"skipped":0,"pct":100},"functions":{"total":2,"covered":2,"skipped":0,"pct":100},"statements":{"total":5,"covered":5,"skipped":0,"pct":100},"branches":{"total":8,"covered":7,"skipped":0,"pct":87.5}}
,"/app/web/src/pages/apd/activities/oms/OutcomesAndMetrics/index.js": {"lines":{"total":0,"covered":0,"skipped":0,"pct":0},"functions":{"total":0,"covered":0,"skipped":0,"pct":0},"statements":{"total":0,"covered":0,"skipped":0,"pct":0},"branches":{"total":0,"covered":0,"skipped":0,"pct":0}}
,"/app/web/src/pages/apd/activities/overview/ActivityOverview.js": {"lines":{"total":6,"covered":6,"skipped":0,"pct":100},"functions":{"total":3,"covered":3,"skipped":0,"pct":100},"statements":{"total":7,"covered":7,"skipped":0,"pct":100},"branches":{"total":2,"covered":2,"skipped":0,"pct":100}}
,"/app/web/src/pages/apd/activities/overview/Overview.js": {"lines":{"total":35,"covered":35,"skipped":0,"pct":100},"functions":{"total":14,"covered":14,"skipped":0,"pct":100},"statements":{"total":35,"covered":35,"skipped":0,"pct":100},"branches":{"total":18,"covered":14,"skipped":0,"pct":77.77}}
,"/app/web/src/pages/apd/activities/overview/Schedule.js": {"lines":{"total":24,"covered":24,"skipped":0,"pct":100},"functions":{"total":8,"covered":8,"skipped":0,"pct":100},"statements":{"total":25,"covered":25,"skipped":0,"pct":100},"branches":{"total":14,"covered":12,"skipped":0,"pct":85.71}}
,"/app/web/src/pages/apd/activities/overview/StandardsAndConditions.js": {"lines":{"total":17,"covered":16,"skipped":0,"pct":94.11},"functions":{"total":6,"covered":5,"skipped":0,"pct":83.33},"statements":{"total":18,"covered":17,"skipped":0,"pct":94.44},"branches":{"total":6,"covered":2,"skipped":0,"pct":33.33}}
,"/app/web/src/pages/apd/activities/overview/NameAndFundingSource/NameAndFundingSourceForm.js": {"lines":{"total":22,"covered":22,"skipped":0,"pct":100},"functions":{"total":8,"covered":8,"skipped":0,"pct":100},"statements":{"total":23,"covered":23,"skipped":0,"pct":100},"branches":{"total":6,"covered":3,"skipped":0,"pct":50}}
,"/app/web/src/pages/apd/activities/overview/NameAndFundingSource/NameAndFundingSourceReview.js": {"lines":{"total":4,"covered":3,"skipped":0,"pct":75},"functions":{"total":2,"covered":0,"skipped":0,"pct":0},"statements":{"total":4,"covered":3,"skipped":0,"pct":75},"branches":{"total":6,"covered":0,"skipped":0,"pct":0}}
,"/app/web/src/pages/apd/activities/overview/NameAndFundingSource/index.js": {"lines":{"total":0,"covered":0,"skipped":0,"pct":0},"functions":{"total":0,"covered":0,"skipped":0,"pct":0},"statements":{"total":0,"covered":0,"skipped":0,"pct":0},"branches":{"total":0,"covered":0,"skipped":0,"pct":0}}
,"/app/web/src/pages/apd/activities/state-costs/Costs.js": {"lines":{"total":3,"covered":3,"skipped":0,"pct":100},"functions":{"total":1,"covered":1,"skipped":0,"pct":100},"statements":{"total":3,"covered":3,"skipped":0,"pct":100},"branches":{"total":0,"covered":0,"skipped":0,"pct":100}}
,"/app/web/src/pages/apd/activities/state-costs/NonPersonnelCosts.js": {"lines":{"total":15,"covered":15,"skipped":0,"pct":100},"functions":{"total":6,"covered":6,"skipped":0,"pct":100},"statements":{"total":16,"covered":16,"skipped":0,"pct":100},"branches":{"total":0,"covered":0,"skipped":0,"pct":100}}
,"/app/web/src/pages/apd/activities/state-costs/StatePersonnel.js": {"lines":{"total":14,"covered":14,"skipped":0,"pct":100},"functions":{"total":6,"covered":6,"skipped":0,"pct":100},"statements":{"total":16,"covered":16,"skipped":0,"pct":100},"branches":{"total":0,"covered":0,"skipped":0,"pct":100}}
,"/app/web/src/pages/apd/activities/state-costs/NonPersonnelCost/NonPersonnelCostForm.js": {"lines":{"total":23,"covered":23,"skipped":0,"pct":100},"functions":{"total":10,"covered":10,"skipped":0,"pct":100},"statements":{"total":23,"covered":23,"skipped":0,"pct":100},"branches":{"total":3,"covered":3,"skipped":0,"pct":100}}
,"/app/web/src/pages/apd/activities/state-costs/NonPersonnelCost/NonPersonnelCostReview.js": {"lines":{"total":5,"covered":5,"skipped":0,"pct":100},"functions":{"total":2,"covered":2,"skipped":0,"pct":100},"statements":{"total":5,"covered":5,"skipped":0,"pct":100},"branches":{"total":2,"covered":2,"skipped":0,"pct":100}}
,"/app/web/src/pages/apd/activities/state-costs/NonPersonnelCost/index.js": {"lines":{"total":0,"covered":0,"skipped":0,"pct":0},"functions":{"total":0,"covered":0,"skipped":0,"pct":0},"statements":{"total":0,"covered":0,"skipped":0,"pct":0},"branches":{"total":0,"covered":0,"skipped":0,"pct":0}}
,"/app/web/src/pages/apd/activities/state-costs/StatePerson/StatePersonForm.js": {"lines":{"total":24,"covered":24,"skipped":0,"pct":100},"functions":{"total":9,"covered":9,"skipped":0,"pct":100},"statements":{"total":24,"covered":24,"skipped":0,"pct":100},"branches":{"total":4,"covered":4,"skipped":0,"pct":100}}
,"/app/web/src/pages/apd/activities/state-costs/StatePerson/StatePersonReview.js": {"lines":{"total":5,"covered":5,"skipped":0,"pct":100},"functions":{"total":2,"covered":2,"skipped":0,"pct":100},"statements":{"total":5,"covered":5,"skipped":0,"pct":100},"branches":{"total":10,"covered":8,"skipped":0,"pct":80}}
,"/app/web/src/pages/apd/activities/state-costs/StatePerson/index.js": {"lines":{"total":0,"covered":0,"skipped":0,"pct":0},"functions":{"total":0,"covered":0,"skipped":0,"pct":0},"statements":{"total":0,"covered":0,"skipped":0,"pct":0},"branches":{"total":0,"covered":0,"skipped":0,"pct":0}}
,"/app/web/src/pages/apd/apd-overview/ApdOverview.js": {"lines":{"total":51,"covered":49,"skipped":0,"pct":96.07},"functions":{"total":18,"covered":18,"skipped":0,"pct":100},"statements":{"total":53,"covered":51,"skipped":0,"pct":96.22},"branches":{"total":10,"covered":7,"skipped":0,"pct":70}}
,"/app/web/src/pages/apd/assurances-and-compliance/AssurancesAndCompliance.js": {"lines":{"total":29,"covered":26,"skipped":0,"pct":89.65},"functions":{"total":10,"covered":10,"skipped":0,"pct":100},"statements":{"total":31,"covered":27,"skipped":0,"pct":87.09},"branches":{"total":14,"covered":10,"skipped":0,"pct":71.42}}
,"/app/web/src/pages/apd/assurances-and-compliance/AssurancesAndComplianceReadOnly.js": {"lines":{"total":6,"covered":6,"skipped":0,"pct":100},"functions":{"total":4,"covered":4,"skipped":0,"pct":100},"statements":{"total":7,"covered":7,"skipped":0,"pct":100},"branches":{"total":8,"covered":8,"skipped":0,"pct":100}}
,"/app/web/src/pages/apd/executive-summary/ExecutiveSummary.js": {"lines":{"total":8,"covered":8,"skipped":0,"pct":100},"functions":{"total":5,"covered":5,"skipped":0,"pct":100},"statements":{"total":9,"covered":9,"skipped":0,"pct":100},"branches":{"total":10,"covered":9,"skipped":0,"pct":90}}
,"/app/web/src/pages/apd/executive-summary/ExecutiveSummaryBudget.js": {"lines":{"total":18,"covered":18,"skipped":0,"pct":100},"functions":{"total":8,"covered":8,"skipped":0,"pct":100},"statements":{"total":20,"covered":19,"skipped":0,"pct":95},"branches":{"total":8,"covered":7,"skipped":0,"pct":87.5}}
,"/app/web/src/pages/apd/executive-summary/ExecutiveSummaryReadOnly.js": {"lines":{"total":7,"covered":7,"skipped":0,"pct":100},"functions":{"total":5,"covered":5,"skipped":0,"pct":100},"statements":{"total":8,"covered":8,"skipped":0,"pct":100},"branches":{"total":10,"covered":9,"skipped":0,"pct":90}}
,"/app/web/src/pages/apd/export/ApdExport.js": {"lines":{"total":9,"covered":8,"skipped":0,"pct":88.88},"functions":{"total":3,"covered":3,"skipped":0,"pct":100},"statements":{"total":10,"covered":9,"skipped":0,"pct":90},"branches":{"total":4,"covered":3,"skipped":0,"pct":75}}
,"/app/web/src/pages/apd/export/ExportReadOnly.js": {"lines":{"total":10,"covered":6,"skipped":0,"pct":60},"functions":{"total":4,"covered":1,"skipped":0,"pct":25},"statements":{"total":10,"covered":6,"skipped":0,"pct":60},"branches":{"total":0,"covered":0,"skipped":0,"pct":100}}
,"/app/web/src/pages/apd/export/ReadOnlyApd.js": {"lines":{"total":5,"covered":5,"skipped":0,"pct":100},"functions":{"total":1,"covered":1,"skipped":0,"pct":100},"statements":{"total":5,"covered":5,"skipped":0,"pct":100},"branches":{"total":8,"covered":8,"skipped":0,"pct":100}}
,"/app/web/src/pages/apd/key-state-personnel/ApdKeyPersonForm.js": {"lines":{"total":65,"covered":63,"skipped":0,"pct":96.92},"functions":{"total":25,"covered":25,"skipped":0,"pct":100},"statements":{"total":67,"covered":65,"skipped":0,"pct":97.01},"branches":{"total":22,"covered":16,"skipped":0,"pct":72.72}}
,"/app/web/src/pages/apd/key-state-personnel/ApdKeyPersonReview.js": {"lines":{"total":11,"covered":11,"skipped":0,"pct":100},"functions":{"total":3,"covered":3,"skipped":0,"pct":100},"statements":{"total":11,"covered":11,"skipped":0,"pct":100},"branches":{"total":16,"covered":16,"skipped":0,"pct":100}}
,"/app/web/src/pages/apd/key-state-personnel/ApdStateKeyPersonnel.js": {"lines":{"total":15,"covered":15,"skipped":0,"pct":100},"functions":{"total":6,"covered":6,"skipped":0,"pct":100},"statements":{"total":16,"covered":16,"skipped":0,"pct":100},"branches":{"total":2,"covered":2,"skipped":0,"pct":100}}
,"/app/web/src/pages/apd/key-state-personnel/ApdStateProfileMedicaidOffice.js": {"lines":{"total":12,"covered":12,"skipped":0,"pct":100},"functions":{"total":5,"covered":5,"skipped":0,"pct":100},"statements":{"total":13,"covered":13,"skipped":0,"pct":100},"branches":{"total":2,"covered":2,"skipped":0,"pct":100}}
,"/app/web/src/pages/apd/key-state-personnel/KeyStatePersonnel.js": {"lines":{"total":2,"covered":2,"skipped":0,"pct":100},"functions":{"total":1,"covered":1,"skipped":0,"pct":100},"statements":{"total":2,"covered":2,"skipped":0,"pct":100},"branches":{"total":0,"covered":0,"skipped":0,"pct":100}}
,"/app/web/src/pages/apd/key-state-personnel/KeyStatePersonnelReadOnly.js": {"lines":{"total":19,"covered":18,"skipped":0,"pct":94.73},"functions":{"total":6,"covered":6,"skipped":0,"pct":100},"statements":{"total":19,"covered":18,"skipped":0,"pct":94.73},"branches":{"total":20,"covered":16,"skipped":0,"pct":80}}
,"/app/web/src/pages/apd/previous-activities/ApdPreviousActivityTable.js": {"lines":{"total":15,"covered":15,"skipped":0,"pct":100},"functions":{"total":7,"covered":7,"skipped":0,"pct":100},"statements":{"total":16,"covered":16,"skipped":0,"pct":100},"branches":{"total":8,"covered":8,"skipped":0,"pct":100}}
,"/app/web/src/pages/apd/previous-activities/ApdPreviousActivityTableMMIS.js": {"lines":{"total":29,"covered":27,"skipped":0,"pct":93.1},"functions":{"total":14,"covered":12,"skipped":0,"pct":85.71},"statements":{"total":30,"covered":28,"skipped":0,"pct":93.33},"branches":{"total":16,"covered":14,"skipped":0,"pct":87.5}}
,"/app/web/src/pages/apd/previous-activities/ApdPreviousActivityTableTotal.js": {"lines":{"total":7,"covered":7,"skipped":0,"pct":100},"functions":{"total":3,"covered":3,"skipped":0,"pct":100},"statements":{"total":8,"covered":8,"skipped":0,"pct":100},"branches":{"total":0,"covered":0,"skipped":0,"pct":100}}
,"/app/web/src/pages/apd/previous-activities/PreviousActivities.js": {"lines":{"total":6,"covered":6,"skipped":0,"pct":100},"functions":{"total":3,"covered":3,"skipped":0,"pct":100},"statements":{"total":8,"covered":8,"skipped":0,"pct":100},"branches":{"total":0,"covered":0,"skipped":0,"pct":100}}
,"/app/web/src/pages/apd/previous-activities/PreviousActivitiesReadOnly.js": {"lines":{"total":4,"covered":4,"skipped":0,"pct":100},"functions":{"total":2,"covered":2,"skipped":0,"pct":100},"statements":{"total":5,"covered":5,"skipped":0,"pct":100},"branches":{"total":0,"covered":0,"skipped":0,"pct":100}}
,"/app/web/src/pages/apd/proposed-budget/BudgetSummary.js": {"lines":{"total":20,"covered":20,"skipped":0,"pct":100},"functions":{"total":10,"covered":10,"skipped":0,"pct":100},"statements":{"total":20,"covered":20,"skipped":0,"pct":100},"branches":{"total":8,"covered":8,"skipped":0,"pct":100}}
,"/app/web/src/pages/apd/proposed-budget/IncentivePayments.js": {"lines":{"total":25,"covered":25,"skipped":0,"pct":100},"functions":{"total":16,"covered":16,"skipped":0,"pct":100},"statements":{"total":26,"covered":26,"skipped":0,"pct":100},"branches":{"total":24,"covered":24,"skipped":0,"pct":100}}
,"/app/web/src/pages/apd/proposed-budget/ProposedBudget.js": {"lines":{"total":2,"covered":2,"skipped":0,"pct":100},"functions":{"total":1,"covered":1,"skipped":0,"pct":100},"statements":{"total":2,"covered":2,"skipped":0,"pct":100},"branches":{"total":0,"covered":0,"skipped":0,"pct":100}}
,"/app/web/src/pages/apd/proposed-budget/ProposedBudgetReadOnly.js": {"lines":{"total":2,"covered":2,"skipped":0,"pct":100},"functions":{"total":1,"covered":1,"skipped":0,"pct":100},"statements":{"total":2,"covered":2,"skipped":0,"pct":100},"branches":{"total":0,"covered":0,"skipped":0,"pct":100}}
,"/app/web/src/pages/apd/proposed-budget/QuarterlyBudgetSummary.js": {"lines":{"total":15,"covered":15,"skipped":0,"pct":100},"functions":{"total":8,"covered":8,"skipped":0,"pct":100},"statements":{"total":17,"covered":16,"skipped":0,"pct":94.11},"branches":{"total":6,"covered":5,"skipped":0,"pct":83.33}}
,"/app/web/src/pages/apd/proposed-budget/SummaryActivityBreakdown.js": {"lines":{"total":7,"covered":7,"skipped":0,"pct":100},"functions":{"total":2,"covered":2,"skipped":0,"pct":100},"statements":{"total":7,"covered":7,"skipped":0,"pct":100},"branches":{"total":7,"covered":5,"skipped":0,"pct":71.42}}
,"/app/web/src/pages/apd/proposed-budget/SummaryBudgetByActivity.js": {"lines":{"total":21,"covered":21,"skipped":0,"pct":100},"functions":{"total":9,"covered":9,"skipped":0,"pct":100},"statements":{"total":22,"covered":22,"skipped":0,"pct":100},"branches":{"total":8,"covered":8,"skipped":0,"pct":100}}
,"/app/web/src/pages/apd/schedule-summary/ScheduleSummary.js": {"lines":{"total":7,"covered":7,"skipped":0,"pct":100},"functions":{"total":5,"covered":5,"skipped":0,"pct":100},"statements":{"total":8,"covered":8,"skipped":0,"pct":100},"branches":{"total":10,"covered":5,"skipped":0,"pct":50}}
,"/app/web/src/pages/apd/schedule-summary/ScheduleSummaryReadOnly.js": {"lines":{"total":13,"covered":11,"skipped":0,"pct":84.61},"functions":{"total":6,"covered":6,"skipped":0,"pct":100},"statements":{"total":14,"covered":12,"skipped":0,"pct":85.71},"branches":{"total":22,"covered":13,"skipped":0,"pct":59.09}}
,"/app/web/src/pages/dashboard/Dashboard.js": {"lines":{"total":4,"covered":4,"skipped":0,"pct":100},"functions":{"total":2,"covered":2,"skipped":0,"pct":100},"statements":{"total":5,"covered":5,"skipped":0,"pct":100},"branches":{"total":2,"covered":2,"skipped":0,"pct":100}}
,"/app/web/src/pages/dashboard/fed-dashboard/FederalDashboard.js": {"lines":{"total":5,"covered":5,"skipped":0,"pct":100},"functions":{"total":2,"covered":2,"skipped":0,"pct":100},"statements":{"total":6,"covered":6,"skipped":0,"pct":100},"branches":{"total":6,"covered":4,"skipped":0,"pct":66.66}}
,"/app/web/src/pages/dashboard/state-dashboard/AffiliationStatus.js": {"lines":{"total":14,"covered":14,"skipped":0,"pct":100},"functions":{"total":8,"covered":8,"skipped":0,"pct":100},"statements":{"total":16,"covered":16,"skipped":0,"pct":100},"branches":{"total":10,"covered":7,"skipped":0,"pct":70}}
,"/app/web/src/pages/dashboard/state-dashboard/ApdList.js": {"lines":{"total":23,"covered":19,"skipped":0,"pct":82.6},"functions":{"total":9,"covered":7,"skipped":0,"pct":77.77},"statements":{"total":25,"covered":21,"skipped":0,"pct":84},"branches":{"total":24,"covered":21,"skipped":0,"pct":87.5}}
,"/app/web/src/pages/dashboard/state-dashboard/StateDashboard.js": {"lines":{"total":6,"covered":6,"skipped":0,"pct":100},"functions":{"total":2,"covered":2,"skipped":0,"pct":100},"statements":{"total":7,"covered":7,"skipped":0,"pct":100},"branches":{"total":12,"covered":9,"skipped":0,"pct":75}}
,"/app/web/src/pages/login/AuthenticationForm.js": {"lines":{"total":10,"covered":10,"skipped":0,"pct":100},"functions":{"total":3,"covered":3,"skipped":0,"pct":100},"statements":{"total":12,"covered":12,"skipped":0,"pct":100},"branches":{"total":30,"covered":21,"skipped":0,"pct":70}}
,"/app/web/src/pages/login/ConsentBanner.js": {"lines":{"total":12,"covered":10,"skipped":0,"pct":83.33},"functions":{"total":3,"covered":2,"skipped":0,"pct":66.66},"statements":{"total":12,"covered":10,"skipped":0,"pct":83.33},"branches":{"total":11,"covered":6,"skipped":0,"pct":54.54}}
,"/app/web/src/pages/login/Login.js": {"lines":{"total":26,"covered":18,"skipped":0,"pct":69.23},"functions":{"total":11,"covered":8,"skipped":0,"pct":72.72},"statements":{"total":29,"covered":21,"skipped":0,"pct":72.41},"branches":{"total":7,"covered":6,"skipped":0,"pct":85.71}}
,"/app/web/src/pages/login/LoginForm.js": {"lines":{"total":8,"covered":8,"skipped":0,"pct":100},"functions":{"total":2,"covered":2,"skipped":0,"pct":100},"statements":{"total":9,"covered":9,"skipped":0,"pct":100},"branches":{"total":22,"covered":19,"skipped":0,"pct":86.36}}
,"/app/web/src/pages/login/LoginGroupError.js": {"lines":{"total":3,"covered":2,"skipped":0,"pct":66.66},"functions":{"total":1,"covered":0,"skipped":0,"pct":0},"statements":{"total":3,"covered":2,"skipped":0,"pct":66.66},"branches":{"total":0,"covered":0,"skipped":0,"pct":100}}
,"/app/web/src/pages/login/LoginLocked.js": {"lines":{"total":3,"covered":3,"skipped":0,"pct":100},"functions":{"total":1,"covered":1,"skipped":0,"pct":100},"statements":{"total":3,"covered":3,"skipped":0,"pct":100},"branches":{"total":0,"covered":0,"skipped":0,"pct":100}}
,"/app/web/src/pages/login/LoginMFA.js": {"lines":{"total":12,"covered":3,"skipped":0,"pct":25},"functions":{"total":4,"covered":0,"skipped":0,"pct":0},"statements":{"total":13,"covered":3,"skipped":0,"pct":23.07},"branches":{"total":0,"covered":0,"skipped":0,"pct":100}}
,"/app/web/src/pages/login/LoginMFAEnroll.js": {"lines":{"total":15,"covered":4,"skipped":0,"pct":26.66},"functions":{"total":6,"covered":0,"skipped":0,"pct":0},"statements":{"total":16,"covered":4,"skipped":0,"pct":25},"branches":{"total":4,"covered":0,"skipped":0,"pct":0}}
,"/app/web/src/pages/login/LoginMFAEnrollPhoneNumber.js": {"lines":{"total":14,"covered":3,"skipped":0,"pct":21.42},"functions":{"total":5,"covered":0,"skipped":0,"pct":0},"statements":{"total":15,"covered":3,"skipped":0,"pct":20},"branches":{"total":4,"covered":0,"skipped":0,"pct":0}}
,"/app/web/src/pages/login/LoginMFAVerifyAuthApp.js": {"lines":{"total":13,"covered":1,"skipped":0,"pct":7.69},"functions":{"total":4,"covered":0,"skipped":0,"pct":0},"statements":{"total":13,"covered":1,"skipped":0,"pct":7.69},"branches":{"total":0,"covered":0,"skipped":0,"pct":100}}
,"/app/web/src/pages/login/LoginPageRoutes.js": {"lines":{"total":7,"covered":7,"skipped":0,"pct":100},"functions":{"total":2,"covered":2,"skipped":0,"pct":100},"statements":{"total":7,"covered":7,"skipped":0,"pct":100},"branches":{"total":1,"covered":1,"skipped":0,"pct":100}}
,"/app/web/src/pages/login/Logout.js": {"lines":{"total":11,"covered":11,"skipped":0,"pct":100},"functions":{"total":4,"covered":4,"skipped":0,"pct":100},"statements":{"total":12,"covered":12,"skipped":0,"pct":100},"branches":{"total":2,"covered":2,"skipped":0,"pct":100}}
,"/app/web/src/pages/login/SelectAffiliation.js": {"lines":{"total":36,"covered":35,"skipped":0,"pct":97.22},"functions":{"total":11,"covered":11,"skipped":0,"pct":100},"statements":{"total":38,"covered":37,"skipped":0,"pct":97.36},"branches":{"total":8,"covered":6,"skipped":0,"pct":75}}
,"/app/web/src/pages/login/StateAccessRequest.js": {"lines":{"total":58,"covered":49,"skipped":0,"pct":84.48},"functions":{"total":27,"covered":21,"skipped":0,"pct":77.77},"statements":{"total":59,"covered":50,"skipped":0,"pct":84.74},"branches":{"total":22,"covered":17,"skipped":0,"pct":77.27}}
,"/app/web/src/pages/login/StateAccessRequestConfirmation.js": {"lines":{"total":3,"covered":3,"skipped":0,"pct":100},"functions":{"total":1,"covered":1,"skipped":0,"pct":100},"statements":{"total":3,"covered":3,"skipped":0,"pct":100},"branches":{"total":0,"covered":0,"skipped":0,"pct":100}}
,"/app/web/src/pages/login/loginRoutesList.js": {"lines":{"total":2,"covered":2,"skipped":0,"pct":100},"functions":{"total":9,"covered":1,"skipped":0,"pct":11.11},"statements":{"total":2,"covered":2,"skipped":0,"pct":100},"branches":{"total":14,"covered":0,"skipped":0,"pct":0}}
,"/app/web/src/redux/actions/admin.js": {"lines":{"total":106,"covered":39,"skipped":0,"pct":36.79},"functions":{"total":36,"covered":9,"skipped":0,"pct":25},"statements":{"total":112,"covered":41,"skipped":0,"pct":36.6},"branches":{"total":35,"covered":1,"skipped":0,"pct":2.85}}
,"/app/web/src/redux/actions/aria.js": {"lines":{"total":6,"covered":6,"skipped":0,"pct":100},"functions":{"total":5,"covered":4,"skipped":0,"pct":80},"statements":{"total":10,"covered":9,"skipped":0,"pct":90},"branches":{"total":0,"covered":0,"skipped":0,"pct":100}}
,"/app/web/src/redux/actions/auth.js": {"lines":{"total":205,"covered":128,"skipped":0,"pct":62.43},"functions":{"total":61,"covered":35,"skipped":0,"pct":57.37},"statements":{"total":237,"covered":146,"skipped":0,"pct":61.6},"branches":{"total":87,"covered":35,"skipped":0,"pct":40.22}}
,"/app/web/src/redux/actions/budget.js": {"lines":{"total":3,"covered":3,"skipped":0,"pct":100},"functions":{"total":2,"covered":2,"skipped":0,"pct":100},"statements":{"total":4,"covered":4,"skipped":0,"pct":100},"branches":{"total":0,"covered":0,"skipped":0,"pct":100}}
,"/app/web/src/redux/actions/app/apd.js": {"lines":{"total":73,"covered":50,"skipped":0,"pct":68.49},"functions":{"total":25,"covered":16,"skipped":0,"pct":64},"statements":{"total":76,"covered":51,"skipped":0,"pct":67.1},"branches":{"total":36,"covered":18,"skipped":0,"pct":50}}
,"/app/web/src/redux/actions/app/events.js": {"lines":{"total":6,"covered":1,"skipped":0,"pct":16.66},"functions":{"total":3,"covered":0,"skipped":0,"pct":0},"statements":{"total":6,"covered":1,"skipped":0,"pct":16.66},"branches":{"total":3,"covered":0,"skipped":0,"pct":0}}
,"/app/web/src/redux/actions/app/index.js": {"lines":{"total":0,"covered":0,"skipped":0,"pct":0},"functions":{"total":0,"covered":0,"skipped":0,"pct":0},"statements":{"total":0,"covered":0,"skipped":0,"pct":0},"branches":{"total":0,"covered":0,"skipped":0,"pct":0}}
,"/app/web/src/redux/actions/app/navigation.js": {"lines":{"total":3,"covered":3,"skipped":0,"pct":100},"functions":{"total":2,"covered":2,"skipped":0,"pct":100},"statements":{"total":4,"covered":4,"skipped":0,"pct":100},"branches":{"total":2,"covered":2,"skipped":0,"pct":100}}
,"/app/web/src/redux/actions/app/print.js": {"lines":{"total":3,"covered":1,"skipped":0,"pct":33.33},"functions":{"total":2,"covered":0,"skipped":0,"pct":0},"statements":{"total":4,"covered":1,"skipped":0,"pct":25},"branches":{"total":2,"covered":0,"skipped":0,"pct":0}}
,"/app/web/src/redux/actions/app/symbols.js": {"lines":{"total":20,"covered":20,"skipped":0,"pct":100},"functions":{"total":0,"covered":0,"skipped":0,"pct":100},"statements":{"total":20,"covered":20,"skipped":0,"pct":100},"branches":{"total":0,"covered":0,"skipped":0,"pct":100}}
,"/app/web/src/redux/actions/editActivity/activityList.js": {"lines":{"total":14,"covered":14,"skipped":0,"pct":100},"functions":{"total":8,"covered":8,"skipped":0,"pct":100},"statements":{"total":18,"covered":18,"skipped":0,"pct":100},"branches":{"total":0,"covered":0,"skipped":0,"pct":100}}
,"/app/web/src/redux/actions/editActivity/contractorResources.js": {"lines":{"total":12,"covered":12,"skipped":0,"pct":100},"functions":{"total":4,"covered":4,"skipped":0,"pct":100},"statements":{"total":13,"covered":13,"skipped":0,"pct":100},"branches":{"total":2,"covered":1,"skipped":0,"pct":50}}
,"/app/web/src/redux/actions/editActivity/costAllocate.js": {"lines":{"total":19,"covered":19,"skipped":0,"pct":100},"functions":{"total":10,"covered":10,"skipped":0,"pct":100},"statements":{"total":21,"covered":21,"skipped":0,"pct":100},"branches":{"total":0,"covered":0,"skipped":0,"pct":100}}
,"/app/web/src/redux/actions/editActivity/index.js": {"lines":{"total":0,"covered":0,"skipped":0,"pct":0},"functions":{"total":0,"covered":0,"skipped":0,"pct":0},"statements":{"total":0,"covered":0,"skipped":0,"pct":0},"branches":{"total":0,"covered":0,"skipped":0,"pct":0}}
,"/app/web/src/redux/actions/editActivity/nonPersonnelCosts.js": {"lines":{"total":12,"covered":12,"skipped":0,"pct":100},"functions":{"total":4,"covered":4,"skipped":0,"pct":100},"statements":{"total":13,"covered":13,"skipped":0,"pct":100},"branches":{"total":2,"covered":1,"skipped":0,"pct":50}}
,"/app/web/src/redux/actions/editActivity/outcomes.js": {"lines":{"total":9,"covered":9,"skipped":0,"pct":100},"functions":{"total":4,"covered":4,"skipped":0,"pct":100},"statements":{"total":11,"covered":11,"skipped":0,"pct":100},"branches":{"total":2,"covered":2,"skipped":0,"pct":100}}
,"/app/web/src/redux/actions/editActivity/overview.js": {"lines":{"total":3,"covered":3,"skipped":0,"pct":100},"functions":{"total":3,"covered":3,"skipped":0,"pct":100},"statements":{"total":6,"covered":6,"skipped":0,"pct":100},"branches":{"total":0,"covered":0,"skipped":0,"pct":100}}
,"/app/web/src/redux/actions/editActivity/scheduleAndMilestones.js": {"lines":{"total":11,"covered":11,"skipped":0,"pct":100},"functions":{"total":6,"covered":6,"skipped":0,"pct":100},"statements":{"total":15,"covered":15,"skipped":0,"pct":100},"branches":{"total":2,"covered":1,"skipped":0,"pct":50}}
,"/app/web/src/redux/actions/editActivity/standardsAndConditions.js": {"lines":{"total":4,"covered":3,"skipped":0,"pct":75},"functions":{"total":2,"covered":1,"skipped":0,"pct":50},"statements":{"total":4,"covered":3,"skipped":0,"pct":75},"branches":{"total":0,"covered":0,"skipped":0,"pct":100}}
,"/app/web/src/redux/actions/editActivity/statePersonnel.js": {"lines":{"total":11,"covered":11,"skipped":0,"pct":100},"functions":{"total":4,"covered":4,"skipped":0,"pct":100},"statements":{"total":13,"covered":13,"skipped":0,"pct":100},"branches":{"total":2,"covered":1,"skipped":0,"pct":50}}
,"/app/web/src/redux/actions/editApd/assurancesAndCompliance.js": {"lines":{"total":8,"covered":8,"skipped":0,"pct":100},"functions":{"total":8,"covered":7,"skipped":0,"pct":87.5},"statements":{"total":16,"covered":15,"skipped":0,"pct":93.75},"branches":{"total":0,"covered":0,"skipped":0,"pct":100}}
,"/app/web/src/redux/actions/editApd/incentivePayments.js": {"lines":{"total":4,"covered":4,"skipped":0,"pct":100},"functions":{"total":4,"covered":4,"skipped":0,"pct":100},"statements":{"total":8,"covered":8,"skipped":0,"pct":100},"branches":{"total":0,"covered":0,"skipped":0,"pct":100}}
,"/app/web/src/redux/actions/editApd/index.js": {"lines":{"total":0,"covered":0,"skipped":0,"pct":0},"functions":{"total":0,"covered":0,"skipped":0,"pct":0},"statements":{"total":0,"covered":0,"skipped":0,"pct":0},"branches":{"total":0,"covered":0,"skipped":0,"pct":0}}
,"/app/web/src/redux/actions/editApd/keyPersonnel.js": {"lines":{"total":11,"covered":11,"skipped":0,"pct":100},"functions":{"total":4,"covered":4,"skipped":0,"pct":100},"statements":{"total":13,"covered":13,"skipped":0,"pct":100},"branches":{"total":2,"covered":2,"skipped":0,"pct":100}}
,"/app/web/src/redux/actions/editApd/overview.js": {"lines":{"total":13,"covered":13,"skipped":0,"pct":100},"functions":{"total":10,"covered":10,"skipped":0,"pct":100},"statements":{"total":20,"covered":20,"skipped":0,"pct":100},"branches":{"total":0,"covered":0,"skipped":0,"pct":100}}
,"/app/web/src/redux/actions/editApd/previousActivities.js": {"lines":{"total":17,"covered":17,"skipped":0,"pct":100},"functions":{"total":9,"covered":9,"skipped":0,"pct":100},"statements":{"total":18,"covered":18,"skipped":0,"pct":100},"branches":{"total":0,"covered":0,"skipped":0,"pct":100}}
,"/app/web/src/redux/actions/editApd/stateProfile.js": {"lines":{"total":9,"covered":9,"skipped":0,"pct":100},"functions":{"total":8,"covered":8,"skipped":0,"pct":100},"statements":{"total":16,"covered":16,"skipped":0,"pct":100},"branches":{"total":0,"covered":0,"skipped":0,"pct":100}}
,"/app/web/src/redux/actions/editApd/symbols.js": {"lines":{"total":10,"covered":10,"skipped":0,"pct":100},"functions":{"total":0,"covered":0,"skipped":0,"pct":100},"statements":{"total":10,"covered":10,"skipped":0,"pct":100},"branches":{"total":0,"covered":0,"skipped":0,"pct":100}}
,"/app/web/src/redux/actions/editApd/uploadFile.js": {"lines":{"total":17,"covered":14,"skipped":0,"pct":82.35},"functions":{"total":6,"covered":5,"skipped":0,"pct":83.33},"statements":{"total":18,"covered":15,"skipped":0,"pct":83.33},"branches":{"total":0,"covered":0,"skipped":0,"pct":100}}
,"/app/web/src/redux/reducers/activities.js": {"lines":{"total":21,"covered":20,"skipped":0,"pct":95.23},"functions":{"total":16,"covered":15,"skipped":0,"pct":93.75},"statements":{"total":33,"covered":32,"skipped":0,"pct":96.96},"branches":{"total":9,"covered":7,"skipped":0,"pct":77.77}}
,"/app/web/src/redux/reducers/admin.js": {"lines":{"total":19,"covered":8,"skipped":0,"pct":42.1},"functions":{"total":4,"covered":1,"skipped":0,"pct":25},"statements":{"total":20,"covered":8,"skipped":0,"pct":40},"branches":{"total":15,"covered":4,"skipped":0,"pct":26.66}}
,"/app/web/src/redux/reducers/apd.js": {"lines":{"total":104,"covered":86,"skipped":0,"pct":82.69},"functions":{"total":34,"covered":26,"skipped":0,"pct":76.47},"statements":{"total":106,"covered":88,"skipped":0,"pct":83.01},"branches":{"total":46,"covered":34,"skipped":0,"pct":73.91}}
,"/app/web/src/redux/reducers/aria.js": {"lines":{"total":6,"covered":6,"skipped":0,"pct":100},"functions":{"total":2,"covered":2,"skipped":0,"pct":100},"statements":{"total":7,"covered":7,"skipped":0,"pct":100},"branches":{"total":3,"covered":3,"skipped":0,"pct":100}}
,"/app/web/src/redux/reducers/auth.js": {"lines":{"total":22,"covered":14,"skipped":0,"pct":63.63},"functions":{"total":2,"covered":1,"skipped":0,"pct":50},"statements":{"total":23,"covered":14,"skipped":0,"pct":60.86},"branches":{"total":19,"covered":11,"skipped":0,"pct":57.89}}
,"/app/web/src/redux/reducers/budget.js": {"lines":{"total":176,"covered":176,"skipped":0,"pct":100},"functions":{"total":38,"covered":38,"skipped":0,"pct":100},"statements":{"total":181,"covered":181,"skipped":0,"pct":100},"branches":{"total":52,"covered":51,"skipped":0,"pct":98.07}}
,"/app/web/src/redux/reducers/errors.js": {"lines":{"total":20,"covered":10,"skipped":0,"pct":50},"functions":{"total":5,"covered":1,"skipped":0,"pct":20},"statements":{"total":23,"covered":10,"skipped":0,"pct":43.47},"branches":{"total":17,"covered":2,"skipped":0,"pct":11.76}}
,"/app/web/src/redux/reducers/index.js": {"lines":{"total":2,"covered":2,"skipped":0,"pct":100},"functions":{"total":1,"covered":1,"skipped":0,"pct":100},"statements":{"total":2,"covered":2,"skipped":0,"pct":100},"branches":{"total":0,"covered":0,"skipped":0,"pct":100}}
,"/app/web/src/redux/reducers/nav.items.js": {"lines":{"total":30,"covered":30,"skipped":0,"pct":100},"functions":{"total":12,"covered":12,"skipped":0,"pct":100},"statements":{"total":35,"covered":35,"skipped":0,"pct":100},"branches":{"total":27,"covered":24,"skipped":0,"pct":88.88}}
,"/app/web/src/redux/reducers/nav.js": {"lines":{"total":32,"covered":32,"skipped":0,"pct":100},"functions":{"total":7,"covered":7,"skipped":0,"pct":100},"statements":{"total":35,"covered":35,"skipped":0,"pct":100},"branches":{"total":29,"covered":27,"skipped":0,"pct":93.1}}
,"/app/web/src/redux/reducers/patch.js": {"lines":{"total":26,"covered":25,"skipped":0,"pct":96.15},"functions":{"total":2,"covered":2,"skipped":0,"pct":100},"statements":{"total":27,"covered":26,"skipped":0,"pct":96.29},"branches":{"total":18,"covered":17,"skipped":0,"pct":94.44}}
,"/app/web/src/redux/reducers/saving.js": {"lines":{"total":11,"covered":10,"skipped":0,"pct":90.9},"functions":{"total":5,"covered":5,"skipped":0,"pct":100},"statements":{"total":15,"covered":14,"skipped":0,"pct":93.33},"branches":{"total":9,"covered":5,"skipped":0,"pct":55.55}}
,"/app/web/src/redux/reducers/user.js": {"lines":{"total":11,"covered":9,"skipped":0,"pct":81.81},"functions":{"total":3,"covered":3,"skipped":0,"pct":100},"statements":{"total":13,"covered":11,"skipped":0,"pct":84.61},"branches":{"total":7,"covered":5,"skipped":0,"pct":71.42}}
,"/app/web/src/redux/reducers/working.js": {"lines":{"total":11,"covered":9,"skipped":0,"pct":81.81},"functions":{"total":4,"covered":1,"skipped":0,"pct":25},"statements":{"total":14,"covered":9,"skipped":0,"pct":64.28},"branches":{"total":11,"covered":2,"skipped":0,"pct":18.18}}
,"/app/web/src/redux/selectors/activities.selectors.js": {"lines":{"total":82,"covered":67,"skipped":0,"pct":81.7},"functions":{"total":35,"covered":34,"skipped":0,"pct":97.14},"statements":{"total":85,"covered":70,"skipped":0,"pct":82.35},"branches":{"total":48,"covered":28,"skipped":0,"pct":58.33}}
,"/app/web/src/redux/selectors/apd.selectors.js": {"lines":{"total":40,"covered":40,"skipped":0,"pct":100},"functions":{"total":25,"covered":24,"skipped":0,"pct":96},"statements":{"total":46,"covered":45,"skipped":0,"pct":97.82},"branches":{"total":1,"covered":0,"skipped":0,"pct":0}}
,"/app/web/src/redux/selectors/budget.selectors.js": {"lines":{"total":13,"covered":13,"skipped":0,"pct":100},"functions":{"total":7,"covered":7,"skipped":0,"pct":100},"statements":{"total":14,"covered":14,"skipped":0,"pct":100},"branches":{"total":0,"covered":0,"skipped":0,"pct":100}}
,"/app/web/src/redux/selectors/patch.selectors.js": {"lines":{"total":2,"covered":2,"skipped":0,"pct":100},"functions":{"total":2,"covered":2,"skipped":0,"pct":100},"statements":{"total":4,"covered":4,"skipped":0,"pct":100},"branches":{"total":0,"covered":0,"skipped":0,"pct":100}}
,"/app/web/src/redux/selectors/user.selector.js": {"lines":{"total":24,"covered":20,"skipped":0,"pct":83.33},"functions":{"total":11,"covered":9,"skipped":0,"pct":81.81},"statements":{"total":26,"covered":22,"skipped":0,"pct":84.61},"branches":{"total":23,"covered":7,"skipped":0,"pct":30.43}}
,"/app/web/src/static/schemas/milestones.js": {"lines":{"total":2,"covered":2,"skipped":0,"pct":100},"functions":{"total":0,"covered":0,"skipped":0,"pct":100},"statements":{"total":2,"covered":2,"skipped":0,"pct":100},"branches":{"total":0,"covered":0,"skipped":0,"pct":100}}
,"/app/web/src/static/schemas/nonPersonnelCosts.js": {"lines":{"total":1,"covered":1,"skipped":0,"pct":100},"functions":{"total":0,"covered":0,"skipped":0,"pct":100},"statements":{"total":1,"covered":1,"skipped":0,"pct":100},"branches":{"total":0,"covered":0,"skipped":0,"pct":100}}
,"/app/web/src/util/api.js": {"lines":{"total":7,"covered":7,"skipped":0,"pct":100},"functions":{"total":1,"covered":1,"skipped":0,"pct":100},"statements":{"total":8,"covered":8,"skipped":0,"pct":100},"branches":{"total":6,"covered":5,"skipped":0,"pct":83.33}}
,"/app/web/src/util/auth.js": {"lines":{"total":112,"covered":70,"skipped":0,"pct":62.5},"functions":{"total":39,"covered":18,"skipped":0,"pct":46.15},"statements":{"total":121,"covered":72,"skipped":0,"pct":59.5},"branches":{"total":49,"covered":20,"skipped":0,"pct":40.81}}
,"/app/web/src/util/browser.js": {"lines":{"total":6,"covered":6,"skipped":0,"pct":100},"functions":{"total":0,"covered":0,"skipped":0,"pct":100},"statements":{"total":6,"covered":6,"skipped":0,"pct":100},"branches":{"total":13,"covered":7,"skipped":0,"pct":53.84}}
,"/app/web/src/util/formats.js": {"lines":{"total":7,"covered":7,"skipped":0,"pct":100},"functions":{"total":6,"covered":5,"skipped":0,"pct":83.33},"statements":{"total":12,"covered":11,"skipped":0,"pct":91.66},"branches":{"total":9,"covered":6,"skipped":0,"pct":66.66}}
,"/app/web/src/util/index.js": {"lines":{"total":56,"covered":38,"skipped":0,"pct":67.85},"functions":{"total":22,"covered":11,"skipped":0,"pct":50},"statements":{"total":64,"covered":42,"skipped":0,"pct":65.62},"branches":{"total":20,"covered":7,"skipped":0,"pct":35}}
,"/app/web/src/util/md.js": {"lines":{"total":1,"covered":1,"skipped":0,"pct":100},"functions":{"total":0,"covered":0,"skipped":0,"pct":100},"statements":{"total":1,"covered":1,"skipped":0,"pct":100},"branches":{"total":0,"covered":0,"skipped":0,"pct":100}}
,"/app/web/src/util/oktaAuth.js": {"lines":{"total":9,"covered":9,"skipped":0,"pct":100},"functions":{"total":1,"covered":1,"skipped":0,"pct":100},"statements":{"total":9,"covered":9,"skipped":0,"pct":100},"branches":{"total":7,"covered":5,"skipped":0,"pct":71.42}}
,"/app/web/src/util/regulations.js": {"lines":{"total":3,"covered":3,"skipped":0,"pct":100},"functions":{"total":2,"covered":2,"skipped":0,"pct":100},"statements":{"total":3,"covered":3,"skipped":0,"pct":100},"branches":{"total":0,"covered":0,"skipped":0,"pct":100}}
,"/app/web/src/util/roundedPercents.js": {"lines":{"total":17,"covered":17,"skipped":0,"pct":100},"functions":{"total":8,"covered":8,"skipped":0,"pct":100},"statements":{"total":23,"covered":23,"skipped":0,"pct":100},"branches":{"total":8,"covered":6,"skipped":0,"pct":75}}
,"/app/web/src/util/states.js": {"lines":{"total":3,"covered":3,"skipped":0,"pct":100},"functions":{"total":1,"covered":1,"skipped":0,"pct":100},"statements":{"total":4,"covered":4,"skipped":0,"pct":100},"branches":{"total":0,"covered":0,"skipped":0,"pct":100}}
,"/home/dmirano/Developer/eAPD/e2e/cypress/helpers/apd/activity-schedule-summary.js": {"lines":{"total":65,"covered":65,"skipped":0,"pct":100},"functions":{"total":17,"covered":17,"skipped":0,"pct":100},"statements":{"total":65,"covered":65,"skipped":0,"pct":100},"branches":{"total":0,"covered":0,"skipped":0,"pct":100}}
,"/home/dmirano/Developer/eAPD/e2e/cypress/helpers/apd/apd-overview.js": {"lines":{"total":66,"covered":66,"skipped":0,"pct":100},"functions":{"total":13,"covered":13,"skipped":0,"pct":100},"statements":{"total":66,"covered":66,"skipped":0,"pct":100},"branches":{"total":4,"covered":4,"skipped":0,"pct":100}}
,"/home/dmirano/Developer/eAPD/e2e/cypress/helpers/apd/assurances-and-compliance.js": {"lines":{"total":55,"covered":55,"skipped":0,"pct":100},"functions":{"total":18,"covered":18,"skipped":0,"pct":100},"statements":{"total":55,"covered":55,"skipped":0,"pct":100},"branches":{"total":4,"covered":4,"skipped":0,"pct":100}}
,"/home/dmirano/Developer/eAPD/e2e/cypress/helpers/apd/executive-summary.js": {"lines":{"total":55,"covered":55,"skipped":0,"pct":100},"functions":{"total":21,"covered":21,"skipped":0,"pct":100},"statements":{"total":55,"covered":55,"skipped":0,"pct":100},"branches":{"total":0,"covered":0,"skipped":0,"pct":100}}
,"/home/dmirano/Developer/eAPD/e2e/cypress/helpers/apd/key-state-personnel.js": {"lines":{"total":99,"covered":99,"skipped":0,"pct":100},"functions":{"total":16,"covered":16,"skipped":0,"pct":100},"statements":{"total":99,"covered":99,"skipped":0,"pct":100},"branches":{"total":0,"covered":0,"skipped":0,"pct":100}}
,"/home/dmirano/Developer/eAPD/e2e/cypress/helpers/apd/proposed-budget.js": {"lines":{"total":59,"covered":59,"skipped":0,"pct":100},"functions":{"total":12,"covered":12,"skipped":0,"pct":100},"statements":{"total":59,"covered":59,"skipped":0,"pct":100},"branches":{"total":0,"covered":0,"skipped":0,"pct":100}}
,"/home/dmirano/Developer/eAPD/e2e/cypress/helpers/apd/results-of-previous-activities.js": {"lines":{"total":56,"covered":56,"skipped":0,"pct":100},"functions":{"total":14,"covered":14,"skipped":0,"pct":100},"statements":{"total":56,"covered":56,"skipped":0,"pct":100},"branches":{"total":0,"covered":0,"skipped":0,"pct":100}}
,"/home/dmirano/Developer/eAPD/e2e/cypress/helpers/apd/activity/add-HIE-activity.js": {"lines":{"total":71,"covered":71,"skipped":0,"pct":100},"functions":{"total":10,"covered":10,"skipped":0,"pct":100},"statements":{"total":71,"covered":71,"skipped":0,"pct":100},"branches":{"total":0,"covered":0,"skipped":0,"pct":100}}
,"/home/dmirano/Developer/eAPD/e2e/cypress/helpers/apd/activity/add-HIT-activity.js": {"lines":{"total":57,"covered":57,"skipped":0,"pct":100},"functions":{"total":9,"covered":9,"skipped":0,"pct":100},"statements":{"total":57,"covered":57,"skipped":0,"pct":100},"branches":{"total":0,"covered":0,"skipped":0,"pct":100}}
,"/home/dmirano/Developer/eAPD/e2e/cypress/helpers/apd/activity/add-MMIS-activity.js": {"lines":{"total":71,"covered":71,"skipped":0,"pct":100},"functions":{"total":10,"covered":10,"skipped":0,"pct":100},"statements":{"total":71,"covered":71,"skipped":0,"pct":100},"branches":{"total":0,"covered":0,"skipped":0,"pct":100}}
,"/home/dmirano/Developer/eAPD/e2e/cypress/helpers/apd/activity/check-default-activity.js": {"lines":{"total":85,"covered":85,"skipped":0,"pct":100},"functions":{"total":17,"covered":17,"skipped":0,"pct":100},"statements":{"total":85,"covered":85,"skipped":0,"pct":100},"branches":{"total":4,"covered":4,"skipped":0,"pct":100}}
,"/home/dmirano/Developer/eAPD/e2e/cypress/page-objects/activities-state-staff-expenses-page.js": {"lines":{"total":59,"covered":59,"skipped":0,"pct":100},"functions":{"total":21,"covered":21,"skipped":0,"pct":100},"statements":{"total":59,"covered":59,"skipped":0,"pct":100},"branches":{"total":0,"covered":0,"skipped":0,"pct":100}}
,"/home/dmirano/Developer/eAPD/e2e/cypress/page-objects/activity-page.js": {"lines":{"total":86,"covered":69,"skipped":0,"pct":80.23},"functions":{"total":29,"covered":21,"skipped":0,"pct":72.41},"statements":{"total":86,"covered":69,"skipped":0,"pct":80.23},"branches":{"total":7,"covered":6,"skipped":0,"pct":85.71}}
,"/home/dmirano/Developer/eAPD/e2e/cypress/page-objects/activity-schedule-page.js": {"lines":{"total":24,"covered":24,"skipped":0,"pct":100},"functions":{"total":12,"covered":12,"skipped":0,"pct":100},"statements":{"total":24,"covered":24,"skipped":0,"pct":100},"branches":{"total":0,"covered":0,"skipped":0,"pct":100}}
,"/home/dmirano/Developer/eAPD/e2e/cypress/page-objects/assurances-compliance-page.js": {"lines":{"total":20,"covered":17,"skipped":0,"pct":85},"functions":{"total":5,"covered":4,"skipped":0,"pct":80},"statements":{"total":20,"covered":17,"skipped":0,"pct":85},"branches":{"total":8,"covered":6,"skipped":0,"pct":75}}
,"/home/dmirano/Developer/eAPD/e2e/cypress/page-objects/budget-page.js": {"lines":{"total":43,"covered":33,"skipped":0,"pct":76.74},"functions":{"total":15,"covered":11,"skipped":0,"pct":73.33},"statements":{"total":43,"covered":33,"skipped":0,"pct":76.74},"branches":{"total":2,"covered":0,"skipped":0,"pct":0}}
,"/home/dmirano/Developer/eAPD/e2e/cypress/page-objects/executive-summary-page.js": {"lines":{"total":31,"covered":21,"skipped":0,"pct":67.74},"functions":{"total":11,"covered":7,"skipped":0,"pct":63.63},"statements":{"total":31,"covered":21,"skipped":0,"pct":67.74},"branches":{"total":4,"covered":4,"skipped":0,"pct":100}}
,"/home/dmirano/Developer/eAPD/e2e/cypress/page-objects/export-page.js": {"lines":{"total":173,"covered":114,"skipped":0,"pct":65.89},"functions":{"total":76,"covered":45,"skipped":0,"pct":59.21},"statements":{"total":177,"covered":117,"skipped":0,"pct":66.1},"branches":{"total":22,"covered":16,"skipped":0,"pct":72.72}}
,"/home/dmirano/Developer/eAPD/e2e/cypress/page-objects/fill-out-activity-page.js": {"lines":{"total":120,"covered":119,"skipped":0,"pct":99.16},"functions":{"total":37,"covered":37,"skipped":0,"pct":100},"statements":{"total":120,"covered":119,"skipped":0,"pct":99.16},"branches":{"total":40,"covered":30,"skipped":0,"pct":75}}
,"/home/dmirano/Developer/eAPD/e2e/cypress/page-objects/helper.js": {"lines":{"total":16,"covered":10,"skipped":0,"pct":62.5},"functions":{"total":4,"covered":3,"skipped":0,"pct":75},"statements":{"total":16,"covered":10,"skipped":0,"pct":62.5},"branches":{"total":10,"covered":4,"skipped":0,"pct":40}}
,"/home/dmirano/Developer/eAPD/e2e/cypress/page-objects/populate-page.js": {"lines":{"total":61,"covered":30,"skipped":0,"pct":49.18},"functions":{"total":16,"covered":8,"skipped":0,"pct":50},"statements":{"total":61,"covered":30,"skipped":0,"pct":49.18},"branches":{"total":13,"covered":3,"skipped":0,"pct":23.07}}
,"/home/dmirano/Developer/eAPD/e2e/cypress/page-objects/previous-activities-page.js": {"lines":{"total":75,"covered":75,"skipped":0,"pct":100},"functions":{"total":30,"covered":30,"skipped":0,"pct":100},"statements":{"total":77,"covered":75,"skipped":0,"pct":97.4},"branches":{"total":4,"covered":2,"skipped":0,"pct":50}}
,"/home/dmirano/Developer/eAPD/e2e/cypress/page-objects/proposed-budget-page.js": {"lines":{"total":71,"covered":71,"skipped":0,"pct":100},"functions":{"total":44,"covered":44,"skipped":0,"pct":100},"statements":{"total":71,"covered":71,"skipped":0,"pct":100},"branches":{"total":6,"covered":5,"skipped":0,"pct":83.33}}
,"/home/dmirano/Developer/eAPD/e2e/cypress/support/commands.js": {"lines":{"total":192,"covered":140,"skipped":0,"pct":72.91},"functions":{"total":77,"covered":47,"skipped":0,"pct":61.03},"statements":{"total":196,"covered":144,"skipped":0,"pct":73.46},"branches":{"total":47,"covered":21,"skipped":0,"pct":44.68}}
,"/home/dmirano/Developer/eAPD/e2e/cypress/support/e2e.js": {"lines":{"total":8,"covered":7,"skipped":0,"pct":87.5},"functions":{"total":1,"covered":0,"skipped":0,"pct":0},"statements":{"total":8,"covered":7,"skipped":0,"pct":87.5},"branches":{"total":0,"covered":0,"skipped":0,"pct":100}}
}
