{"/home/dmirano/Developer/eAPD/e2e/cypress/support/commands.js": {"path":"/home/dmirano/Developer/eAPD/e2e/cypress/support/commands.js","statementMap":{"0":{"start":{"line":12,"column":24},"end":{"line":12,"column":48}},"1":{"start":{"line":13,"column":28},"end":{"line":13,"column":55}},"2":{"start":{"line":15,"column":20},"end":{"line":17,"column":1}},"3":{"start":{"line":19,"column":30},"end":{"line":28,"column":1}},"4":{"start":{"line":20,"column":2},"end":{"line":22,"column":3}},"5":{"start":{"line":21,"column":4},"end":{"line":21,"column":14}},"6":{"start":{"line":23,"column":20},"end":{"line":23,"column":52}},"7":{"start":{"line":24,"column":2},"end":{"line":26,"column":3}},"8":{"start":{"line":25,"column":4},"end":{"line":25,"column":14}},"9":{"start":{"line":27,"column":2},"end":{"line":27,"column":27}},"10":{"start":{"line":57,"column":0},"end":{"line":60,"column":3}},"11":{"start":{"line":58,"column":2},"end":{"line":58,"column":38}},"12":{"start":{"line":59,"column":2},"end":{"line":59,"column":34}},"13":{"start":{"line":62,"column":0},"end":{"line":74,"column":3}},"14":{"start":{"line":63,"column":2},"end":{"line":63,"column":24}},"15":{"start":{"line":64,"column":2},"end":{"line":66,"column":5}},"16":{"start":{"line":67,"column":2},"end":{"line":67,"column":16}},"17":{"start":{"line":68,"column":2},"end":{"line":68,"column":70}},"18":{"start":{"line":69,"column":2},"end":{"line":69,"column":46}},"19":{"start":{"line":70,"column":2},"end":{"line":72,"column":5}},"20":{"start":{"line":73,"column":2},"end":{"line":73,"column":55}},"21":{"start":{"line":76,"column":0},"end":{"line":83,"column":3}},"22":{"start":{"line":77,"column":2},"end":{"line":79,"column":12}},"23":{"start":{"line":80,"column":2},"end":{"line":80,"column":39}},"24":{"start":{"line":81,"column":2},"end":{"line":81,"column":24}},"25":{"start":{"line":82,"column":2},"end":{"line":82,"column":69}},"26":{"start":{"line":85,"column":0},"end":{"line":87,"column":3}},"27":{"start":{"line":86,"column":2},"end":{"line":86,"column":65}},"28":{"start":{"line":89,"column":0},"end":{"line":104,"column":3}},"29":{"start":{"line":90,"column":2},"end":{"line":90,"column":24}},"30":{"start":{"line":91,"column":2},"end":{"line":93,"column":5}},"31":{"start":{"line":94,"column":2},"end":{"line":101,"column":4}},"32":{"start":{"line":102,"column":2},"end":{"line":102,"column":23}},"33":{"start":{"line":103,"column":2},"end":{"line":103,"column":70}},"34":{"start":{"line":106,"column":0},"end":{"line":108,"column":3}},"35":{"start":{"line":107,"column":2},"end":{"line":107,"column":33}},"36":{"start":{"line":110,"column":0},"end":{"line":112,"column":3}},"37":{"start":{"line":111,"column":2},"end":{"line":111,"column":34}},"38":{"start":{"line":114,"column":0},"end":{"line":116,"column":3}},"39":{"start":{"line":115,"column":2},"end":{"line":115,"column":33}},"40":{"start":{"line":118,"column":0},"end":{"line":120,"column":3}},"41":{"start":{"line":119,"column":2},"end":{"line":119,"column":35}},"42":{"start":{"line":122,"column":0},"end":{"line":124,"column":3}},"43":{"start":{"line":123,"column":2},"end":{"line":123,"column":35}},"44":{"start":{"line":126,"column":0},"end":{"line":128,"column":3}},"45":{"start":{"line":127,"column":2},"end":{"line":127,"column":40}},"46":{"start":{"line":130,"column":0},"end":{"line":132,"column":3}},"47":{"start":{"line":131,"column":2},"end":{"line":131,"column":38}},"48":{"start":{"line":134,"column":0},"end":{"line":136,"column":3}},"49":{"start":{"line":135,"column":2},"end":{"line":135,"column":35}},"50":{"start":{"line":138,"column":0},"end":{"line":140,"column":3}},"51":{"start":{"line":139,"column":2},"end":{"line":139,"column":36}},"52":{"start":{"line":143,"column":0},"end":{"line":147,"column":3}},"53":{"start":{"line":144,"column":2},"end":{"line":146,"column":5}},"54":{"start":{"line":145,"column":4},"end":{"line":145,"column":17}},"55":{"start":{"line":149,"column":0},"end":{"line":154,"column":2}},"56":{"start":{"line":153,"column":4},"end":{"line":153,"column":60}},"57":{"start":{"line":156,"column":0},"end":{"line":162,"column":2}},"58":{"start":{"line":160,"column":4},"end":{"line":160,"column":70}},"59":{"start":{"line":164,"column":0},"end":{"line":173,"column":2}},"60":{"start":{"line":168,"column":4},"end":{"line":171,"column":6}},"61":{"start":{"line":175,"column":0},"end":{"line":189,"column":3}},"62":{"start":{"line":178,"column":2},"end":{"line":178,"column":15}},"63":{"start":{"line":179,"column":2},"end":{"line":188,"column":4}},"64":{"start":{"line":180,"column":10},"end":{"line":180,"column":50}},"65":{"start":{"line":181,"column":15},"end":{"line":181,"column":49}},"66":{"start":{"line":191,"column":0},"end":{"line":207,"column":3}},"67":{"start":{"line":192,"column":2},"end":{"line":204,"column":3}},"68":{"start":{"line":193,"column":4},"end":{"line":193,"column":23}},"69":{"start":{"line":194,"column":4},"end":{"line":203,"column":7}},"70":{"start":{"line":195,"column":6},"end":{"line":197,"column":8}},"71":{"start":{"line":199,"column":6},"end":{"line":199,"column":73}},"72":{"start":{"line":201,"column":6},"end":{"line":201,"column":45}},"73":{"start":{"line":202,"column":6},"end":{"line":202,"column":25}},"74":{"start":{"line":206,"column":2},"end":{"line":206,"column":56}},"75":{"start":{"line":209,"column":0},"end":{"line":213,"column":3}},"76":{"start":{"line":210,"column":2},"end":{"line":212,"column":13}},"77":{"start":{"line":215,"column":0},"end":{"line":230,"column":3}},"78":{"start":{"line":217,"column":2},"end":{"line":229,"column":7}},"79":{"start":{"line":220,"column":6},"end":{"line":223,"column":7}},"80":{"start":{"line":222,"column":8},"end":{"line":222,"column":29}},"81":{"start":{"line":226,"column":6},"end":{"line":228,"column":17}},"82":{"start":{"line":232,"column":0},"end":{"line":247,"column":3}},"83":{"start":{"line":234,"column":2},"end":{"line":246,"column":7}},"84":{"start":{"line":237,"column":6},"end":{"line":240,"column":7}},"85":{"start":{"line":239,"column":8},"end":{"line":239,"column":29}},"86":{"start":{"line":243,"column":6},"end":{"line":245,"column":17}},"87":{"start":{"line":249,"column":0},"end":{"line":264,"column":3}},"88":{"start":{"line":251,"column":2},"end":{"line":263,"column":7}},"89":{"start":{"line":254,"column":6},"end":{"line":257,"column":7}},"90":{"start":{"line":256,"column":8},"end":{"line":256,"column":29}},"91":{"start":{"line":260,"column":6},"end":{"line":262,"column":17}},"92":{"start":{"line":266,"column":0},"end":{"line":281,"column":3}},"93":{"start":{"line":268,"column":2},"end":{"line":280,"column":7}},"94":{"start":{"line":271,"column":6},"end":{"line":274,"column":7}},"95":{"start":{"line":273,"column":8},"end":{"line":273,"column":29}},"96":{"start":{"line":277,"column":6},"end":{"line":279,"column":17}},"97":{"start":{"line":283,"column":0},"end":{"line":298,"column":3}},"98":{"start":{"line":285,"column":2},"end":{"line":297,"column":7}},"99":{"start":{"line":288,"column":6},"end":{"line":291,"column":7}},"100":{"start":{"line":290,"column":8},"end":{"line":290,"column":29}},"101":{"start":{"line":294,"column":6},"end":{"line":296,"column":17}},"102":{"start":{"line":300,"column":0},"end":{"line":314,"column":3}},"103":{"start":{"line":302,"column":2},"end":{"line":313,"column":7}},"104":{"start":{"line":305,"column":6},"end":{"line":308,"column":7}},"105":{"start":{"line":307,"column":8},"end":{"line":307,"column":29}},"106":{"start":{"line":310,"column":6},"end":{"line":312,"column":17}},"107":{"start":{"line":316,"column":28},"end":{"line":350,"column":1}},"108":{"start":{"line":318,"column":2},"end":{"line":349,"column":7}},"109":{"start":{"line":321,"column":6},"end":{"line":324,"column":7}},"110":{"start":{"line":323,"column":8},"end":{"line":323,"column":37}},"111":{"start":{"line":326,"column":6},"end":{"line":348,"column":11}},"112":{"start":{"line":331,"column":10},"end":{"line":347,"column":15}},"113":{"start":{"line":335,"column":14},"end":{"line":337,"column":15}},"114":{"start":{"line":336,"column":16},"end":{"line":336,"column":43}},"115":{"start":{"line":339,"column":14},"end":{"line":346,"column":19}},"116":{"start":{"line":343,"column":18},"end":{"line":345,"column":29}},"117":{"start":{"line":352,"column":0},"end":{"line":354,"column":3}},"118":{"start":{"line":353,"column":2},"end":{"line":353,"column":58}},"119":{"start":{"line":356,"column":0},"end":{"line":358,"column":3}},"120":{"start":{"line":357,"column":2},"end":{"line":357,"column":64}},"121":{"start":{"line":360,"column":0},"end":{"line":362,"column":3}},"122":{"start":{"line":361,"column":2},"end":{"line":361,"column":65}},"123":{"start":{"line":364,"column":0},"end":{"line":366,"column":3}},"124":{"start":{"line":365,"column":2},"end":{"line":365,"column":65}},"125":{"start":{"line":368,"column":0},"end":{"line":370,"column":3}},"126":{"start":{"line":369,"column":2},"end":{"line":369,"column":74}},"127":{"start":{"line":372,"column":0},"end":{"line":374,"column":3}},"128":{"start":{"line":373,"column":2},"end":{"line":373,"column":55}},"129":{"start":{"line":376,"column":0},"end":{"line":380,"column":3}},"130":{"start":{"line":377,"column":2},"end":{"line":379,"column":13}},"131":{"start":{"line":382,"column":0},"end":{"line":397,"column":3}},"132":{"start":{"line":384,"column":2},"end":{"line":396,"column":7}},"133":{"start":{"line":387,"column":6},"end":{"line":390,"column":7}},"134":{"start":{"line":389,"column":8},"end":{"line":389,"column":29}},"135":{"start":{"line":393,"column":6},"end":{"line":395,"column":17}},"136":{"start":{"line":399,"column":0},"end":{"line":414,"column":3}},"137":{"start":{"line":401,"column":2},"end":{"line":413,"column":7}},"138":{"start":{"line":404,"column":6},"end":{"line":407,"column":7}},"139":{"start":{"line":406,"column":8},"end":{"line":406,"column":29}},"140":{"start":{"line":410,"column":6},"end":{"line":412,"column":17}},"141":{"start":{"line":416,"column":0},"end":{"line":431,"column":3}},"142":{"start":{"line":418,"column":2},"end":{"line":430,"column":7}},"143":{"start":{"line":421,"column":6},"end":{"line":424,"column":7}},"144":{"start":{"line":423,"column":8},"end":{"line":423,"column":29}},"145":{"start":{"line":427,"column":6},"end":{"line":429,"column":17}},"146":{"start":{"line":433,"column":0},"end":{"line":448,"column":3}},"147":{"start":{"line":435,"column":2},"end":{"line":447,"column":7}},"148":{"start":{"line":438,"column":6},"end":{"line":441,"column":7}},"149":{"start":{"line":440,"column":8},"end":{"line":440,"column":29}},"150":{"start":{"line":444,"column":6},"end":{"line":446,"column":17}},"151":{"start":{"line":450,"column":0},"end":{"line":465,"column":3}},"152":{"start":{"line":452,"column":2},"end":{"line":464,"column":7}},"153":{"start":{"line":455,"column":6},"end":{"line":458,"column":7}},"154":{"start":{"line":457,"column":8},"end":{"line":457,"column":29}},"155":{"start":{"line":461,"column":6},"end":{"line":463,"column":17}},"156":{"start":{"line":467,"column":0},"end":{"line":471,"column":3}},"157":{"start":{"line":468,"column":2},"end":{"line":470,"column":13}},"158":{"start":{"line":473,"column":0},"end":{"line":488,"column":3}},"159":{"start":{"line":475,"column":2},"end":{"line":487,"column":7}},"160":{"start":{"line":478,"column":6},"end":{"line":481,"column":7}},"161":{"start":{"line":480,"column":8},"end":{"line":480,"column":29}},"162":{"start":{"line":484,"column":6},"end":{"line":486,"column":17}},"163":{"start":{"line":490,"column":0},"end":{"line":505,"column":3}},"164":{"start":{"line":492,"column":2},"end":{"line":504,"column":7}},"165":{"start":{"line":495,"column":6},"end":{"line":498,"column":7}},"166":{"start":{"line":497,"column":8},"end":{"line":497,"column":29}},"167":{"start":{"line":501,"column":6},"end":{"line":503,"column":17}},"168":{"start":{"line":507,"column":0},"end":{"line":522,"column":3}},"169":{"start":{"line":509,"column":2},"end":{"line":521,"column":7}},"170":{"start":{"line":512,"column":6},"end":{"line":515,"column":7}},"171":{"start":{"line":514,"column":8},"end":{"line":514,"column":29}},"172":{"start":{"line":518,"column":6},"end":{"line":520,"column":17}},"173":{"start":{"line":524,"column":0},"end":{"line":527,"column":3}},"174":{"start":{"line":525,"column":2},"end":{"line":525,"column":43}},"175":{"start":{"line":526,"column":2},"end":{"line":526,"column":44}},"176":{"start":{"line":529,"column":0},"end":{"line":546,"column":3}},"177":{"start":{"line":530,"column":2},"end":{"line":533,"column":6}},"178":{"start":{"line":531,"column":4},"end":{"line":533,"column":6}},"179":{"start":{"line":535,"column":23},"end":{"line":535,"column":39}},"180":{"start":{"line":536,"column":18},"end":{"line":538,"column":4}},"181":{"start":{"line":537,"column":4},"end":{"line":537,"column":67}},"182":{"start":{"line":537,"column":52},"end":{"line":537,"column":65}},"183":{"start":{"line":541,"column":15},"end":{"line":543,"column":4}},"184":{"start":{"line":542,"column":4},"end":{"line":542,"column":67}},"185":{"start":{"line":542,"column":52},"end":{"line":542,"column":65}},"186":{"start":{"line":545,"column":2},"end":{"line":545,"column":69}},"187":{"start":{"line":545,"column":49},"end":{"line":545,"column":65}},"188":{"start":{"line":548,"column":0},"end":{"line":562,"column":3}},"189":{"start":{"line":549,"column":2},"end":{"line":552,"column":6}},"190":{"start":{"line":550,"column":4},"end":{"line":552,"column":6}},"191":{"start":{"line":554,"column":23},"end":{"line":554,"column":39}},"192":{"start":{"line":557,"column":15},"end":{"line":559,"column":4}},"193":{"start":{"line":558,"column":4},"end":{"line":558,"column":67}},"194":{"start":{"line":558,"column":52},"end":{"line":558,"column":65}},"195":{"start":{"line":561,"column":2},"end":{"line":561,"column":14}}},"fnMap":{"0":{"name":"(anonymous_0)","decl":{"start":{"line":19,"column":30},"end":{"line":19,"column":31}},"loc":{"start":{"line":19,"column":40},"end":{"line":28,"column":1}},"line":19},"1":{"name":"(anonymous_1)","decl":{"start":{"line":57,"column":41},"end":{"line":57,"column":42}},"loc":{"start":{"line":57,"column":47},"end":{"line":60,"column":1}},"line":57},"2":{"name":"(anonymous_2)","decl":{"start":{"line":62,"column":30},"end":{"line":62,"column":31}},"loc":{"start":{"line":62,"column":54},"end":{"line":74,"column":1}},"line":62},"3":{"name":"(anonymous_3)","decl":{"start":{"line":76,"column":31},"end":{"line":76,"column":32}},"loc":{"start":{"line":76,"column":37},"end":{"line":83,"column":1}},"line":76},"4":{"name":"(anonymous_4)","decl":{"start":{"line":85,"column":37},"end":{"line":85,"column":38}},"loc":{"start":{"line":85,"column":49},"end":{"line":87,"column":1}},"line":85},"5":{"name":"(anonymous_5)","decl":{"start":{"line":89,"column":35},"end":{"line":89,"column":36}},"loc":{"start":{"line":89,"column":54},"end":{"line":104,"column":1}},"line":89},"6":{"name":"(anonymous_6)","decl":{"start":{"line":106,"column":36},"end":{"line":106,"column":37}},"loc":{"start":{"line":106,"column":43},"end":{"line":108,"column":1}},"line":106},"7":{"name":"(anonymous_7)","decl":{"start":{"line":110,"column":39},"end":{"line":110,"column":40}},"loc":{"start":{"line":110,"column":46},"end":{"line":112,"column":1}},"line":110},"8":{"name":"(anonymous_8)","decl":{"start":{"line":114,"column":36},"end":{"line":114,"column":37}},"loc":{"start":{"line":114,"column":43},"end":{"line":116,"column":1}},"line":114},"9":{"name":"(anonymous_9)","decl":{"start":{"line":118,"column":38},"end":{"line":118,"column":39}},"loc":{"start":{"line":118,"column":45},"end":{"line":120,"column":1}},"line":118},"10":{"name":"(anonymous_10)","decl":{"start":{"line":122,"column":38},"end":{"line":122,"column":39}},"loc":{"start":{"line":122,"column":45},"end":{"line":124,"column":1}},"line":122},"11":{"name":"(anonymous_11)","decl":{"start":{"line":126,"column":43},"end":{"line":126,"column":44}},"loc":{"start":{"line":126,"column":50},"end":{"line":128,"column":1}},"line":126},"12":{"name":"(anonymous_12)","decl":{"start":{"line":130,"column":41},"end":{"line":130,"column":42}},"loc":{"start":{"line":130,"column":48},"end":{"line":132,"column":1}},"line":130},"13":{"name":"(anonymous_13)","decl":{"start":{"line":134,"column":38},"end":{"line":134,"column":39}},"loc":{"start":{"line":134,"column":45},"end":{"line":136,"column":1}},"line":134},"14":{"name":"(anonymous_14)","decl":{"start":{"line":138,"column":42},"end":{"line":138,"column":43}},"loc":{"start":{"line":138,"column":49},"end":{"line":140,"column":1}},"line":138},"15":{"name":"(anonymous_15)","decl":{"start":{"line":143,"column":43},"end":{"line":143,"column":44}},"loc":{"start":{"line":143,"column":49},"end":{"line":147,"column":1}},"line":143},"16":{"name":"(anonymous_16)","decl":{"start":{"line":144,"column":35},"end":{"line":144,"column":36}},"loc":{"start":{"line":144,"column":41},"end":{"line":146,"column":3}},"line":144},"17":{"name":"(anonymous_17)","decl":{"start":{"line":152,"column":2},"end":{"line":152,"column":3}},"loc":{"start":{"line":153,"column":4},"end":{"line":153,"column":60}},"line":153},"18":{"name":"(anonymous_18)","decl":{"start":{"line":159,"column":2},"end":{"line":159,"column":3}},"loc":{"start":{"line":159,"column":26},"end":{"line":161,"column":3}},"line":159},"19":{"name":"(anonymous_19)","decl":{"start":{"line":167,"column":2},"end":{"line":167,"column":3}},"loc":{"start":{"line":167,"column":37},"end":{"line":172,"column":3}},"line":167},"20":{"name":"(anonymous_20)","decl":{"start":{"line":175,"column":36},"end":{"line":175,"column":37}},"loc":{"start":{"line":175,"column":42},"end":{"line":189,"column":1}},"line":175},"21":{"name":"(anonymous_21)","decl":{"start":{"line":180,"column":4},"end":{"line":180,"column":5}},"loc":{"start":{"line":180,"column":10},"end":{"line":180,"column":50}},"line":180},"22":{"name":"(anonymous_22)","decl":{"start":{"line":181,"column":4},"end":{"line":181,"column":5}},"loc":{"start":{"line":181,"column":15},"end":{"line":181,"column":49}},"line":181},"23":{"name":"(anonymous_23)","decl":{"start":{"line":191,"column":34},"end":{"line":191,"column":35}},"loc":{"start":{"line":191,"column":43},"end":{"line":207,"column":1}},"line":191},"24":{"name":"(anonymous_24)","decl":{"start":{"line":194,"column":43},"end":{"line":194,"column":44}},"loc":{"start":{"line":194,"column":50},"end":{"line":203,"column":5}},"line":194},"25":{"name":"(anonymous_25)","decl":{"start":{"line":209,"column":40},"end":{"line":209,"column":41}},"loc":{"start":{"line":209,"column":46},"end":{"line":213,"column":1}},"line":209},"26":{"name":"(anonymous_26)","decl":{"start":{"line":215,"column":54},"end":{"line":215,"column":55}},"loc":{"start":{"line":215,"column":60},"end":{"line":230,"column":1}},"line":215},"27":{"name":"(anonymous_27)","decl":{"start":{"line":219,"column":10},"end":{"line":219,"column":11}},"loc":{"start":{"line":219,"column":17},"end":{"line":229,"column":5}},"line":219},"28":{"name":"(anonymous_28)","decl":{"start":{"line":232,"column":46},"end":{"line":232,"column":47}},"loc":{"start":{"line":232,"column":52},"end":{"line":247,"column":1}},"line":232},"29":{"name":"(anonymous_29)","decl":{"start":{"line":236,"column":10},"end":{"line":236,"column":11}},"loc":{"start":{"line":236,"column":17},"end":{"line":246,"column":5}},"line":236},"30":{"name":"(anonymous_30)","decl":{"start":{"line":249,"column":47},"end":{"line":249,"column":48}},"loc":{"start":{"line":249,"column":53},"end":{"line":264,"column":1}},"line":249},"31":{"name":"(anonymous_31)","decl":{"start":{"line":253,"column":10},"end":{"line":253,"column":11}},"loc":{"start":{"line":253,"column":17},"end":{"line":263,"column":5}},"line":253},"32":{"name":"(anonymous_32)","decl":{"start":{"line":266,"column":45},"end":{"line":266,"column":46}},"loc":{"start":{"line":266,"column":51},"end":{"line":281,"column":1}},"line":266},"33":{"name":"(anonymous_33)","decl":{"start":{"line":270,"column":10},"end":{"line":270,"column":11}},"loc":{"start":{"line":270,"column":17},"end":{"line":280,"column":5}},"line":270},"34":{"name":"(anonymous_34)","decl":{"start":{"line":283,"column":47},"end":{"line":283,"column":48}},"loc":{"start":{"line":283,"column":53},"end":{"line":298,"column":1}},"line":283},"35":{"name":"(anonymous_35)","decl":{"start":{"line":287,"column":10},"end":{"line":287,"column":11}},"loc":{"start":{"line":287,"column":17},"end":{"line":297,"column":5}},"line":287},"36":{"name":"(anonymous_36)","decl":{"start":{"line":300,"column":46},"end":{"line":300,"column":47}},"loc":{"start":{"line":300,"column":52},"end":{"line":314,"column":1}},"line":300},"37":{"name":"(anonymous_37)","decl":{"start":{"line":304,"column":10},"end":{"line":304,"column":11}},"loc":{"start":{"line":304,"column":17},"end":{"line":313,"column":5}},"line":304},"38":{"name":"(anonymous_38)","decl":{"start":{"line":316,"column":28},"end":{"line":316,"column":29}},"loc":{"start":{"line":316,"column":59},"end":{"line":350,"column":1}},"line":316},"39":{"name":"(anonymous_39)","decl":{"start":{"line":320,"column":10},"end":{"line":320,"column":11}},"loc":{"start":{"line":320,"column":25},"end":{"line":349,"column":5}},"line":320},"40":{"name":"(anonymous_40)","decl":{"start":{"line":328,"column":16},"end":{"line":328,"column":17}},"loc":{"start":{"line":328,"column":22},"end":{"line":348,"column":9}},"line":328},"41":{"name":"(anonymous_41)","decl":{"start":{"line":333,"column":18},"end":{"line":333,"column":19}},"loc":{"start":{"line":333,"column":31},"end":{"line":347,"column":13}},"line":333},"42":{"name":"(anonymous_42)","decl":{"start":{"line":341,"column":24},"end":{"line":341,"column":25}},"loc":{"start":{"line":341,"column":30},"end":{"line":346,"column":17}},"line":341},"43":{"name":"(anonymous_43)","decl":{"start":{"line":352,"column":45},"end":{"line":352,"column":46}},"loc":{"start":{"line":352,"column":62},"end":{"line":354,"column":1}},"line":352},"44":{"name":"(anonymous_44)","decl":{"start":{"line":356,"column":50},"end":{"line":356,"column":51}},"loc":{"start":{"line":356,"column":67},"end":{"line":358,"column":1}},"line":356},"45":{"name":"(anonymous_45)","decl":{"start":{"line":360,"column":50},"end":{"line":360,"column":51}},"loc":{"start":{"line":360,"column":67},"end":{"line":362,"column":1}},"line":360},"46":{"name":"(anonymous_46)","decl":{"start":{"line":364,"column":51},"end":{"line":364,"column":52}},"loc":{"start":{"line":364,"column":68},"end":{"line":366,"column":1}},"line":364},"47":{"name":"(anonymous_47)","decl":{"start":{"line":368,"column":58},"end":{"line":368,"column":59}},"loc":{"start":{"line":368,"column":75},"end":{"line":370,"column":1}},"line":368},"48":{"name":"(anonymous_48)","decl":{"start":{"line":372,"column":41},"end":{"line":372,"column":42}},"loc":{"start":{"line":372,"column":58},"end":{"line":374,"column":1}},"line":372},"49":{"name":"(anonymous_49)","decl":{"start":{"line":376,"column":52},"end":{"line":376,"column":53}},"loc":{"start":{"line":376,"column":58},"end":{"line":380,"column":1}},"line":376},"50":{"name":"(anonymous_50)","decl":{"start":{"line":382,"column":43},"end":{"line":382,"column":44}},"loc":{"start":{"line":382,"column":49},"end":{"line":397,"column":1}},"line":382},"51":{"name":"(anonymous_51)","decl":{"start":{"line":386,"column":10},"end":{"line":386,"column":11}},"loc":{"start":{"line":386,"column":17},"end":{"line":396,"column":5}},"line":386},"52":{"name":"(anonymous_52)","decl":{"start":{"line":399,"column":44},"end":{"line":399,"column":45}},"loc":{"start":{"line":399,"column":50},"end":{"line":414,"column":1}},"line":399},"53":{"name":"(anonymous_53)","decl":{"start":{"line":403,"column":10},"end":{"line":403,"column":11}},"loc":{"start":{"line":403,"column":17},"end":{"line":413,"column":5}},"line":403},"54":{"name":"(anonymous_54)","decl":{"start":{"line":416,"column":49},"end":{"line":416,"column":50}},"loc":{"start":{"line":416,"column":55},"end":{"line":431,"column":1}},"line":416},"55":{"name":"(anonymous_55)","decl":{"start":{"line":420,"column":10},"end":{"line":420,"column":11}},"loc":{"start":{"line":420,"column":17},"end":{"line":430,"column":5}},"line":420},"56":{"name":"(anonymous_56)","decl":{"start":{"line":433,"column":46},"end":{"line":433,"column":47}},"loc":{"start":{"line":433,"column":52},"end":{"line":448,"column":1}},"line":433},"57":{"name":"(anonymous_57)","decl":{"start":{"line":437,"column":10},"end":{"line":437,"column":11}},"loc":{"start":{"line":437,"column":17},"end":{"line":447,"column":5}},"line":437},"58":{"name":"(anonymous_58)","decl":{"start":{"line":450,"column":47},"end":{"line":450,"column":48}},"loc":{"start":{"line":450,"column":53},"end":{"line":465,"column":1}},"line":450},"59":{"name":"(anonymous_59)","decl":{"start":{"line":454,"column":10},"end":{"line":454,"column":11}},"loc":{"start":{"line":454,"column":17},"end":{"line":464,"column":5}},"line":454},"60":{"name":"(anonymous_60)","decl":{"start":{"line":467,"column":52},"end":{"line":467,"column":53}},"loc":{"start":{"line":467,"column":58},"end":{"line":471,"column":1}},"line":467},"61":{"name":"(anonymous_61)","decl":{"start":{"line":473,"column":45},"end":{"line":473,"column":46}},"loc":{"start":{"line":473,"column":51},"end":{"line":488,"column":1}},"line":473},"62":{"name":"(anonymous_62)","decl":{"start":{"line":477,"column":10},"end":{"line":477,"column":11}},"loc":{"start":{"line":477,"column":17},"end":{"line":487,"column":5}},"line":477},"63":{"name":"(anonymous_63)","decl":{"start":{"line":490,"column":46},"end":{"line":490,"column":47}},"loc":{"start":{"line":490,"column":52},"end":{"line":505,"column":1}},"line":490},"64":{"name":"(anonymous_64)","decl":{"start":{"line":494,"column":10},"end":{"line":494,"column":11}},"loc":{"start":{"line":494,"column":17},"end":{"line":504,"column":5}},"line":494},"65":{"name":"(anonymous_65)","decl":{"start":{"line":507,"column":47},"end":{"line":507,"column":48}},"loc":{"start":{"line":507,"column":53},"end":{"line":522,"column":1}},"line":507},"66":{"name":"(anonymous_66)","decl":{"start":{"line":511,"column":10},"end":{"line":511,"column":11}},"loc":{"start":{"line":511,"column":17},"end":{"line":521,"column":5}},"line":511},"67":{"name":"(anonymous_67)","decl":{"start":{"line":524,"column":39},"end":{"line":524,"column":40}},"loc":{"start":{"line":524,"column":45},"end":{"line":527,"column":1}},"line":524},"68":{"name":"(anonymous_68)","decl":{"start":{"line":529,"column":60},"end":{"line":529,"column":61}},"loc":{"start":{"line":529,"column":71},"end":{"line":546,"column":1}},"line":529},"69":{"name":"(anonymous_69)","decl":{"start":{"line":536,"column":69},"end":{"line":536,"column":70}},"loc":{"start":{"line":536,"column":76},"end":{"line":538,"column":3}},"line":536},"70":{"name":"(anonymous_70)","decl":{"start":{"line":537,"column":47},"end":{"line":537,"column":48}},"loc":{"start":{"line":537,"column":52},"end":{"line":537,"column":65}},"line":537},"71":{"name":"(anonymous_71)","decl":{"start":{"line":541,"column":66},"end":{"line":541,"column":67}},"loc":{"start":{"line":541,"column":73},"end":{"line":543,"column":3}},"line":541},"72":{"name":"(anonymous_72)","decl":{"start":{"line":542,"column":47},"end":{"line":542,"column":48}},"loc":{"start":{"line":542,"column":52},"end":{"line":542,"column":65}},"line":542},"73":{"name":"(anonymous_73)","decl":{"start":{"line":545,"column":38},"end":{"line":545,"column":39}},"loc":{"start":{"line":545,"column":49},"end":{"line":545,"column":65}},"line":545},"74":{"name":"(anonymous_74)","decl":{"start":{"line":548,"column":64},"end":{"line":548,"column":65}},"loc":{"start":{"line":548,"column":75},"end":{"line":562,"column":1}},"line":548},"75":{"name":"(anonymous_75)","decl":{"start":{"line":557,"column":66},"end":{"line":557,"column":67}},"loc":{"start":{"line":557,"column":73},"end":{"line":559,"column":3}},"line":557},"76":{"name":"(anonymous_76)","decl":{"start":{"line":558,"column":47},"end":{"line":558,"column":48}},"loc":{"start":{"line":558,"column":52},"end":{"line":558,"column":65}},"line":558}},"branchMap":{"0":{"loc":{"start":{"line":20,"column":2},"end":{"line":22,"column":3}},"type":"if","locations":[{"start":{"line":20,"column":2},"end":{"line":22,"column":3}},{"start":{},"end":{}}],"line":20},"1":{"loc":{"start":{"line":20,"column":6},"end":{"line":20,"column":30}},"type":"binary-expr","locations":[{"start":{"line":20,"column":6},"end":{"line":20,"column":13}},{"start":{"line":20,"column":17},"end":{"line":20,"column":30}}],"line":20},"2":{"loc":{"start":{"line":24,"column":2},"end":{"line":26,"column":3}},"type":"if","locations":[{"start":{"line":24,"column":2},"end":{"line":26,"column":3}},{"start":{},"end":{}}],"line":24},"3":{"loc":{"start":{"line":102,"column":11},"end":{"line":102,"column":21}},"type":"binary-expr","locations":[{"start":{"line":102,"column":11},"end":{"line":102,"column":14}},{"start":{"line":102,"column":18},"end":{"line":102,"column":21}}],"line":102},"4":{"loc":{"start":{"line":167,"column":23},"end":{"line":167,"column":32}},"type":"default-arg","locations":[{"start":{"line":167,"column":31},"end":{"line":167,"column":32}}],"line":167},"5":{"loc":{"start":{"line":192,"column":2},"end":{"line":204,"column":3}},"type":"if","locations":[{"start":{"line":192,"column":2},"end":{"line":204,"column":3}},{"start":{},"end":{}}],"line":192},"6":{"loc":{"start":{"line":220,"column":6},"end":{"line":223,"column":7}},"type":"if","locations":[{"start":{"line":220,"column":6},"end":{"line":223,"column":7}},{"start":{},"end":{}}],"line":220},"7":{"loc":{"start":{"line":237,"column":6},"end":{"line":240,"column":7}},"type":"if","locations":[{"start":{"line":237,"column":6},"end":{"line":240,"column":7}},{"start":{},"end":{}}],"line":237},"8":{"loc":{"start":{"line":254,"column":6},"end":{"line":257,"column":7}},"type":"if","locations":[{"start":{"line":254,"column":6},"end":{"line":257,"column":7}},{"start":{},"end":{}}],"line":254},"9":{"loc":{"start":{"line":271,"column":6},"end":{"line":274,"column":7}},"type":"if","locations":[{"start":{"line":271,"column":6},"end":{"line":274,"column":7}},{"start":{},"end":{}}],"line":271},"10":{"loc":{"start":{"line":288,"column":6},"end":{"line":291,"column":7}},"type":"if","locations":[{"start":{"line":288,"column":6},"end":{"line":291,"column":7}},{"start":{},"end":{}}],"line":288},"11":{"loc":{"start":{"line":305,"column":6},"end":{"line":308,"column":7}},"type":"if","locations":[{"start":{"line":305,"column":6},"end":{"line":308,"column":7}},{"start":{},"end":{}}],"line":305},"12":{"loc":{"start":{"line":321,"column":6},"end":{"line":324,"column":7}},"type":"if","locations":[{"start":{"line":321,"column":6},"end":{"line":324,"column":7}},{"start":{},"end":{}}],"line":321},"13":{"loc":{"start":{"line":335,"column":14},"end":{"line":337,"column":15}},"type":"if","locations":[{"start":{"line":335,"column":14},"end":{"line":337,"column":15}},{"start":{},"end":{}}],"line":335},"14":{"loc":{"start":{"line":387,"column":6},"end":{"line":390,"column":7}},"type":"if","locations":[{"start":{"line":387,"column":6},"end":{"line":390,"column":7}},{"start":{},"end":{}}],"line":387},"15":{"loc":{"start":{"line":404,"column":6},"end":{"line":407,"column":7}},"type":"if","locations":[{"start":{"line":404,"column":6},"end":{"line":407,"column":7}},{"start":{},"end":{}}],"line":404},"16":{"loc":{"start":{"line":421,"column":6},"end":{"line":424,"column":7}},"type":"if","locations":[{"start":{"line":421,"column":6},"end":{"line":424,"column":7}},{"start":{},"end":{}}],"line":421},"17":{"loc":{"start":{"line":438,"column":6},"end":{"line":441,"column":7}},"type":"if","locations":[{"start":{"line":438,"column":6},"end":{"line":441,"column":7}},{"start":{},"end":{}}],"line":438},"18":{"loc":{"start":{"line":455,"column":6},"end":{"line":458,"column":7}},"type":"if","locations":[{"start":{"line":455,"column":6},"end":{"line":458,"column":7}},{"start":{},"end":{}}],"line":455},"19":{"loc":{"start":{"line":478,"column":6},"end":{"line":481,"column":7}},"type":"if","locations":[{"start":{"line":478,"column":6},"end":{"line":481,"column":7}},{"start":{},"end":{}}],"line":478},"20":{"loc":{"start":{"line":495,"column":6},"end":{"line":498,"column":7}},"type":"if","locations":[{"start":{"line":495,"column":6},"end":{"line":498,"column":7}},{"start":{},"end":{}}],"line":495},"21":{"loc":{"start":{"line":512,"column":6},"end":{"line":515,"column":7}},"type":"if","locations":[{"start":{"line":512,"column":6},"end":{"line":515,"column":7}},{"start":{},"end":{}}],"line":512},"22":{"loc":{"start":{"line":530,"column":2},"end":{"line":533,"column":6}},"type":"if","locations":[{"start":{"line":530,"column":2},"end":{"line":533,"column":6}},{"start":{},"end":{}}],"line":530},"23":{"loc":{"start":{"line":549,"column":2},"end":{"line":552,"column":6}},"type":"if","locations":[{"start":{"line":549,"column":2},"end":{"line":552,"column":6}},{"start":{},"end":{}}],"line":549}},"s":{"0":1,"1":1,"2":1,"3":1,"4":0,"5":0,"6":0,"7":0,"8":0,"9":0,"10":1,"11":1,"12":1,"13":1,"14":1,"15":1,"16":1,"17":1,"18":1,"19":1,"20":1,"21":1,"22":0,"23":0,"24":0,"25":0,"26":1,"27":1,"28":1,"29":0,"30":0,"31":0,"32":0,"33":0,"34":1,"35":0,"36":1,"37":0,"38":1,"39":0,"40":1,"41":0,"42":1,"43":0,"44":1,"45":0,"46":1,"47":0,"48":1,"49":0,"50":1,"51":0,"52":1,"53":0,"54":0,"55":1,"56":0,"57":1,"58":0,"59":1,"60":0,"61":1,"62":0,"63":0,"64":0,"65":0,"66":1,"67":0,"68":0,"69":0,"70":0,"71":0,"72":0,"73":0,"74":0,"75":1,"76":0,"77":1,"78":0,"79":0,"80":0,"81":0,"82":1,"83":0,"84":0,"85":0,"86":0,"87":1,"88":0,"89":0,"90":0,"91":0,"92":1,"93":0,"94":0,"95":0,"96":0,"97":1,"98":0,"99":0,"100":0,"101":0,"102":1,"103":0,"104":0,"105":0,"106":0,"107":1,"108":0,"109":0,"110":0,"111":0,"112":0,"113":0,"114":0,"115":0,"116":0,"117":1,"118":0,"119":1,"120":0,"121":1,"122":0,"123":1,"124":0,"125":1,"126":0,"127":1,"128":0,"129":1,"130":0,"131":1,"132":0,"133":0,"134":0,"135":0,"136":1,"137":0,"138":0,"139":0,"140":0,"141":1,"142":0,"143":0,"144":0,"145":0,"146":1,"147":0,"148":0,"149":0,"150":0,"151":1,"152":0,"153":0,"154":0,"155":0,"156":1,"157":0,"158":1,"159":0,"160":0,"161":0,"162":0,"163":1,"164":0,"165":0,"166":0,"167":0,"168":1,"169":0,"170":0,"171":0,"172":0,"173":1,"174":0,"175":0,"176":1,"177":0,"178":0,"179":0,"180":0,"181":0,"182":0,"183":0,"184":0,"185":0,"186":0,"187":0,"188":1,"189":0,"190":0,"191":0,"192":0,"193":0,"194":0,"195":0},"f":{"0":0,"1":1,"2":1,"3":0,"4":1,"5":0,"6":0,"7":0,"8":0,"9":0,"10":0,"11":0,"12":0,"13":0,"14":0,"15":0,"16":0,"17":0,"18":0,"19":0,"20":0,"21":0,"22":0,"23":0,"24":0,"25":0,"26":0,"27":0,"28":0,"29":0,"30":0,"31":0,"32":0,"33":0,"34":0,"35":0,"36":0,"37":0,"38":0,"39":0,"40":0,"41":0,"42":0,"43":0,"44":0,"45":0,"46":0,"47":0,"48":0,"49":0,"50":0,"51":0,"52":0,"53":0,"54":0,"55":0,"56":0,"57":0,"58":0,"59":0,"60":0,"61":0,"62":0,"63":0,"64":0,"65":0,"66":0,"67":0,"68":0,"69":0,"70":0,"71":0,"72":0,"73":0,"74":0,"75":0,"76":0},"b":{"0":[0,0],"1":[0,0],"2":[0,0],"3":[0,0],"4":[0],"5":[0,0],"6":[0,0],"7":[0,0],"8":[0,0],"9":[0,0],"10":[0,0],"11":[0,0],"12":[0,0],"13":[0,0],"14":[0,0],"15":[0,0],"16":[0,0],"17":[0,0],"18":[0,0],"19":[0,0],"20":[0,0],"21":[0,0],"22":[0,0],"23":[0,0]},"_coverageSchema":"1a1c01bbd47fc00a2c39e90264f33305004495a9","hash":"5b41bc56e4e33e85c4e02c3393ea53e09b2faafa"}
,"/home/dmirano/Developer/eAPD/e2e/cypress/support/e2e.js": {"path":"/home/dmirano/Developer/eAPD/e2e/cypress/support/e2e.js","statementMap":{"0":{"start":{"line":25,"column":24},"end":{"line":25,"column":48}},"1":{"start":{"line":26,"column":28},"end":{"line":26,"column":55}},"2":{"start":{"line":29,"column":0},"end":{"line":29,"column":26}},"3":{"start":{"line":32,"column":0},"end":{"line":34,"column":3}},"4":{"start":{"line":35,"column":0},"end":{"line":35,"column":47}},"5":{"start":{"line":37,"column":0},"end":{"line":37,"column":17}},"6":{"start":{"line":40,"column":0},"end":{"line":44,"column":3}},"7":{"start":{"line":43,"column":2},"end":{"line":43,"column":15}}},"fnMap":{"0":{"name":"(anonymous_0)","decl":{"start":{"line":40,"column":33},"end":{"line":40,"column":34}},"loc":{"start":{"line":40,"column":40},"end":{"line":44,"column":1}},"line":40}},"branchMap":{},"s":{"0":1,"1":1,"2":1,"3":1,"4":1,"5":1,"6":1,"7":0},"f":{"0":0},"b":{},"_coverageSchema":"1a1c01bbd47fc00a2c39e90264f33305004495a9","hash":"7d997f5fcff9859d94d90bc7f58b67a016a6b9b3"}
}
