{"total": {"lines":{"total":200,"covered":68,"skipped":0,"pct":34},"statements":{"total":204,"covered":68,"skipped":0,"pct":33.33},"functions":{"total":78,"covered":3,"skipped":0,"pct":3.84},"branches":{"total":47,"covered":0,"skipped":0,"pct":0},"branchesTrue":{"total":0,"covered":0,"skipped":0,"pct":"Unknown"}}
,"/home/dmirano/Developer/eAPD/e2e/cypress/support/commands.js": {"lines":{"total":192,"covered":61,"skipped":0,"pct":31.77},"functions":{"total":77,"covered":3,"skipped":0,"pct":3.89},"statements":{"total":196,"covered":61,"skipped":0,"pct":31.12},"branches":{"total":47,"covered":0,"skipped":0,"pct":0}}
,"/home/dmirano/Developer/eAPD/e2e/cypress/support/e2e.js": {"lines":{"total":8,"covered":7,"skipped":0,"pct":87.5},"functions":{"total":1,"covered":0,"skipped":0,"pct":0},"statements":{"total":8,"covered":7,"skipped":0,"pct":87.5},"branches":{"total":0,"covered":0,"skipped":0,"pct":100}}
}
