TN:
SF:../../../../../app/web/src/app.dev.js
FN:58,(anonymous_0)
FN:62,(anonymous_1)
FNF:2
FNH:1
FNDA:311,(anonymous_0)
FNDA:0,(anonymous_1)
DA:24,311
DA:25,0
DA:29,311
DA:30,0
DA:38,311
DA:40,311
DA:42,311
DA:51,311
DA:53,311
DA:58,311
DA:59,311
DA:62,311
DA:63,0
DA:64,0
DA:67,311
LF:15
LH:11
BRDA:24,0,0,0
BRDA:24,0,1,311
BRDA:29,1,0,0
BRDA:29,1,1,311
BRDA:51,2,0,311
BRDA:51,2,1,311
BRF:6
BRH:4
end_of_record
TN:
SF:../../../../../app/web/src/constants.js
FN:32,(anonymous_0)
FN:33,(anonymous_1)
FN:38,(anonymous_2)
FN:63,(anonymous_3)
FN:70,(anonymous_4)
FN:77,(anonymous_5)
FN:84,(anonymous_6)
FN:91,(anonymous_7)
FNF:8
FNH:3
FNDA:2968,(anonymous_0)
FNDA:2226,(anonymous_1)
FNDA:11130,(anonymous_2)
FNDA:0,(anonymous_3)
FNDA:0,(anonymous_4)
FNDA:0,(anonymous_5)
FNDA:0,(anonymous_6)
FNDA:0,(anonymous_7)
DA:3,311
DA:14,311
DA:18,311
DA:29,311
DA:32,2968
DA:34,2226
DA:38,11130
DA:42,311
DA:49,311
DA:57,311
DA:63,0
DA:70,0
DA:77,0
DA:84,0
DA:92,0
LF:15
LH:10
BRDA:32,0,0,742
BRDA:33,1,0,0
BRDA:63,2,0,0
BRDA:63,2,1,0
BRDA:70,3,0,0
BRDA:70,3,1,0
BRDA:77,4,0,0
BRDA:77,4,1,0
BRDA:84,5,0,0
BRDA:84,5,1,0
BRDA:92,6,0,0
BRDA:92,6,1,0
BRF:12
BRH:1
end_of_record
TN:
SF:../../../../../app/web/src/cookie-constants.js
FNF:0
FNH:0
DA:1,311
DA:2,311
LF:2
LH:2
BRF:0
BRH:0
end_of_record
TN:
SF:../../../../../app/web/src/file-loader.js
FNF:0
FNH:0
DA:1,311
LF:1
LH:1
BRF:0
BRH:0
end_of_record
TN:
SF:../../../../../app/web/src/saveMiddleware.js
FN:11,(anonymous_0)
FN:19,(anonymous_1)
FN:20,(anonymous_2)
FN:32,(anonymous_3)
FN:51,(anonymous_4)
FN:55,(anonymous_5)
FN:68,(anonymous_6)
FN:69,(anonymous_7)
FNF:8
FNH:8
FNDA:311,(anonymous_0)
FNDA:833,(anonymous_1)
FNDA:833,(anonymous_2)
FNDA:4870,(anonymous_3)
FNDA:833,(anonymous_4)
FNDA:832,(anonymous_5)
FNDA:311,(anonymous_6)
FNDA:18325,(anonymous_7)
DA:11,311
DA:15,311
DA:16,311
DA:17,311
DA:19,311
DA:20,833
DA:21,833
DA:22,833
DA:23,833
DA:27,0
DA:32,311
DA:39,4870
DA:40,392
DA:41,392
DA:47,4478
DA:51,4478
DA:53,833
DA:55,833
DA:57,832
DA:60,832
DA:61,364
DA:62,364
DA:68,311
DA:69,311
DA:70,18325
DA:71,18325
DA:77,4506
DA:78,4506
DA:80,13819
DA:82,18325
LF:30
LH:29
BRDA:13,0,0,311
BRDA:13,1,0,311
BRDA:13,2,0,311
BRDA:39,3,0,392
BRDA:39,3,1,4478
BRDA:47,4,0,4420
BRDA:47,4,1,58
BRDA:60,5,0,364
BRDA:60,5,1,468
BRDA:68,6,0,311
BRDA:68,7,0,311
BRDA:71,8,0,176
BRDA:71,8,1,180
BRDA:71,8,2,4446
BRDA:71,8,3,4502
BRDA:71,8,4,4506
BRDA:71,8,5,13819
BRF:17
BRH:17
end_of_record
TN:
SF:../../../../../app/web/src/components/AlertMissingFFY.js
FN:8,(anonymous_0)
FN:25,(anonymous_1)
FNF:2
FNH:2
FNDA:308,(anonymous_0)
FNDA:7582,(anonymous_1)
DA:8,311
DA:9,308
DA:10,308
DA:12,0
DA:20,311
DA:25,7582
LF:6
LH:5
BRDA:9,0,0,308
BRDA:9,0,1,0
BRF:2
BRH:1
end_of_record
TN:
SF:../../../../../app/web/src/components/AriaAnnounce.js
FN:7,(anonymous_0)
FN:28,(anonymous_1)
FNF:2
FNH:2
FNDA:1227,(anonymous_0)
FNDA:15910,(anonymous_1)
DA:7,311
DA:8,1227
DA:9,1215
DA:20,311
DA:24,311
DA:28,15910
LF:6
LH:6
BRF:0
BRH:0
end_of_record
TN:
SF:../../../../../app/web/src/components/ArrowLeftIcon.js
FN:4,(anonymous_0)
FNF:1
FNH:1
FNDA:516,(anonymous_0)
DA:4,311
DA:5,516
LF:2
LH:2
BRF:0
BRH:0
end_of_record
TN:
SF:../../../../../app/web/src/components/ArrowRightIcon.js
FN:6,(anonymous_0)
FNF:1
FNH:1
FNDA:1340,(anonymous_0)
DA:6,311
DA:7,1340
DA:15,311
DA:19,311
LF:4
LH:4
BRF:0
BRH:0
end_of_record
TN:
SF:../../../../../app/web/src/components/AutoScrollToElement.js
FN:5,(anonymous_0)
FN:8,(anonymous_1)
FN:28,(anonymous_2)
FNF:3
FNH:3
FNDA:2291,(anonymous_0)
FNDA:2291,(anonymous_1)
FNDA:15910,(anonymous_2)
DA:5,311
DA:6,2291
DA:8,2291
DA:9,2291
DA:10,1177
DA:11,1177
DA:12,1177
DA:13,20
DA:14,20
DA:18,2291
DA:21,311
DA:28,15910
LF:12
LH:12
BRDA:9,0,0,1114
BRDA:9,0,1,1177
BRDA:11,1,0,20
BRDA:11,1,1,1157
BRDA:12,2,0,20
BRDA:12,2,1,1157
BRDA:28,3,0,0
BRDA:28,4,0,0
BRF:8
BRH:6
end_of_record
TN:
SF:../../../../../app/web/src/components/Broadcast.js
FN:6,(anonymous_0)
FN:12,(anonymous_1)
FN:18,(anonymous_2)
FN:25,(anonymous_3)
FN:26,(anonymous_4)
FN:30,(anonymous_5)
FN:32,(anonymous_6)
FN:37,(anonymous_7)
FN:43,(anonymous_8)
FNF:9
FNH:2
FNDA:0,(anonymous_0)
FNDA:0,(anonymous_1)
FNDA:0,(anonymous_2)
FNDA:311,(anonymous_3)
FNDA:311,(anonymous_4)
FNDA:0,(anonymous_5)
FNDA:0,(anonymous_6)
FNDA:0,(anonymous_7)
FNDA:0,(anonymous_8)
DA:3,311
DA:4,311
DA:6,311
DA:7,0
DA:8,0
DA:12,311
DA:13,0
DA:14,0
DA:18,311
DA:19,0
DA:20,0
DA:21,0
DA:25,311
DA:26,311
DA:27,311
DA:28,311
DA:29,311
DA:30,311
DA:31,0
DA:32,0
DA:33,0
DA:37,311
DA:38,0
DA:39,0
DA:43,0
DA:46,311
LF:26
LH:13
BRDA:7,0,0,0
BRDA:7,0,1,0
BRDA:13,1,0,0
BRDA:13,1,1,0
BRDA:20,2,0,0
BRDA:20,2,1,0
BRDA:28,3,0,311
BRDA:28,3,1,0
BRDA:31,4,0,0
BRDA:31,4,1,0
BRF:10
BRH:1
end_of_record
TN:
SF:../../../../../app/web/src/components/CardForm.js
FN:6,(anonymous_0)
FN:23,(anonymous_1)
FNF:2
FNH:2
FNDA:88,(anonymous_0)
FNDA:28,(anonymous_1)
DA:6,311
DA:21,88
DA:23,88
DA:24,28
DA:25,28
DA:28,88
DA:97,311
DA:113,311
LF:8
LH:8
BRDA:25,0,0,28
BRDA:25,0,1,0
BRDA:25,1,0,28
BRDA:25,1,1,28
BRDA:34,2,0,88
BRDA:34,2,1,0
BRDA:39,3,0,88
BRDA:39,3,1,0
BRDA:44,4,0,88
BRDA:44,4,1,0
BRDA:46,5,0,0
BRDA:46,5,1,0
BRDA:56,6,0,88
BRDA:56,6,1,0
BRDA:65,7,0,88
BRDA:65,7,1,88
BRDA:69,8,0,88
BRDA:69,8,1,88
BRDA:71,9,0,0
BRDA:71,9,1,88
BRDA:80,10,0,88
BRDA:80,10,1,0
BRDA:88,11,0,88
BRDA:88,11,1,0
BRF:24
BRH:14
end_of_record
TN:
SF:../../../../../app/web/src/components/Choice.js
FN:4,(anonymous_0)
FN:7,(anonymous_1)
FNF:2
FNH:2
FNDA:2287,(anonymous_0)
FNDA:407,(anonymous_1)
DA:4,311
DA:5,2287
DA:7,2287
DA:8,407
DA:10,407
DA:11,0
DA:12,0
DA:13,0
DA:17,2287
LF:9
LH:6
BRDA:10,0,0,0
BRDA:10,0,1,407
BRF:2
BRH:1
end_of_record
TN:
SF:../../../../../app/web/src/components/ConnectedWaypoint.js
FN:7,(anonymous_0)
FN:12,(anonymous_1)
FN:30,(anonymous_2)
FNF:3
FNH:3
FNDA:814,(anonymous_0)
FNDA:76,(anonymous_1)
FNDA:9928,(anonymous_2)
DA:7,311
DA:8,814
DA:12,76
DA:18,311
DA:25,311
DA:30,9928
DA:34,311
LF:7
LH:7
BRF:0
BRH:0
end_of_record
TN:
SF:../../../../../app/web/src/components/ContinuePreviousButtons.js
FN:12,(anonymous_0)
FN:13,(anonymous_1)
FN:83,(anonymous_2)
FNF:3
FNH:3
FNDA:916,(anonymous_0)
FNDA:1340,(anonymous_1)
FNDA:8250,(anonymous_2)
DA:9,311
DA:10,311
DA:12,311
DA:13,916
DA:14,1340
DA:15,228
DA:16,228
DA:18,1112
DA:21,916
DA:22,916
DA:24,916
DA:36,916
DA:42,916
DA:54,916
DA:58,916
DA:73,311
DA:78,311
DA:83,8250
LF:18
LH:18
BRDA:14,0,0,228
BRDA:14,0,1,1112
BRDA:21,1,0,92
BRDA:21,1,1,824
BRDA:22,2,0,400
BRDA:22,2,1,516
BRDA:24,3,0,92
BRDA:24,3,1,824
BRDA:36,4,0,92
BRDA:36,4,1,824
BRDA:42,5,0,400
BRDA:42,5,1,516
BRDA:54,6,0,400
BRDA:54,6,1,516
BRF:14
BRH:14
end_of_record
TN:
SF:../../../../../app/web/src/components/DateField.js
FN:6,(anonymous_0)
FN:18,(anonymous_1)
FN:28,(anonymous_2)
FN:43,(anonymous_3)
FN:69,(anonymous_4)
FN:91,(anonymous_5)
FNF:6
FNH:6
FNDA:3428,(anonymous_0)
FNDA:712,(anonymous_1)
FNDA:3428,(anonymous_2)
FNDA:932,(anonymous_3)
FNDA:712,(anonymous_4)
FNDA:24,(anonymous_5)
DA:6,311
DA:7,3428
DA:8,912
DA:14,2516
DA:15,2516
DA:18,311
DA:19,712
DA:20,0
DA:23,712
DA:28,311
DA:35,3428
DA:41,3428
DA:43,3428
DA:44,932
DA:45,228
DA:46,228
DA:47,228
DA:54,932
DA:55,704
DA:63,3428
DA:70,712
DA:71,712
DA:83,311
DA:90,311
LF:24
LH:23
BRDA:7,0,0,912
BRDA:7,0,1,2516
BRDA:15,1,0,2516
BRDA:15,1,1,304
BRDA:15,2,0,2516
BRDA:15,2,1,0
BRDA:15,3,0,2516
BRDA:15,3,1,708
BRDA:18,4,0,0
BRDA:18,5,0,0
BRDA:18,6,0,0
BRDA:18,7,0,0
BRDA:19,8,0,0
BRDA:19,8,1,712
BRDA:19,9,0,712
BRDA:19,9,1,128
BRDA:19,9,2,0
BRDA:23,10,0,588
BRDA:23,10,1,124
BRDA:24,11,0,492
BRDA:24,11,1,220
BRDA:44,12,0,228
BRDA:44,12,1,704
BRDA:45,13,0,0
BRDA:45,14,0,0
BRDA:45,15,0,0
BRDA:49,16,0,228
BRDA:49,16,1,180
BRDA:49,16,2,180
BRDA:50,17,0,228
BRDA:50,17,1,200
BRDA:50,17,2,200
BRDA:51,18,0,228
BRDA:51,18,1,128
BRDA:51,18,2,32
BRDA:54,19,0,704
BRDA:54,19,1,228
BRF:37
BRH:27
end_of_record
TN:
SF:../../../../../app/web/src/components/DeleteModal.js
FN:8,(anonymous_0)
FNF:1
FNH:1
FNDA:120,(anonymous_0)
DA:8,311
DA:9,120
DA:11,120
DA:38,311
DA:44,311
LF:5
LH:5
BRDA:24,0,0,120
BRDA:24,0,1,88
BRDA:33,1,0,120
BRDA:33,1,1,0
BRF:4
BRH:3
end_of_record
TN:
SF:../../../../../app/web/src/components/DeleteModalOptions.js
FN:3,getDeleteModalOptions
FN:7,(anonymous_1)
FN:24,(anonymous_2)
FN:41,(anonymous_3)
FN:51,(anonymous_4)
FN:61,(anonymous_5)
FN:71,(anonymous_6)
FN:81,(anonymous_7)
FN:91,(anonymous_8)
FN:109,(anonymous_9)
FN:119,(anonymous_10)
FN:129,(anonymous_11)
FN:136,(anonymous_12)
FNF:13
FNH:11
FNDA:120,getDeleteModalOptions
FNDA:4,(anonymous_1)
FNDA:4,(anonymous_2)
FNDA:12,(anonymous_3)
FNDA:12,(anonymous_4)
FNDA:20,(anonymous_5)
FNDA:12,(anonymous_6)
FNDA:12,(anonymous_7)
FNDA:24,(anonymous_8)
FNDA:0,(anonymous_9)
FNDA:12,(anonymous_10)
FNDA:8,(anonymous_11)
FNDA:0,(anonymous_12)
DA:5,120
DA:8,4
DA:25,4
DA:42,12
DA:52,12
DA:62,20
DA:72,12
DA:82,12
DA:92,24
DA:110,0
DA:120,12
DA:130,8
DA:137,0
DA:147,120
LF:14
LH:12
BRF:0
BRH:0
end_of_record
TN:
SF:../../../../../app/web/src/components/DocumentUpload.js
FN:13,(anonymous_0)
FN:17,(anonymous_1)
FN:37,(anonymous_2)
FN:45,(anonymous_3)
FNF:4
FNH:3
FNDA:466,(anonymous_0)
FNDA:14,(anonymous_1)
FNDA:216,(anonymous_2)
FNDA:0,(anonymous_3)
DA:13,311
DA:14,466
DA:15,466
DA:17,466
DA:18,14
DA:20,14
DA:37,466
DA:38,216
DA:39,216
DA:40,216
DA:42,216
DA:45,466
DA:46,0
DA:47,0
DA:49,0
DA:52,466
DA:90,311
LF:17
LH:14
BRDA:54,0,0,466
BRDA:54,0,1,236
BRF:2
BRH:2
end_of_record
TN:
SF:../../../../../app/web/src/components/DollarField.js
FN:4,(anonymous_0)
FNF:1
FNH:1
FNDA:28984,(anonymous_0)
DA:4,311
DA:5,28984
LF:2
LH:2
BRF:0
BRH:0
end_of_record
TN:
SF:../../../../../app/web/src/components/Dollars.js
FN:13,(anonymous_0)
FNF:1
FNH:1
FNDA:251626,(anonymous_0)
DA:13,311
DA:14,251626
DA:16,251626
DA:17,1712
DA:20,249914
DA:23,311
DA:29,311
LF:7
LH:7
BRDA:16,0,0,1712
BRDA:16,0,1,249914
BRDA:16,1,0,251626
BRDA:16,1,1,249914
BRF:4
BRH:4
end_of_record
TN:
SF:../../../../../app/web/src/components/EnableCookies.js
FNF:0
FNH:0
DA:1,311
LF:1
LH:1
BRF:0
BRH:0
end_of_record
TN:
SF:../../../../../app/web/src/components/FormAndReviewList.js
FN:5,(anonymous_0)
FN:20,(anonymous_1)
FN:29,(anonymous_2)
FN:31,(anonymous_3)
FN:55,(anonymous_4)
FN:62,(anonymous_5)
FN:92,(anonymous_6)
FN:110,(anonymous_7)
FN:116,(anonymous_8)
FN:122,(anonymous_9)
FN:135,(anonymous_10)
FN:146,(anonymous_11)
FNF:12
FNH:12
FNDA:1788,(anonymous_0)
FNDA:232,(anonymous_1)
FNDA:36,(anonymous_2)
FNDA:60,(anonymous_3)
FNDA:60,(anonymous_4)
FNDA:172,(anonymous_5)
FNDA:1008,(anonymous_6)
FNDA:152,(anonymous_7)
FNDA:196,(anonymous_8)
FNDA:232,(anonymous_9)
FNDA:1160,(anonymous_10)
FNDA:52,(anonymous_11)
DA:5,311
DA:15,1788
DA:16,1788
DA:18,1788
DA:19,1788
DA:20,1788
DA:21,232
DA:22,232
DA:23,196
DA:24,196
DA:26,232
DA:29,1788
DA:31,1788
DA:32,60
DA:33,60
DA:34,60
DA:37,1788
DA:38,996
DA:45,792
DA:55,60
DA:63,172
DA:64,172
DA:65,172
DA:74,311
DA:87,311
DA:92,311
DA:106,1008
DA:107,1008
DA:109,1008
DA:110,152
DA:114,1008
DA:116,1008
DA:117,196
DA:118,196
DA:119,196
DA:122,1008
DA:124,1008
DA:136,1160
DA:146,52
DA:163,311
DA:179,311
LF:41
LH:41
BRDA:22,0,0,196
BRDA:22,0,1,36
BRDA:22,1,0,232
BRDA:22,1,1,36
BRDA:37,2,0,996
BRDA:37,2,1,792
BRDA:114,3,0,1008
BRDA:114,3,1,0
BRDA:126,4,0,216
BRDA:126,4,1,792
BRDA:126,5,0,1008
BRDA:126,5,1,216
BRDA:128,6,0,0
BRDA:128,6,1,216
BRDA:141,7,0,1160
BRDA:141,7,1,1072
BRDA:145,8,0,1120
BRDA:145,8,1,40
BRDA:145,9,0,1160
BRDA:145,9,1,460
BRDA:154,10,0,1008
BRDA:154,10,1,1008
BRDA:154,10,2,812
BRDA:156,11,0,812
BRDA:156,11,1,0
BRF:25
BRH:22
end_of_record
TN:
SF:../../../../../app/web/src/components/Icons.js
FN:35,(anonymous_0)
FN:36,(anonymous_1)
FN:37,(anonymous_2)
FN:40,(anonymous_3)
FN:41,(anonymous_4)
FN:42,(anonymous_5)
FN:45,(anonymous_6)
FN:53,(anonymous_7)
FN:54,(anonymous_8)
FN:57,(anonymous_9)
FN:58,(anonymous_10)
FNF:11
FNH:7
FNDA:1048,(anonymous_0)
FNDA:236,(anonymous_1)
FNDA:0,(anonymous_2)
FNDA:26,(anonymous_3)
FNDA:76,(anonymous_4)
FNDA:76,(anonymous_5)
FNDA:855,(anonymous_6)
FNDA:0,(anonymous_7)
FNDA:1757,(anonymous_8)
FNDA:0,(anonymous_9)
FNDA:0,(anonymous_10)
DA:35,1048
DA:36,311
DA:37,311
DA:38,0
DA:40,311
DA:41,311
DA:42,311
DA:43,76
DA:45,311
DA:46,855
DA:53,311
DA:54,311
DA:55,1757
DA:57,311
DA:58,311
LF:15
LH:14
BRF:0
BRH:0
end_of_record
TN:
SF:../../../../../app/web/src/components/Instruction.js
FN:8,(anonymous_0)
FN:31,(anonymous_1)
FN:54,(anonymous_2)
FNF:3
FNH:3
FNDA:12508,(anonymous_0)
FNDA:16987,(anonymous_1)
FNDA:96,(anonymous_2)
DA:8,311
DA:9,12508
DA:10,12508
DA:12,12508
DA:13,7240
DA:15,5268
DA:18,311
DA:25,311
DA:31,311
DA:32,16987
DA:33,16987
DA:34,16987
DA:35,16987
DA:36,16987
DA:38,16987
DA:39,16067
DA:55,96
DA:70,920
DA:73,311
DA:81,311
LF:20
LH:20
BRDA:12,0,0,7240
BRDA:12,0,1,5268
BRDA:38,1,0,16067
BRDA:38,1,1,920
BRDA:38,2,0,16987
BRDA:38,2,1,4479
BRDA:38,2,2,4449
BRDA:38,2,3,1036
BRDA:41,3,0,16067
BRDA:41,3,1,12508
BRDA:46,4,0,16067
BRDA:46,4,1,16037
BRDA:46,4,2,116
BRDA:46,4,3,84
BRDA:46,4,4,16067
BRDA:48,5,0,16067
BRDA:48,5,1,0
BRDA:48,5,2,0
BRDA:49,6,0,16067
BRDA:49,6,1,30
BRDA:50,7,0,16067
BRDA:50,7,1,16067
BRDA:50,7,2,15951
BRDA:51,8,0,16067
BRDA:51,8,1,32
BRDA:62,9,0,16067
BRDA:62,9,1,6502
BRF:27
BRH:25
end_of_record
TN:
SF:../../../../../app/web/src/components/Loading.js
FN:5,(anonymous_0)
FNF:1
FNH:1
FNDA:895,(anonymous_0)
DA:5,311
DA:6,895
DA:11,311
LF:3
LH:3
BRF:0
BRH:0
end_of_record
TN:
SF:../../../../../app/web/src/components/Md.js
FN:11,(anonymous_0)
FN:68,(anonymous_1)
FN:69,(anonymous_2)
FN:70,(anonymous_3)
FNF:4
FNH:4
FNDA:22453,(anonymous_0)
FNDA:5224,(anonymous_1)
FNDA:5224,(anonymous_2)
FNDA:5224,(anonymous_3)
DA:6,311
DA:11,311
DA:55,22453
DA:56,22453
DA:58,22453
DA:59,22453
DA:60,1306
DA:63,1306
DA:64,1306
DA:66,1306
DA:68,5224
DA:69,5224
DA:70,5224
DA:73,1306
DA:79,1306
DA:82,22453
DA:90,311
DA:95,311
LF:18
LH:18
BRDA:63,0,0,1306
BRDA:63,0,1,0
BRF:2
BRH:1
end_of_record
TN:
SF:../../../../../app/web/src/components/NoMatch.js
FN:3,(anonymous_0)
FNF:1
FNH:0
FNDA:0,(anonymous_0)
DA:3,311
DA:4,0
LF:2
LH:1
BRF:0
BRH:0
end_of_record
TN:
SF:../../../../../app/web/src/components/NumberField.js
FN:5,(anonymous_0)
FN:8,(anonymous_1)
FN:18,(anonymous_2)
FN:22,(anonymous_3)
FN:34,(anonymous_4)
FN:49,(anonymous_5)
FN:66,(anonymous_6)
FNF:7
FNH:7
FNDA:63096,(anonymous_0)
FNDA:57298,(anonymous_1)
FNDA:5030,(anonymous_2)
FNDA:3496,(anonymous_3)
FNDA:768,(anonymous_4)
FNDA:768,(anonymous_5)
FNDA:2768,(anonymous_6)
DA:5,311
DA:6,63096
DA:8,311
DA:17,57298
DA:18,57298
DA:19,5030
DA:22,57298
DA:25,3496
DA:26,332
DA:29,3164
DA:31,3164
DA:34,57298
DA:35,768
DA:36,768
DA:37,28
DA:39,740
DA:40,0
DA:42,740
DA:43,588
DA:46,152
DA:49,57298
DA:50,768
DA:51,768
DA:53,768
DA:54,768
DA:59,768
DA:60,328
DA:66,57298
DA:67,2768
DA:68,2768
DA:71,40
DA:73,2728
DA:74,2728
DA:75,2728
DA:76,2728
DA:83,57298
DA:94,311
DA:103,311
LF:38
LH:37
BRDA:6,0,0,60588
BRDA:6,0,1,2508
BRDA:25,1,0,332
BRDA:25,1,1,3164
BRDA:25,2,0,3496
BRDA:25,2,1,3164
BRDA:31,3,0,0
BRDA:31,3,1,3164
BRDA:36,4,0,28
BRDA:36,4,1,740
BRDA:39,5,0,0
BRDA:39,5,1,740
BRDA:39,6,0,740
BRDA:39,6,1,72
BRDA:42,7,0,588
BRDA:42,7,1,152
BRDA:53,8,0,768
BRDA:53,8,1,0
BRDA:59,9,0,328
BRDA:59,9,1,440
BRDA:68,10,0,40
BRDA:68,10,1,2728
BRDA:74,11,0,2424
BRDA:74,11,1,304
BRDA:75,12,0,2728
BRDA:75,12,1,0
BRF:26
BRH:22
end_of_record
TN:
SF:../../../../../app/web/src/components/PasswordWithMeter.js
FN:8,(anonymous_0)
FN:13,(anonymous_1)
FN:20,(anonymous_2)
FN:29,(anonymous_3)
FN:30,(anonymous_4)
FN:33,(anonymous_5)
FN:128,(anonymous_6)
FNF:7
FNH:4
FNDA:407,(anonymous_0)
FNDA:407,(anonymous_1)
FNDA:1070,(anonymous_2)
FNDA:0,(anonymous_3)
FNDA:0,(anonymous_4)
FNDA:2287,(anonymous_5)
FNDA:0,(anonymous_6)
DA:9,407
DA:10,407
DA:14,407
DA:15,407
DA:16,0
DA:20,407
DA:21,1070
DA:22,1070
DA:24,1070
DA:25,1070
DA:29,407
DA:30,0
DA:42,2287
DA:43,2287
DA:45,2287
DA:46,2287
DA:47,1056
DA:48,1231
DA:49,136
DA:50,1095
DA:51,285
DA:54,2287
DA:113,311
DA:125,311
LF:24
LH:22
BRDA:15,0,0,0
BRDA:15,0,1,407
BRDA:24,1,0,1070
BRDA:24,1,1,0
BRDA:46,2,0,1056
BRDA:46,2,1,1231
BRDA:48,3,0,136
BRDA:48,3,1,1095
BRDA:50,4,0,285
BRDA:50,4,1,810
BRDA:55,5,0,2287
BRDA:55,5,1,2287
BRDA:71,6,0,2287
BRDA:71,6,1,0
BRDA:74,7,0,2287
BRDA:74,7,1,0
BRDA:79,8,0,0
BRDA:79,8,1,2287
BRDA:82,9,0,2287
BRDA:82,9,1,0
BRDA:85,10,0,2287
BRDA:85,10,1,0
BRDA:90,11,0,2287
BRDA:90,11,1,0
BRDA:95,12,0,0
BRDA:95,12,1,0
BRF:26
BRH:16
end_of_record
TN:
SF:../../../../../app/web/src/components/PercentField.js
FN:4,(anonymous_0)
FN:6,(anonymous_1)
FNF:2
FNH:2
FNDA:13728,(anonymous_0)
FNDA:416,(anonymous_1)
DA:4,311
DA:5,13728
DA:6,13728
DA:7,416
DA:8,0
DA:9,0
DA:10,0
DA:11,0
DA:15,13728
LF:9
LH:5
BRDA:7,0,0,0
BRDA:7,0,1,416
BRDA:7,1,0,416
BRDA:7,1,1,416
BRF:4
BRH:3
end_of_record
TN:
SF:../../../../../app/web/src/components/PersonCostForm.js
FN:13,(anonymous_0)
FN:39,(anonymous_1)
FN:40,(anonymous_2)
FN:46,(anonymous_3)
FN:47,(anonymous_4)
FN:52,(anonymous_5)
FN:58,(anonymous_6)
FN:65,(anonymous_7)
FN:83,(anonymous_8)
FNF:9
FNH:9
FNDA:720,(anonymous_0)
FNDA:1440,(anonymous_1)
FNDA:400,(anonymous_2)
FNDA:1440,(anonymous_3)
FNDA:160,(anonymous_4)
FNDA:76,(anonymous_5)
FNDA:1440,(anonymous_6)
FNDA:1440,(anonymous_7)
FNDA:1440,(anonymous_8)
DA:13,311
DA:27,720
DA:36,720
DA:39,720
DA:40,1440
DA:41,400
DA:42,400
DA:46,720
DA:47,1440
DA:48,160
DA:49,160
DA:52,720
DA:53,76
DA:56,720
DA:59,1440
DA:66,1440
DA:84,1440
DA:110,311
DA:120,311
LF:19
LH:19
BRDA:74,0,0,1440
BRDA:74,0,1,1440
BRDA:93,1,0,1440
BRDA:93,1,1,1440
BRF:4
BRH:4
end_of_record
TN:
SF:../../../../../app/web/src/components/PrivateRoute.js
FN:6,(anonymous_0)
FN:9,(anonymous_1)
FN:30,(anonymous_2)
FNF:3
FNH:3
FNDA:1906,(anonymous_0)
FNDA:1906,(anonymous_1)
FNDA:13896,(anonymous_2)
DA:6,311
DA:7,1906
DA:10,1906
DA:24,311
DA:30,13896
LF:5
LH:5
BRDA:10,0,0,1609
BRDA:10,0,1,297
BRF:2
BRH:2
end_of_record
TN:
SF:../../../../../app/web/src/components/Review.js
FN:7,(anonymous_0)
FN:25,(anonymous_1)
FN:26,(anonymous_2)
FN:39,(anonymous_3)
FN:44,(anonymous_4)
FN:102,(anonymous_5)
FNF:6
FNH:6
FNDA:5128,(anonymous_0)
FNDA:604,(anonymous_1)
FNDA:44,(anonymous_2)
FNDA:52,(anonymous_3)
FNDA:84,(anonymous_4)
FNDA:28,(anonymous_5)
DA:7,311
DA:23,5128
DA:24,5128
DA:26,604
DA:27,44
DA:28,8
DA:30,44
DA:31,36
DA:37,5128
DA:39,5128
DA:40,52
DA:41,52
DA:44,5128
DA:45,84
DA:46,4
DA:48,80
DA:52,5128
DA:102,28
DA:110,311
DA:122,311
LF:20
LH:20
BRDA:27,0,0,8
BRDA:27,0,1,36
BRDA:30,1,0,36
BRDA:30,1,1,8
BRDA:45,2,0,4
BRDA:45,2,1,80
BRDA:56,3,0,1184
BRDA:56,3,1,3944
BRDA:56,4,0,5128
BRDA:56,4,1,3984
BRDA:61,5,0,1144
BRDA:61,5,1,40
BRDA:67,6,0,40
BRDA:67,6,1,1144
BRDA:77,7,0,5128
BRDA:77,7,1,4564
BRDA:81,8,0,4564
BRDA:81,8,1,1044
BRDA:86,9,0,4564
BRDA:86,9,1,0
BRDA:89,10,0,4564
BRDA:89,10,1,1044
BRDA:98,11,0,5128
BRDA:98,11,1,80
BRF:24
BRH:23
end_of_record
TN:
SF:../../../../../app/web/src/components/RichText.js
FN:48,(anonymous_0)
FN:48,(anonymous_1)
FN:71,(anonymous_2)
FN:80,(anonymous_3)
FN:99,(anonymous_4)
FN:99,(anonymous_5)
FN:100,(anonymous_6)
FN:109,(anonymous_7)
FN:115,(anonymous_8)
FN:131,(anonymous_9)
FN:141,(anonymous_10)
FN:141,(anonymous_11)
FN:162,(anonymous_12)
FN:167,(anonymous_13)
FN:262,(anonymous_14)
FN:263,(anonymous_15)
FNF:16
FNH:9
FNDA:0,(anonymous_0)
FNDA:0,(anonymous_1)
FNDA:0,(anonymous_2)
FNDA:0,(anonymous_3)
FNDA:7464,(anonymous_4)
FNDA:1726,(anonymous_5)
FNDA:1070,(anonymous_6)
FNDA:2,(anonymous_7)
FNDA:0,(anonymous_8)
FNDA:1726,(anonymous_9)
FNDA:7464,(anonymous_10)
FNDA:2,(anonymous_11)
FNDA:140,(anonymous_12)
FNDA:7464,(anonymous_13)
FNDA:0,(anonymous_14)
FNDA:0,(anonymous_15)
DA:34,311
DA:48,311
DA:49,0
DA:50,0
DA:52,0
DA:54,0
DA:55,0
DA:57,0
DA:64,0
DA:68,0
DA:69,0
DA:70,0
DA:73,0
DA:74,0
DA:78,0
DA:82,0
DA:89,0
DA:90,0
DA:91,0
DA:92,0
DA:95,0
DA:99,7464
DA:100,1726
DA:101,1070
DA:102,1070
DA:106,1070
DA:109,1726
DA:110,2
DA:113,1726
DA:116,0
DA:117,0
DA:118,0
DA:119,0
DA:124,0
DA:132,1726
DA:134,1726
DA:141,7464
DA:142,2
DA:143,2
DA:145,2
DA:146,2
DA:147,2
DA:155,2
DA:156,2
DA:158,0
DA:162,1726
DA:163,140
DA:164,140
DA:168,7464
DA:169,7464
DA:172,7464
DA:183,7464
DA:196,7464
DA:250,311
DA:259,311
DA:267,311
LF:56
LH:31
BRDA:50,0,0,0
BRDA:50,0,1,0
BRDA:50,1,0,0
BRDA:50,1,1,0
BRDA:55,2,0,0
BRDA:55,2,1,0
BRDA:135,3,0,1726
BRDA:135,3,1,0
BRDA:200,4,0,1844
BRDA:200,4,1,5620
BRDA:237,5,0,7464
BRDA:237,5,1,1844
BRF:12
BRH:5
end_of_record
TN:
SF:../../../../../app/web/src/components/SaveMessage.js
FN:23,(anonymous_0)
FN:24,(anonymous_1)
FN:26,(anonymous_2)
FN:27,(anonymous_3)
FN:28,(anonymous_4)
FNF:5
FNH:5
FNDA:2773,(anonymous_0)
FNDA:890,(anonymous_1)
FNDA:2760,(anonymous_2)
FNDA:1759,(anonymous_3)
FNDA:2627,(anonymous_4)
DA:7,311
DA:23,311
DA:24,2773
DA:26,2773
DA:27,2760
DA:28,2760
DA:31,2773
DA:32,2773
DA:33,2773
DA:34,2773
DA:36,2773
DA:37,2564
DA:40,209
DA:41,51
DA:42,158
DA:43,0
DA:45,158
DA:48,209
DA:49,209
DA:52,311
LF:20
LH:19
BRDA:36,0,0,2564
BRDA:36,0,1,209
BRDA:36,1,0,2773
BRDA:36,1,1,2773
BRDA:40,2,0,51
BRDA:40,2,1,158
BRDA:42,3,0,0
BRDA:42,3,1,158
BRF:8
BRH:7
end_of_record
TN:
SF:../../../../../app/web/src/components/Section.js
FN:9,(anonymous_0)
FN:37,(anonymous_1)
FNF:2
FNH:2
FNDA:5842,(anonymous_0)
FNDA:3420,(anonymous_1)
DA:9,311
DA:10,5842
DA:11,5842
DA:13,5842
DA:26,311
DA:32,311
DA:37,311
DA:38,3420
DA:40,3420
DA:58,311
DA:66,311
LF:11
LH:11
BRDA:15,0,0,5842
BRDA:15,0,1,2412
BRDA:16,1,0,5842
BRDA:16,1,1,1126
BRDA:42,2,0,3420
BRDA:42,2,1,3420
BRDA:43,3,0,3420
BRDA:43,3,1,2964
BRDA:47,4,0,3420
BRDA:47,4,1,0
BRDA:48,5,0,0
BRDA:48,5,1,0
BRF:12
BRH:9
end_of_record
TN:
SF:../../../../../app/web/src/components/SessionEndingAlert.js
FN:13,(anonymous_0)
FN:27,(anonymous_1)
FN:36,(anonymous_2)
FN:57,(anonymous_3)
FN:105,(anonymous_4)
FNF:5
FNH:2
FNDA:586,(anonymous_0)
FNDA:0,(anonymous_1)
FNDA:0,(anonymous_2)
FNDA:0,(anonymous_3)
FNDA:15910,(anonymous_4)
DA:13,311
DA:21,586
DA:22,586
DA:27,586
DA:28,0
DA:36,586
DA:37,0
DA:38,0
DA:41,586
DA:58,0
DA:96,311
DA:105,311
DA:107,15910
DA:114,311
LF:14
LH:10
BRDA:22,0,0,0
BRDA:22,0,1,586
BRDA:48,1,0,586
BRDA:48,1,1,0
BRDA:68,2,0,0
BRDA:68,2,1,0
BRDA:69,3,0,0
BRDA:69,3,1,0
BRDA:72,4,0,0
BRDA:72,4,1,0
BRDA:73,5,0,0
BRDA:73,5,1,0
BRF:12
BRH:2
end_of_record
TN:
SF:../../../../../app/web/src/components/TextArea.js
FN:5,(anonymous_0)
FN:16,(anonymous_1)
FNF:2
FNH:2
FNDA:10340,(anonymous_0)
FNDA:10340,(anonymous_1)
DA:5,311
DA:6,10340
DA:17,10340
DA:27,311
DA:31,311
LF:5
LH:5
BRF:0
BRH:0
end_of_record
TN:
SF:../../../../../app/web/src/components/UnexpectedError.js
FN:11,(anonymous_0)
FN:12,(anonymous_1)
FN:57,(anonymous_2)
FNF:3
FNH:2
FNDA:1881,(anonymous_0)
FNDA:0,(anonymous_1)
FNDA:11474,(anonymous_2)
DA:11,311
DA:12,1881
DA:13,0
DA:16,1881
DA:51,311
DA:57,11474
DA:62,311
LF:7
LH:6
BRDA:18,0,0,1881
BRDA:18,0,1,0
BRDA:41,1,0,0
BRDA:41,1,1,0
BRDA:42,2,0,0
BRDA:42,2,1,0
BRF:6
BRH:1
end_of_record
TN:
SF:../../../../../app/web/src/components/UpgradeBrowser.js
FN:33,(anonymous_0)
FN:49,(anonymous_1)
FNF:2
FNH:2
FNDA:933,(anonymous_0)
FNDA:2414,(anonymous_1)
DA:5,311
DA:23,311
DA:34,933
DA:49,311
DA:51,2414
DA:61,311
LF:6
LH:6
BRDA:49,0,0,2414
BRDA:51,1,0,0
BRDA:51,1,1,2414
BRF:3
BRH:2
end_of_record
TN:
SF:../../../../../app/web/src/components/Wrapper.js
FN:9,(anonymous_0)
FN:9,(anonymous_1)
FN:11,(anonymous_2)
FNF:3
FNH:3
FNDA:3110,(anonymous_0)
FNDA:311,(anonymous_1)
FNDA:2455,(anonymous_2)
DA:9,3110
DA:11,311
DA:12,2455
DA:13,2455
DA:15,2455
DA:25,311
LF:6
LH:6
BRDA:16,0,0,386
BRDA:16,0,1,2069
BRF:2
BRH:2
end_of_record
TN:
SF:../../../../../app/web/src/containers/ApdApplication.js
FN:27,(anonymous_0)
FN:45,(anonymous_1)
FN:65,(anonymous_2)
FN:125,(anonymous_3)
FNF:4
FNH:4
FNDA:1770,(anonymous_0)
FNDA:216,(anonymous_1)
FNDA:374,(anonymous_2)
FNDA:12428,(anonymous_3)
DA:27,311
DA:39,1770
DA:40,1770
DA:41,1770
DA:42,1770
DA:44,1770
DA:46,216
DA:47,0
DA:48,0
DA:49,216
DA:50,0
DA:51,216
DA:52,158
DA:53,158
DA:54,158
DA:56,58
DA:65,1770
DA:66,374
DA:67,216
DA:71,1770
DA:72,0
DA:74,1770
DA:75,474
DA:82,1296
DA:90,1296
DA:105,311
DA:118,311
DA:125,12428
DA:133,311
LF:29
LH:25
BRDA:46,0,0,0
BRDA:46,0,1,216
BRDA:46,1,0,216
BRDA:46,1,1,0
BRDA:49,2,0,0
BRDA:49,2,1,216
BRDA:49,3,0,216
BRDA:49,3,1,58
BRDA:51,4,0,158
BRDA:51,4,1,58
BRDA:51,5,0,216
BRDA:51,5,1,216
BRDA:51,5,2,58
BRDA:53,6,0,0
BRDA:53,7,0,0
BRDA:53,8,0,158
BRDA:53,8,1,0
BRDA:66,9,0,216
BRDA:66,9,1,158
BRDA:71,10,0,0
BRDA:71,10,1,1770
BRDA:74,11,0,474
BRDA:74,11,1,1296
BRDA:74,12,0,1770
BRDA:74,12,1,1454
BRDA:95,13,0,1296
BRDA:95,13,1,1296
BRDA:130,14,0,12428
BRDA:130,14,1,0
BRF:29
BRH:21
end_of_record
TN:
SF:../../../../../app/web/src/containers/App.js
FN:9,(anonymous_0)
FNF:1
FNH:1
FNDA:512,(anonymous_0)
DA:9,311
DA:10,512
LF:2
LH:2
BRF:0
BRH:0
end_of_record
TN:
SF:../../../../../app/web/src/containers/LoginApplication.js
FN:25,(anonymous_0)
FN:49,(anonymous_1)
FN:52,(anonymous_2)
FN:53,(anonymous_3)
FN:61,(anonymous_4)
FN:86,(anonymous_5)
FN:102,(anonymous_6)
FN:110,(anonymous_7)
FN:116,(anonymous_8)
FN:124,(anonymous_9)
FN:130,(anonymous_10)
FN:137,(anonymous_11)
FN:143,(anonymous_12)
FN:150,(anonymous_13)
FN:222,(anonymous_14)
FNF:15
FNH:11
FNDA:1373,(anonymous_0)
FNDA:318,(anonymous_1)
FNDA:307,(anonymous_2)
FNDA:290,(anonymous_3)
FNDA:318,(anonymous_4)
FNDA:0,(anonymous_5)
FNDA:0,(anonymous_6)
FNDA:0,(anonymous_7)
FNDA:10,(anonymous_8)
FNDA:10,(anonymous_9)
FNDA:79,(anonymous_10)
FNDA:8,(anonymous_11)
FNDA:0,(anonymous_12)
FNDA:4,(anonymous_13)
FNDA:2642,(anonymous_14)
DA:25,311
DA:44,1373
DA:45,1373
DA:46,1373
DA:47,1373
DA:49,1373
DA:50,318
DA:51,307
DA:52,307
DA:53,307
DA:54,290
DA:60,1373
DA:61,318
DA:68,1373
DA:70,1373
DA:71,0
DA:72,1373
DA:73,16
DA:79,1357
DA:80,6
DA:81,1351
DA:82,24
DA:86,1373
DA:87,0
DA:91,0
DA:92,0
DA:94,0
DA:95,0
DA:96,0
DA:102,1373
DA:103,0
DA:104,0
DA:105,0
DA:110,1373
DA:111,0
DA:112,0
DA:116,1373
DA:117,10
DA:118,10
DA:119,10
DA:124,1373
DA:125,10
DA:126,10
DA:130,1373
DA:131,79
DA:132,79
DA:133,73
DA:137,1373
DA:138,8
DA:139,8
DA:143,1373
DA:144,0
DA:145,0
DA:146,0
DA:150,1373
DA:151,4
DA:152,4
DA:155,1373
DA:156,397
DA:163,976
DA:164,4
DA:167,972
DA:168,267
DA:169,267
DA:170,0
DA:173,267
DA:176,705
DA:195,311
DA:215,311
DA:222,311
DA:233,2642
DA:244,311
LF:72
LH:56
BRDA:50,0,0,307
BRDA:50,0,1,11
BRDA:50,1,0,318
BRDA:50,1,1,311
BRDA:70,2,0,0
BRDA:70,2,1,1373
BRDA:72,3,0,16
BRDA:72,3,1,1357
BRDA:79,4,0,6
BRDA:79,4,1,1351
BRDA:81,5,0,24
BRDA:81,5,1,1327
BRDA:87,6,0,0
BRDA:87,6,1,0
BRDA:88,7,0,0
BRDA:88,7,1,0
BRDA:95,8,0,0
BRDA:95,8,1,0
BRDA:104,9,0,0
BRDA:104,9,1,0
BRDA:118,10,0,10
BRDA:118,10,1,0
BRDA:132,11,0,73
BRDA:132,11,1,6
BRDA:145,12,0,0
BRDA:145,12,1,0
BRDA:155,13,0,397
BRDA:155,13,1,976
BRDA:163,14,0,4
BRDA:163,14,1,972
BRDA:163,15,0,976
BRDA:163,15,1,11
BRDA:167,16,0,267
BRDA:167,16,1,705
BRDA:168,17,0,30
BRDA:168,18,0,267
BRDA:168,18,1,30
BRDA:169,19,0,0
BRDA:169,19,1,267
BRF:39
BRH:26
end_of_record
TN:
SF:../../../../../app/web/src/containers/Root.js
FN:16,(anonymous_0)
FN:18,(anonymous_1)
FNF:2
FNH:2
FNDA:311,(anonymous_0)
FNDA:3904,(anonymous_1)
DA:11,311
DA:14,311
DA:16,311
DA:18,311
DA:19,3904
DA:22,311
DA:31,311
LF:7
LH:7
BRF:0
BRH:0
end_of_record
TN:
SF:../../../../../app/web/src/i18n/index.js
FN:22,(anonymous_0)
FN:31,(anonymous_1)
FN:32,(anonymous_2)
FNF:3
FNH:2
FNDA:311,(anonymous_0)
FNDA:0,(anonymous_1)
FNDA:160370,(anonymous_2)
DA:8,311
DA:9,311
DA:10,311
DA:13,311
DA:15,311
DA:18,311
DA:22,311
DA:23,311
DA:24,311
DA:26,311
DA:30,311
DA:31,0
DA:32,160370
LF:13
LH:12
BRDA:18,0,0,311
BRDA:18,0,1,311
BRDA:18,0,2,0
BRDA:18,0,3,0
BRDA:23,1,0,311
BRDA:23,1,1,311
BRDA:24,2,0,0
BRDA:24,2,1,311
BRDA:24,3,0,311
BRDA:24,3,1,311
BRDA:30,4,0,0
BRDA:30,4,1,311
BRDA:30,5,0,311
BRDA:30,5,1,311
BRDA:31,6,0,0
BRDA:31,6,1,0
BRDA:32,7,0,37617
BRF:17
BRH:11
end_of_record
TN:
SF:../../../../../app/web/src/i18n/locales/en/index.js
FNF:0
FNH:0
LF:0
LH:0
BRF:0
BRH:0
end_of_record
TN:
SF:../../../../../app/web/src/i18n/locales/en/activities/index.js
FNF:0
FNH:0
LF:0
LH:0
BRF:0
BRH:0
end_of_record
TN:
SF:../../../../../app/web/src/i18n/locales/en/apd/index.js
FNF:0
FNH:0
LF:0
LH:0
BRF:0
BRH:0
end_of_record
TN:
SF:../../../../../app/web/src/layout/footer/Footer.js
FN:3,(anonymous_0)
FNF:1
FNH:1
FNDA:2455,(anonymous_0)
DA:3,311
DA:4,2455
LF:2
LH:2
BRF:0
BRH:0
end_of_record
TN:
SF:../../../../../app/web/src/layout/header/ApdHeader.js
FN:15,(anonymous_0)
FN:18,(anonymous_1)
FN:26,(anonymous_2)
FN:38,(anonymous_3)
FN:54,(anonymous_4)
FN:65,(anonymous_5)
FN:78,(anonymous_6)
FN:107,(anonymous_7)
FNF:8
FNH:7
FNDA:486,(anonymous_0)
FNDA:258,(anonymous_1)
FNDA:8,(anonymous_2)
FNDA:0,(anonymous_3)
FNDA:156,(anonymous_4)
FNDA:8,(anonymous_5)
FNDA:4,(anonymous_6)
FNDA:5740,(anonymous_7)
DA:15,311
DA:16,486
DA:18,486
DA:19,258
DA:21,258
DA:22,8
DA:26,486
DA:27,8
DA:29,8
DA:30,0
DA:32,8
DA:35,8
DA:38,486
DA:39,0
DA:40,0
DA:44,486
DA:54,156
DA:65,8
DA:79,4
DA:80,4
DA:81,4
DA:98,311
DA:105,311
DA:107,5740
DA:113,311
LF:25
LH:22
BRDA:21,0,0,8
BRDA:21,0,1,250
BRDA:29,1,0,0
BRDA:29,1,1,8
BRDA:39,2,0,0
BRDA:39,2,1,0
BRDA:39,3,0,0
BRDA:39,3,1,0
BRDA:48,4,0,164
BRDA:48,4,1,322
BRF:10
BRH:5
end_of_record
TN:
SF:../../../../../app/web/src/layout/header/DashboardButton.js
FN:7,(anonymous_0)
FN:9,(anonymous_1)
FNF:2
FNH:2
FNDA:1391,(anonymous_0)
FNDA:6,(anonymous_1)
DA:7,311
DA:8,1391
DA:9,6
DA:15,311
DA:20,311
LF:5
LH:5
BRF:0
BRH:0
end_of_record
TN:
SF:../../../../../app/web/src/layout/header/Header.js
FN:26,(anonymous_0)
FN:34,(anonymous_1)
FN:43,(anonymous_2)
FN:44,(anonymous_3)
FN:56,(anonymous_4)
FN:70,(anonymous_5)
FN:213,(anonymous_6)
FNF:7
FNH:7
FNDA:311,(anonymous_0)
FNDA:34,(anonymous_1)
FNDA:66,(anonymous_2)
FNDA:66,(anonymous_3)
FNDA:2205,(anonymous_4)
FNDA:2205,(anonymous_5)
FNDA:15910,(anonymous_6)
DA:27,311
DA:28,311
DA:31,311
DA:34,311
DA:35,34
DA:36,34
DA:38,0
DA:40,0
DA:43,311
DA:44,66
DA:45,66
DA:47,34
DA:50,32
DA:52,66
DA:65,2205
DA:66,2205
DA:68,2205
DA:70,2205
DA:71,2205
DA:72,640
DA:74,1565
DA:75,137
DA:77,1428
DA:78,164
DA:80,1264
DA:94,2205
DA:194,311
DA:205,311
DA:213,15910
DA:222,311
LF:30
LH:28
BRDA:35,0,0,34
BRDA:35,0,1,0
BRDA:45,1,0,34
BRDA:45,1,1,32
BRDA:71,2,0,640
BRDA:71,2,1,1565
BRDA:71,3,0,2205
BRDA:71,3,1,1904
BRDA:74,4,0,137
BRDA:74,4,1,1428
BRDA:74,5,0,1565
BRDA:74,5,1,301
BRDA:77,6,0,164
BRDA:77,6,1,1264
BRDA:77,7,0,1428
BRDA:77,7,1,164
BRDA:83,8,0,63
BRDA:83,8,1,1201
BRDA:86,9,0,1201
BRDA:86,9,1,0
BRDA:86,10,0,1201
BRDA:86,10,1,1201
BRDA:104,11,0,2205
BRDA:104,11,1,1428
BRDA:107,12,0,1428
BRDA:107,12,1,1264
BRDA:107,12,2,844
BRDA:116,13,0,36
BRDA:116,13,1,1392
BRDA:120,14,0,1428
BRDA:120,14,1,0
BRDA:124,15,0,1428
BRDA:124,15,1,102
BRDA:124,15,2,3
BRDA:135,16,0,3
BRDA:135,16,1,3
BRDA:135,16,2,3
BRDA:141,17,0,1428
BRDA:141,17,1,1329
BRF:39
BRH:36
end_of_record
TN:
SF:../../../../../app/web/src/layout/header/HeaderSaveMessage.js
FN:15,(anonymous_0)
FN:31,(anonymous_1)
FN:72,(anonymous_2)
FNF:3
FNH:3
FNDA:3590,(anonymous_0)
FNDA:780,(anonymous_1)
FNDA:12564,(anonymous_2)
DA:15,311
DA:16,3590
DA:17,3590
DA:19,3590
DA:20,1617
DA:23,785
DA:26,785
DA:30,785
DA:37,780
DA:43,3590
DA:44,1757
DA:51,1833
DA:52,0
DA:59,1833
DA:66,311
DA:72,12564
LF:16
LH:15
BRDA:19,0,0,1617
BRDA:19,0,1,1973
BRDA:20,1,0,785
BRDA:20,1,1,832
BRDA:43,2,0,1757
BRDA:43,2,1,1833
BRDA:51,3,0,0
BRDA:51,3,1,1833
BRF:8
BRH:7
end_of_record
TN:
SF:../../../../../app/web/src/layout/nav/Nav.js
FN:8,(anonymous_0)
FN:11,(anonymous_1)
FN:29,(anonymous_2)
FNF:3
FNH:3
FNDA:1948,(anonymous_0)
FNDA:844,(anonymous_1)
FNDA:11474,(anonymous_2)
DA:8,311
DA:10,1948
DA:11,1948
DA:12,1948
DA:19,311
DA:23,311
DA:29,11474
LF:7
LH:7
BRF:0
BRH:0
end_of_record
TN:
SF:../../../../../app/web/src/layout/nav/NavLink.js
FN:5,(anonymous_0)
FNF:1
FNH:1
FNDA:55360,(anonymous_0)
DA:5,311
DA:6,55360
DA:11,311
DA:15,311
LF:4
LH:4
BRF:0
BRH:0
end_of_record
TN:
SF:../../../../../app/web/src/layout/nav/SecondaryNav.js
FN:13,(anonymous_0)
FN:52,(anonymous_1)
FNF:2
FNH:2
FNDA:5888,(anonymous_0)
FNDA:8478,(anonymous_1)
DA:13,311
DA:14,5888
DA:15,5888
DA:18,5888
DA:21,5888
DA:41,311
DA:45,311
DA:52,8478
DA:58,311
LF:9
LH:9
BRDA:18,0,0,5888
BRDA:18,0,1,4988
BRDA:23,1,0,5888
BRDA:23,1,1,2496
BRF:4
BRH:4
end_of_record
TN:
SF:../../../../../app/web/src/layout/nav/Sidebar.js
FN:6,(anonymous_0)
FN:7,(anonymous_1)
FNF:2
FNH:2
FNDA:1296,(anonymous_0)
FNDA:216,(anonymous_1)
DA:6,311
DA:7,1296
DA:8,216
DA:11,1296
DA:12,1296
DA:16,1296
DA:35,311
LF:7
LH:7
BRDA:13,0,0,1296
BRDA:13,0,1,0
BRDA:19,1,0,1296
BRDA:19,1,1,1296
BRF:4
BRH:3
end_of_record
TN:
SF:../../../../../app/web/src/lazy/zxcvbn.js
FN:1,(anonymous_0)
FN:3,(anonymous_1)
FN:4,(anonymous_2)
FNF:3
FNH:3
FNDA:365,(anonymous_0)
FNDA:1070,(anonymous_1)
FNDA:1070,(anonymous_2)
DA:1,365
DA:4,1070
DA:5,1070
DA:8,1070
LF:4
LH:4
BRF:0
BRH:0
end_of_record
TN:
SF:../../../../../app/web/src/pages/MainRoutes.js
FN:8,(anonymous_0)
FN:10,(anonymous_1)
FNF:2
FNH:2
FNDA:512,(anonymous_0)
FNDA:5120,(anonymous_1)
DA:8,311
DA:9,512
DA:11,5120
DA:12,5120
DA:13,1536
DA:19,3584
DA:20,512
DA:26,3072
LF:8
LH:8
BRDA:11,0,0,5120
BRDA:11,0,1,512
BRDA:12,1,0,1536
BRDA:12,1,1,3584
BRDA:19,2,0,512
BRDA:19,2,1,3072
BRF:6
BRH:6
end_of_record
TN:
SF:../../../../../app/web/src/pages/mainRoutesList.js
FNF:0
FNH:0
DA:14,311
LF:1
LH:1
BRF:0
BRH:0
end_of_record
TN:
SF:../../../../../app/web/src/pages/admin/AdminRoute.js
FN:8,(anonymous_0)
FN:12,(anonymous_1)
FN:39,(anonymous_2)
FNF:3
FNH:3
FNDA:32,(anonymous_0)
FNDA:32,(anonymous_1)
FNDA:62,(anonymous_2)
DA:8,311
DA:9,32
DA:13,32
DA:14,18
DA:15,18
DA:20,0
DA:22,14
DA:32,311
DA:39,311
LF:9
LH:8
BRDA:13,0,0,18
BRDA:13,0,1,14
BRDA:14,1,0,18
BRDA:14,1,1,0
BRF:4
BRH:3
end_of_record
TN:
SF:../../../../../app/web/src/pages/admin/ConfirmationDialog.js
FN:6,(anonymous_0)
FNF:1
FNH:1
FNDA:5,(anonymous_0)
DA:6,311
DA:11,5
DA:12,5
DA:42,311
LF:4
LH:4
BRDA:11,0,0,3
BRDA:11,0,1,2
BRDA:15,1,0,3
BRDA:15,1,1,2
BRF:4
BRH:4
end_of_record
TN:
SF:../../../../../app/web/src/pages/admin/ManageRoleDialog.js
FN:6,(anonymous_0)
FN:13,(anonymous_1)
FN:14,(anonymous_2)
FN:19,(anonymous_3)
FN:26,(anonymous_4)
FN:31,(anonymous_5)
FN:43,(anonymous_6)
FN:49,(anonymous_7)
FN:55,(anonymous_8)
FNF:9
FNH:9
FNDA:7,(anonymous_0)
FNDA:10,(anonymous_1)
FNDA:15,(anonymous_2)
FNDA:14,(anonymous_3)
FNDA:7,(anonymous_4)
FNDA:7,(anonymous_5)
FNDA:2,(anonymous_6)
FNDA:4,(anonymous_7)
FNDA:14,(anonymous_8)
DA:6,311
DA:13,7
DA:14,10
DA:15,15
DA:19,7
DA:20,14
DA:21,8
DA:23,6
DA:26,7
DA:27,7
DA:28,7
DA:31,7
DA:32,7
DA:33,7
DA:36,7
DA:39,7
DA:43,7
DA:44,2
DA:45,2
DA:46,2
DA:49,7
DA:52,4
DA:55,7
DA:56,14
DA:59,14
DA:60,14
DA:61,14
DA:62,14
DA:65,7
DA:71,7
DA:110,311
DA:118,311
LF:32
LH:32
BRDA:20,0,0,8
BRDA:20,0,1,6
BRDA:21,1,0,8
BRDA:21,1,1,0
BRDA:28,2,0,7
BRDA:28,2,1,0
BRDA:33,3,0,7
BRDA:33,3,1,0
BRF:8
BRH:5
end_of_record
TN:
SF:../../../../../app/web/src/pages/admin/fed-admin/DelegateStateAdminForm.js
FN:14,(anonymous_0)
FN:22,(anonymous_1)
FN:27,(anonymous_2)
FN:40,reducer
FN:56,(anonymous_4)
FN:57,(anonymous_5)
FN:63,(anonymous_6)
FN:67,(anonymous_7)
FN:70,(anonymous_8)
FN:73,(anonymous_9)
FN:92,(anonymous_10)
FN:103,(anonymous_11)
FN:115,(anonymous_12)
FN:127,(anonymous_13)
FN:140,(anonymous_14)
FN:164,(anonymous_15)
FN:185,(anonymous_16)
FNF:17
FNH:16
FNDA:17416,(anonymous_0)
FNDA:622,(anonymous_1)
FNDA:682,(anonymous_2)
FNDA:652,reducer
FNDA:446,(anonymous_4)
FNDA:2286,(anonymous_5)
FNDA:216,(anonymous_6)
FNDA:4,(anonymous_7)
FNDA:4,(anonymous_8)
FNDA:0,(anonymous_9)
FNDA:4,(anonymous_10)
FNDA:52,(anonymous_11)
FNDA:4,(anonymous_12)
FNDA:68,(anonymous_13)
FNDA:88,(anonymous_14)
FNDA:4,(anonymous_15)
FNDA:34,(anonymous_16)
DA:14,311
DA:15,17416
DA:20,311
DA:22,622
DA:27,311
DA:28,682
DA:29,678
DA:31,678
DA:41,652
DA:43,652
DA:48,0
DA:54,678
DA:56,678
DA:57,446
DA:58,2286
DA:60,446
DA:63,678
DA:64,216
DA:67,678
DA:68,4
DA:71,4
DA:74,0
DA:76,4
DA:77,4
DA:81,678
DA:93,4
DA:104,52
DA:116,4
DA:128,68
DA:141,88
DA:164,4
DA:181,311
DA:185,311
LF:33
LH:31
BRDA:32,0,0,678
BRDA:32,0,1,678
BRDA:33,1,0,678
BRDA:33,1,1,678
BRDA:34,2,0,678
BRDA:34,2,1,678
BRDA:35,3,0,678
BRDA:35,3,1,678
BRDA:36,4,0,678
BRDA:36,4,1,678
BRDA:37,5,0,678
BRDA:37,5,1,678
BRDA:41,6,0,652
BRDA:41,6,1,0
BRDA:76,7,0,4
BRDA:76,7,1,0
BRF:16
BRH:14
end_of_record
TN:
SF:../../../../../app/web/src/pages/admin/fed-admin/FederalAdmin.js
FN:19,(anonymous_0)
FN:40,(anonymous_1)
FN:41,(anonymous_2)
FN:51,(anonymous_3)
FN:52,(anonymous_4)
FN:62,(anonymous_5)
FN:66,(anonymous_6)
FN:70,(anonymous_7)
FN:74,(anonymous_8)
FN:79,(anonymous_9)
FN:81,(anonymous_10)
FN:101,(anonymous_11)
FN:106,(anonymous_12)
FN:110,(anonymous_13)
FN:118,(anonymous_14)
FN:120,(anonymous_15)
FN:131,(anonymous_16)
FN:132,(anonymous_17)
FN:138,(anonymous_18)
FN:140,(anonymous_19)
FN:279,(anonymous_20)
FNF:21
FNH:6
FNDA:128,(anonymous_0)
FNDA:36,(anonymous_1)
FNDA:36,(anonymous_2)
FNDA:36,(anonymous_3)
FNDA:36,(anonymous_4)
FNDA:0,(anonymous_5)
FNDA:0,(anonymous_6)
FNDA:0,(anonymous_7)
FNDA:0,(anonymous_8)
FNDA:0,(anonymous_9)
FNDA:0,(anonymous_10)
FNDA:0,(anonymous_11)
FNDA:0,(anonymous_12)
FNDA:0,(anonymous_13)
FNDA:0,(anonymous_14)
FNDA:0,(anonymous_15)
FNDA:0,(anonymous_16)
FNDA:0,(anonymous_17)
FNDA:0,(anonymous_18)
FNDA:0,(anonymous_19)
FNDA:101,(anonymous_20)
DA:19,311
DA:28,128
DA:29,128
DA:30,128
DA:32,128
DA:34,128
DA:36,128
DA:38,128
DA:40,128
DA:41,36
DA:42,36
DA:43,36
DA:44,36
DA:45,33
DA:50,128
DA:52,36
DA:53,36
DA:62,128
DA:63,0
DA:66,128
DA:68,0
DA:69,0
DA:70,0
DA:73,0
DA:74,0
DA:76,0
DA:79,128
DA:80,0
DA:82,0
DA:88,0
DA:90,0
DA:92,0
DA:98,0
DA:101,128
DA:102,0
DA:103,0
DA:106,128
DA:107,0
DA:110,128
DA:112,0
DA:113,0
DA:114,0
DA:115,0
DA:118,128
DA:120,128
DA:121,0
DA:122,0
DA:123,0
DA:131,128
DA:132,0
DA:133,0
DA:134,0
DA:138,128
DA:139,0
DA:140,0
DA:141,0
DA:142,0
DA:146,128
DA:259,311
DA:269,311
DA:273,311
DA:279,311
LF:62
LH:32
BRDA:42,0,0,36
BRDA:42,0,1,0
BRDA:68,1,0,0
BRDA:68,1,1,0
BRDA:73,2,0,0
BRDA:73,2,1,0
BRDA:121,3,0,0
BRDA:121,3,1,0
BRDA:122,4,0,0
BRDA:122,4,1,0
BRDA:139,5,0,0
BRDA:139,5,1,0
BRDA:153,6,0,128
BRDA:153,6,1,128
BRDA:183,7,0,128
BRDA:183,7,1,0
BRDA:214,8,0,128
BRDA:214,8,1,0
BRDA:236,9,0,128
BRDA:236,9,1,0
BRDA:246,10,0,128
BRDA:246,10,1,0
BRF:22
BRH:7
end_of_record
TN:
SF:../../../../../app/web/src/pages/admin/fed-admin/ManageAllUsersTable.js
FN:13,(anonymous_0)
FN:22,(anonymous_1)
FN:30,(anonymous_2)
FN:83,(anonymous_3)
FN:116,(anonymous_4)
FN:157,(anonymous_5)
FN:159,(anonymous_6)
FNF:7
FNH:6
FNDA:128,(anonymous_0)
FNDA:57,(anonymous_1)
FNDA:57,(anonymous_2)
FNDA:0,(anonymous_3)
FNDA:57,(anonymous_4)
FNDA:57,(anonymous_5)
FNDA:57,(anonymous_6)
DA:13,311
DA:20,128
DA:22,128
DA:23,57
DA:30,128
DA:31,57
DA:83,128
DA:84,0
DA:116,128
DA:119,57
DA:120,57
DA:122,57
DA:123,0
DA:125,57
DA:137,128
DA:158,57
DA:160,57
DA:161,57
DA:169,0
DA:186,311
DA:194,311
LF:21
LH:18
BRDA:24,0,0,57
BRDA:24,0,1,57
BRDA:34,1,0,0
BRDA:34,1,1,57
BRDA:64,2,0,0
BRDA:64,2,1,57
BRDA:69,3,0,0
BRDA:69,3,1,57
BRDA:87,4,0,0
BRDA:87,4,1,0
BRDA:96,5,0,0
BRDA:96,5,1,0
BRDA:101,6,0,0
BRDA:101,6,1,0
BRDA:119,7,0,57
BRDA:119,7,1,0
BRDA:122,8,0,0
BRDA:122,8,1,57
BRDA:132,9,0,57
BRDA:132,9,1,57
BRDA:139,10,0,128
BRDA:139,10,1,71
BRDA:140,11,0,128
BRDA:140,11,1,57
BRDA:140,11,2,0
BRDA:143,12,0,128
BRDA:143,12,1,57
BRDA:143,12,2,57
BRDA:151,13,0,0
BRDA:151,13,1,57
BRDA:152,14,0,0
BRDA:152,14,1,57
BRDA:160,15,0,57
BRDA:160,15,1,0
BRF:34
BRH:19
end_of_record
TN:
SF:../../../../../app/web/src/pages/admin/fed-admin/MatchStateAdminDialog.js
FN:10,(anonymous_0)
FN:15,(anonymous_1)
FN:16,(anonymous_2)
FN:25,(anonymous_3)
FN:40,(anonymous_4)
FN:42,(anonymous_5)
FN:47,(anonymous_6)
FN:58,(anonymous_7)
FN:61,(anonymous_8)
FNF:9
FNH:9
FNDA:42,(anonymous_0)
FNDA:6,(anonymous_1)
FNDA:6,(anonymous_2)
FNDA:6,(anonymous_3)
FNDA:6,(anonymous_4)
FNDA:9,(anonymous_5)
FNDA:3,(anonymous_6)
FNDA:84,(anonymous_7)
FNDA:108,(anonymous_8)
DA:10,311
DA:11,42
DA:12,42
DA:14,42
DA:16,6
DA:17,6
DA:19,6
DA:22,6
DA:25,6
DA:26,6
DA:31,6
DA:40,42
DA:41,6
DA:42,9
DA:44,6
DA:47,42
DA:48,3
DA:54,3
DA:57,42
DA:58,84
DA:61,42
DA:62,108
DA:68,42
DA:150,311
LF:24
LH:24
BRDA:27,0,0,6
BRDA:27,0,1,0
BRDA:115,1,0,21
BRDA:115,1,1,21
BRF:4
BRH:3
end_of_record
TN:
SF:../../../../../app/web/src/pages/admin/fed-admin/StateAdminLetters.js
FN:32,(anonymous_0)
FN:33,(anonymous_1)
FN:60,(anonymous_2)
FN:61,(anonymous_3)
FN:68,(anonymous_4)
FN:71,(anonymous_5)
FN:80,(anonymous_6)
FN:101,(anonymous_7)
FN:104,(anonymous_8)
FN:106,(anonymous_9)
FN:118,(anonymous_10)
FN:123,(anonymous_11)
FN:140,(anonymous_12)
FN:153,(anonymous_13)
FN:162,(anonymous_14)
FN:163,(anonymous_15)
FN:170,(anonymous_16)
FN:210,(anonymous_17)
FN:237,(anonymous_18)
FN:241,(anonymous_19)
FN:246,(anonymous_20)
FN:252,(anonymous_21)
FN:256,(anonymous_22)
FN:261,(anonymous_23)
FN:267,(anonymous_24)
FN:271,(anonymous_25)
FN:293,(anonymous_26)
FN:296,(anonymous_27)
FN:306,(anonymous_28)
FN:311,(anonymous_29)
FN:328,(anonymous_30)
FN:336,(anonymous_31)
FN:389,(anonymous_32)
FN:393,(anonymous_33)
FN:408,(anonymous_34)
FN:416,(anonymous_35)
FNF:36
FNH:32
FNDA:98,(anonymous_0)
FNDA:98,(anonymous_1)
FNDA:82,(anonymous_2)
FNDA:98,(anonymous_3)
FNDA:413,(anonymous_4)
FNDA:3,(anonymous_5)
FNDA:66,(anonymous_6)
FNDA:694,(anonymous_7)
FNDA:194,(anonymous_8)
FNDA:238,(anonymous_9)
FNDA:30,(anonymous_10)
FNDA:1241,(anonymous_11)
FNDA:2429,(anonymous_12)
FNDA:348,(anonymous_13)
FNDA:51,(anonymous_14)
FNDA:51,(anonymous_15)
FNDA:36,(anonymous_16)
FNDA:82,(anonymous_17)
FNDA:2,(anonymous_18)
FNDA:6,(anonymous_19)
FNDA:12,(anonymous_20)
FNDA:6,(anonymous_21)
FNDA:2,(anonymous_22)
FNDA:4,(anonymous_23)
FNDA:0,(anonymous_24)
FNDA:2,(anonymous_25)
FNDA:1735,(anonymous_26)
FNDA:1388,(anonymous_27)
FNDA:347,(anonymous_28)
FNDA:2429,(anonymous_29)
FNDA:619,(anonymous_30)
FNDA:4333,(anonymous_31)
FNDA:0,(anonymous_32)
FNDA:1735,(anonymous_33)
FNDA:0,(anonymous_34)
FNDA:0,(anonymous_35)
DA:32,311
DA:33,98
DA:34,98
DA:35,3
DA:37,95
DA:38,43
DA:40,52
DA:41,52
DA:43,0
DA:46,98
DA:60,311
DA:61,82
DA:62,98
DA:68,311
DA:69,413
DA:71,413
DA:72,3
DA:75,413
DA:81,66
DA:82,66
DA:90,311
DA:95,311
DA:101,311
DA:104,694
DA:105,194
DA:106,194
DA:107,238
DA:109,194
DA:112,694
DA:119,30
DA:124,1241
DA:132,311
DA:136,311
DA:140,311
DA:141,2429
DA:142,1388
DA:143,0
DA:144,0
DA:146,0
DA:148,1388
DA:150,1041
DA:153,311
DA:154,348
DA:156,347
DA:157,347
DA:159,347
DA:160,347
DA:162,347
DA:163,51
DA:164,51
DA:165,47
DA:169,347
DA:170,36
DA:210,347
DA:226,347
DA:237,347
DA:238,2
DA:241,347
DA:242,6
DA:245,6
DA:246,12
DA:248,6
DA:249,6
DA:252,347
DA:253,6
DA:256,347
DA:257,2
DA:260,2
DA:261,4
DA:263,2
DA:264,2
DA:267,347
DA:268,0
DA:271,347
DA:272,2
DA:277,1
DA:278,1
DA:282,347
DA:293,1735
DA:296,1388
DA:307,347
DA:312,2429
DA:329,619
DA:330,619
DA:337,4333
DA:338,619
DA:349,3714
DA:350,619
DA:368,3095
DA:390,0
DA:394,1735
DA:408,0
DA:416,0
DA:439,311
DA:445,311
LF:95
LH:87
BRDA:34,0,0,3
BRDA:34,0,1,95
BRDA:37,1,0,43
BRDA:37,1,1,52
BRDA:37,2,0,95
BRDA:37,2,1,95
BRDA:40,3,0,52
BRDA:40,3,1,0
BRDA:40,4,0,52
BRDA:40,4,1,52
BRDA:72,5,0,3
BRDA:72,5,1,0
BRDA:79,6,0,413
BRDA:79,6,1,341
BRDA:119,7,0,30
BRDA:119,7,1,12
BRDA:141,8,0,1388
BRDA:141,8,1,1041
BRDA:142,9,0,0
BRDA:142,9,1,1388
BRDA:143,10,0,0
BRDA:143,10,1,0
BRDA:277,11,0,1
BRDA:277,11,1,0
BRDA:337,12,0,619
BRDA:337,12,1,3714
BRDA:349,13,0,619
BRDA:349,13,1,3095
BRDA:352,14,0,619
BRDA:352,14,1,610
BRDA:360,15,0,619
BRDA:360,15,1,290
BRDA:422,16,0,347
BRDA:422,16,1,24
BRDA:428,17,0,347
BRDA:428,17,1,8
BRF:36
BRH:30
end_of_record
TN:
SF:../../../../../app/web/src/pages/admin/state-admin/ManageAccount.js
FN:18,(anonymous_0)
FN:32,(anonymous_1)
FN:33,(anonymous_2)
FN:41,(anonymous_3)
FN:48,(anonymous_4)
FN:99,(anonymous_5)
FNF:6
FNH:6
FNDA:42,(anonymous_0)
FNDA:18,(anonymous_1)
FNDA:18,(anonymous_2)
FNDA:6,(anonymous_3)
FNDA:2,(anonymous_4)
FNDA:62,(anonymous_5)
DA:18,311
DA:26,42
DA:28,42
DA:30,42
DA:32,42
DA:33,18
DA:34,18
DA:35,18
DA:36,18
DA:39,18
DA:41,42
DA:42,6
DA:43,4
DA:44,4
DA:48,42
DA:49,2
DA:50,2
DA:53,42
DA:54,0
DA:57,42
DA:65,42
DA:79,311
DA:84,311
DA:93,311
DA:99,311
LF:25
LH:24
BRDA:43,0,0,4
BRDA:43,0,1,0
BRDA:53,1,0,0
BRDA:53,1,1,42
BRDA:57,2,0,0
BRDA:57,2,1,42
BRDA:60,3,0,0
BRDA:60,3,1,42
BRDA:60,4,0,42
BRDA:60,4,1,0
BRDA:65,5,0,6
BRDA:65,5,1,36
BRF:12
BRH:7
end_of_record
TN:
SF:../../../../../app/web/src/pages/admin/state-admin/ManageUserTable.js
FN:12,(anonymous_0)
FN:21,(anonymous_1)
FN:48,(anonymous_2)
FNF:3
FNH:3
FNDA:141,(anonymous_0)
FNDA:393,(anonymous_1)
FNDA:393,(anonymous_2)
DA:12,311
DA:19,141
DA:21,141
DA:22,393
DA:29,141
DA:49,393
DA:76,311
DA:84,311
LF:8
LH:8
BRDA:23,0,0,393
BRDA:23,0,1,345
BRDA:23,0,2,345
BRDA:31,1,0,141
BRDA:31,1,1,36
BRDA:32,2,0,141
BRDA:32,2,1,105
BRDA:32,2,2,0
BRDA:35,3,0,141
BRDA:35,3,1,105
BRDA:35,3,2,105
BRDA:42,4,0,35
BRDA:42,4,1,70
BRDA:43,5,0,35
BRDA:43,5,1,70
BRDA:53,6,0,131
BRDA:53,6,1,262
BRDA:56,7,0,131
BRDA:56,7,1,262
BRDA:64,8,0,393
BRDA:64,8,1,345
BRF:21
BRH:20
end_of_record
TN:
SF:../../../../../app/web/src/pages/admin/state-admin/StateAdmin.js
FN:18,(anonymous_0)
FN:37,(anonymous_1)
FN:38,(anonymous_2)
FN:46,(anonymous_3)
FN:55,(anonymous_4)
FN:59,(anonymous_5)
FN:60,(anonymous_6)
FN:69,(anonymous_7)
FN:73,(anonymous_8)
FN:74,saveAffiliation
FN:82,(anonymous_10)
FN:88,(anonymous_11)
FN:93,(anonymous_12)
FN:102,(anonymous_13)
FN:106,(anonymous_14)
FN:109,saveAffiliation
FN:117,(anonymous_16)
FN:252,(anonymous_17)
FNF:18
FNH:18
FNDA:47,(anonymous_0)
FNDA:6,(anonymous_1)
FNDA:6,(anonymous_2)
FNDA:1,(anonymous_3)
FNDA:5,(anonymous_4)
FNDA:5,(anonymous_5)
FNDA:7,(anonymous_6)
FNDA:1,(anonymous_7)
FNDA:4,(anonymous_8)
FNDA:4,saveAffiliation
FNDA:4,(anonymous_10)
FNDA:4,(anonymous_11)
FNDA:13,(anonymous_12)
FNDA:2,(anonymous_13)
FNDA:2,(anonymous_14)
FNDA:2,saveAffiliation
FNDA:2,(anonymous_16)
FNDA:14,(anonymous_17)
DA:18,311
DA:27,47
DA:28,47
DA:29,47
DA:31,47
DA:33,47
DA:35,47
DA:37,47
DA:38,6
DA:39,6
DA:40,6
DA:41,6
DA:45,47
DA:47,1
DA:55,47
DA:56,5
DA:59,47
DA:60,5
DA:61,7
DA:65,5
DA:66,5
DA:69,47
DA:70,1
DA:73,47
DA:75,4
DA:82,4
DA:83,4
DA:84,4
DA:88,47
DA:90,4
DA:91,4
DA:93,4
DA:94,13
DA:98,4
DA:99,4
DA:102,47
DA:103,2
DA:106,47
DA:107,2
DA:110,2
DA:117,2
DA:118,2
DA:119,2
DA:123,47
DA:232,311
DA:242,311
DA:246,311
DA:252,311
LF:48
LH:48
BRDA:107,0,0,1
BRDA:107,0,1,1
BRDA:208,1,0,47
BRDA:208,1,1,5
BRDA:218,2,0,47
BRDA:218,2,1,5
BRF:6
BRH:6
end_of_record
TN:
SF:../../../../../app/web/src/pages/apd/ApdPageRoutes.js
FN:9,(anonymous_0)
FN:25,(anonymous_1)
FNF:2
FNH:2
FNDA:1296,(anonymous_0)
FNDA:11664,(anonymous_1)
DA:9,311
DA:10,1296
DA:12,1296
DA:26,11664
DA:35,311
DA:39,311
LF:6
LH:6
BRF:0
BRH:0
end_of_record
TN:
SF:../../../../../app/web/src/pages/apd/ApdReadOnly.js
FN:26,(anonymous_0)
FN:41,(anonymous_1)
FN:59,(anonymous_2)
FN:81,(anonymous_3)
FN:83,(anonymous_4)
FN:94,(anonymous_5)
FN:142,(anonymous_6)
FNF:7
FNH:7
FNDA:76,(anonymous_0)
FNDA:76,(anonymous_1)
FNDA:76,(anonymous_2)
FNDA:116,(anonymous_3)
FNDA:116,(anonymous_4)
FNDA:52,(anonymous_5)
FNDA:180,(anonymous_6)
DA:26,311
DA:35,76
DA:36,76
DA:37,76
DA:38,76
DA:40,76
DA:42,76
DA:43,0
DA:44,76
DA:45,0
DA:46,76
DA:47,0
DA:48,0
DA:50,76
DA:59,76
DA:60,76
DA:61,76
DA:65,76
DA:66,0
DA:73,76
DA:74,0
DA:81,116
DA:82,76
DA:83,116
DA:85,0
DA:88,76
DA:94,52
DA:127,311
DA:137,311
DA:142,311
DA:149,311
LF:31
LH:24
BRDA:36,0,0,76
BRDA:36,0,1,0
BRDA:42,1,0,0
BRDA:42,1,1,76
BRDA:42,2,0,76
BRDA:42,2,1,0
BRDA:44,3,0,0
BRDA:44,3,1,76
BRDA:44,4,0,76
BRDA:44,4,1,76
BRDA:46,5,0,0
BRDA:46,5,1,76
BRDA:46,6,0,76
BRDA:46,6,1,76
BRDA:46,6,2,76
BRDA:60,7,0,76
BRDA:60,7,1,0
BRDA:65,8,0,0
BRDA:65,8,1,76
BRDA:65,9,0,76
BRDA:65,9,1,76
BRDA:73,10,0,0
BRDA:73,10,1,76
BRDA:73,11,0,76
BRDA:73,11,1,76
BRDA:82,12,0,0
BRDA:82,12,1,76
BRF:27
BRH:18
end_of_record
TN:
SF:../../../../../app/web/src/pages/apd/apdRoutesList.js
FNF:0
FNH:0
DA:13,311
LF:1
LH:1
BRF:0
BRH:0
end_of_record
TN:
SF:../../../../../app/web/src/pages/apd/activities/ActivityRoutes.js
FN:7,(anonymous_0)
FN:12,(anonymous_1)
FNF:2
FNH:2
FNDA:3430,(anonymous_0)
FNDA:20580,(anonymous_1)
DA:7,311
DA:8,3430
DA:10,3430
DA:13,20580
DA:21,311
LF:5
LH:5
BRF:0
BRH:0
end_of_record
TN:
SF:../../../../../app/web/src/pages/apd/activities/activityRoutesList.js
FN:13,(anonymous_0)
FNF:1
FNH:1
FNDA:3430,(anonymous_0)
DA:13,3430
LF:1
LH:1
BRF:0
BRH:0
end_of_record
TN:
SF:../../../../../app/web/src/pages/apd/activities/activities-dashboard/ActivitiesDashboard.js
FN:14,(anonymous_0)
FN:22,(anonymous_1)
FN:42,(anonymous_2)
FNF:3
FNH:3
FNDA:44,(anonymous_0)
FNDA:64,(anonymous_1)
FNDA:156,(anonymous_2)
DA:14,311
DA:15,44
DA:16,44
DA:23,64
DA:37,311
DA:42,311
DA:46,311
LF:7
LH:7
BRF:0
BRH:0
end_of_record
TN:
SF:../../../../../app/web/src/pages/apd/activities/activities-dashboard/ActivitiesDashboardReadOnly.js
FN:8,(anonymous_0)
FN:13,(anonymous_1)
FNF:2
FNH:2
FNDA:76,(anonymous_0)
FNDA:116,(anonymous_1)
DA:8,311
DA:9,76
DA:14,116
DA:20,311
LF:4
LH:4
BRF:0
BRH:0
end_of_record
TN:
SF:../../../../../app/web/src/pages/apd/activities/activities-dashboard/Activity.js
FN:14,(anonymous_0)
FN:27,(anonymous_1)
FN:39,(anonymous_2)
FN:45,(anonymous_3)
FN:68,(anonymous_4)
FN:100,(anonymous_5)
FN:123,(anonymous_6)
FNF:7
FNH:6
FNDA:44,(anonymous_0)
FNDA:48,(anonymous_1)
FNDA:4,(anonymous_2)
FNDA:44,(anonymous_3)
FNDA:4,(anonymous_4)
FNDA:0,(anonymous_5)
FNDA:180,(anonymous_6)
DA:14,311
DA:15,44
DA:16,44
DA:17,32
DA:19,12
DA:21,44
DA:22,32
DA:24,44
DA:27,311
DA:35,48
DA:37,48
DA:39,48
DA:40,4
DA:41,4
DA:44,48
DA:45,44
DA:50,48
DA:68,4
DA:77,48
DA:100,0
DA:109,311
DA:118,311
DA:123,311
DA:124,180
DA:127,180
DA:130,311
LF:26
LH:25
BRDA:16,0,0,32
BRDA:16,0,1,12
BRDA:21,1,0,32
BRDA:21,1,1,12
BRDA:60,2,0,48
BRDA:60,2,1,20
BRDA:81,3,0,28
BRDA:81,3,1,20
BRDA:97,4,0,48
BRDA:97,4,1,4
BRF:10
BRH:10
end_of_record
TN:
SF:../../../../../app/web/src/pages/apd/activities/activities-dashboard/ActivityListReadOnly.js
FN:5,(anonymous_0)
FN:6,(anonymous_1)
FN:21,(anonymous_2)
FNF:3
FNH:3
FNDA:76,(anonymous_0)
FNDA:116,(anonymous_1)
FNDA:116,(anonymous_2)
DA:5,311
DA:6,76
DA:7,116
DA:17,76
DA:22,116
DA:29,311
LF:6
LH:6
BRDA:10,0,0,116
BRDA:10,0,1,0
BRDA:11,1,0,116
BRDA:11,1,1,0
BRF:4
BRH:2
end_of_record
TN:
SF:../../../../../app/web/src/pages/apd/activities/activities-dashboard/ActivityReadOnly.js
FN:10,(anonymous_0)
FN:12,(anonymous_1)
FN:13,(anonymous_2)
FN:26,(anonymous_3)
FN:38,(anonymous_4)
FN:54,(anonymous_5)
FN:64,(anonymous_6)
FN:76,(anonymous_7)
FN:86,(anonymous_8)
FN:96,(anonymous_9)
FN:126,(anonymous_10)
FN:236,(anonymous_11)
FN:248,(anonymous_12)
FN:260,(anonymous_13)
FN:270,(anonymous_14)
FN:292,(anonymous_15)
FN:293,(anonymous_16)
FNF:17
FNH:17
FNDA:232,(anonymous_0)
FNDA:116,(anonymous_1)
FNDA:110,(anonymous_2)
FNDA:216,(anonymous_3)
FNDA:110,(anonymous_4)
FNDA:110,(anonymous_5)
FNDA:220,(anonymous_6)
FNDA:110,(anonymous_7)
FNDA:220,(anonymous_8)
FNDA:110,(anonymous_9)
FNDA:220,(anonymous_10)
FNDA:110,(anonymous_11)
FNDA:110,(anonymous_12)
FNDA:110,(anonymous_13)
FNDA:110,(anonymous_14)
FNDA:232,(anonymous_15)
FNDA:232,(anonymous_16)
DA:10,311
DA:12,311
DA:13,116
DA:14,110
DA:27,216
DA:38,116
DA:39,110
DA:54,116
DA:55,110
DA:65,220
DA:76,116
DA:77,110
DA:87,220
DA:96,116
DA:97,110
DA:127,220
DA:148,116
DA:237,110
DA:249,110
DA:260,110
DA:271,110
DA:292,232
DA:294,232
DA:332,311
LF:24
LH:24
BRDA:18,0,0,110
BRDA:18,0,1,0
BRDA:23,1,0,110
BRDA:23,1,1,0
BRDA:28,2,0,216
BRDA:28,2,1,0
BRDA:43,3,0,110
BRDA:43,3,1,0
BRDA:48,4,0,110
BRDA:48,4,1,0
BRDA:59,5,0,110
BRDA:59,5,1,0
BRDA:67,6,0,0
BRDA:67,6,1,220
BRDA:67,7,0,220
BRDA:67,7,1,220
BRDA:81,8,0,110
BRDA:81,8,1,0
BRDA:102,9,0,110
BRDA:102,9,1,0
BRDA:105,10,0,110
BRDA:105,10,1,70
BRDA:105,10,2,40
BRDA:113,11,0,110
BRDA:113,11,1,0
BRDA:129,12,0,220
BRDA:129,12,1,140
BRDA:129,12,2,80
BRDA:152,13,0,116
BRDA:152,13,1,0
BRDA:155,14,0,116
BRDA:155,14,1,50
BRDA:161,15,0,116
BRDA:161,15,1,0
BRDA:165,16,0,116
BRDA:165,16,1,0
BRDA:173,17,0,116
BRDA:173,17,1,0
BRDA:178,18,0,116
BRDA:178,18,1,50
BRDA:182,19,0,116
BRDA:182,19,1,0
BRDA:193,20,0,66
BRDA:193,20,1,50
BRDA:213,21,0,0
BRDA:213,21,1,116
BRDA:225,22,0,116
BRDA:225,22,1,0
BRDA:230,23,0,116
BRDA:230,23,1,46
BRDA:235,24,0,116
BRDA:235,24,1,46
BRDA:242,25,0,116
BRDA:242,25,1,0
BRDA:247,26,0,116
BRDA:247,26,1,46
BRDA:254,27,0,116
BRDA:254,27,1,0
BRDA:259,28,0,116
BRDA:259,28,1,46
BRDA:264,29,0,116
BRDA:264,29,1,0
BRDA:269,30,0,116
BRDA:269,30,1,46
BRDA:276,31,0,116
BRDA:276,31,1,0
BRDA:285,32,0,116
BRDA:285,32,1,50
BRDA:300,33,0,232
BRDA:300,33,1,100
BRDA:306,34,0,232
BRDA:306,34,1,0
BRDA:317,35,0,116
BRDA:317,35,1,0
BRF:74
BRH:51
end_of_record
TN:
SF:../../../../../app/web/src/pages/apd/activities/contractor-costs/ContractorResources.js
FN:20,(anonymous_0)
FN:28,(anonymous_1)
FN:32,(anonymous_2)
FN:37,(anonymous_3)
FN:41,(anonymous_4)
FN:72,(anonymous_5)
FNF:6
FNH:6
FNDA:132,(anonymous_0)
FNDA:60,(anonymous_1)
FNDA:32,(anonymous_2)
FNDA:8,(anonymous_3)
FNDA:8,(anonymous_4)
FNDA:168,(anonymous_5)
DA:20,311
DA:26,132
DA:28,132
DA:29,60
DA:32,132
DA:33,32
DA:34,32
DA:37,132
DA:38,8
DA:41,132
DA:42,8
DA:44,132
DA:65,311
DA:72,311
DA:77,311
LF:15
LH:15
BRF:0
BRH:0
end_of_record
TN:
SF:../../../../../app/web/src/pages/apd/activities/contractor-costs/ContractorResource/ContractorResourceForm.js
FN:17,(anonymous_0)
FN:26,(anonymous_1)
FN:33,(anonymous_2)
FN:69,(anonymous_3)
FN:75,(anonymous_4)
FN:96,(anonymous_5)
FN:122,(anonymous_6)
FN:127,(anonymous_7)
FN:144,(anonymous_8)
FN:152,(anonymous_9)
FN:153,(anonymous_10)
FN:166,(anonymous_11)
FN:171,(anonymous_12)
FN:172,(anonymous_13)
FN:187,(anonymous_14)
FN:205,(anonymous_15)
FN:223,(anonymous_16)
FN:231,(anonymous_17)
FN:239,(anonymous_18)
FN:255,(anonymous_19)
FN:264,(anonymous_20)
FN:309,(anonymous_21)
FN:324,(anonymous_22)
FN:333,(anonymous_23)
FN:338,(anonymous_24)
FNF:25
FNH:25
FNDA:536,(anonymous_0)
FNDA:28,(anonymous_1)
FNDA:268,(anonymous_2)
FNDA:68,(anonymous_3)
FNDA:28,(anonymous_4)
FNDA:812,(anonymous_5)
FNDA:296,(anonymous_6)
FNDA:28,(anonymous_7)
FNDA:452,(anonymous_8)
FNDA:184,(anonymous_9)
FNDA:32,(anonymous_10)
FNDA:452,(anonymous_11)
FNDA:184,(anonymous_12)
FNDA:32,(anonymous_13)
FNDA:384,(anonymous_14)
FNDA:268,(anonymous_15)
FNDA:536,(anonymous_16)
FNDA:268,(anonymous_17)
FNDA:44,(anonymous_18)
FNDA:284,(anonymous_19)
FNDA:60,(anonymous_20)
FNDA:28,(anonymous_21)
FNDA:432,(anonymous_22)
FNDA:104,(anonymous_23)
FNDA:272,(anonymous_24)
DA:17,311
DA:18,536
DA:19,16
DA:20,16
DA:21,0
DA:23,520
DA:26,311
DA:27,28
DA:28,20
DA:29,0
DA:32,311
DA:34,268
DA:44,268
DA:52,268
DA:67,268
DA:69,268
DA:70,68
DA:73,268
DA:75,268
DA:76,28
DA:77,28
DA:84,268
DA:97,812
DA:123,296
DA:128,28
DA:148,452
DA:152,184
DA:154,32
DA:155,32
DA:156,4
DA:167,452
DA:171,184
DA:173,32
DA:174,32
DA:175,32
DA:188,384
DA:213,268
DA:224,536
DA:234,268
DA:240,44
DA:241,44
DA:246,44
DA:258,284
DA:265,60
DA:266,60
DA:271,60
DA:310,28
DA:311,28
DA:312,28
DA:313,28
DA:325,432
DA:334,104
DA:339,272
DA:362,311
DA:380,311
LF:55
LH:53
BRDA:18,0,0,16
BRDA:18,0,1,520
BRDA:19,1,0,0
BRDA:19,1,1,16
BRDA:20,2,0,16
BRDA:20,2,1,0
BRDA:27,3,0,8
BRDA:27,3,1,20
BRDA:28,4,0,20
BRDA:28,4,1,0
BRDA:155,5,0,4
BRDA:155,5,1,28
BRDA:174,6,0,32
BRDA:174,6,1,0
BRDA:279,7,0,536
BRDA:279,7,1,0
BRDA:279,7,2,0
BRDA:287,8,0,536
BRDA:287,8,1,0
BRDA:287,8,2,0
BRDA:312,9,0,0
BRDA:312,9,1,28
BRDA:313,10,0,0
BRDA:313,10,1,28
BRDA:322,11,0,216
BRDA:322,11,1,52
BRDA:322,12,0,268
BRDA:322,12,1,148
BRDA:322,12,2,148
BRF:29
BRH:19
end_of_record
TN:
SF:../../../../../app/web/src/pages/apd/activities/contractor-costs/ContractorResource/ContractorResourceReview.js
FN:7,(anonymous_0)
FN:13,(anonymous_1)
FN:16,(anonymous_2)
FN:49,(anonymous_3)
FNF:4
FNH:4
FNDA:156,(anonymous_0)
FNDA:64,(anonymous_1)
FNDA:64,(anonymous_2)
FNDA:312,(anonymous_3)
DA:7,311
DA:13,156
DA:15,156
DA:16,64
DA:20,156
DA:50,312
DA:74,311
DA:90,311
LF:8
LH:8
BRDA:23,0,0,156
BRDA:23,0,1,56
BRDA:30,1,0,156
BRDA:30,1,1,56
BRDA:37,2,0,156
BRDA:37,2,1,56
BRDA:50,3,0,184
BRDA:50,3,1,128
BRDA:50,4,0,312
BRDA:50,4,1,312
BRF:10
BRH:10
end_of_record
TN:
SF:../../../../../app/web/src/pages/apd/activities/contractor-costs/ContractorResource/index.js
FNF:0
FNH:0
LF:0
LH:0
BRF:0
BRH:0
end_of_record
TN:
SF:../../../../../app/web/src/pages/apd/activities/cost-allocation/CostAllocateFFPQuarterly.js
FN:24,(anonymous_0)
FN:35,(anonymous_1)
FN:36,(anonymous_2)
FN:42,(anonymous_3)
FN:43,(anonymous_4)
FN:62,(anonymous_5)
FN:83,(anonymous_6)
FN:109,(anonymous_7)
FN:126,(anonymous_8)
FN:152,(anonymous_9)
FN:170,(anonymous_10)
FN:204,(anonymous_11)
FN:206,(anonymous_12)
FNF:13
FNH:13
FNDA:1948,(anonymous_0)
FNDA:6864,(anonymous_1)
FNDA:384,(anonymous_2)
FNDA:6864,(anonymous_3)
FNDA:384,(anonymous_4)
FNDA:7792,(anonymous_5)
FNDA:7792,(anonymous_6)
FNDA:7792,(anonymous_7)
FNDA:7792,(anonymous_8)
FNDA:7792,(anonymous_9)
FNDA:7792,(anonymous_10)
FNDA:284,(anonymous_11)
FNDA:3572,(anonymous_12)
DA:17,311
DA:18,311
DA:24,311
DA:35,1948
DA:36,6864
DA:37,384
DA:38,384
DA:42,1948
DA:43,6864
DA:44,384
DA:45,384
DA:49,1948
DA:50,0
DA:53,1948
DA:63,7792
DA:84,7792
DA:110,7792
DA:127,7792
DA:153,7792
DA:171,7792
DA:189,311
DA:200,311
DA:204,311
DA:205,284
DA:206,284
DA:207,3572
DA:208,284
DA:211,311
LF:28
LH:27
BRDA:49,0,0,0
BRDA:49,0,1,1948
BRDA:85,1,0,928
BRDA:85,1,1,6864
BRDA:128,2,0,928
BRDA:128,2,1,6864
BRF:6
BRH:5
end_of_record
TN:
SF:../../../../../app/web/src/pages/apd/activities/cost-allocation/CostAllocationRows.js
FN:5,(anonymous_0)
FN:6,(anonymous_1)
FN:27,(anonymous_2)
FNF:3
FNH:3
FNDA:38340,(anonymous_0)
FNDA:54416,(anonymous_1)
FNDA:8692,(anonymous_2)
DA:5,311
DA:6,38340
DA:7,54416
DA:23,311
DA:27,311
DA:28,8692
DA:148,311
DA:160,311
LF:8
LH:8
BRDA:7,0,0,54416
BRDA:7,0,1,0
BRDA:8,1,0,54416
BRDA:8,1,1,0
BRDA:10,2,0,54416
BRDA:10,2,1,29172
BRDA:13,3,0,54416
BRDA:13,3,1,29172
BRDA:16,4,0,54416
BRDA:16,4,1,29172
BRDA:29,5,0,8692
BRDA:29,5,1,8692
BRDA:36,6,0,8692
BRDA:36,6,1,0
BRDA:50,7,0,8692
BRDA:50,7,1,8692
BRDA:67,8,0,8692
BRDA:67,8,1,0
BRDA:79,9,0,8692
BRDA:79,9,1,8692
BRDA:96,10,0,8692
BRDA:96,10,1,0
BRDA:108,11,0,8692
BRDA:108,11,1,8692
BRDA:125,12,0,8692
BRDA:125,12,1,0
BRDA:134,13,0,8692
BRDA:134,13,1,8692
BRDA:139,14,0,8692
BRDA:139,14,1,0
BRF:30
BRH:23
end_of_record
TN:
SF:../../../../../app/web/src/pages/apd/activities/cost-allocation/CostAllocation/CostAllocate.js
FN:11,(anonymous_0)
FN:15,(anonymous_1)
FN:48,(anonymous_2)
FNF:3
FNH:3
FNDA:172,(anonymous_0)
FNDA:12,(anonymous_1)
FNDA:280,(anonymous_2)
DA:11,311
DA:14,172
DA:15,172
DA:17,172
DA:42,311
DA:48,311
DA:49,280
DA:54,311
LF:8
LH:8
BRF:0
BRH:0
end_of_record
TN:
SF:../../../../../app/web/src/pages/apd/activities/cost-allocation/CostAllocation/OtherFunding.js
FN:24,(anonymous_0)
FN:35,(anonymous_1)
FN:35,(anonymous_2)
FN:38,(anonymous_3)
FN:38,(anonymous_4)
FN:45,(anonymous_5)
FN:122,(anonymous_6)
FNF:7
FNH:7
FNDA:280,(anonymous_0)
FNDA:560,(anonymous_1)
FNDA:120,(anonymous_2)
FNDA:560,(anonymous_3)
FNDA:24,(anonymous_4)
FNDA:560,(anonymous_5)
FNDA:280,(anonymous_6)
DA:24,311
DA:32,280
DA:33,280
DA:35,560
DA:36,120
DA:38,560
DA:40,280
DA:46,560
DA:113,311
DA:122,311
DA:131,280
DA:132,280
DA:139,311
LF:13
LH:13
BRDA:79,0,0,560
BRDA:79,0,1,260
BRDA:125,1,0,280
BRDA:126,2,0,280
BRDA:127,3,0,280
BRDA:128,4,0,280
BRF:6
BRH:6
end_of_record
TN:
SF:../../../../../app/web/src/pages/apd/activities/cost-allocation/CostAllocation/index.js
FN:7,(anonymous_0)
FNF:1
FNH:1
FNDA:280,(anonymous_0)
DA:7,311
DA:8,280
DA:14,311
LF:3
LH:3
BRF:0
BRH:0
end_of_record
TN:
SF:../../../../../app/web/src/pages/apd/activities/ffp/CostAllocateFFP.js
FN:24,(anonymous_0)
FN:33,(anonymous_1)
FN:44,(anonymous_2)
FN:99,(anonymous_3)
FN:110,(anonymous_4)
FN:110,(anonymous_5)
FN:124,(anonymous_6)
FN:339,(anonymous_7)
FNF:8
FNH:8
FNDA:1786,(anonymous_0)
FNDA:3572,(anonymous_1)
FNDA:3474,(anonymous_2)
FNDA:1786,(anonymous_3)
FNDA:3340,(anonymous_4)
FNDA:64,(anonymous_5)
FNDA:3572,(anonymous_6)
FNDA:1946,(anonymous_7)
DA:24,311
DA:30,1786
DA:31,1786
DA:33,1786
DA:34,3572
DA:36,3572
DA:37,3474
DA:40,3572
DA:41,3572
DA:44,1786
DA:45,3474
DA:46,0
DA:49,0
DA:51,3474
DA:53,3474
DA:56,1786
DA:57,1786
DA:58,0
DA:61,0
DA:64,1786
DA:92,311
DA:99,311
DA:110,3340
DA:111,64
DA:112,64
DA:115,1786
DA:117,1786
DA:125,3572
DA:323,311
DA:335,311
DA:339,311
DA:350,1946
DA:351,1946
DA:353,1946
DA:363,311
LF:35
LH:31
BRDA:36,0,0,3474
BRDA:36,0,1,98
BRDA:45,1,0,0
BRDA:45,1,1,3474
BRDA:57,2,0,0
BRDA:57,2,1,1786
BRDA:119,3,0,116
BRDA:119,3,1,1670
BRDA:146,4,0,3572
BRDA:146,4,1,232
BRDA:193,5,0,3572
BRDA:193,5,1,3340
BRDA:280,6,0,3572
BRDA:280,6,1,3340
BRDA:290,7,0,3572
BRDA:290,7,1,232
BRDA:342,8,0,1946
BRDA:343,9,0,1946
BRDA:344,10,0,1946
BRDA:345,11,0,1946
BRDA:346,12,0,1946
BRDA:347,13,0,1946
BRDA:355,14,0,1946
BRDA:355,14,1,0
BRF:24
BRH:21
end_of_record
TN:
SF:../../../../../app/web/src/pages/apd/activities/oms/Milestones.js
FN:15,(anonymous_0)
FN:18,(anonymous_1)
FN:22,(anonymous_2)
FN:27,(anonymous_3)
FN:31,(anonymous_4)
FN:64,(anonymous_5)
FNF:6
FNH:6
FNDA:172,(anonymous_0)
FNDA:60,(anonymous_1)
FNDA:32,(anonymous_2)
FNDA:8,(anonymous_3)
FNDA:8,(anonymous_4)
FNDA:324,(anonymous_5)
DA:15,311
DA:16,172
DA:18,172
DA:19,60
DA:22,172
DA:23,32
DA:24,32
DA:27,172
DA:28,8
DA:31,172
DA:32,8
DA:35,172
DA:58,311
DA:64,324
DA:68,311
LF:15
LH:15
BRF:0
BRH:0
end_of_record
TN:
SF:../../../../../app/web/src/pages/apd/activities/oms/Outcomes.js
FN:17,(anonymous_0)
FN:20,(anonymous_1)
FN:24,(anonymous_2)
FN:29,(anonymous_3)
FN:33,(anonymous_4)
FN:65,(anonymous_5)
FNF:6
FNH:6
FNDA:140,(anonymous_0)
FNDA:64,(anonymous_1)
FNDA:32,(anonymous_2)
FNDA:8,(anonymous_3)
FNDA:8,(anonymous_4)
FNDA:324,(anonymous_5)
DA:17,311
DA:18,140
DA:20,140
DA:21,64
DA:24,140
DA:25,32
DA:26,32
DA:29,140
DA:30,8
DA:33,140
DA:34,8
DA:37,140
DA:59,311
DA:65,324
DA:69,311
LF:15
LH:15
BRF:0
BRH:0
end_of_record
TN:
SF:../../../../../app/web/src/pages/apd/activities/oms/Milestone/MilestoneForm.js
FN:16,(anonymous_0)
FN:35,(anonymous_1)
FN:39,(anonymous_2)
FN:60,(anonymous_3)
FN:76,(anonymous_4)
FN:84,(anonymous_5)
FN:85,(anonymous_6)
FNF:7
FNH:7
FNDA:68,(anonymous_0)
FNDA:68,(anonymous_1)
FNDA:28,(anonymous_2)
FNDA:1104,(anonymous_3)
FNDA:248,(anonymous_4)
FNDA:180,(anonymous_5)
FNDA:28,(anonymous_6)
DA:15,311
DA:17,68
DA:18,68
DA:25,68
DA:35,68
DA:36,68
DA:39,68
DA:40,28
DA:41,28
DA:47,68
DA:61,1104
DA:80,248
DA:84,180
DA:86,28
DA:87,28
DA:88,0
DA:107,311
DA:118,311
LF:18
LH:17
BRDA:87,0,0,0
BRDA:87,0,1,28
BRF:2
BRH:1
end_of_record
TN:
SF:../../../../../app/web/src/pages/apd/activities/oms/Milestone/MilestoneReview.js
FN:6,(anonymous_0)
FN:12,(anonymous_1)
FNF:2
FNH:2
FNDA:160,(anonymous_0)
FNDA:64,(anonymous_1)
DA:6,311
DA:12,160
DA:14,160
DA:30,311
DA:40,311
LF:5
LH:5
BRDA:16,0,0,160
BRDA:16,0,1,56
BRDA:20,1,0,160
BRDA:20,1,1,56
BRF:4
BRH:4
end_of_record
TN:
SF:../../../../../app/web/src/pages/apd/activities/oms/Milestone/index.js
FNF:0
FNH:0
LF:0
LH:0
BRF:0
BRH:0
end_of_record
TN:
SF:../../../../../app/web/src/pages/apd/activities/oms/OutcomesAndMetrics/OutcomeAndMetricForm.js
FN:18,(anonymous_0)
FN:40,(anonymous_1)
FN:49,reducer
FN:88,(anonymous_3)
FN:96,(anonymous_4)
FN:105,(anonymous_5)
FN:109,(anonymous_6)
FN:113,(anonymous_7)
FN:139,(anonymous_8)
FN:148,(anonymous_9)
FN:157,(anonymous_10)
FN:161,(anonymous_11)
FN:178,(anonymous_12)
FN:189,(anonymous_13)
FN:211,(anonymous_14)
FNF:15
FNH:15
FNDA:4024,(anonymous_0)
FNDA:192,(anonymous_1)
FNDA:3856,reducer
FNDA:1736,(anonymous_3)
FNDA:32,(anonymous_4)
FNDA:60,(anonymous_5)
FNDA:4,(anonymous_6)
FNDA:2028,(anonymous_7)
FNDA:4024,(anonymous_8)
FNDA:1736,(anonymous_9)
FNDA:3520,(anonymous_10)
FNDA:4,(anonymous_11)
FNDA:3520,(anonymous_12)
FNDA:2028,(anonymous_13)
FNDA:60,(anonymous_14)
DA:17,311
DA:19,4024
DA:20,4024
DA:25,4024
DA:35,4024
DA:40,4024
DA:41,192
DA:44,4024
DA:50,3856
DA:52,1764
DA:57,60
DA:63,4
DA:64,4
DA:65,4
DA:71,2028
DA:72,2028
DA:74,2028
DA:80,0
DA:86,4024
DA:88,4024
DA:89,1736
DA:96,4024
DA:97,32
DA:98,32
DA:102,32
DA:105,4024
DA:106,60
DA:109,4024
DA:110,4
DA:113,4024
DA:114,2028
DA:121,4024
DA:140,4024
DA:149,1736
DA:150,1736
DA:158,3520
DA:162,4
DA:163,4
DA:179,3520
DA:190,2028
DA:191,2028
DA:212,60
DA:213,60
DA:214,60
DA:232,311
DA:243,311
LF:46
LH:45
BRDA:50,0,0,1764
BRDA:50,0,1,60
BRDA:50,0,2,4
BRDA:50,0,3,2028
BRDA:50,0,4,0
BRDA:167,1,0,3520
BRDA:167,1,1,2204
BRDA:194,2,0,3520
BRDA:194,2,1,0
BRF:9
BRH:7
end_of_record
TN:
SF:../../../../../app/web/src/pages/apd/activities/oms/OutcomesAndMetrics/OutcomeAndMetricReview.js
FN:5,(anonymous_0)
FN:25,(anonymous_1)
FNF:2
FNH:2
FNDA:168,(anonymous_0)
FNDA:212,(anonymous_1)
DA:5,311
DA:11,168
DA:26,212
DA:36,311
DA:46,311
LF:5
LH:5
BRDA:14,0,0,168
BRDA:14,0,1,56
BRDA:19,1,0,168
BRDA:19,1,1,56
BRDA:21,2,0,112
BRDA:21,2,1,56
BRDA:27,3,0,212
BRDA:27,3,1,0
BRF:8
BRH:7
end_of_record
TN:
SF:../../../../../app/web/src/pages/apd/activities/oms/OutcomesAndMetrics/index.js
FNF:0
FNH:0
LF:0
LH:0
BRF:0
BRH:0
end_of_record
TN:
SF:../../../../../app/web/src/pages/apd/activities/overview/ActivityOverview.js
FN:9,(anonymous_0)
FN:28,(anonymous_1)
FN:32,(anonymous_2)
FNF:3
FNH:3
FNDA:3430,(anonymous_0)
FNDA:5794,(anonymous_1)
FNDA:11136,(anonymous_2)
DA:9,311
DA:10,3430
DA:12,3430
DA:24,311
DA:28,311
DA:32,11136
LF:6
LH:6
BRDA:16,0,0,3430
BRDA:16,0,1,32
BRF:2
BRH:2
end_of_record
TN:
SF:../../../../../app/web/src/pages/apd/activities/overview/Overview.js
FN:23,(anonymous_0)
FN:48,(anonymous_1)
FN:55,(anonymous_2)
FN:63,(anonymous_3)
FN:71,(anonymous_4)
FN:84,(anonymous_5)
FN:97,(anonymous_6)
FN:105,(anonymous_7)
FN:142,(anonymous_8)
FN:146,(anonymous_9)
FN:184,(anonymous_10)
FN:190,(anonymous_11)
FN:217,(anonymous_12)
FN:237,(anonymous_13)
FNF:14
FNH:14
FNDA:456,(anonymous_0)
FNDA:20,(anonymous_1)
FNDA:20,(anonymous_2)
FNDA:20,(anonymous_3)
FNDA:28,(anonymous_4)
FNDA:28,(anonymous_5)
FNDA:20,(anonymous_6)
FNDA:20,(anonymous_7)
FNDA:468,(anonymous_8)
FNDA:12,(anonymous_9)
FNDA:468,(anonymous_10)
FNDA:12,(anonymous_11)
FNDA:12,(anonymous_12)
FNDA:676,(anonymous_13)
DA:23,311
DA:31,456
DA:33,456
DA:39,456
DA:48,456
DA:49,20
DA:50,20
DA:54,456
DA:56,20
DA:62,456
DA:64,20
DA:70,456
DA:72,28
DA:83,456
DA:85,28
DA:96,456
DA:98,20
DA:104,456
DA:106,20
DA:112,456
DA:143,468
DA:147,12
DA:148,12
DA:150,12
DA:151,12
DA:185,468
DA:191,12
DA:192,12
DA:194,12
DA:195,12
DA:218,12
DA:228,311
DA:237,311
DA:238,676
DA:244,311
LF:35
LH:35
BRDA:49,0,0,20
BRDA:49,0,1,0
BRDA:74,1,0,4
BRDA:74,1,1,24
BRDA:87,2,0,4
BRDA:87,2,1,24
BRDA:118,3,0,104
BRDA:118,3,1,352
BRDA:120,4,0,104
BRDA:120,4,1,0
BRDA:150,5,0,12
BRDA:150,5,1,0
BRDA:158,6,0,456
BRDA:158,6,1,412
BRDA:178,7,0,456
BRDA:178,7,1,84
BRDA:194,8,0,12
BRDA:194,8,1,0
BRF:18
BRH:14
end_of_record
TN:
SF:../../../../../app/web/src/pages/apd/activities/overview/Schedule.js
FN:18,(anonymous_0)
FN:41,(anonymous_1)
FN:47,(anonymous_2)
FN:62,(anonymous_3)
FN:70,(anonymous_4)
FN:84,(anonymous_5)
FN:89,(anonymous_6)
FN:126,(anonymous_7)
FNF:8
FNH:8
FNDA:596,(anonymous_0)
FNDA:20,(anonymous_1)
FNDA:164,(anonymous_2)
FNDA:676,(anonymous_3)
FNDA:80,(anonymous_4)
FNDA:680,(anonymous_5)
FNDA:84,(anonymous_6)
FNDA:676,(anonymous_7)
DA:18,311
DA:25,596
DA:27,596
DA:33,596
DA:41,596
DA:42,20
DA:43,20
DA:47,596
DA:48,164
DA:49,72
DA:50,92
DA:51,92
DA:55,596
DA:66,676
DA:71,80
DA:72,80
DA:74,80
DA:85,680
DA:90,84
DA:91,84
DA:93,84
DA:118,311
DA:126,676
DA:131,311
LF:24
LH:24
BRDA:35,0,0,596
BRDA:35,0,1,220
BRDA:36,1,0,596
BRDA:36,1,1,380
BRDA:42,2,0,20
BRDA:42,2,1,0
BRDA:48,3,0,72
BRDA:48,3,1,92
BRDA:48,4,0,164
BRDA:48,4,1,164
BRDA:50,5,0,92
BRDA:50,5,1,0
BRDA:50,6,0,92
BRDA:50,6,1,92
BRF:14
BRH:12
end_of_record
TN:
SF:../../../../../app/web/src/pages/apd/activities/overview/StandardsAndConditions.js
FN:18,(anonymous_0)
FN:42,(anonymous_1)
FN:71,(anonymous_2)
FN:77,(anonymous_3)
FN:97,(anonymous_4)
FN:116,(anonymous_5)
FNF:6
FNH:5
FNDA:444,(anonymous_0)
FNDA:20,(anonymous_1)
FNDA:456,(anonymous_2)
FNDA:12,(anonymous_3)
FNDA:0,(anonymous_4)
FNDA:676,(anonymous_5)
DA:18,311
DA:25,444
DA:28,444
DA:34,444
DA:42,444
DA:43,20
DA:44,20
DA:48,444
DA:72,456
DA:78,12
DA:79,12
DA:81,12
DA:82,12
DA:98,0
DA:108,311
DA:116,676
DA:121,311
LF:17
LH:16
BRDA:27,0,0,0
BRDA:27,1,0,0
BRDA:43,2,0,20
BRDA:43,2,1,0
BRDA:81,3,0,12
BRDA:81,3,1,0
BRF:6
BRH:2
end_of_record
TN:
SF:../../../../../app/web/src/pages/apd/activities/overview/NameAndFundingSource/NameAndFundingSourceForm.js
FN:14,(anonymous_0)
FN:35,(anonymous_1)
FN:41,(anonymous_2)
FN:52,(anonymous_3)
FN:56,(anonymous_4)
FN:73,(anonymous_5)
FN:79,(anonymous_6)
FN:108,(anonymous_7)
FNF:8
FNH:8
FNDA:540,(anonymous_0)
FNDA:8,(anonymous_1)
FNDA:1620,(anonymous_2)
FNDA:712,(anonymous_3)
FNDA:172,(anonymous_4)
FNDA:548,(anonymous_5)
FNDA:8,(anonymous_6)
FNDA:520,(anonymous_7)
DA:14,311
DA:21,540
DA:27,540
DA:35,540
DA:36,8
DA:37,8
DA:41,1620
DA:47,540
DA:53,712
DA:57,172
DA:58,172
DA:60,172
DA:61,172
DA:74,548
DA:80,8
DA:81,8
DA:83,8
DA:84,8
DA:97,311
DA:108,311
DA:109,520
DA:114,311
LF:22
LH:22
BRDA:36,0,0,8
BRDA:36,0,1,0
BRDA:60,1,0,172
BRDA:60,1,1,0
BRDA:83,2,0,8
BRDA:83,2,1,0
BRF:6
BRH:3
end_of_record
TN:
SF:../../../../../app/web/src/pages/apd/activities/overview/NameAndFundingSource/NameAndFundingSourceReview.js
FN:6,(anonymous_0)
FN:48,(anonymous_1)
FNF:2
FNH:0
FNDA:0,(anonymous_0)
FNDA:0,(anonymous_1)
DA:6,311
DA:12,0
DA:36,311
DA:46,311
LF:4
LH:3
BRDA:15,0,0,0
BRDA:15,0,1,0
BRDA:22,1,0,0
BRDA:22,1,1,0
BRDA:29,2,0,0
BRDA:29,2,1,0
BRF:6
BRH:0
end_of_record
TN:
SF:../../../../../app/web/src/pages/apd/activities/overview/NameAndFundingSource/index.js
FNF:0
FNH:0
LF:0
LH:0
BRF:0
BRH:0
end_of_record
TN:
SF:../../../../../app/web/src/pages/apd/activities/state-costs/Costs.js
FN:10,(anonymous_0)
FNF:1
FNH:1
FNDA:312,(anonymous_0)
DA:10,311
DA:11,312
DA:27,311
LF:3
LH:3
BRF:0
BRH:0
end_of_record
TN:
SF:../../../../../app/web/src/pages/apd/activities/state-costs/NonPersonnelCosts.js
FN:21,(anonymous_0)
FN:29,(anonymous_1)
FN:33,(anonymous_2)
FN:38,(anonymous_3)
FN:42,(anonymous_4)
FN:72,(anonymous_5)
FNF:6
FNH:6
FNDA:140,(anonymous_0)
FNDA:60,(anonymous_1)
FNDA:36,(anonymous_2)
FNDA:8,(anonymous_3)
FNDA:12,(anonymous_4)
FNDA:312,(anonymous_5)
DA:21,311
DA:27,140
DA:29,140
DA:30,60
DA:33,140
DA:34,36
DA:35,36
DA:38,140
DA:39,8
DA:42,140
DA:43,12
DA:46,140
DA:65,311
DA:72,312
DA:77,311
LF:15
LH:15
BRF:0
BRH:0
end_of_record
TN:
SF:../../../../../app/web/src/pages/apd/activities/state-costs/StatePersonnel.js
FN:16,(anonymous_0)
FN:19,(anonymous_1)
FN:23,(anonymous_2)
FN:28,(anonymous_3)
FN:32,(anonymous_4)
FN:60,(anonymous_5)
FNF:6
FNH:6
FNDA:140,(anonymous_0)
FNDA:60,(anonymous_1)
FNDA:36,(anonymous_2)
FNDA:8,(anonymous_3)
FNDA:12,(anonymous_4)
FNDA:312,(anonymous_5)
DA:16,311
DA:17,140
DA:19,140
DA:20,60
DA:23,140
DA:24,36
DA:25,36
DA:28,140
DA:29,8
DA:32,140
DA:34,140
DA:53,311
DA:60,312
DA:65,311
LF:14
LH:14
BRF:0
BRH:0
end_of_record
TN:
SF:../../../../../app/web/src/pages/apd/activities/state-costs/NonPersonnelCost/NonPersonnelCostForm.js
FN:16,(anonymous_0)
FN:38,(anonymous_1)
FN:47,(anonymous_2)
FN:58,(anonymous_3)
FN:74,(anonymous_4)
FN:82,(anonymous_5)
FN:86,(anonymous_6)
FN:98,(anonymous_7)
FN:112,(anonymous_8)
FN:117,(anonymous_9)
FNF:10
FNH:10
FNDA:148,(anonymous_0)
FNDA:28,(anonymous_1)
FNDA:72,(anonymous_2)
FNDA:888,(anonymous_3)
FNDA:176,(anonymous_4)
FNDA:28,(anonymous_5)
FNDA:40,(anonymous_6)
FNDA:1560,(anonymous_7)
FNDA:296,(anonymous_8)
FNDA:524,(anonymous_9)
DA:15,311
DA:17,148
DA:18,148
DA:27,148
DA:38,148
DA:39,28
DA:40,28
DA:41,28
DA:47,148
DA:48,72
DA:51,148
DA:58,888
DA:59,148
DA:60,148
DA:75,176
DA:83,28
DA:84,28
DA:87,40
DA:99,1560
DA:113,296
DA:118,524
DA:145,311
DA:157,311
LF:23
LH:23
BRDA:127,0,0,524
BRDA:127,0,1,524
BRDA:127,0,2,16
BRF:3
BRH:3
end_of_record
TN:
SF:../../../../../app/web/src/pages/apd/activities/state-costs/NonPersonnelCost/NonPersonnelCostReview.js
FN:7,(anonymous_0)
FN:24,(anonymous_1)
FNF:2
FNH:2
FNDA:156,(anonymous_0)
FNDA:312,(anonymous_1)
DA:7,311
DA:13,156
DA:25,312
DA:34,311
DA:45,311
LF:5
LH:5
BRDA:15,0,0,156
BRDA:15,0,1,56
BRF:2
BRH:2
end_of_record
TN:
SF:../../../../../app/web/src/pages/apd/activities/state-costs/NonPersonnelCost/index.js
FNF:0
FNH:0
LF:0
LH:0
BRF:0
BRH:0
end_of_record
TN:
SF:../../../../../app/web/src/pages/apd/activities/state-costs/StatePerson/StatePersonForm.js
FN:15,(anonymous_0)
FN:38,(anonymous_1)
FN:46,(anonymous_2)
FN:51,(anonymous_3)
FN:56,(anonymous_4)
FN:64,(anonymous_5)
FN:81,(anonymous_6)
FN:98,(anonymous_7)
FN:116,(anonymous_8)
FNF:9
FNH:9
FNDA:112,(anonymous_0)
FNDA:108,(anonymous_1)
FNDA:400,(anonymous_2)
FNDA:160,(anonymous_3)
FNDA:28,(anonymous_4)
FNDA:76,(anonymous_5)
FNDA:1028,(anonymous_6)
FNDA:3620,(anonymous_7)
FNDA:112,(anonymous_8)
DA:14,311
DA:16,112
DA:17,112
DA:25,112
DA:36,112
DA:38,112
DA:39,108
DA:40,32
DA:42,76
DA:46,112
DA:48,400
DA:51,112
DA:53,160
DA:56,112
DA:57,28
DA:58,28
DA:64,112
DA:65,76
DA:68,112
DA:82,1028
DA:99,3620
DA:117,112
DA:139,311
DA:151,311
LF:24
LH:24
BRDA:39,0,0,32
BRDA:39,0,1,76
BRDA:39,1,0,108
BRDA:39,1,1,60
BRF:4
BRH:4
end_of_record
TN:
SF:../../../../../app/web/src/pages/apd/activities/state-costs/StatePerson/StatePersonReview.js
FN:7,(anonymous_0)
FN:24,(anonymous_1)
FNF:2
FNH:2
FNDA:156,(anonymous_0)
FNDA:312,(anonymous_1)
DA:7,311
DA:13,156
DA:25,312
DA:38,311
DA:50,311
LF:5
LH:5
BRDA:15,0,0,156
BRDA:15,0,1,56
BRDA:19,1,0,156
BRDA:19,1,1,56
BRDA:24,2,0,0
BRDA:24,3,0,0
BRDA:28,4,0,112
BRDA:28,4,1,200
BRDA:28,5,0,312
BRDA:28,5,1,312
BRF:10
BRH:8
end_of_record
TN:
SF:../../../../../app/web/src/pages/apd/activities/state-costs/StatePerson/index.js
FNF:0
FNH:0
LF:0
LH:0
BRF:0
BRH:0
end_of_record
TN:
SF:../../../../../app/web/src/pages/apd/apd-overview/ApdOverview.js
FN:29,(anonymous_0)
FN:67,(anonymous_1)
FN:73,(anonymous_2)
FN:77,(anonymous_3)
FN:87,(anonymous_4)
FN:92,(anonymous_5)
FN:97,(anonymous_6)
FN:108,(anonymous_7)
FN:113,(anonymous_8)
FN:118,(anonymous_9)
FN:123,(anonymous_10)
FN:128,(anonymous_11)
FN:134,(anonymous_12)
FN:180,(anonymous_13)
FN:200,(anonymous_14)
FN:220,(anonymous_15)
FN:240,(anonymous_16)
FN:283,(anonymous_17)
FNF:18
FNH:18
FNDA:1134,(anonymous_0)
FNDA:384,(anonymous_1)
FNDA:64,(anonymous_2)
FNDA:4,(anonymous_3)
FNDA:4,(anonymous_4)
FNDA:4,(anonymous_5)
FNDA:16,(anonymous_6)
FNDA:4,(anonymous_7)
FNDA:4,(anonymous_8)
FNDA:4,(anonymous_9)
FNDA:14,(anonymous_10)
FNDA:3402,(anonymous_11)
FNDA:1134,(anonymous_12)
FNDA:1142,(anonymous_13)
FNDA:1142,(anonymous_14)
FNDA:1142,(anonymous_15)
FNDA:1156,(anonymous_16)
FNDA:1434,(anonymous_17)
DA:29,311
DA:47,1134
DA:54,1134
DA:67,1134
DA:68,384
DA:69,384
DA:73,1134
DA:74,64
DA:77,1134
DA:78,4
DA:80,4
DA:81,0
DA:83,4
DA:87,1134
DA:88,4
DA:89,4
DA:92,1134
DA:93,4
DA:94,4
DA:97,1134
DA:98,16
DA:100,16
DA:101,12
DA:103,4
DA:104,4
DA:108,1134
DA:109,4
DA:110,4
DA:113,1134
DA:114,4
DA:115,4
DA:118,1134
DA:119,4
DA:120,4
DA:123,1134
DA:124,14
DA:125,14
DA:128,3402
DA:134,1134
DA:135,1134
DA:136,1134
DA:138,0
DA:151,1134
DA:181,1142
DA:201,1142
DA:221,1142
DA:241,1156
DA:259,311
DA:278,311
DA:283,1434
DA:289,311
LF:51
LH:49
BRDA:68,0,0,384
BRDA:68,0,1,0
BRDA:80,1,0,0
BRDA:80,1,1,4
BRDA:100,2,0,12
BRDA:100,2,1,4
BRDA:135,3,0,1134
BRDA:135,3,1,0
BRDA:252,4,0,1134
BRDA:252,4,1,24
BRF:10
BRH:7
end_of_record
TN:
SF:../../../../../app/web/src/pages/apd/assurances-and-compliance/AssurancesAndCompliance.js
FN:24,(anonymous_0)
FN:27,(anonymous_1)
FN:46,(anonymous_2)
FN:57,handleCheckChange
FN:72,(anonymous_4)
FN:95,(anonymous_5)
FN:100,(anonymous_6)
FN:129,(anonymous_7)
FN:140,(anonymous_8)
FN:167,(anonymous_9)
FNF:10
FNH:10
FNDA:29760,(anonymous_0)
FNDA:16020,(anonymous_1)
FNDA:992,(anonymous_2)
FNDA:60,handleCheckChange
FNDA:908,(anonymous_4)
FNDA:3968,(anonymous_5)
FNDA:14880,(anonymous_6)
FNDA:908,(anonymous_7)
FNDA:60,(anonymous_8)
FNDA:1088,(anonymous_9)
DA:24,311
DA:25,29760
DA:27,311
DA:28,16020
DA:30,16020
DA:37,311
DA:42,311
DA:46,311
DA:58,60
DA:60,16
DA:62,24
DA:64,4
DA:66,16
DA:68,0
DA:72,992
DA:73,908
DA:75,108
DA:77,352
DA:79,0
DA:81,448
DA:83,0
DA:87,992
DA:96,3968
DA:101,14880
DA:130,908
DA:141,60
DA:155,311
DA:167,1088
DA:169,311
LF:29
LH:26
BRDA:28,0,0,0
BRDA:28,0,1,16020
BRDA:58,1,0,16
BRDA:58,1,1,24
BRDA:58,1,2,4
BRDA:58,1,3,16
BRDA:58,1,4,0
BRDA:73,2,0,108
BRDA:73,2,1,352
BRDA:73,2,2,0
BRDA:73,2,3,448
BRDA:73,2,4,0
BRDA:141,3,0,36
BRDA:141,3,1,24
BRF:14
BRH:10
end_of_record
TN:
SF:../../../../../app/web/src/pages/apd/assurances-and-compliance/AssurancesAndComplianceReadOnly.js
FN:11,(anonymous_0)
FN:15,(anonymous_1)
FN:21,(anonymous_2)
FN:70,(anonymous_3)
FNF:4
FNH:4
FNDA:76,(anonymous_0)
FNDA:304,(anonymous_1)
FNDA:1140,(anonymous_2)
FNDA:180,(anonymous_3)
DA:11,311
DA:12,76
DA:16,304
DA:22,1140
DA:66,311
DA:70,311
LF:6
LH:6
BRDA:27,0,0,1140
BRDA:27,0,1,54
BRDA:33,1,0,1140
BRDA:33,1,1,36
BRDA:46,2,0,36
BRDA:46,2,1,12
BRDA:51,3,0,1140
BRDA:51,3,1,1050
BRF:8
BRH:8
end_of_record
TN:
SF:../../../../../app/web/src/pages/apd/executive-summary/ExecutiveSummary.js
FN:19,(anonymous_0)
FN:31,(anonymous_1)
FN:61,(anonymous_2)
FN:102,(anonymous_3)
FN:132,(anonymous_4)
FNF:5
FNH:5
FNDA:32,(anonymous_0)
FNDA:40,(anonymous_1)
FNDA:80,(anonymous_2)
FNDA:64,(anonymous_3)
FNDA:80,(anonymous_4)
DA:19,311
DA:20,32
DA:21,32
DA:32,40
DA:62,80
DA:103,64
DA:126,311
DA:132,311
LF:8
LH:8
BRDA:36,0,0,40
BRDA:36,0,1,0
BRDA:41,1,0,32
BRDA:41,1,1,8
BRDA:43,2,0,40
BRDA:43,2,1,12
BRDA:64,3,0,40
BRDA:64,3,1,40
BRDA:103,4,0,32
BRDA:103,4,1,32
BRF:10
BRH:9
end_of_record
TN:
SF:../../../../../app/web/src/pages/apd/executive-summary/ExecutiveSummaryBudget.js
FN:9,(anonymous_0)
FN:11,(anonymous_1)
FN:14,(anonymous_2)
FN:27,(anonymous_3)
FN:33,(anonymous_4)
FN:91,(anonymous_5)
FN:203,(anonymous_6)
FN:266,(anonymous_7)
FNF:8
FNH:8
FNDA:2300,(anonymous_0)
FNDA:4800,(anonymous_1)
FNDA:4800,(anonymous_2)
FNDA:100,(anonymous_3)
FNDA:200,(anonymous_4)
FNDA:300,(anonymous_5)
FNDA:300,(anonymous_6)
FNDA:260,(anonymous_7)
DA:9,311
DA:10,2300
DA:11,311
DA:12,4800
DA:14,311
DA:15,4800
DA:20,311
DA:25,311
DA:27,311
DA:28,100
DA:30,100
DA:32,100
DA:33,200
DA:37,100
DA:92,300
DA:204,300
DA:262,311
DA:266,311
LF:18
LH:18
BRDA:10,0,0,1600
BRDA:10,0,1,700
BRDA:30,1,0,0
BRDA:30,1,1,100
BRDA:95,2,0,100
BRDA:95,2,1,200
BRDA:207,3,0,100
BRDA:207,3,1,200
BRF:8
BRH:7
end_of_record
TN:
SF:../../../../../app/web/src/pages/apd/executive-summary/ExecutiveSummaryReadOnly.js
FN:18,(anonymous_0)
FN:43,(anonymous_1)
FN:54,(anonymous_2)
FN:82,(anonymous_3)
FN:109,(anonymous_4)
FNF:5
FNH:5
FNDA:76,(anonymous_0)
FNDA:152,(anonymous_1)
FNDA:116,(anonymous_2)
FNDA:232,(anonymous_3)
FNDA:180,(anonymous_4)
DA:19,76
DA:20,76
DA:44,152
DA:55,116
DA:83,232
DA:103,311
DA:109,311
LF:7
LH:7
BRDA:44,0,0,76
BRDA:44,0,1,76
BRDA:58,1,0,116
BRDA:58,1,1,0
BRDA:61,2,0,76
BRDA:61,2,1,40
BRDA:63,3,0,116
BRDA:63,3,1,66
BRDA:83,4,0,116
BRDA:83,4,1,116
BRF:10
BRH:9
end_of_record
TN:
SF:../../../../../app/web/src/pages/apd/export/ApdExport.js
FN:13,(anonymous_0)
FN:34,(anonymous_1)
FN:52,(anonymous_2)
FNF:3
FNH:3
FNDA:92,(anonymous_0)
FNDA:76,(anonymous_1)
FNDA:308,(anonymous_2)
DA:13,311
DA:14,92
DA:16,92
DA:17,0
DA:20,92
DA:35,76
DA:47,311
DA:52,311
DA:56,311
LF:9
LH:8
BRDA:16,0,0,0
BRDA:16,0,1,92
BRDA:35,1,0,76
BRDA:35,1,1,76
BRF:4
BRH:3
end_of_record
TN:
SF:../../../../../app/web/src/pages/apd/export/ExportReadOnly.js
FN:9,(anonymous_0)
FN:10,(anonymous_1)
FN:14,(anonymous_2)
FN:67,(anonymous_3)
FNF:4
FNH:1
FNDA:76,(anonymous_0)
FNDA:0,(anonymous_1)
FNDA:0,(anonymous_2)
FNDA:0,(anonymous_3)
DA:9,311
DA:10,76
DA:11,0
DA:14,76
DA:15,0
DA:16,0
DA:19,76
DA:67,0
DA:77,311
DA:82,311
LF:10
LH:6
BRF:0
BRH:0
end_of_record
TN:
SF:../../../../../app/web/src/pages/apd/export/ReadOnlyApd.js
FN:7,(anonymous_0)
FNF:1
FNH:1
FNDA:76,(anonymous_0)
DA:7,311
DA:15,76
DA:52,311
DA:59,311
DA:66,311
LF:5
LH:5
BRDA:21,0,0,76
BRDA:21,0,1,38
BRDA:29,1,0,76
BRDA:29,1,1,38
BRDA:37,2,0,76
BRDA:37,2,1,38
BRDA:45,3,0,76
BRDA:45,3,1,34
BRF:8
BRH:8
end_of_record
TN:
SF:../../../../../app/web/src/pages/apd/key-state-personnel/ApdKeyPersonForm.js
FN:18,(anonymous_0)
FN:30,(anonymous_1)
FN:53,(anonymous_2)
FN:67,reducer
FN:99,(anonymous_4)
FN:107,(anonymous_5)
FN:115,(anonymous_6)
FN:123,(anonymous_7)
FN:132,(anonymous_8)
FN:140,(anonymous_9)
FN:148,(anonymous_10)
FN:157,(anonymous_11)
FN:186,(anonymous_12)
FN:192,(anonymous_13)
FN:204,(anonymous_14)
FN:210,(anonymous_15)
FN:222,(anonymous_16)
FN:228,(anonymous_17)
FN:240,(anonymous_18)
FN:254,(anonymous_19)
FN:262,(anonymous_20)
FN:270,(anonymous_21)
FN:293,(anonymous_22)
FN:303,(anonymous_23)
FN:337,(anonymous_24)
FNF:25
FNH:25
FNDA:1332,(anonymous_0)
FNDA:1332,(anonymous_1)
FNDA:84,(anonymous_2)
FNDA:1372,reducer
FNDA:372,(anonymous_4)
FNDA:424,(anonymous_5)
FNDA:236,(anonymous_6)
FNDA:32,(anonymous_7)
FNDA:112,(anonymous_8)
FNDA:48,(anonymous_9)
FNDA:28,(anonymous_10)
FNDA:2664,(anonymous_11)
FNDA:1332,(anonymous_12)
FNDA:372,(anonymous_13)
FNDA:1332,(anonymous_14)
FNDA:424,(anonymous_15)
[...]
FNDA:0,(anonymous_13)
FNDA:0,(anonymous_14)
FNDA:2,(anonymous_15)
FNDA:0,(anonymous_16)
FNDA:2,(anonymous_17)
FNDA:4,(anonymous_18)
FNDA:0,(anonymous_19)
FNDA:0,(anonymous_20)
FNDA:0,(anonymous_21)
FNDA:0,(anonymous_22)
FNDA:0,(anonymous_23)
FNDA:0,(anonymous_24)
FNDA:0,(anonymous_25)
FNDA:0,(anonymous_26)
FNDA:0,(anonymous_27)
FNDA:0,(anonymous_28)
FNDA:0,(anonymous_29)
FNDA:8,(anonymous_30)
FNDA:12,(anonymous_31)
FNDA:10,(anonymous_32)
FNDA:20,(anonymous_33)
FNDA:12,(anonymous_34)
FNDA:8,(anonymous_35)
FNDA:10,(anonymous_36)
FNDA:10,(anonymous_37)
FNDA:20,(anonymous_38)
FNDA:8,(anonymous_39)
FNDA:10,(anonymous_40)
FNDA:10,(anonymous_41)
FNDA:20,(anonymous_42)
FNDA:8,(anonymous_43)
FNDA:10,(anonymous_44)
FNDA:10,(anonymous_45)
FNDA:20,(anonymous_46)
FNDA:8,(anonymous_47)
FNDA:16,(anonymous_48)
FNDA:0,(anonymous_49)
FNDA:20,(anonymous_50)
FNDA:16,(anonymous_51)
FNDA:8,(anonymous_52)
FNDA:0,(anonymous_53)
FNDA:0,(anonymous_54)
FNDA:0,(anonymous_55)
FNDA:8,(anonymous_56)
FNDA:48,(anonymous_57)
FNDA:32,(anonymous_58)
FNDA:10,(anonymous_59)
FNDA:12,(anonymous_60)
FNDA:10,(anonymous_61)
FNDA:30,(anonymous_62)
FNDA:30,(anonymous_63)
FNDA:60,(anonymous_64)
FNDA:4,(anonymous_65)
FNDA:4,(anonymous_66)
FNDA:0,(anonymous_67)
FNDA:8,(anonymous_68)
FNDA:0,(anonymous_69)
FNDA:8,(anonymous_70)
FNDA:8,(anonymous_71)
FNDA:0,(anonymous_72)
FNDA:16,(anonymous_73)
FNDA:0,(anonymous_74)
FNDA:12,(anonymous_75)
DA:6,26
DA:9,26
DA:36,2
DA:42,6
DA:47,2
DA:48,0
DA:54,0
DA:56,0
DA:62,0
DA:64,0
DA:70,0
DA:73,0
DA:75,0
DA:76,0
DA:83,0
DA:87,0
DA:94,0
DA:98,0
DA:105,0
DA:114,2
DA:115,2
DA:117,2
DA:118,0
DA:119,0
DA:125,0
DA:126,0
DA:127,0
DA:139,2
DA:141,2
DA:143,0
DA:148,0
DA:149,0
DA:162,2
DA:163,2
DA:164,2
DA:166,2
DA:168,4
DA:169,0
DA:171,0
DA:174,0
DA:175,0
DA:182,2
DA:184,0
DA:190,0
DA:191,0
DA:195,0
DA:201,0
DA:202,0
DA:208,26
DA:209,0
DA:215,26
DA:223,0
DA:224,0
DA:227,0
DA:228,0
DA:229,0
DA:234,0
DA:235,0
DA:243,26
DA:244,0
DA:247,0
DA:248,0
DA:255,26
DA:264,8
DA:267,8
DA:268,8
DA:270,8
DA:273,8
DA:277,8
DA:281,8
DA:287,26
DA:288,12
DA:289,2
DA:294,10
DA:298,10
DA:299,20
DA:305,26
DA:306,12
DA:307,2
DA:314,10
DA:322,26
DA:323,8
DA:324,2
DA:328,6
DA:329,10
DA:336,10
DA:337,20
DA:348,26
DA:349,8
DA:350,2
DA:354,6
DA:355,10
DA:362,10
DA:363,20
DA:372,26
DA:373,8
DA:374,2
DA:378,6
DA:380,10
DA:388,10
DA:390,10
DA:393,10
DA:396,10
DA:397,20
DA:398,8
DA:407,12
DA:418,26
DA:419,8
DA:423,8
DA:424,16
DA:426,16
DA:437,26
DA:438,0
DA:443,26
DA:444,20
DA:450,26
DA:451,16
DA:455,26
DA:456,8
DA:462,26
DA:463,0
DA:464,0
DA:465,0
DA:470,0
DA:473,0
DA:477,26
DA:478,8
DA:486,26
DA:487,48
DA:493,26
DA:494,32
DA:501,26
DA:502,10
DA:511,26
DA:512,12
DA:521,26
DA:522,10
DA:532,26
DA:533,30
DA:540,30
DA:545,26
DA:546,60
DA:557,26
DA:564,4
DA:569,4
DA:572,4
DA:575,0
DA:576,0
DA:578,4
DA:579,4
DA:588,8
DA:591,0
DA:592,0
DA:593,0
DA:600,26
DA:612,8
DA:617,8
DA:618,2
DA:620,8
DA:623,8
DA:626,8
DA:629,0
DA:630,0
DA:632,8
DA:641,16
DA:644,0
DA:645,0
DA:646,0
DA:653,26
DA:654,12
DA:658,12
DA:659,8
DA:661,4
LF:173
LH:114
BRDA:208,0,0,0
BRDA:287,1,0,0
BRDA:288,2,0,2
BRDA:288,2,1,10
BRDA:305,3,0,0
BRDA:306,4,0,2
BRDA:306,4,1,10
BRDA:322,5,0,0
BRDA:323,6,0,2
BRDA:323,6,1,6
BRDA:348,7,0,0
BRDA:349,8,0,2
BRDA:349,8,1,6
BRDA:373,9,0,2
BRDA:373,9,1,6
BRDA:397,10,0,8
BRDA:397,10,1,12
BRDA:437,11,0,0
BRDA:617,12,0,2
BRDA:617,12,1,6
BRDA:658,13,0,8
BRDA:658,13,1,4
BRF:22
BRH:16
end_of_record
TN:
SF:cypress/page-objects/fill-out-activity-page.js
FN:11,(anonymous_0)
FN:33,(anonymous_1)
FN:39,(anonymous_2)
FN:56,(anonymous_3)
FN:76,(anonymous_4)
FN:82,(anonymous_5)
FN:107,(anonymous_6)
FN:127,(anonymous_7)
FN:133,(anonymous_8)
FN:156,(anonymous_9)
FN:177,(anonymous_10)
FN:183,(anonymous_11)
FN:201,(anonymous_12)
FN:212,(anonymous_13)
FN:227,(anonymous_14)
FN:246,(anonymous_15)
FN:253,(anonymous_16)
FN:266,(anonymous_17)
FN:274,(anonymous_18)
FN:277,(anonymous_19)
FN:280,(anonymous_20)
FN:281,(anonymous_21)
FN:290,(anonymous_22)
FN:293,(anonymous_23)
FN:294,(anonymous_24)
FN:308,(anonymous_25)
FN:311,(anonymous_26)
FN:312,(anonymous_27)
FN:320,(anonymous_28)
FN:323,(anonymous_29)
FN:326,(anonymous_30)
FN:336,(anonymous_31)
FN:338,(anonymous_32)
FN:339,(anonymous_33)
FN:340,(anonymous_34)
FN:350,(anonymous_35)
FN:353,(anonymous_36)
FNF:37
FNH:37
FNDA:6,(anonymous_0)
FNDA:6,(anonymous_1)
FNDA:12,(anonymous_2)
FNDA:12,(anonymous_3)
FNDA:8,(anonymous_4)
FNDA:14,(anonymous_5)
FNDA:2,(anonymous_6)
FNDA:8,(anonymous_7)
FNDA:14,(anonymous_8)
FNDA:2,(anonymous_9)
FNDA:6,(anonymous_10)
FNDA:12,(anonymous_11)
FNDA:14,(anonymous_12)
FNDA:8,(anonymous_13)
FNDA:20,(anonymous_14)
FNDA:6,(anonymous_15)
FNDA:12,(anonymous_16)
FNDA:16,(anonymous_17)
FNDA:32,(anonymous_18)
FNDA:32,(anonymous_19)
FNDA:32,(anonymous_20)
FNDA:456,(anonymous_21)
FNDA:16,(anonymous_22)
FNDA:16,(anonymous_23)
FNDA:48,(anonymous_24)
FNDA:16,(anonymous_25)
FNDA:16,(anonymous_26)
FNDA:48,(anonymous_27)
FNDA:16,(anonymous_28)
FNDA:16,(anonymous_29)
FNDA:80,(anonymous_30)
FNDA:32,(anonymous_31)
FNDA:12,(anonymous_32)
FNDA:12,(anonymous_33)
FNDA:96,(anonymous_34)
FNDA:32,(anonymous_35)
FNDA:96,(anonymous_36)
DA:4,6
DA:6,6
DA:7,6
DA:11,10
DA:12,6
DA:13,6
DA:15,6
DA:19,6
DA:23,6
DA:27,6
DA:33,10
DA:34,6
DA:39,6
DA:40,12
DA:46,6
DA:48,2
DA:49,2
DA:50,2
DA:52,2
DA:53,2
DA:56,6
DA:57,12
DA:58,12
DA:64,6
DA:66,2
DA:67,2
DA:68,2
DA:70,2
DA:71,2
DA:72,2
DA:76,10
DA:77,8
DA:82,8
DA:83,14
DA:84,14
DA:92,14
DA:101,8
DA:103,2
DA:108,2
DA:109,2
DA:115,2
DA:116,2
DA:127,10
DA:128,8
DA:133,8
DA:134,14
DA:135,14
DA:142,14
DA:150,8
DA:152,2
DA:157,2
DA:158,2
DA:164,2
DA:166,2
DA:167,0
DA:177,10
DA:178,6
DA:183,6
DA:184,12
DA:186,12
DA:188,12
DA:191,6
DA:192,2
DA:193,2
DA:194,2
DA:196,2
DA:197,2
DA:201,10
DA:202,14
DA:204,14
DA:205,14
DA:207,14
DA:209,14
DA:210,4
DA:212,4
DA:213,8
DA:219,8
DA:226,10
DA:227,10
DA:228,20
DA:236,14
DA:237,14
DA:243,14
DA:246,10
DA:247,6
DA:248,6
DA:253,6
DA:254,12
DA:258,12
DA:266,10
DA:274,16
DA:275,32
DA:278,32
DA:281,32
DA:282,456
DA:287,32
DA:288,16
DA:291,16
DA:294,16
DA:295,48
DA:300,16
DA:301,8
DA:303,8
DA:306,16
DA:309,16
DA:312,16
DA:313,48
DA:318,16
DA:321,16
DA:324,16
DA:327,80
DA:334,32
DA:337,32
DA:338,12
DA:339,12
DA:340,12
DA:341,96
DA:348,32
DA:351,32
DA:354,96
LF:120
LH:119
BRDA:11,0,0,0
BRDA:33,1,0,4
BRDA:46,2,0,2
BRDA:46,2,1,4
BRDA:64,3,0,2
BRDA:64,3,1,4
BRDA:76,4,0,6
BRDA:101,5,0,2
BRDA:101,5,1,6
BRDA:108,6,0,2
BRDA:108,6,1,0
BRDA:115,7,0,2
BRDA:115,7,1,0
BRDA:127,8,0,6
BRDA:150,9,0,2
BRDA:150,9,1,6
BRDA:157,10,0,2
BRDA:157,10,1,0
BRDA:166,11,0,0
BRDA:166,11,1,2
BRDA:177,12,0,4
BRDA:191,13,0,2
BRDA:191,13,1,4
BRDA:209,14,0,4
BRDA:209,14,1,10
BRDA:246,15,0,0
BRDA:267,16,0,0
BRDA:268,17,0,0
BRDA:269,18,0,0
BRDA:270,19,0,0
BRDA:271,20,0,4
BRDA:272,21,0,12
BRDA:287,22,0,16
BRDA:287,22,1,16
BRDA:300,23,0,8
BRDA:300,23,1,8
BRDA:337,24,0,12
BRDA:337,24,1,20
BRDA:337,25,0,32
BRDA:337,25,1,16
BRF:40
BRH:30
end_of_record
TN:
SF:cypress/page-objects/helper.js
FN:2,(anonymous_0)
FN:6,(anonymous_1)
FN:11,(anonymous_2)
FN:17,(anonymous_3)
FNF:4
FNH:3
FNDA:6,(anonymous_0)
FNDA:204,(anonymous_1)
FNDA:28,(anonymous_2)
FNDA:0,(anonymous_3)
DA:2,6
DA:3,6
DA:6,6
DA:7,204
DA:8,204
DA:11,6
DA:12,28
DA:13,28
DA:14,28
DA:17,6
DA:18,0
DA:19,0
DA:21,0
DA:22,0
DA:23,0
DA:25,0
LF:16
LH:10
BRDA:12,0,0,24
BRDA:12,0,1,4
BRDA:13,1,0,24
BRDA:13,1,1,4
BRDA:18,2,0,0
BRDA:18,2,1,0
BRDA:18,3,0,0
BRDA:18,3,1,0
BRDA:22,4,0,0
BRDA:22,4,1,0
BRF:10
BRH:4
end_of_record
TN:
SF:cypress/page-objects/populate-page.js
FN:9,(anonymous_0)
FN:13,(anonymous_1)
FN:20,(anonymous_2)
FN:28,(anonymous_3)
FN:32,(anonymous_4)
FN:56,(anonymous_5)
FN:60,(anonymous_6)
FN:70,(anonymous_7)
FN:72,(anonymous_8)
FN:79,(anonymous_9)
FN:103,(anonymous_10)
FN:113,(anonymous_11)
FN:128,(anonymous_12)
FN:137,(anonymous_13)
FN:146,(anonymous_14)
FN:149,(anonymous_15)
FNF:16
FNH:8
FNDA:52,(anonymous_0)
FNDA:52,(anonymous_1)
FNDA:84,(anonymous_2)
FNDA:12,(anonymous_3)
FNDA:0,(anonymous_4)
FNDA:12,(anonymous_5)
FNDA:24,(anonymous_6)
FNDA:12,(anonymous_7)
FNDA:12,(anonymous_8)
FNDA:0,(anonymous_9)
FNDA:0,(anonymous_10)
FNDA:0,(anonymous_11)
FNDA:0,(anonymous_12)
FNDA:0,(anonymous_13)
FNDA:0,(anonymous_14)
FNDA:0,(anonymous_15)
DA:5,6
DA:7,6
DA:9,6
DA:10,52
DA:14,52
DA:15,52
DA:16,52
DA:20,6
DA:21,84
DA:22,84
DA:24,0
DA:28,6
DA:29,12
DA:32,6
DA:40,0
DA:41,0
DA:43,0
DA:44,0
DA:45,0
DA:46,0
DA:50,0
DA:56,6
DA:57,12
DA:58,12
DA:59,12
DA:60,12
DA:61,24
DA:62,24
DA:63,12
DA:66,12
DA:70,6
DA:71,12
DA:72,12
DA:73,12
DA:75,12
DA:79,6
DA:90,0
DA:92,0
DA:93,0
DA:95,0
DA:101,0
DA:102,0
DA:103,0
DA:104,0
DA:106,0
DA:113,0
DA:114,0
DA:122,0
DA:123,0
DA:125,0
DA:128,6
DA:134,0
DA:135,0
DA:137,0
DA:138,0
DA:142,0
DA:146,6
DA:147,0
DA:149,0
DA:150,0
DA:155,0
LF:61
LH:30
BRDA:21,0,0,84
BRDA:21,0,1,0
BRDA:32,1,0,0
BRDA:56,2,0,0
BRDA:62,3,0,12
BRDA:62,3,1,12
BRDA:70,4,0,0
BRDA:79,5,0,0
BRDA:86,6,0,0
BRDA:101,7,0,0
BRDA:101,7,1,0
BRDA:128,8,0,0
BRDA:146,9,0,0
BRF:13
BRH:3
end_of_record
TN:
SF:cypress/page-objects/previous-activities-page.js
FN:4,(anonymous_0)
FN:13,(anonymous_1)
FN:18,(anonymous_2)
FN:23,(anonymous_3)
FN:29,(anonymous_4)
FN:30,(anonymous_5)
FN:64,(anonymous_6)
FN:65,(anonymous_7)
FN:70,(anonymous_8)
FN:80,(anonymous_9)
FN:90,(anonymous_10)
FN:100,(anonymous_11)
FN:110,(anonymous_12)
FN:120,(anonymous_13)
FN:130,(anonymous_14)
FN:140,(anonymous_15)
FN:148,(anonymous_16)
FN:151,(anonymous_17)
FN:159,(anonymous_18)
FN:168,(anonymous_19)
FN:177,(anonymous_20)
FN:186,(anonymous_21)
FN:192,(anonymous_22)
FN:199,(anonymous_23)
FN:202,(anonymous_24)
FN:207,(anonymous_25)
FN:213,(anonymous_26)
FN:219,(anonymous_27)
FN:225,(anonymous_28)
FN:231,(anonymous_29)
FNF:30
FNH:30
FNDA:108,(anonymous_0)
FNDA:4,(anonymous_1)
FNDA:12,(anonymous_2)
FNDA:2,(anonymous_3)
FNDA:2,(anonymous_4)
FNDA:6,(anonymous_5)
FNDA:4,(anonymous_6)
FNDA:6,(anonymous_7)
FNDA:6,(anonymous_8)
FNDA:6,(anonymous_9)
FNDA:6,(anonymous_10)
FNDA:6,(anonymous_11)
FNDA:6,(anonymous_12)
FNDA:6,(anonymous_13)
FNDA:6,(anonymous_14)
FNDA:6,(anonymous_15)
FNDA:4,(anonymous_16)
FNDA:6,(anonymous_17)
FNDA:6,(anonymous_18)
FNDA:6,(anonymous_19)
FNDA:6,(anonymous_20)
FNDA:6,(anonymous_21)
FNDA:6,(anonymous_22)
FNDA:4,(anonymous_23)
FNDA:6,(anonymous_24)
FNDA:6,(anonymous_25)
FNDA:6,(anonymous_26)
FNDA:6,(anonymous_27)
FNDA:6,(anonymous_28)
FNDA:6,(anonymous_29)
DA:4,4
DA:5,108
DA:6,108
DA:11,4
DA:14,4
DA:15,4
DA:19,12
DA:25,2
DA:26,2
DA:30,2
DA:31,6
DA:34,6
DA:38,6
DA:41,6
DA:45,6
DA:48,6
DA:52,6
DA:55,6
DA:65,4
DA:68,6
DA:71,6
DA:72,6
DA:73,6
DA:75,6
DA:81,6
DA:82,6
DA:88,6
DA:91,6
DA:92,6
DA:93,6
DA:95,6
DA:101,6
DA:102,6
DA:108,6
DA:111,6
DA:112,6
DA:113,6
DA:115,6
DA:121,6
DA:122,6
DA:128,6
DA:131,6
DA:132,6
DA:133,6
DA:135,6
DA:141,6
DA:142,6
DA:149,4
DA:151,4
DA:152,6
DA:154,6
DA:160,6
DA:163,6
DA:169,6
DA:172,6
DA:178,6
DA:181,6
DA:187,6
DA:190,6
DA:193,6
DA:194,6
DA:200,4
DA:202,4
DA:203,6
DA:205,6
DA:208,6
DA:211,6
DA:214,6
DA:217,6
DA:220,6
DA:223,6
DA:226,6
DA:229,6
DA:232,6
DA:233,6
LF:75
LH:75
BRDA:5,0,0,0
BRDA:5,0,1,108
BRDA:14,1,0,0
BRDA:14,1,1,4
BRF:4
BRH:2
end_of_record
TN:
SF:cypress/page-objects/proposed-budget-page.js
FN:7,(anonymous_0)
FN:10,(anonymous_1)
FN:11,(anonymous_2)
FN:14,(anonymous_3)
FN:18,(anonymous_4)
FN:22,(anonymous_5)
FN:32,(anonymous_6)
FN:35,(anonymous_7)
FN:41,(anonymous_8)
FN:42,(anonymous_9)
FN:43,(anonymous_10)
FN:47,(anonymous_11)
FN:48,(anonymous_12)
FN:49,(anonymous_13)
FN:62,(anonymous_14)
FN:63,(anonymous_15)
FN:65,(anonymous_16)
FN:68,(anonymous_17)
FN:71,(anonymous_18)
FN:78,(anonymous_19)
FN:81,(anonymous_20)
FN:88,(anonymous_21)
FN:89,(anonymous_22)
FN:91,(anonymous_23)
FN:95,(anonymous_24)
FN:98,(anonymous_25)
FN:105,(anonymous_26)
FN:108,(anonymous_27)
FN:117,(anonymous_28)
FN:123,(anonymous_29)
FN:126,(anonymous_30)
FN:133,(anonymous_31)
FN:136,(anonymous_32)
FN:143,(anonymous_33)
FN:144,(anonymous_34)
FN:148,(anonymous_35)
FN:149,(anonymous_36)
FN:152,(anonymous_37)
FN:153,(anonymous_38)
FN:171,(anonymous_39)
FN:172,(anonymous_40)
FN:174,(anonymous_41)
FN:177,(anonymous_42)
FN:180,(anonymous_43)
FNF:44
FNH:44
FNDA:16,(anonymous_0)
FNDA:8,(anonymous_1)
FNDA:16,(anonymous_2)
FNDA:16,(anonymous_3)
FNDA:16,(anonymous_4)
FNDA:16,(anonymous_5)
FNDA:24,(anonymous_6)
FNDA:24,(anonymous_7)
FNDA:8,(anonymous_8)
FNDA:16,(anonymous_9)
FNDA:32,(anonymous_10)
FNDA:32,(anonymous_11)
FNDA:32,(anonymous_12)
FNDA:96,(anonymous_13)
FNDA:8,(anonymous_14)
FNDA:24,(anonymous_15)
FNDA:72,(anonymous_16)
FNDA:72,(anonymous_17)
FNDA:72,(anonymous_18)
FNDA:8,(anonymous_19)
FNDA:8,(anonymous_20)
FNDA:8,(anonymous_21)
FNDA:16,(anonymous_22)
FNDA:32,(anonymous_23)
FNDA:16,(anonymous_24)
FNDA:16,(anonymous_25)
FNDA:16,(anonymous_26)
FNDA:16,(anonymous_27)
FNDA:8,(anonymous_28)
FNDA:8,(anonymous_29)
FNDA:8,(anonymous_30)
FNDA:8,(anonymous_31)
FNDA:8,(anonymous_32)
FNDA:2,(anonymous_33)
FNDA:4,(anonymous_34)
FNDA:4,(anonymous_35)
FNDA:16,(anonymous_36)
FNDA:16,(anonymous_37)
FNDA:80,(anonymous_38)
FNDA:6,(anonymous_39)
FNDA:12,(anonymous_40)
FNDA:48,(anonymous_41)
FNDA:48,(anonymous_42)
FNDA:48,(anonymous_43)
DA:2,6
DA:7,6
DA:8,16
DA:10,6
DA:11,8
DA:12,16
DA:15,16
DA:16,16
DA:19,16
DA:20,16
DA:22,16
DA:23,16
DA:32,6
DA:33,24
DA:35,6
DA:36,24
DA:41,6
DA:42,8
DA:43,16
DA:45,32
DA:47,32
DA:48,32
DA:49,32
DA:50,96
DA:52,32
DA:62,6
DA:63,8
DA:64,24
DA:65,24
DA:66,72
DA:69,72
DA:72,72
DA:78,8
DA:79,8
DA:82,8
DA:88,6
DA:89,8
DA:90,16
DA:91,16
DA:92,32
DA:93,16
DA:96,16
DA:99,16
DA:102,16
DA:103,16
DA:106,16
DA:109,16
DA:117,6
DA:121,8
DA:124,8
DA:127,8
DA:131,8
DA:134,8
DA:137,8
DA:143,6
DA:144,2
DA:145,4
DA:146,4
DA:149,4
DA:150,16
DA:153,16
DA:154,80
DA:155,16
DA:159,64
DA:171,6
DA:172,6
DA:173,12
DA:174,12
DA:175,48
DA:178,48
DA:181,48
LF:71
LH:71
BRDA:92,0,0,16
BRDA:92,0,1,16
BRDA:102,1,0,16
BRDA:102,1,1,0
BRDA:154,2,0,16
BRDA:154,2,1,64
BRF:6
BRH:5
end_of_record
TN:
SF:cypress/support/commands.js
FN:19,(anonymous_0)
FN:57,(anonymous_1)
FN:62,(anonymous_2)
FN:76,(anonymous_3)
FN:85,(anonymous_4)
FN:89,(anonymous_5)
FN:106,(anonymous_6)
FN:110,(anonymous_7)
FN:114,(anonymous_8)
FN:118,(anonymous_9)
FN:122,(anonymous_10)
FN:126,(anonymous_11)
FN:130,(anonymous_12)
FN:134,(anonymous_13)
FN:138,(anonymous_14)
FN:143,(anonymous_15)
FN:144,(anonymous_16)
FN:152,(anonymous_17)
FN:159,(anonymous_18)
FN:167,(anonymous_19)
FN:175,(anonymous_20)
FN:180,(anonymous_21)
FN:181,(anonymous_22)
FN:191,(anonymous_23)
FN:194,(anonymous_24)
FN:209,(anonymous_25)
FN:215,(anonymous_26)
FN:219,(anonymous_27)
FN:232,(anonymous_28)
FN:236,(anonymous_29)
FN:249,(anonymous_30)
FN:253,(anonymous_31)
FN:266,(anonymous_32)
FN:270,(anonymous_33)
FN:283,(anonymous_34)
FN:287,(anonymous_35)
FN:300,(anonymous_36)
FN:304,(anonymous_37)
FN:316,(anonymous_38)
FN:320,(anonymous_39)
FN:328,(anonymous_40)
FN:333,(anonymous_41)
FN:341,(anonymous_42)
FN:352,(anonymous_43)
FN:356,(anonymous_44)
FN:360,(anonymous_45)
FN:364,(anonymous_46)
FN:368,(anonymous_47)
FN:372,(anonymous_48)
FN:376,(anonymous_49)
FN:382,(anonymous_50)
FN:386,(anonymous_51)
FN:399,(anonymous_52)
FN:403,(anonymous_53)
FN:416,(anonymous_54)
FN:420,(anonymous_55)
FN:433,(anonymous_56)
FN:437,(anonymous_57)
FN:450,(anonymous_58)
FN:454,(anonymous_59)
FN:467,(anonymous_60)
FN:473,(anonymous_61)
FN:477,(anonymous_62)
FN:490,(anonymous_63)
FN:494,(anonymous_64)
FN:507,(anonymous_65)
FN:511,(anonymous_66)
FN:524,(anonymous_67)
FN:529,(anonymous_68)
FN:536,(anonymous_69)
FN:537,(anonymous_70)
FN:541,(anonymous_71)
FN:542,(anonymous_72)
FN:545,(anonymous_73)
FN:548,(anonymous_74)
FN:557,(anonymous_75)
FN:558,(anonymous_76)
FNF:77
FNH:47
FNDA:188,(anonymous_0)
FNDA:138,(anonymous_1)
FNDA:47,(anonymous_2)
FNDA:7,(anonymous_3)
FNDA:39,(anonymous_4)
FNDA:42,(anonymous_5)
FNDA:0,(anonymous_6)
FNDA:2,(anonymous_7)
FNDA:28,(anonymous_8)
FNDA:0,(anonymous_9)
FNDA:12,(anonymous_10)
FNDA:0,(anonymous_11)
FNDA:0,(anonymous_12)
FNDA:0,(anonymous_13)
FNDA:0,(anonymous_14)
FNDA:0,(anonymous_15)
FNDA:0,(anonymous_16)
FNDA:0,(anonymous_17)
FNDA:4,(anonymous_18)
FNDA:184,(anonymous_19)
FNDA:88,(anonymous_20)
FNDA:178,(anonymous_21)
FNDA:178,(anonymous_22)
FNDA:4,(anonymous_23)
FNDA:4,(anonymous_24)
FNDA:0,(anonymous_25)
FNDA:0,(anonymous_26)
FNDA:0,(anonymous_27)
FNDA:8,(anonymous_28)
FNDA:8,(anonymous_29)
FNDA:8,(anonymous_30)
FNDA:8,(anonymous_31)
FNDA:0,(anonymous_32)
FNDA:0,(anonymous_33)
FNDA:0,(anonymous_34)
FNDA:0,(anonymous_35)
FNDA:10,(anonymous_36)
FNDA:10,(anonymous_37)
FNDA:18,(anonymous_38)
FNDA:18,(anonymous_39)
FNDA:18,(anonymous_40)
FNDA:18,(anonymous_41)
FNDA:18,(anonymous_42)
FNDA:0,(anonymous_43)
FNDA:4,(anonymous_44)
FNDA:4,(anonymous_45)
FNDA:4,(anonymous_46)
FNDA:0,(anonymous_47)
FNDA:6,(anonymous_48)
FNDA:10,(anonymous_49)
FNDA:6,(anonymous_50)
FNDA:6,(anonymous_51)
FNDA:0,(anonymous_52)
FNDA:0,(anonymous_53)
FNDA:0,(anonymous_54)
FNDA:0,(anonymous_55)
FNDA:0,(anonymous_56)
FNDA:0,(anonymous_57)
FNDA:0,(anonymous_58)
FNDA:0,(anonymous_59)
FNDA:6,(anonymous_60)
FNDA:6,(anonymous_61)
FNDA:6,(anonymous_62)
FNDA:0,(anonymous_63)
FNDA:0,(anonymous_64)
FNDA:0,(anonymous_65)
FNDA:0,(anonymous_66)
FNDA:38,(anonymous_67)
FNDA:192,(anonymous_68)
FNDA:904,(anonymous_69)
FNDA:904,(anonymous_70)
FNDA:904,(anonymous_71)
FNDA:2632,(anonymous_72)
FNDA:904,(anonymous_73)
FNDA:126,(anonymous_74)
FNDA:834,(anonymous_75)
FNDA:2910,(anonymous_76)
DA:12,21
DA:13,21
DA:15,21
DA:19,21
DA:20,188
DA:21,0
DA:23,188
DA:24,188
DA:25,0
DA:27,188
DA:57,21
DA:58,138
DA:59,138
DA:62,21
DA:63,47
DA:64,47
DA:67,47
DA:68,47
DA:69,47
DA:70,47
DA:73,47
DA:76,21
DA:77,7
DA:80,7
DA:81,7
DA:82,7
DA:85,21
DA:86,39
DA:89,21
DA:90,42
DA:91,42
DA:94,42
DA:102,42
DA:103,42
DA:106,21
DA:107,0
DA:110,21
DA:111,2
DA:114,21
DA:115,28
DA:118,21
DA:119,0
DA:122,21
DA:123,12
DA:126,21
DA:127,0
DA:130,21
DA:131,0
DA:134,21
DA:135,0
DA:138,21
DA:139,0
DA:143,21
DA:144,0
DA:145,0
DA:149,21
DA:153,0
DA:156,21
DA:160,4
DA:164,21
DA:168,184
DA:175,21
DA:178,88
DA:179,88
DA:180,178
DA:181,178
DA:191,21
DA:192,4
DA:193,4
DA:194,4
DA:195,4
DA:199,4
DA:201,4
DA:202,4
DA:206,4
DA:209,21
DA:210,0
DA:215,21
DA:217,0
DA:220,0
DA:222,0
DA:226,0
DA:232,21
DA:234,8
DA:237,8
DA:239,8
DA:243,8
DA:249,21
DA:251,8
DA:254,8
DA:256,6
DA:260,8
DA:266,21
DA:268,0
DA:271,0
DA:273,0
DA:277,0
DA:283,21
DA:285,0
DA:288,0
DA:290,0
DA:294,0
DA:300,21
DA:302,10
DA:305,10
DA:307,10
DA:310,10
DA:316,21
DA:318,18
DA:321,18
DA:323,8
DA:326,18
DA:331,18
DA:335,18
DA:336,10
DA:339,18
DA:343,18
DA:352,21
DA:353,0
DA:356,21
DA:357,4
DA:360,21
DA:361,4
DA:364,21
DA:365,4
DA:368,21
DA:369,0
DA:372,21
DA:373,6
DA:376,21
DA:377,10
DA:382,21
DA:384,6
DA:387,6
DA:389,6
DA:393,6
DA:399,21
DA:401,0
DA:404,0
DA:406,0
DA:410,0
DA:416,21
DA:418,0
DA:421,0
DA:423,0
DA:427,0
DA:433,21
DA:435,0
DA:438,0
DA:440,0
DA:444,0
DA:450,21
DA:452,0
DA:455,0
DA:457,0
DA:461,0
DA:467,21
DA:468,6
DA:473,21
DA:475,6
DA:478,6
DA:480,4
DA:484,6
DA:490,21
DA:492,0
DA:495,0
DA:497,0
DA:501,0
DA:507,21
DA:509,0
DA:512,0
DA:514,0
DA:518,0
DA:524,21
DA:525,38
DA:526,38
DA:529,21
DA:530,192
DA:531,0
DA:535,192
DA:536,192
DA:537,904
DA:541,192
DA:542,2632
DA:545,904
DA:548,21
DA:549,126
DA:550,0
DA:554,126
DA:557,126
DA:558,2910
DA:561,126
LF:192
LH:140
BRDA:20,0,0,0
BRDA:20,0,1,188
BRDA:20,1,0,188
BRDA:20,1,1,188
BRDA:24,2,0,0
BRDA:24,2,1,188
BRDA:102,3,0,42
BRDA:102,3,1,19
BRDA:167,4,0,184
BRDA:192,5,0,4
BRDA:192,5,1,0
BRDA:220,6,0,0
BRDA:220,6,1,0
BRDA:237,7,0,8
BRDA:237,7,1,0
BRDA:254,8,0,6
BRDA:254,8,1,2
BRDA:271,9,0,0
BRDA:271,9,1,0
BRDA:288,10,0,0
BRDA:288,10,1,0
BRDA:305,11,0,10
BRDA:305,11,1,0
BRDA:321,12,0,8
BRDA:321,12,1,10
BRDA:335,13,0,10
BRDA:335,13,1,8
BRDA:387,14,0,6
BRDA:387,14,1,0
BRDA:404,15,0,0
BRDA:404,15,1,0
BRDA:421,16,0,0
BRDA:421,16,1,0
BRDA:438,17,0,0
BRDA:438,17,1,0
BRDA:455,18,0,0
BRDA:455,18,1,0
BRDA:478,19,0,4
BRDA:478,19,1,2
BRDA:495,20,0,0
BRDA:495,20,1,0
BRDA:512,21,0,0
BRDA:512,21,1,0
BRDA:530,22,0,0
BRDA:530,22,1,192
BRDA:549,23,0,0
BRDA:549,23,1,126
BRF:47
BRH:21
end_of_record
TN:
SF:cypress/support/e2e.js
FN:40,(anonymous_0)
FNF:1
FNH:0
FNDA:0,(anonymous_0)
DA:25,21
DA:26,21
DA:29,21
DA:32,21
DA:35,21
DA:37,21
DA:40,21
DA:43,0
LF:8
LH:7
BRF:0
BRH:0
end_of_record
