TN:
SF:../../../../../app/web/src/app.dev.js
FN:58,(anonymous_0)
FN:62,(anonymous_1)
FNF:2
FNH:1
FNDA:158,(anonymous_0)
FNDA:0,(anonymous_1)
DA:24,158
DA:25,0
DA:29,158
DA:30,0
DA:38,158
DA:40,158
DA:42,158
DA:51,158
DA:53,158
DA:58,158
DA:59,158
DA:62,158
DA:63,0
DA:64,0
DA:67,158
LF:15
LH:11
BRDA:24,0,0,0
BRDA:24,0,1,158
BRDA:29,1,0,0
BRDA:29,1,1,158
BRDA:51,2,0,158
BRDA:51,2,1,158
BRF:6
BRH:4
end_of_record
TN:
SF:../../../../../app/web/src/constants.js
FN:32,(anonymous_0)
FN:33,(anonymous_1)
FN:38,(anonymous_2)
FN:63,(anonymous_3)
FN:70,(anonymous_4)
FN:77,(anonymous_5)
FN:84,(anonymous_6)
FN:91,(anonymous_7)
FNF:8
FNH:3
FNDA:1484,(anonymous_0)
FNDA:1113,(anonymous_1)
FNDA:5565,(anonymous_2)
FNDA:0,(anonymous_3)
FNDA:0,(anonymous_4)
FNDA:0,(anonymous_5)
FNDA:0,(anonymous_6)
FNDA:0,(anonymous_7)
DA:3,158
DA:14,158
DA:18,158
DA:29,158
DA:32,1484
DA:34,1113
DA:38,5565
DA:42,158
DA:49,158
DA:57,158
DA:63,0
DA:70,0
DA:77,0
DA:84,0
DA:92,0
LF:15
LH:10
BRDA:32,0,0,371
BRDA:33,1,0,0
BRDA:63,2,0,0
BRDA:63,2,1,0
BRDA:70,3,0,0
BRDA:70,3,1,0
BRDA:77,4,0,0
BRDA:77,4,1,0
BRDA:84,5,0,0
BRDA:84,5,1,0
BRDA:92,6,0,0
BRDA:92,6,1,0
BRF:12
BRH:1
end_of_record
TN:
SF:../../../../../app/web/src/cookie-constants.js
FNF:0
FNH:0
DA:1,158
DA:2,158
LF:2
LH:2
BRF:0
BRH:0
end_of_record
TN:
SF:../../../../../app/web/src/file-loader.js
FNF:0
FNH:0
DA:1,158
LF:1
LH:1
BRF:0
BRH:0
end_of_record
TN:
SF:../../../../../app/web/src/saveMiddleware.js
FN:11,(anonymous_0)
FN:19,(anonymous_1)
FN:20,(anonymous_2)
FN:32,(anonymous_3)
FN:51,(anonymous_4)
FN:55,(anonymous_5)
FN:68,(anonymous_6)
FN:69,(anonymous_7)
FNF:8
FNH:8
FNDA:158,(anonymous_0)
FNDA:416,(anonymous_1)
FNDA:416,(anonymous_2)
FNDA:2431,(anonymous_3)
FNDA:416,(anonymous_4)
FNDA:415,(anonymous_5)
FNDA:158,(anonymous_6)
FNDA:9155,(anonymous_7)
DA:11,158
DA:15,158
DA:16,158
DA:17,158
DA:19,158
DA:20,416
DA:21,416
DA:22,416
DA:23,416
DA:27,0
DA:32,158
DA:39,2431
DA:40,190
DA:41,190
DA:47,2241
DA:51,2241
DA:53,416
DA:55,416
DA:57,415
DA:60,415
DA:61,178
DA:62,178
DA:68,158
DA:69,158
DA:70,9155
DA:71,9155
DA:77,2253
DA:78,2253
DA:80,6902
DA:82,9155
LF:30
LH:29
BRDA:13,0,0,158
BRDA:13,1,0,158
BRDA:13,2,0,158
BRDA:39,3,0,190
BRDA:39,3,1,2241
BRDA:47,4,0,2212
BRDA:47,4,1,29
BRDA:60,5,0,178
BRDA:60,5,1,237
BRDA:68,6,0,158
BRDA:68,7,0,158
BRDA:71,8,0,88
BRDA:71,8,1,90
BRDA:71,8,2,2223
BRDA:71,8,3,2251
BRDA:71,8,4,2253
BRDA:71,8,5,6902
BRF:17
BRH:17
end_of_record
TN:
SF:../../../../../app/web/src/components/AlertMissingFFY.js
FN:8,(anonymous_0)
FN:25,(anonymous_1)
FNF:2
FNH:2
FNDA:154,(anonymous_0)
FNDA:3789,(anonymous_1)
DA:8,158
DA:9,154
DA:10,154
DA:12,0
DA:20,158
DA:25,3789
LF:6
LH:5
BRDA:9,0,0,154
BRDA:9,0,1,0
BRF:2
BRH:1
end_of_record
TN:
SF:../../../../../app/web/src/components/AriaAnnounce.js
FN:7,(anonymous_0)
FN:28,(anonymous_1)
FNF:2
FNH:2
FNDA:616,(anonymous_0)
FNDA:7948,(anonymous_1)
DA:7,158
DA:8,616
DA:9,610
DA:20,158
DA:24,158
DA:28,7948
LF:6
LH:6
BRF:0
BRH:0
end_of_record
TN:
SF:../../../../../app/web/src/components/ArrowLeftIcon.js
FN:4,(anonymous_0)
FNF:1
FNH:1
FNDA:258,(anonymous_0)
DA:4,158
DA:5,258
LF:2
LH:2
BRF:0
BRH:0
end_of_record
TN:
SF:../../../../../app/web/src/components/ArrowRightIcon.js
FN:6,(anonymous_0)
FNF:1
FNH:1
FNDA:670,(anonymous_0)
DA:6,158
DA:7,670
DA:15,158
DA:19,158
LF:4
LH:4
BRF:0
BRH:0
end_of_record
TN:
SF:../../../../../app/web/src/components/AutoScrollToElement.js
FN:5,(anonymous_0)
FN:8,(anonymous_1)
FN:28,(anonymous_2)
FNF:3
FNH:3
FNDA:1149,(anonymous_0)
FNDA:1149,(anonymous_1)
FNDA:7948,(anonymous_2)
DA:5,158
DA:6,1149
DA:8,1149
DA:9,1149
DA:10,587
DA:11,587
DA:12,587
DA:13,10
DA:14,10
DA:18,1149
DA:21,158
DA:28,7948
LF:12
LH:12
BRDA:9,0,0,562
BRDA:9,0,1,587
BRDA:11,1,0,10
BRDA:11,1,1,577
BRDA:12,2,0,10
BRDA:12,2,1,577
BRDA:28,3,0,0
BRDA:28,4,0,0
BRF:8
BRH:6
end_of_record
TN:
SF:../../../../../app/web/src/components/Broadcast.js
FN:6,(anonymous_0)
FN:12,(anonymous_1)
FN:18,(anonymous_2)
FN:25,(anonymous_3)
FN:26,(anonymous_4)
FN:30,(anonymous_5)
FN:32,(anonymous_6)
FN:37,(anonymous_7)
FN:43,(anonymous_8)
FNF:9
FNH:2
FNDA:0,(anonymous_0)
FNDA:0,(anonymous_1)
FNDA:0,(anonymous_2)
FNDA:158,(anonymous_3)
FNDA:158,(anonymous_4)
FNDA:0,(anonymous_5)
FNDA:0,(anonymous_6)
FNDA:0,(anonymous_7)
FNDA:0,(anonymous_8)
DA:3,158
DA:4,158
DA:6,158
DA:7,0
DA:8,0
DA:12,158
DA:13,0
DA:14,0
DA:18,158
DA:19,0
DA:20,0
DA:21,0
DA:25,158
DA:26,158
DA:27,158
DA:28,158
DA:29,158
DA:30,158
DA:31,0
DA:32,0
DA:33,0
DA:37,158
DA:38,0
DA:39,0
DA:43,0
DA:46,158
LF:26
LH:13
BRDA:7,0,0,0
BRDA:7,0,1,0
BRDA:13,1,0,0
BRDA:13,1,1,0
BRDA:20,2,0,0
BRDA:20,2,1,0
BRDA:28,3,0,158
BRDA:28,3,1,0
BRDA:31,4,0,0
BRDA:31,4,1,0
BRF:10
BRH:1
end_of_record
TN:
SF:../../../../../app/web/src/components/CardForm.js
FN:6,(anonymous_0)
FN:23,(anonymous_1)
FNF:2
FNH:2
FNDA:44,(anonymous_0)
FNDA:14,(anonymous_1)
DA:6,158
DA:21,44
DA:23,44
DA:24,14
DA:25,14
DA:28,44
DA:97,158
DA:113,158
LF:8
LH:8
BRDA:25,0,0,14
BRDA:25,0,1,0
BRDA:25,1,0,14
BRDA:25,1,1,14
BRDA:34,2,0,44
BRDA:34,2,1,0
BRDA:39,3,0,44
BRDA:39,3,1,0
BRDA:44,4,0,44
BRDA:44,4,1,0
BRDA:46,5,0,0
BRDA:46,5,1,0
BRDA:56,6,0,44
BRDA:56,6,1,0
BRDA:65,7,0,44
BRDA:65,7,1,44
BRDA:69,8,0,44
BRDA:69,8,1,44
BRDA:71,9,0,0
BRDA:71,9,1,44
BRDA:80,10,0,44
BRDA:80,10,1,0
BRDA:88,11,0,44
BRDA:88,11,1,0
BRF:24
BRH:14
end_of_record
TN:
SF:../../../../../app/web/src/components/Choice.js
FN:4,(anonymous_0)
FN:7,(anonymous_1)
FNF:2
FNH:2
FNDA:1110,(anonymous_0)
FNDA:202,(anonymous_1)
DA:4,158
DA:5,1110
DA:7,1110
DA:8,202
DA:10,202
DA:11,0
DA:12,0
DA:13,0
DA:17,1110
LF:9
LH:6
BRDA:10,0,0,0
BRDA:10,0,1,202
BRF:2
BRH:1
end_of_record
TN:
SF:../../../../../app/web/src/components/ConnectedWaypoint.js
FN:7,(anonymous_0)
FN:12,(anonymous_1)
FN:30,(anonymous_2)
FNF:3
FNH:3
FNDA:407,(anonymous_0)
FNDA:38,(anonymous_1)
FNDA:4919,(anonymous_2)
DA:7,158
DA:8,407
DA:12,38
DA:18,158
DA:25,158
DA:30,4919
DA:34,158
LF:7
LH:7
BRF:0
BRH:0
end_of_record
TN:
SF:../../../../../app/web/src/components/ContinuePreviousButtons.js
FN:12,(anonymous_0)
FN:13,(anonymous_1)
FN:83,(anonymous_2)
FNF:3
FNH:3
FNDA:458,(anonymous_0)
FNDA:670,(anonymous_1)
FNDA:4123,(anonymous_2)
DA:9,158
DA:10,158
DA:12,158
DA:13,458
DA:14,670
DA:15,114
DA:16,114
DA:18,556
DA:21,458
DA:22,458
DA:24,458
DA:36,458
DA:42,458
DA:54,458
DA:58,458
DA:73,158
DA:78,158
DA:83,4123
LF:18
LH:18
BRDA:14,0,0,114
BRDA:14,0,1,556
BRDA:21,1,0,46
BRDA:21,1,1,412
BRDA:22,2,0,200
BRDA:22,2,1,258
BRDA:24,3,0,46
BRDA:24,3,1,412
BRDA:36,4,0,46
BRDA:36,4,1,412
BRDA:42,5,0,200
BRDA:42,5,1,258
BRDA:54,6,0,200
BRDA:54,6,1,258
BRF:14
BRH:14
end_of_record
TN:
SF:../../../../../app/web/src/components/DateField.js
FN:6,(anonymous_0)
FN:18,(anonymous_1)
FN:28,(anonymous_2)
FN:43,(anonymous_3)
FN:69,(anonymous_4)
FN:91,(anonymous_5)
FNF:6
FNH:6
FNDA:1714,(anonymous_0)
FNDA:356,(anonymous_1)
FNDA:1714,(anonymous_2)
FNDA:466,(anonymous_3)
FNDA:356,(anonymous_4)
FNDA:12,(anonymous_5)
DA:6,158
DA:7,1714
DA:8,456
DA:14,1258
DA:15,1258
DA:18,158
DA:19,356
DA:20,0
DA:23,356
DA:28,158
DA:35,1714
DA:41,1714
DA:43,1714
DA:44,466
DA:45,114
DA:46,114
DA:47,114
DA:54,466
DA:55,352
DA:63,1714
DA:70,356
DA:71,356
DA:83,158
DA:90,158
LF:24
LH:23
BRDA:7,0,0,456
BRDA:7,0,1,1258
BRDA:15,1,0,1258
BRDA:15,1,1,152
BRDA:15,2,0,1258
BRDA:15,2,1,0
BRDA:15,3,0,1258
BRDA:15,3,1,354
BRDA:18,4,0,0
BRDA:18,5,0,0
BRDA:18,6,0,0
BRDA:18,7,0,0
BRDA:19,8,0,0
BRDA:19,8,1,356
BRDA:19,9,0,356
BRDA:19,9,1,64
BRDA:19,9,2,0
BRDA:23,10,0,294
BRDA:23,10,1,62
BRDA:24,11,0,246
BRDA:24,11,1,110
BRDA:44,12,0,114
BRDA:44,12,1,352
BRDA:45,13,0,0
BRDA:45,14,0,0
BRDA:45,15,0,0
BRDA:49,16,0,114
BRDA:49,16,1,90
BRDA:49,16,2,90
BRDA:50,17,0,114
BRDA:50,17,1,100
BRDA:50,17,2,100
BRDA:51,18,0,114
BRDA:51,18,1,64
BRDA:51,18,2,16
BRDA:54,19,0,352
BRDA:54,19,1,114
BRF:37
BRH:27
end_of_record
TN:
SF:../../../../../app/web/src/components/DeleteModal.js
FN:8,(anonymous_0)
FNF:1
FNH:1
FNDA:60,(anonymous_0)
DA:8,158
DA:9,60
DA:11,60
DA:38,158
DA:44,158
LF:5
LH:5
BRDA:24,0,0,60
BRDA:24,0,1,44
BRDA:33,1,0,60
BRDA:33,1,1,0
BRF:4
BRH:3
end_of_record
TN:
SF:../../../../../app/web/src/components/DeleteModalOptions.js
FN:3,getDeleteModalOptions
FN:7,(anonymous_1)
FN:24,(anonymous_2)
FN:41,(anonymous_3)
FN:51,(anonymous_4)
FN:61,(anonymous_5)
FN:71,(anonymous_6)
FN:81,(anonymous_7)
FN:91,(anonymous_8)
FN:109,(anonymous_9)
FN:119,(anonymous_10)
FN:129,(anonymous_11)
FN:136,(anonymous_12)
FNF:13
FNH:11
FNDA:60,getDeleteModalOptions
FNDA:2,(anonymous_1)
FNDA:2,(anonymous_2)
FNDA:6,(anonymous_3)
FNDA:6,(anonymous_4)
FNDA:10,(anonymous_5)
FNDA:6,(anonymous_6)
FNDA:6,(anonymous_7)
FNDA:12,(anonymous_8)
FNDA:0,(anonymous_9)
FNDA:6,(anonymous_10)
FNDA:4,(anonymous_11)
FNDA:0,(anonymous_12)
DA:5,60
DA:8,2
DA:25,2
DA:42,6
DA:52,6
DA:62,10
DA:72,6
DA:82,6
DA:92,12
DA:110,0
DA:120,6
DA:130,4
DA:137,0
DA:147,60
LF:14
LH:12
BRF:0
BRH:0
end_of_record
TN:
SF:../../../../../app/web/src/components/DocumentUpload.js
FN:13,(anonymous_0)
FN:17,(anonymous_1)
FN:37,(anonymous_2)
FN:45,(anonymous_3)
FNF:4
FNH:3
FNDA:233,(anonymous_0)
FNDA:7,(anonymous_1)
FNDA:108,(anonymous_2)
FNDA:0,(anonymous_3)
DA:13,158
DA:14,233
DA:15,233
DA:17,233
DA:18,7
DA:20,7
DA:37,233
DA:38,108
DA:39,108
DA:40,108
DA:42,108
DA:45,233
DA:46,0
DA:47,0
DA:49,0
DA:52,233
DA:90,158
LF:17
LH:14
BRDA:54,0,0,233
BRDA:54,0,1,118
BRF:2
BRH:2
end_of_record
TN:
SF:../../../../../app/web/src/components/DollarField.js
FN:4,(anonymous_0)
FNF:1
FNH:1
FNDA:14492,(anonymous_0)
DA:4,158
DA:5,14492
LF:2
LH:2
BRF:0
BRH:0
end_of_record
TN:
SF:../../../../../app/web/src/components/Dollars.js
FN:13,(anonymous_0)
FNF:1
FNH:1
FNDA:126413,(anonymous_0)
DA:13,158
DA:14,126413
DA:16,126413
DA:17,856
DA:20,125557
DA:23,158
DA:29,158
LF:7
LH:7
BRDA:16,0,0,856
BRDA:16,0,1,125557
BRDA:16,1,0,126413
BRDA:16,1,1,125557
BRF:4
BRH:4
end_of_record
TN:
SF:../../../../../app/web/src/components/EnableCookies.js
FNF:0
FNH:0
DA:1,158
LF:1
LH:1
BRF:0
BRH:0
end_of_record
TN:
SF:../../../../../app/web/src/components/FormAndReviewList.js
FN:5,(anonymous_0)
FN:20,(anonymous_1)
FN:29,(anonymous_2)
FN:31,(anonymous_3)
FN:55,(anonymous_4)
FN:62,(anonymous_5)
FN:92,(anonymous_6)
FN:110,(anonymous_7)
FN:116,(anonymous_8)
FN:122,(anonymous_9)
FN:135,(anonymous_10)
FN:146,(anonymous_11)
FNF:12
FNH:12
FNDA:894,(anonymous_0)
FNDA:116,(anonymous_1)
FNDA:18,(anonymous_2)
FNDA:30,(anonymous_3)
FNDA:30,(anonymous_4)
FNDA:86,(anonymous_5)
FNDA:504,(anonymous_6)
FNDA:76,(anonymous_7)
FNDA:98,(anonymous_8)
FNDA:116,(anonymous_9)
FNDA:580,(anonymous_10)
FNDA:26,(anonymous_11)
DA:5,158
DA:15,894
DA:16,894
DA:18,894
DA:19,894
DA:20,894
DA:21,116
DA:22,116
DA:23,98
DA:24,98
DA:26,116
DA:29,894
DA:31,894
DA:32,30
DA:33,30
DA:34,30
DA:37,894
DA:38,498
DA:45,396
DA:55,30
DA:63,86
DA:64,86
DA:65,86
DA:74,158
DA:87,158
DA:92,158
DA:106,504
DA:107,504
DA:109,504
DA:110,76
DA:114,504
DA:116,504
DA:117,98
DA:118,98
DA:119,98
DA:122,504
DA:124,504
DA:136,580
DA:146,26
DA:163,158
DA:179,158
LF:41
LH:41
BRDA:22,0,0,98
BRDA:22,0,1,18
BRDA:22,1,0,116
BRDA:22,1,1,18
BRDA:37,2,0,498
BRDA:37,2,1,396
BRDA:114,3,0,504
BRDA:114,3,1,0
BRDA:126,4,0,108
BRDA:126,4,1,396
BRDA:126,5,0,504
BRDA:126,5,1,108
BRDA:128,6,0,0
BRDA:128,6,1,108
BRDA:141,7,0,580
BRDA:141,7,1,536
BRDA:145,8,0,560
BRDA:145,8,1,20
BRDA:145,9,0,580
BRDA:145,9,1,230
BRDA:154,10,0,504
BRDA:154,10,1,504
BRDA:154,10,2,406
BRDA:156,11,0,406
BRDA:156,11,1,0
BRF:25
BRH:22
end_of_record
TN:
SF:../../../../../app/web/src/components/Icons.js
FN:35,(anonymous_0)
FN:36,(anonymous_1)
FN:37,(anonymous_2)
FN:40,(anonymous_3)
FN:41,(anonymous_4)
FN:42,(anonymous_5)
FN:45,(anonymous_6)
FN:53,(anonymous_7)
FN:54,(anonymous_8)
FN:57,(anonymous_9)
FN:58,(anonymous_10)
FNF:11
FNH:7
FNDA:522,(anonymous_0)
FNDA:118,(anonymous_1)
FNDA:0,(anonymous_2)
FNDA:12,(anonymous_3)
FNDA:38,(anonymous_4)
FNDA:38,(anonymous_5)
FNDA:501,(anonymous_6)
FNDA:0,(anonymous_7)
FNDA:885,(anonymous_8)
FNDA:0,(anonymous_9)
FNDA:0,(anonymous_10)
DA:35,522
DA:36,158
DA:37,158
DA:38,0
DA:40,158
DA:41,158
DA:42,158
DA:43,38
DA:45,158
DA:46,501
DA:53,158
DA:54,158
DA:55,885
DA:57,158
DA:58,158
LF:15
LH:14
BRF:0
BRH:0
end_of_record
TN:
SF:../../../../../app/web/src/components/Instruction.js
FN:8,(anonymous_0)
FN:31,(anonymous_1)
FN:54,(anonymous_2)
FNF:3
FNH:3
FNDA:6302,(anonymous_0)
FNDA:8527,(anonymous_1)
FNDA:48,(anonymous_2)
DA:8,158
DA:9,6302
DA:10,6302
DA:12,6302
DA:13,3668
DA:15,2634
DA:18,158
DA:25,158
DA:31,158
DA:32,8527
DA:33,8527
DA:34,8527
DA:35,8527
DA:36,8527
DA:38,8527
DA:39,8067
DA:55,48
DA:70,460
DA:73,158
DA:81,158
LF:20
LH:20
BRDA:12,0,0,3668
BRDA:12,0,1,2634
BRDA:38,1,0,8067
BRDA:38,1,1,460
BRDA:38,2,0,8527
BRDA:38,2,1,2225
BRDA:38,2,2,2210
BRDA:38,2,3,518
BRDA:41,3,0,8067
BRDA:41,3,1,6302
BRDA:46,4,0,8067
BRDA:46,4,1,8052
BRDA:46,4,2,58
BRDA:46,4,3,42
BRDA:46,4,4,8067
BRDA:48,5,0,8067
BRDA:48,5,1,0
BRDA:48,5,2,0
BRDA:49,6,0,8067
BRDA:49,6,1,15
BRDA:50,7,0,8067
BRDA:50,7,1,8067
BRDA:50,7,2,8009
BRDA:51,8,0,8067
BRDA:51,8,1,16
BRDA:62,9,0,8067
BRDA:62,9,1,3275
BRF:27
BRH:25
end_of_record
TN:
SF:../../../../../app/web/src/components/Loading.js
FN:5,(anonymous_0)
FNF:1
FNH:1
FNDA:447,(anonymous_0)
DA:5,158
DA:6,447
DA:11,158
LF:3
LH:3
BRF:0
BRH:0
end_of_record
TN:
SF:../../../../../app/web/src/components/Md.js
FN:11,(anonymous_0)
FN:68,(anonymous_1)
FN:69,(anonymous_2)
FN:70,(anonymous_3)
FNF:4
FNH:4
FNDA:11284,(anonymous_0)
FNDA:2612,(anonymous_1)
FNDA:2612,(anonymous_2)
FNDA:2612,(anonymous_3)
DA:6,158
DA:11,158
DA:55,11284
DA:56,11284
DA:58,11284
DA:59,11284
DA:60,653
DA:63,653
DA:64,653
DA:66,653
DA:68,2612
DA:69,2612
DA:70,2612
DA:73,653
DA:79,653
DA:82,11284
DA:90,158
DA:95,158
LF:18
LH:18
BRDA:63,0,0,653
BRDA:63,0,1,0
BRF:2
BRH:1
end_of_record
TN:
SF:../../../../../app/web/src/components/NoMatch.js
FN:3,(anonymous_0)
FNF:1
FNH:0
FNDA:0,(anonymous_0)
DA:3,158
DA:4,0
LF:2
LH:1
BRF:0
BRH:0
end_of_record
TN:
SF:../../../../../app/web/src/components/NumberField.js
FN:5,(anonymous_0)
FN:8,(anonymous_1)
FN:18,(anonymous_2)
FN:22,(anonymous_3)
FN:34,(anonymous_4)
FN:49,(anonymous_5)
FN:66,(anonymous_6)
FNF:7
FNH:7
FNDA:31548,(anonymous_0)
FNDA:28649,(anonymous_1)
FNDA:2515,(anonymous_2)
FNDA:1748,(anonymous_3)
FNDA:384,(anonymous_4)
FNDA:384,(anonymous_5)
FNDA:1384,(anonymous_6)
DA:5,158
DA:6,31548
DA:8,158
DA:17,28649
DA:18,28649
DA:19,2515
DA:22,28649
DA:25,1748
DA:26,166
DA:29,1582
DA:31,1582
DA:34,28649
DA:35,384
DA:36,384
DA:37,14
DA:39,370
DA:40,0
DA:42,370
DA:43,294
DA:46,76
DA:49,28649
DA:50,384
DA:51,384
DA:53,384
DA:54,384
DA:59,384
DA:60,164
DA:66,28649
DA:67,1384
DA:68,1384
DA:71,20
DA:73,1364
DA:74,1364
DA:75,1364
DA:76,1364
DA:83,28649
DA:94,158
DA:103,158
LF:38
LH:37
BRDA:6,0,0,30294
BRDA:6,0,1,1254
BRDA:25,1,0,166
BRDA:25,1,1,1582
BRDA:25,2,0,1748
BRDA:25,2,1,1582
BRDA:31,3,0,0
BRDA:31,3,1,1582
BRDA:36,4,0,14
BRDA:36,4,1,370
BRDA:39,5,0,0
BRDA:39,5,1,370
BRDA:39,6,0,370
BRDA:39,6,1,36
BRDA:42,7,0,294
BRDA:42,7,1,76
BRDA:53,8,0,384
BRDA:53,8,1,0
BRDA:59,9,0,164
BRDA:59,9,1,220
BRDA:68,10,0,20
BRDA:68,10,1,1364
BRDA:74,11,0,1212
BRDA:74,11,1,152
BRDA:75,12,0,1364
BRDA:75,12,1,0
BRF:26
BRH:22
end_of_record
TN:
SF:../../../../../app/web/src/components/PasswordWithMeter.js
FN:8,(anonymous_0)
FN:13,(anonymous_1)
FN:20,(anonymous_2)
FN:29,(anonymous_3)
FN:30,(anonymous_4)
FN:33,(anonymous_5)
FN:128,(anonymous_6)
FNF:7
FNH:4
FNDA:202,(anonymous_0)
FNDA:202,(anonymous_1)
FNDA:536,(anonymous_2)
FNDA:0,(anonymous_3)
FNDA:0,(anonymous_4)
FNDA:1110,(anonymous_5)
FNDA:0,(anonymous_6)
DA:9,202
DA:10,202
DA:14,202
DA:15,202
DA:16,0
DA:20,202
DA:21,536
DA:22,536
DA:24,536
DA:25,536
DA:29,202
DA:30,0
DA:42,1110
DA:43,1110
DA:45,1110
DA:46,1110
DA:47,497
DA:48,613
DA:49,62
DA:50,551
DA:51,164
DA:54,1110
DA:113,158
DA:125,158
LF:24
LH:22
BRDA:15,0,0,0
BRDA:15,0,1,202
BRDA:24,1,0,536
BRDA:24,1,1,0
BRDA:46,2,0,497
BRDA:46,2,1,613
BRDA:48,3,0,62
BRDA:48,3,1,551
BRDA:50,4,0,164
BRDA:50,4,1,387
BRDA:55,5,0,1110
BRDA:55,5,1,1110
BRDA:71,6,0,1110
BRDA:71,6,1,0
BRDA:74,7,0,1110
BRDA:74,7,1,0
BRDA:79,8,0,0
BRDA:79,8,1,1110
BRDA:82,9,0,1110
BRDA:82,9,1,0
BRDA:85,10,0,1110
BRDA:85,10,1,0
BRDA:90,11,0,1110
BRDA:90,11,1,0
BRDA:95,12,0,0
BRDA:95,12,1,0
BRF:26
BRH:16
end_of_record
TN:
SF:../../../../../app/web/src/components/PercentField.js
FN:4,(anonymous_0)
FN:6,(anonymous_1)
FNF:2
FNH:2
FNDA:6864,(anonymous_0)
FNDA:208,(anonymous_1)
DA:4,158
DA:5,6864
DA:6,6864
DA:7,208
DA:8,0
DA:9,0
DA:10,0
DA:11,0
DA:15,6864
LF:9
LH:5
BRDA:7,0,0,0
BRDA:7,0,1,208
BRDA:7,1,0,208
BRDA:7,1,1,208
BRF:4
BRH:3
end_of_record
TN:
SF:../../../../../app/web/src/components/PersonCostForm.js
FN:13,(anonymous_0)
FN:39,(anonymous_1)
FN:40,(anonymous_2)
FN:46,(anonymous_3)
FN:47,(anonymous_4)
FN:52,(anonymous_5)
FN:58,(anonymous_6)
FN:65,(anonymous_7)
FN:83,(anonymous_8)
FNF:9
FNH:9
FNDA:360,(anonymous_0)
FNDA:720,(anonymous_1)
FNDA:200,(anonymous_2)
FNDA:720,(anonymous_3)
FNDA:80,(anonymous_4)
FNDA:38,(anonymous_5)
FNDA:720,(anonymous_6)
FNDA:720,(anonymous_7)
FNDA:720,(anonymous_8)
DA:13,158
DA:27,360
DA:36,360
DA:39,360
DA:40,720
DA:41,200
DA:42,200
DA:46,360
DA:47,720
DA:48,80
DA:49,80
DA:52,360
DA:53,38
DA:56,360
DA:59,720
DA:66,720
DA:84,720
DA:110,158
DA:120,158
LF:19
LH:19
BRDA:74,0,0,720
BRDA:74,0,1,720
BRDA:93,1,0,720
BRDA:93,1,1,720
BRF:4
BRH:4
end_of_record
TN:
SF:../../../../../app/web/src/components/PrivateRoute.js
FN:6,(anonymous_0)
FN:9,(anonymous_1)
FN:30,(anonymous_2)
FNF:3
FNH:3
FNDA:957,(anonymous_0)
FNDA:957,(anonymous_1)
FNDA:6947,(anonymous_2)
DA:6,158
DA:7,957
DA:10,957
DA:24,158
DA:30,6947
LF:5
LH:5
BRDA:10,0,0,806
BRDA:10,0,1,151
BRF:2
BRH:2
end_of_record
TN:
SF:../../../../../app/web/src/components/Review.js
FN:7,(anonymous_0)
FN:25,(anonymous_1)
FN:26,(anonymous_2)
FN:39,(anonymous_3)
FN:44,(anonymous_4)
FN:102,(anonymous_5)
FNF:6
FNH:6
FNDA:2564,(anonymous_0)
FNDA:302,(anonymous_1)
FNDA:22,(anonymous_2)
FNDA:26,(anonymous_3)
FNDA:42,(anonymous_4)
FNDA:14,(anonymous_5)
DA:7,158
DA:23,2564
DA:24,2564
DA:26,302
DA:27,22
DA:28,4
DA:30,22
DA:31,18
DA:37,2564
DA:39,2564
DA:40,26
DA:41,26
DA:44,2564
DA:45,42
DA:46,2
DA:48,40
DA:52,2564
DA:102,14
DA:110,158
DA:122,158
LF:20
LH:20
BRDA:27,0,0,4
BRDA:27,0,1,18
BRDA:30,1,0,18
BRDA:30,1,1,4
BRDA:45,2,0,2
BRDA:45,2,1,40
BRDA:56,3,0,592
BRDA:56,3,1,1972
BRDA:56,4,0,2564
BRDA:56,4,1,1992
BRDA:61,5,0,572
BRDA:61,5,1,20
BRDA:67,6,0,20
BRDA:67,6,1,572
BRDA:77,7,0,2564
BRDA:77,7,1,2282
BRDA:81,8,0,2282
BRDA:81,8,1,522
BRDA:86,9,0,2282
BRDA:86,9,1,0
BRDA:89,10,0,2282
BRDA:89,10,1,522
BRDA:98,11,0,2564
BRDA:98,11,1,40
BRF:24
BRH:23
end_of_record
TN:
SF:../../../../../app/web/src/components/RichText.js
FN:48,(anonymous_0)
FN:48,(anonymous_1)
FN:71,(anonymous_2)
FN:80,(anonymous_3)
FN:99,(anonymous_4)
FN:99,(anonymous_5)
FN:100,(anonymous_6)
FN:109,(anonymous_7)
FN:115,(anonymous_8)
FN:131,(anonymous_9)
FN:141,(anonymous_10)
FN:141,(anonymous_11)
FN:162,(anonymous_12)
FN:167,(anonymous_13)
FN:262,(anonymous_14)
FN:263,(anonymous_15)
FNF:16
FNH:9
FNDA:0,(anonymous_0)
FNDA:0,(anonymous_1)
FNDA:0,(anonymous_2)
FNDA:0,(anonymous_3)
FNDA:3732,(anonymous_4)
FNDA:863,(anonymous_5)
FNDA:535,(anonymous_6)
FNDA:1,(anonymous_7)
FNDA:0,(anonymous_8)
FNDA:863,(anonymous_9)
FNDA:3732,(anonymous_10)
FNDA:1,(anonymous_11)
FNDA:70,(anonymous_12)
FNDA:3732,(anonymous_13)
FNDA:0,(anonymous_14)
FNDA:0,(anonymous_15)
DA:34,158
DA:48,158
DA:49,0
DA:50,0
DA:52,0
DA:54,0
DA:55,0
DA:57,0
DA:64,0
DA:68,0
DA:69,0
DA:70,0
DA:73,0
DA:74,0
DA:78,0
DA:82,0
DA:89,0
DA:90,0
DA:91,0
DA:92,0
DA:95,0
DA:99,3732
DA:100,863
DA:101,535
DA:102,535
DA:106,535
DA:109,863
DA:110,1
DA:113,863
DA:116,0
DA:117,0
DA:118,0
DA:119,0
DA:124,0
DA:132,863
DA:134,863
DA:141,3732
DA:142,1
DA:143,1
DA:145,1
DA:146,1
DA:147,1
DA:155,1
DA:156,1
DA:158,0
DA:162,863
DA:163,70
DA:164,70
DA:168,3732
DA:169,3732
DA:172,3732
DA:183,3732
DA:196,3732
DA:250,158
DA:259,158
DA:267,158
LF:56
LH:31
BRDA:50,0,0,0
BRDA:50,0,1,0
BRDA:50,1,0,0
BRDA:50,1,1,0
BRDA:55,2,0,0
BRDA:55,2,1,0
BRDA:135,3,0,863
BRDA:135,3,1,0
BRDA:200,4,0,922
BRDA:200,4,1,2810
BRDA:237,5,0,3732
BRDA:237,5,1,922
BRF:12
BRH:5
end_of_record
TN:
SF:../../../../../app/web/src/components/SaveMessage.js
FN:23,(anonymous_0)
FN:24,(anonymous_1)
FN:26,(anonymous_2)
FN:27,(anonymous_3)
FN:28,(anonymous_4)
FNF:5
FNH:5
FNDA:1417,(anonymous_0)
FNDA:443,(anonymous_1)
FNDA:1411,(anonymous_2)
FNDA:921,(anonymous_3)
FNDA:1344,(anonymous_4)
DA:7,158
DA:23,158
DA:24,1417
DA:26,1417
DA:27,1411
DA:28,1411
DA:31,1417
DA:32,1417
DA:33,1417
DA:34,1417
DA:36,1417
DA:37,1311
DA:40,106
DA:41,27
DA:42,79
DA:43,0
DA:45,79
DA:48,106
DA:49,106
DA:52,158
LF:20
LH:19
BRDA:36,0,0,1311
BRDA:36,0,1,106
BRDA:36,1,0,1417
BRDA:36,1,1,1417
BRDA:40,2,0,27
BRDA:40,2,1,79
BRDA:42,3,0,0
BRDA:42,3,1,79
BRF:8
BRH:7
end_of_record
TN:
SF:../../../../../app/web/src/components/Section.js
FN:9,(anonymous_0)
FN:37,(anonymous_1)
FNF:2
FNH:2
FNDA:2934,(anonymous_0)
FNDA:1710,(anonymous_1)
DA:9,158
DA:10,2934
DA:11,2934
DA:13,2934
DA:26,158
DA:32,158
DA:37,158
DA:38,1710
DA:40,1710
DA:58,158
DA:66,158
LF:11
LH:11
BRDA:15,0,0,2934
BRDA:15,0,1,1206
BRDA:16,1,0,2934
BRDA:16,1,1,563
BRDA:42,2,0,1710
BRDA:42,2,1,1710
BRDA:43,3,0,1710
BRDA:43,3,1,1482
BRDA:47,4,0,1710
BRDA:47,4,1,0
BRDA:48,5,0,0
BRDA:48,5,1,0
BRF:12
BRH:9
end_of_record
TN:
SF:../../../../../app/web/src/components/SessionEndingAlert.js
FN:13,(anonymous_0)
FN:27,(anonymous_1)
FN:36,(anonymous_2)
FN:57,(anonymous_3)
FN:105,(anonymous_4)
FNF:5
FNH:2
FNDA:286,(anonymous_0)
FNDA:0,(anonymous_1)
FNDA:0,(anonymous_2)
FNDA:0,(anonymous_3)
FNDA:7948,(anonymous_4)
DA:13,158
DA:21,286
DA:22,286
DA:27,286
DA:28,0
DA:36,286
DA:37,0
DA:38,0
DA:41,286
DA:58,0
DA:96,158
DA:105,158
DA:107,7948
DA:114,158
LF:14
LH:10
BRDA:22,0,0,0
BRDA:22,0,1,286
BRDA:48,1,0,286
BRDA:48,1,1,0
BRDA:68,2,0,0
BRDA:68,2,1,0
BRDA:69,3,0,0
BRDA:69,3,1,0
BRDA:72,4,0,0
BRDA:72,4,1,0
BRDA:73,5,0,0
BRDA:73,5,1,0
BRF:12
BRH:2
end_of_record
TN:
SF:../../../../../app/web/src/components/TextArea.js
FN:5,(anonymous_0)
FN:16,(anonymous_1)
FNF:2
FNH:2
FNDA:5170,(anonymous_0)
FNDA:5170,(anonymous_1)
DA:5,158
DA:6,5170
DA:17,5170
DA:27,158
DA:31,158
LF:5
LH:5
BRF:0
BRH:0
end_of_record
TN:
SF:../../../../../app/web/src/components/UnexpectedError.js
FN:11,(anonymous_0)
FN:12,(anonymous_1)
FN:57,(anonymous_2)
FNF:3
FNH:2
FNDA:939,(anonymous_0)
FNDA:0,(anonymous_1)
FNDA:5735,(anonymous_2)
DA:11,158
DA:12,939
DA:13,0
DA:16,939
DA:51,158
DA:57,5735
DA:62,158
LF:7
LH:6
BRDA:18,0,0,939
BRDA:18,0,1,0
BRDA:41,1,0,0
BRDA:41,1,1,0
BRDA:42,2,0,0
BRDA:42,2,1,0
BRF:6
BRH:1
end_of_record
TN:
SF:../../../../../app/web/src/components/UpgradeBrowser.js
FN:33,(anonymous_0)
FN:49,(anonymous_1)
FNF:2
FNH:2
FNDA:474,(anonymous_0)
FNDA:1159,(anonymous_1)
DA:5,158
DA:23,158
DA:34,474
DA:49,158
DA:51,1159
DA:61,158
LF:6
LH:6
BRDA:49,0,0,1159
BRDA:51,1,0,0
BRDA:51,1,1,1159
BRF:3
BRH:2
end_of_record
TN:
SF:../../../../../app/web/src/components/Wrapper.js
FN:9,(anonymous_0)
FN:9,(anonymous_1)
FN:11,(anonymous_2)
FNF:3
FNH:3
FNDA:1580,(anonymous_0)
FNDA:158,(anonymous_1)
FNDA:1231,(anonymous_2)
DA:9,1580
DA:11,158
DA:12,1231
DA:13,1231
DA:15,1231
DA:25,158
LF:6
LH:6
BRDA:16,0,0,194
BRDA:16,0,1,1037
BRF:2
BRH:2
end_of_record
TN:
SF:../../../../../app/web/src/containers/ApdApplication.js
FN:27,(anonymous_0)
FN:45,(anonymous_1)
FN:65,(anonymous_2)
FN:125,(anonymous_3)
FNF:4
FNH:4
FNDA:885,(anonymous_0)
FNDA:108,(anonymous_1)
FNDA:187,(anonymous_2)
FNDA:6212,(anonymous_3)
DA:27,158
DA:39,885
DA:40,885
DA:41,885
DA:42,885
DA:44,885
DA:46,108
DA:47,0
DA:48,0
DA:49,108
DA:50,0
DA:51,108
DA:52,79
DA:53,79
DA:54,79
DA:56,29
DA:65,885
DA:66,187
DA:67,108
DA:71,885
DA:72,0
DA:74,885
DA:75,237
DA:82,648
DA:90,648
DA:105,158
DA:118,158
DA:125,6212
DA:133,158
LF:29
LH:25
BRDA:46,0,0,0
BRDA:46,0,1,108
BRDA:46,1,0,108
BRDA:46,1,1,0
BRDA:49,2,0,0
BRDA:49,2,1,108
BRDA:49,3,0,108
BRDA:49,3,1,29
BRDA:51,4,0,79
BRDA:51,4,1,29
BRDA:51,5,0,108
BRDA:51,5,1,108
BRDA:51,5,2,29
BRDA:53,6,0,0
BRDA:53,7,0,0
BRDA:53,8,0,79
BRDA:53,8,1,0
BRDA:66,9,0,108
BRDA:66,9,1,79
BRDA:71,10,0,0
BRDA:71,10,1,885
BRDA:74,11,0,237
BRDA:74,11,1,648
BRDA:74,12,0,885
BRDA:74,12,1,727
BRDA:95,13,0,648
BRDA:95,13,1,648
BRDA:130,14,0,6212
BRDA:130,14,1,0
BRF:29
BRH:21
end_of_record
TN:
SF:../../../../../app/web/src/containers/App.js
FN:9,(anonymous_0)
FNF:1
FNH:1
FNDA:262,(anonymous_0)
DA:9,158
DA:10,262
LF:2
LH:2
BRF:0
BRH:0
end_of_record
TN:
SF:../../../../../app/web/src/containers/LoginApplication.js
FN:25,(anonymous_0)
FN:49,(anonymous_1)
FN:52,(anonymous_2)
FN:53,(anonymous_3)
FN:61,(anonymous_4)
FN:86,(anonymous_5)
FN:102,(anonymous_6)
FN:110,(anonymous_7)
FN:116,(anonymous_8)
FN:124,(anonymous_9)
FN:130,(anonymous_10)
FN:137,(anonymous_11)
FN:143,(anonymous_12)
FN:150,(anonymous_13)
FN:222,(anonymous_14)
FNF:15
FNH:11
FNDA:685,(anonymous_0)
FNDA:160,(anonymous_1)
FNDA:156,(anonymous_2)
FNDA:147,(anonymous_3)
FNDA:160,(anonymous_4)
FNDA:0,(anonymous_5)
FNDA:0,(anonymous_6)
FNDA:0,(anonymous_7)
FNDA:5,(anonymous_8)
FNDA:5,(anonymous_9)
FNDA:37,(anonymous_10)
FNDA:4,(anonymous_11)
FNDA:0,(anonymous_12)
FNDA:2,(anonymous_13)
FNDA:1325,(anonymous_14)
DA:25,158
DA:44,685
DA:45,685
DA:46,685
DA:47,685
DA:49,685
DA:50,160
DA:51,156
DA:52,156
DA:53,156
DA:54,147
DA:60,685
DA:61,160
DA:68,685
DA:70,685
DA:71,0
DA:72,685
DA:73,8
DA:79,677
DA:80,2
DA:81,675
DA:82,12
DA:86,685
DA:87,0
DA:91,0
DA:92,0
DA:94,0
DA:95,0
DA:96,0
DA:102,685
DA:103,0
DA:104,0
DA:105,0
DA:110,685
DA:111,0
DA:112,0
DA:116,685
DA:117,5
DA:118,5
DA:119,5
DA:124,685
DA:125,5
DA:126,5
DA:130,685
DA:131,37
DA:132,37
DA:133,35
DA:137,685
DA:138,4
DA:139,4
DA:143,685
DA:144,0
DA:145,0
DA:146,0
DA:150,685
DA:151,2
DA:152,2
DA:155,685
DA:156,199
DA:163,486
DA:164,2
DA:167,484
DA:168,137
DA:169,137
DA:170,0
DA:173,137
DA:176,347
DA:195,158
DA:215,158
DA:222,158
DA:233,1325
DA:244,158
LF:72
LH:56
BRDA:50,0,0,156
BRDA:50,0,1,4
BRDA:50,1,0,160
BRDA:50,1,1,158
BRDA:70,2,0,0
BRDA:70,2,1,685
BRDA:72,3,0,8
BRDA:72,3,1,677
BRDA:79,4,0,2
BRDA:79,4,1,675
BRDA:81,5,0,12
BRDA:81,5,1,663
BRDA:87,6,0,0
BRDA:87,6,1,0
BRDA:88,7,0,0
BRDA:88,7,1,0
BRDA:95,8,0,0
BRDA:95,8,1,0
BRDA:104,9,0,0
BRDA:104,9,1,0
BRDA:118,10,0,5
BRDA:118,10,1,0
BRDA:132,11,0,35
BRDA:132,11,1,2
BRDA:145,12,0,0
BRDA:145,12,1,0
BRDA:155,13,0,199
BRDA:155,13,1,486
BRDA:163,14,0,2
BRDA:163,14,1,484
BRDA:163,15,0,486
BRDA:163,15,1,4
BRDA:167,16,0,137
BRDA:167,16,1,347
BRDA:168,17,0,15
BRDA:168,18,0,137
BRDA:168,18,1,15
BRDA:169,19,0,0
BRDA:169,19,1,137
BRF:39
BRH:26
end_of_record
TN:
SF:../../../../../app/web/src/containers/Root.js
FN:16,(anonymous_0)
FN:18,(anonymous_1)
FNF:2
FNH:2
FNDA:158,(anonymous_0)
FNDA:1953,(anonymous_1)
DA:11,158
DA:14,158
DA:16,158
DA:18,158
DA:19,1953
DA:22,158
DA:31,158
LF:7
LH:7
BRF:0
BRH:0
end_of_record
TN:
SF:../../../../../app/web/src/i18n/index.js
FN:22,(anonymous_0)
FN:31,(anonymous_1)
FN:32,(anonymous_2)
FNF:3
FNH:2
FNDA:158,(anonymous_0)
FNDA:0,(anonymous_1)
FNDA:80402,(anonymous_2)
DA:8,158
DA:9,158
DA:10,158
DA:13,158
DA:15,158
DA:18,158
DA:22,158
DA:23,158
DA:24,158
DA:26,158
DA:30,158
DA:31,0
DA:32,80402
LF:13
LH:12
BRDA:18,0,0,158
BRDA:18,0,1,158
BRDA:18,0,2,0
BRDA:18,0,3,0
BRDA:23,1,0,158
BRDA:23,1,1,158
BRDA:24,2,0,0
BRDA:24,2,1,158
BRDA:24,3,0,158
BRDA:24,3,1,158
BRDA:30,4,0,0
BRDA:30,4,1,158
BRDA:30,5,0,158
BRDA:30,5,1,158
BRDA:31,6,0,0
BRDA:31,6,1,0
BRDA:32,7,0,18832
BRF:17
BRH:11
end_of_record
TN:
SF:../../../../../app/web/src/i18n/locales/en/index.js
FNF:0
FNH:0
LF:0
LH:0
BRF:0
BRH:0
end_of_record
TN:
SF:../../../../../app/web/src/i18n/locales/en/activities/index.js
FNF:0
FNH:0
LF:0
LH:0
BRF:0
BRH:0
end_of_record
TN:
SF:../../../../../app/web/src/i18n/locales/en/apd/index.js
FNF:0
FNH:0
LF:0
LH:0
BRF:0
BRH:0
end_of_record
TN:
SF:../../../../../app/web/src/layout/footer/Footer.js
FN:3,(anonymous_0)
FNF:1
FNH:1
FNDA:1231,(anonymous_0)
DA:3,158
DA:4,1231
LF:2
LH:2
BRF:0
BRH:0
end_of_record
TN:
SF:../../../../../app/web/src/layout/header/ApdHeader.js
FN:15,(anonymous_0)
FN:18,(anonymous_1)
FN:26,(anonymous_2)
FN:38,(anonymous_3)
FN:54,(anonymous_4)
FN:65,(anonymous_5)
FN:78,(anonymous_6)
FN:107,(anonymous_7)
FNF:8
FNH:7
FNDA:243,(anonymous_0)
FNDA:129,(anonymous_1)
FNDA:4,(anonymous_2)
FNDA:0,(anonymous_3)
FNDA:78,(anonymous_4)
FNDA:4,(anonymous_5)
FNDA:2,(anonymous_6)
FNDA:2855,(anonymous_7)
DA:15,158
DA:16,243
DA:18,243
DA:19,129
DA:21,129
DA:22,4
DA:26,243
DA:27,4
DA:29,4
DA:30,0
DA:32,4
DA:35,4
DA:38,243
DA:39,0
DA:40,0
DA:44,243
DA:54,78
DA:65,4
DA:79,2
DA:80,2
DA:81,2
DA:98,158
DA:105,158
DA:107,2855
DA:113,158
LF:25
LH:22
BRDA:21,0,0,4
BRDA:21,0,1,125
BRDA:29,1,0,0
BRDA:29,1,1,4
BRDA:39,2,0,0
BRDA:39,2,1,0
BRDA:39,3,0,0
BRDA:39,3,1,0
BRDA:48,4,0,82
BRDA:48,4,1,161
BRF:10
BRH:5
end_of_record
TN:
SF:../../../../../app/web/src/layout/header/DashboardButton.js
FN:7,(anonymous_0)
FN:9,(anonymous_1)
FNF:2
FNH:2
FNDA:701,(anonymous_0)
FNDA:3,(anonymous_1)
DA:7,158
DA:8,701
DA:9,3
DA:15,158
DA:20,158
LF:5
LH:5
BRF:0
BRH:0
end_of_record
TN:
SF:../../../../../app/web/src/layout/header/Header.js
FN:26,(anonymous_0)
FN:34,(anonymous_1)
FN:43,(anonymous_2)
FN:44,(anonymous_3)
FN:56,(anonymous_4)
FN:70,(anonymous_5)
FN:213,(anonymous_6)
FNF:7
FNH:7
FNDA:158,(anonymous_0)
FNDA:16,(anonymous_1)
FNDA:30,(anonymous_2)
FNDA:30,(anonymous_3)
FNDA:1107,(anonymous_4)
FNDA:1107,(anonymous_5)
FNDA:7948,(anonymous_6)
DA:27,158
DA:28,158
DA:31,158
DA:34,158
DA:35,16
DA:36,16
DA:38,0
DA:40,0
DA:43,158
DA:44,30
DA:45,30
DA:47,16
DA:50,14
DA:52,30
DA:65,1107
DA:66,1107
DA:68,1107
DA:70,1107
DA:71,1107
DA:72,318
DA:74,789
DA:75,71
DA:77,718
DA:78,84
DA:80,634
DA:94,1107
DA:194,158
DA:205,158
DA:213,7948
DA:222,158
LF:30
LH:28
BRDA:35,0,0,16
BRDA:35,0,1,0
BRDA:45,1,0,16
BRDA:45,1,1,14
BRDA:71,2,0,318
BRDA:71,2,1,789
BRDA:71,3,0,1107
BRDA:71,3,1,952
BRDA:74,4,0,71
BRDA:74,4,1,718
BRDA:74,5,0,789
BRDA:74,5,1,155
BRDA:77,6,0,84
BRDA:77,6,1,634
BRDA:77,7,0,718
BRDA:77,7,1,84
BRDA:83,8,0,36
BRDA:83,8,1,598
BRDA:86,9,0,598
BRDA:86,9,1,0
BRDA:86,10,0,598
BRDA:86,10,1,598
BRDA:104,11,0,1107
BRDA:104,11,1,718
BRDA:107,12,0,718
BRDA:107,12,1,634
BRDA:107,12,2,422
BRDA:116,13,0,18
BRDA:116,13,1,700
BRDA:120,14,0,718
BRDA:120,14,1,0
BRDA:124,15,0,718
BRDA:124,15,1,58
BRDA:124,15,2,0
BRDA:135,16,0,0
BRDA:135,16,1,0
BRDA:135,16,2,0
BRDA:141,17,0,718
BRDA:141,17,1,660
BRF:39
BRH:32
end_of_record
TN:
SF:../../../../../app/web/src/layout/header/HeaderSaveMessage.js
FN:15,(anonymous_0)
FN:31,(anonymous_1)
FN:72,(anonymous_2)
FNF:3
FNH:3
FNDA:1805,(anonymous_0)
FNDA:395,(anonymous_1)
FNDA:6280,(anonymous_2)
DA:15,158
DA:16,1805
DA:17,1805
DA:19,1805
DA:20,813
DA:23,398
DA:26,398
DA:30,398
DA:37,395
DA:43,1805
DA:44,885
DA:51,920
DA:52,0
DA:59,920
DA:66,158
DA:72,6280
LF:16
LH:15
BRDA:19,0,0,813
BRDA:19,0,1,992
BRDA:20,1,0,398
BRDA:20,1,1,415
BRDA:43,2,0,885
BRDA:43,2,1,920
BRDA:51,3,0,0
BRDA:51,3,1,920
BRF:8
BRH:7
end_of_record
TN:
SF:../../../../../app/web/src/layout/nav/Nav.js
FN:8,(anonymous_0)
FN:11,(anonymous_1)
FN:29,(anonymous_2)
FNF:3
FNH:3
FNDA:974,(anonymous_0)
FNDA:422,(anonymous_1)
FNDA:5735,(anonymous_2)
DA:8,158
DA:10,974
DA:11,974
DA:12,974
DA:19,158
DA:23,158
DA:29,5735
LF:7
LH:7
BRF:0
BRH:0
end_of_record
TN:
SF:../../../../../app/web/src/layout/nav/NavLink.js
FN:5,(anonymous_0)
FNF:1
FNH:1
FNDA:27680,(anonymous_0)
DA:5,158
DA:6,27680
DA:11,158
DA:15,158
LF:4
LH:4
BRF:0
BRH:0
end_of_record
TN:
SF:../../../../../app/web/src/layout/nav/SecondaryNav.js
FN:13,(anonymous_0)
FN:52,(anonymous_1)
FNF:2
FNH:2
FNDA:2957,(anonymous_0)
FNDA:4237,(anonymous_1)
DA:13,158
DA:14,2957
DA:15,2957
DA:18,2957
DA:21,2957
DA:41,158
DA:45,158
DA:52,4237
DA:58,158
LF:9
LH:9
BRDA:18,0,0,2957
BRDA:18,0,1,2507
BRDA:23,1,0,2957
BRDA:23,1,1,1260
BRF:4
BRH:4
end_of_record
TN:
SF:../../../../../app/web/src/layout/nav/Sidebar.js
FN:6,(anonymous_0)
FN:7,(anonymous_1)
FNF:2
FNH:2
FNDA:648,(anonymous_0)
FNDA:108,(anonymous_1)
DA:6,158
DA:7,648
DA:8,108
DA:11,648
DA:12,648
DA:16,648
DA:35,158
LF:7
LH:7
BRDA:13,0,0,648
BRDA:13,0,1,0
BRDA:19,1,0,648
BRDA:19,1,1,648
BRF:4
BRH:3
end_of_record
TN:
SF:../../../../../app/web/src/lazy/zxcvbn.js
FN:1,(anonymous_0)
FN:3,(anonymous_1)
FN:4,(anonymous_2)
FNF:3
FNH:3
FNDA:188,(anonymous_0)
FNDA:536,(anonymous_1)
FNDA:536,(anonymous_2)
DA:1,188
DA:4,536
DA:5,536
DA:8,536
LF:4
LH:4
BRF:0
BRH:0
end_of_record
TN:
SF:../../../../../app/web/src/pages/MainRoutes.js
FN:8,(anonymous_0)
FN:10,(anonymous_1)
FNF:2
FNH:2
FNDA:262,(anonymous_0)
FNDA:2620,(anonymous_1)
DA:8,158
DA:9,262
DA:11,2620
DA:12,2620
DA:13,786
DA:19,1834
DA:20,262
DA:26,1572
LF:8
LH:8
BRDA:11,0,0,2620
BRDA:11,0,1,262
BRDA:12,1,0,786
BRDA:12,1,1,1834
BRDA:19,2,0,262
BRDA:19,2,1,1572
BRF:6
BRH:6
end_of_record
TN:
SF:../../../../../app/web/src/pages/mainRoutesList.js
FNF:0
FNH:0
DA:14,158
LF:1
LH:1
BRF:0
BRH:0
end_of_record
TN:
SF:../../../../../app/web/src/pages/admin/AdminRoute.js
FN:8,(anonymous_0)
FN:12,(anonymous_1)
FN:39,(anonymous_2)
FNF:3
FNH:3
FNDA:16,(anonymous_0)
FNDA:16,(anonymous_1)
FNDA:31,(anonymous_2)
DA:8,158
DA:9,16
DA:13,16
DA:14,9
DA:15,9
DA:20,0
DA:22,7
DA:32,158
DA:39,158
LF:9
LH:8
BRDA:13,0,0,9
BRDA:13,0,1,7
BRDA:14,1,0,9
BRDA:14,1,1,0
BRF:4
BRH:3
end_of_record
TN:
SF:../../../../../app/web/src/pages/admin/ConfirmationDialog.js
FN:6,(anonymous_0)
FNF:1
FNH:0
FNDA:0,(anonymous_0)
DA:6,158
DA:11,0
DA:12,0
DA:42,158
LF:4
LH:2
BRDA:11,0,0,0
BRDA:11,0,1,0
BRDA:15,1,0,0
BRDA:15,1,1,0
BRF:4
BRH:0
end_of_record
TN:
SF:../../../../../app/web/src/pages/admin/ManageRoleDialog.js
FN:6,(anonymous_0)
FN:13,(anonymous_1)
FN:14,(anonymous_2)
FN:19,(anonymous_3)
FN:26,(anonymous_4)
FN:31,(anonymous_5)
FN:43,(anonymous_6)
FN:49,(anonymous_7)
FN:55,(anonymous_8)
FNF:9
FNH:0
FNDA:0,(anonymous_0)
FNDA:0,(anonymous_1)
FNDA:0,(anonymous_2)
FNDA:0,(anonymous_3)
FNDA:0,(anonymous_4)
FNDA:0,(anonymous_5)
FNDA:0,(anonymous_6)
FNDA:0,(anonymous_7)
FNDA:0,(anonymous_8)
DA:6,158
DA:13,0
DA:14,0
DA:15,0
DA:19,0
DA:20,0
DA:21,0
DA:23,0
DA:26,0
DA:27,0
DA:28,0
DA:31,0
DA:32,0
DA:33,0
DA:36,0
DA:39,0
DA:43,0
DA:44,0
DA:45,0
DA:46,0
DA:49,0
DA:52,0
DA:55,0
DA:56,0
DA:59,0
DA:60,0
DA:61,0
DA:62,0
DA:65,0
DA:71,0
DA:110,158
DA:118,158
LF:32
LH:3
BRDA:20,0,0,0
BRDA:20,0,1,0
BRDA:21,1,0,0
BRDA:21,1,1,0
BRDA:28,2,0,0
BRDA:28,2,1,0
BRDA:33,3,0,0
BRDA:33,3,1,0
BRF:8
BRH:0
end_of_record
TN:
SF:../../../../../app/web/src/pages/admin/fed-admin/DelegateStateAdminForm.js
FN:14,(anonymous_0)
FN:22,(anonymous_1)
FN:27,(anonymous_2)
FN:40,reducer
FN:56,(anonymous_4)
FN:57,(anonymous_5)
FN:63,(anonymous_6)
FN:67,(anonymous_7)
FN:70,(anonymous_8)
FN:73,(anonymous_9)
FN:92,(anonymous_10)
FN:103,(anonymous_11)
FN:115,(anonymous_12)
FN:127,(anonymous_13)
FN:140,(anonymous_14)
FN:164,(anonymous_15)
FN:185,(anonymous_16)
FNF:17
FNH:16
FNDA:8848,(anonymous_0)
FNDA:316,(anonymous_1)
FNDA:341,(anonymous_2)
FNDA:326,reducer
FNDA:223,(anonymous_4)
FNDA:1143,(anonymous_5)
FNDA:108,(anonymous_6)
FNDA:2,(anonymous_7)
FNDA:2,(anonymous_8)
FNDA:0,(anonymous_9)
FNDA:2,(anonymous_10)
FNDA:26,(anonymous_11)
FNDA:2,(anonymous_12)
FNDA:34,(anonymous_13)
FNDA:44,(anonymous_14)
FNDA:2,(anonymous_15)
FNDA:17,(anonymous_16)
DA:14,158
DA:15,8848
DA:20,158
DA:22,316
DA:27,158
DA:28,341
DA:29,339
DA:31,339
DA:41,326
DA:43,326
DA:48,0
DA:54,339
DA:56,339
DA:57,223
DA:58,1143
DA:60,223
DA:63,339
DA:64,108
DA:67,339
DA:68,2
DA:71,2
DA:74,0
DA:76,2
DA:77,2
DA:81,339
DA:93,2
DA:104,26
DA:116,2
DA:128,34
DA:141,44
DA:164,2
DA:181,158
DA:185,158
LF:33
LH:31
BRDA:32,0,0,339
BRDA:32,0,1,339
BRDA:33,1,0,339
BRDA:33,1,1,339
BRDA:34,2,0,339
BRDA:34,2,1,339
BRDA:35,3,0,339
BRDA:35,3,1,339
BRDA:36,4,0,339
BRDA:36,4,1,339
BRDA:37,5,0,339
BRDA:37,5,1,339
BRDA:41,6,0,326
BRDA:41,6,1,0
BRDA:76,7,0,2
BRDA:76,7,1,0
BRF:16
BRH:14
end_of_record
TN:
SF:../../../../../app/web/src/pages/admin/fed-admin/FederalAdmin.js
FN:19,(anonymous_0)
FN:40,(anonymous_1)
FN:41,(anonymous_2)
FN:51,(anonymous_3)
FN:52,(anonymous_4)
FN:62,(anonymous_5)
FN:66,(anonymous_6)
FN:70,(anonymous_7)
FN:74,(anonymous_8)
FN:79,(anonymous_9)
FN:81,(anonymous_10)
FN:101,(anonymous_11)
FN:106,(anonymous_12)
FN:110,(anonymous_13)
FN:118,(anonymous_14)
FN:120,(anonymous_15)
FN:131,(anonymous_16)
FN:132,(anonymous_17)
FN:138,(anonymous_18)
FN:140,(anonymous_19)
FN:279,(anonymous_20)
FNF:21
FNH:6
FNDA:79,(anonymous_0)
FNDA:22,(anonymous_1)
FNDA:22,(anonymous_2)
FNDA:22,(anonymous_3)
FNDA:22,(anonymous_4)
FNDA:0,(anonymous_5)
FNDA:0,(anonymous_6)
FNDA:0,(anonymous_7)
FNDA:0,(anonymous_8)
FNDA:0,(anonymous_9)
FNDA:0,(anonymous_10)
FNDA:0,(anonymous_11)
FNDA:0,(anonymous_12)
FNDA:0,(anonymous_13)
FNDA:0,(anonymous_14)
FNDA:0,(anonymous_15)
FNDA:0,(anonymous_16)
FNDA:0,(anonymous_17)
FNDA:0,(anonymous_18)
FNDA:0,(anonymous_19)
FNDA:62,(anonymous_20)
DA:19,158
DA:28,79
DA:29,79
DA:30,79
DA:32,79
DA:34,79
DA:36,79
DA:38,79
DA:40,79
DA:41,22
DA:42,22
DA:43,22
DA:44,22
DA:45,20
DA:50,79
DA:52,22
DA:53,22
DA:62,79
DA:63,0
DA:66,79
DA:68,0
DA:69,0
DA:70,0
DA:73,0
DA:74,0
DA:76,0
DA:79,79
DA:80,0
DA:82,0
DA:88,0
DA:90,0
DA:92,0
DA:98,0
DA:101,79
DA:102,0
DA:103,0
DA:106,79
DA:107,0
DA:110,79
DA:112,0
DA:113,0
DA:114,0
DA:115,0
DA:118,79
DA:120,79
DA:121,0
DA:122,0
DA:123,0
DA:131,79
DA:132,0
DA:133,0
DA:134,0
DA:138,79
DA:139,0
DA:140,0
DA:141,0
DA:142,0
DA:146,79
DA:259,158
DA:269,158
DA:273,158
DA:279,158
LF:62
LH:32
BRDA:42,0,0,22
BRDA:42,0,1,0
BRDA:68,1,0,0
BRDA:68,1,1,0
BRDA:73,2,0,0
BRDA:73,2,1,0
BRDA:121,3,0,0
BRDA:121,3,1,0
BRDA:122,4,0,0
BRDA:122,4,1,0
BRDA:139,5,0,0
BRDA:139,5,1,0
BRDA:153,6,0,79
BRDA:153,6,1,79
BRDA:183,7,0,79
BRDA:183,7,1,0
BRDA:214,8,0,79
BRDA:214,8,1,0
BRDA:236,9,0,79
BRDA:236,9,1,0
BRDA:246,10,0,79
BRDA:246,10,1,0
BRF:22
BRH:7
end_of_record
TN:
SF:../../../../../app/web/src/pages/admin/fed-admin/ManageAllUsersTable.js
FN:13,(anonymous_0)
FN:22,(anonymous_1)
FN:30,(anonymous_2)
FN:83,(anonymous_3)
FN:116,(anonymous_4)
FN:157,(anonymous_5)
FN:159,(anonymous_6)
FNF:7
FNH:6
FNDA:79,(anonymous_0)
FNDA:34,(anonymous_1)
FNDA:34,(anonymous_2)
FNDA:0,(anonymous_3)
FNDA:34,(anonymous_4)
FNDA:34,(anonymous_5)
FNDA:34,(anonymous_6)
DA:13,158
DA:20,79
DA:22,79
DA:23,34
DA:30,79
DA:31,34
DA:83,79
DA:84,0
DA:116,79
DA:119,34
DA:120,34
DA:122,34
DA:123,0
DA:125,34
DA:137,79
DA:158,34
DA:160,34
DA:161,34
DA:169,0
DA:186,158
DA:194,158
LF:21
LH:18
BRDA:24,0,0,34
BRDA:24,0,1,34
BRDA:34,1,0,0
BRDA:34,1,1,34
BRDA:64,2,0,0
BRDA:64,2,1,34
BRDA:69,3,0,0
BRDA:69,3,1,34
BRDA:87,4,0,0
BRDA:87,4,1,0
BRDA:96,5,0,0
BRDA:96,5,1,0
BRDA:101,6,0,0
BRDA:101,6,1,0
BRDA:119,7,0,34
BRDA:119,7,1,0
BRDA:122,8,0,0
BRDA:122,8,1,34
BRDA:132,9,0,34
BRDA:132,9,1,34
BRDA:139,10,0,79
BRDA:139,10,1,45
BRDA:140,11,0,79
BRDA:140,11,1,34
BRDA:140,11,2,0
BRDA:143,12,0,79
BRDA:143,12,1,34
BRDA:143,12,2,34
BRDA:151,13,0,0
BRDA:151,13,1,34
BRDA:152,14,0,0
BRDA:152,14,1,34
BRDA:160,15,0,34
BRDA:160,15,1,0
BRF:34
BRH:19
end_of_record
TN:
SF:../../../../../app/web/src/pages/admin/fed-admin/MatchStateAdminDialog.js
FN:10,(anonymous_0)
FN:15,(anonymous_1)
FN:16,(anonymous_2)
FN:25,(anonymous_3)
FN:40,(anonymous_4)
FN:42,(anonymous_5)
FN:47,(anonymous_6)
FN:58,(anonymous_7)
FN:61,(anonymous_8)
FNF:9
FNH:9
FNDA:28,(anonymous_0)
FNDA:4,(anonymous_1)
FNDA:4,(anonymous_2)
FNDA:4,(anonymous_3)
FNDA:4,(anonymous_4)
FNDA:6,(anonymous_5)
FNDA:2,(anonymous_6)
FNDA:56,(anonymous_7)
FNDA:72,(anonymous_8)
DA:10,158
DA:11,28
DA:12,28
DA:14,28
DA:16,4
DA:17,4
DA:19,4
DA:22,4
DA:25,4
DA:26,4
DA:31,4
DA:40,28
DA:41,4
DA:42,6
DA:44,4
DA:47,28
DA:48,2
DA:54,2
DA:57,28
DA:58,56
DA:61,28
DA:62,72
DA:68,28
DA:150,158
LF:24
LH:24
BRDA:27,0,0,4
BRDA:27,0,1,0
BRDA:115,1,0,14
BRDA:115,1,1,14
BRF:4
BRH:3
end_of_record
TN:
SF:../../../../../app/web/src/pages/admin/fed-admin/StateAdminLetters.js
FN:32,(anonymous_0)
FN:33,(anonymous_1)
FN:60,(anonymous_2)
FN:61,(anonymous_3)
FN:68,(anonymous_4)
FN:71,(anonymous_5)
FN:80,(anonymous_6)
FN:101,(anonymous_7)
FN:104,(anonymous_8)
FN:106,(anonymous_9)
FN:118,(anonymous_10)
FN:123,(anonymous_11)
FN:140,(anonymous_12)
FN:153,(anonymous_13)
FN:162,(anonymous_14)
FN:163,(anonymous_15)
FN:170,(anonymous_16)
FN:210,(anonymous_17)
FN:237,(anonymous_18)
FN:241,(anonymous_19)
FN:246,(anonymous_20)
FN:252,(anonymous_21)
FN:256,(anonymous_22)
FN:261,(anonymous_23)
FN:267,(anonymous_24)
FN:271,(anonymous_25)
FN:293,(anonymous_26)
FN:296,(anonymous_27)
FN:306,(anonymous_28)
FN:311,(anonymous_29)
FN:328,(anonymous_30)
FN:336,(anonymous_31)
FN:389,(anonymous_32)
FN:393,(anonymous_33)
FN:408,(anonymous_34)
FN:416,(anonymous_35)
FNF:36
FNH:32
FNDA:59,(anonymous_0)
FNDA:59,(anonymous_1)
FNDA:50,(anonymous_2)
FNDA:59,(anonymous_3)
FNDA:261,(anonymous_4)
FNDA:2,(anonymous_5)
FNDA:44,(anonymous_6)
FNDA:434,(anonymous_7)
FNDA:120,(anonymous_8)
FNDA:146,(anonymous_9)
FNDA:20,(anonymous_10)
FNDA:773,(anonymous_11)
FNDA:1519,(anonymous_12)
FNDA:218,(anonymous_13)
FNDA:32,(anonymous_14)
FNDA:32,(anonymous_15)
FNDA:22,(anonymous_16)
FNDA:50,(anonymous_17)
FNDA:1,(anonymous_18)
FNDA:4,(anonymous_19)
FNDA:8,(anonymous_20)
FNDA:4,(anonymous_21)
FNDA:1,(anonymous_22)
FNDA:2,(anonymous_23)
FNDA:0,(anonymous_24)
FNDA:1,(anonymous_25)
FNDA:1085,(anonymous_26)
FNDA:868,(anonymous_27)
FNDA:217,(anonymous_28)
FNDA:1519,(anonymous_29)
FNDA:383,(anonymous_30)
FNDA:2681,(anonymous_31)
FNDA:0,(anonymous_32)
FNDA:1085,(anonymous_33)
FNDA:0,(anonymous_34)
FNDA:0,(anonymous_35)
DA:32,158
DA:33,59
DA:34,59
DA:35,2
DA:37,57
DA:38,26
DA:40,31
DA:41,31
DA:43,0
DA:46,59
DA:60,158
DA:61,50
DA:62,59
DA:68,158
DA:69,261
DA:71,261
DA:72,2
DA:75,261
DA:81,44
DA:82,44
DA:90,158
DA:95,158
DA:101,158
DA:104,434
DA:105,120
DA:106,120
DA:107,146
DA:109,120
DA:112,434
DA:119,20
DA:124,773
DA:132,158
DA:136,158
DA:140,158
DA:141,1519
DA:142,868
DA:143,0
DA:144,0
DA:146,0
DA:148,868
DA:150,651
DA:153,158
DA:154,218
DA:156,217
DA:157,217
DA:159,217
DA:160,217
DA:162,217
DA:163,32
DA:164,32
DA:165,29
DA:169,217
DA:170,22
DA:210,217
DA:226,217
DA:237,217
DA:238,1
DA:241,217
DA:242,4
DA:245,4
DA:246,8
DA:248,4
DA:249,4
DA:252,217
DA:253,4
DA:256,217
DA:257,1
DA:260,1
DA:261,2
DA:263,1
DA:264,1
DA:267,217
DA:268,0
DA:271,217
DA:272,1
DA:277,1
DA:278,1
DA:282,217
DA:293,1085
DA:296,868
DA:307,217
DA:312,1519
DA:329,383
DA:330,383
DA:337,2681
DA:338,383
DA:349,2298
DA:350,383
DA:368,1915
DA:390,0
DA:394,1085
DA:408,0
DA:416,0
DA:439,158
DA:445,158
LF:95
LH:87
BRDA:34,0,0,2
BRDA:34,0,1,57
BRDA:37,1,0,26
BRDA:37,1,1,31
BRDA:37,2,0,57
BRDA:37,2,1,57
BRDA:40,3,0,31
BRDA:40,3,1,0
BRDA:40,4,0,31
BRDA:40,4,1,31
BRDA:72,5,0,2
BRDA:72,5,1,0
BRDA:79,6,0,261
BRDA:79,6,1,213
BRDA:119,7,0,20
BRDA:119,7,1,8
BRDA:141,8,0,868
BRDA:141,8,1,651
BRDA:142,9,0,0
BRDA:142,9,1,868
BRDA:143,10,0,0
BRDA:143,10,1,0
BRDA:277,11,0,1
BRDA:277,11,1,0
BRDA:337,12,0,383
BRDA:337,12,1,2298
BRDA:349,13,0,383
BRDA:349,13,1,1915
BRDA:352,14,0,383
BRDA:352,14,1,377
BRDA:360,15,0,383
BRDA:360,15,1,181
BRDA:422,16,0,217
BRDA:422,16,1,16
BRDA:428,17,0,217
BRDA:428,17,1,4
BRF:36
BRH:30
end_of_record
TN:
SF:../../../../../app/web/src/pages/admin/state-admin/ManageAccount.js
FN:18,(anonymous_0)
FN:32,(anonymous_1)
FN:33,(anonymous_2)
FN:41,(anonymous_3)
FN:48,(anonymous_4)
FN:99,(anonymous_5)
FNF:6
FNH:6
FNDA:21,(anonymous_0)
FNDA:9,(anonymous_1)
FNDA:9,(anonymous_2)
FNDA:3,(anonymous_3)
FNDA:1,(anonymous_4)
FNDA:31,(anonymous_5)
DA:18,158
DA:26,21
DA:28,21
DA:30,21
DA:32,21
DA:33,9
DA:34,9
DA:35,9
DA:36,9
DA:39,9
DA:41,21
DA:42,3
DA:43,2
DA:44,2
DA:48,21
DA:49,1
DA:50,1
DA:53,21
DA:54,0
DA:57,21
DA:65,21
DA:79,158
DA:84,158
DA:93,158
DA:99,158
LF:25
LH:24
BRDA:43,0,0,2
BRDA:43,0,1,0
BRDA:53,1,0,0
BRDA:53,1,1,21
BRDA:57,2,0,0
BRDA:57,2,1,21
BRDA:60,3,0,0
BRDA:60,3,1,21
BRDA:60,4,0,21
BRDA:60,4,1,0
BRDA:65,5,0,3
BRDA:65,5,1,18
BRF:12
BRH:7
end_of_record
TN:
SF:../../../../../app/web/src/pages/admin/state-admin/ManageUserTable.js
FN:12,(anonymous_0)
FN:21,(anonymous_1)
FN:48,(anonymous_2)
FNF:3
FNH:0
FNDA:0,(anonymous_0)
FNDA:0,(anonymous_1)
FNDA:0,(anonymous_2)
DA:12,158
DA:19,0
DA:21,0
DA:22,0
DA:29,0
DA:49,0
DA:76,158
DA:84,158
LF:8
LH:3
BRDA:23,0,0,0
BRDA:23,0,1,0
BRDA:23,0,2,0
BRDA:31,1,0,0
BRDA:31,1,1,0
BRDA:32,2,0,0
BRDA:32,2,1,0
BRDA:32,2,2,0
BRDA:35,3,0,0
BRDA:35,3,1,0
BRDA:35,3,2,0
BRDA:42,4,0,0
BRDA:42,4,1,0
BRDA:43,5,0,0
BRDA:43,5,1,0
BRDA:53,6,0,0
BRDA:53,6,1,0
BRDA:56,7,0,0
BRDA:56,7,1,0
BRDA:64,8,0,0
BRDA:64,8,1,0
BRF:21
BRH:0
end_of_record
TN:
SF:../../../../../app/web/src/pages/admin/state-admin/StateAdmin.js
FN:18,(anonymous_0)
FN:37,(anonymous_1)
FN:38,(anonymous_2)
FN:46,(anonymous_3)
FN:55,(anonymous_4)
FN:59,(anonymous_5)
FN:60,(anonymous_6)
FN:69,(anonymous_7)
FN:73,(anonymous_8)
FN:74,saveAffiliation
FN:82,(anonymous_10)
FN:88,(anonymous_11)
FN:93,(anonymous_12)
FN:102,(anonymous_13)
FN:106,(anonymous_14)
FN:109,saveAffiliation
FN:117,(anonymous_16)
FN:252,(anonymous_17)
FNF:18
FNH:0
FNDA:0,(anonymous_0)
FNDA:0,(anonymous_1)
FNDA:0,(anonymous_2)
FNDA:0,(anonymous_3)
FNDA:0,(anonymous_4)
FNDA:0,(anonymous_5)
FNDA:0,(anonymous_6)
FNDA:0,(anonymous_7)
FNDA:0,(anonymous_8)
FNDA:0,saveAffiliation
FNDA:0,(anonymous_10)
FNDA:0,(anonymous_11)
FNDA:0,(anonymous_12)
FNDA:0,(anonymous_13)
FNDA:0,(anonymous_14)
FNDA:0,saveAffiliation
FNDA:0,(anonymous_16)
FNDA:0,(anonymous_17)
DA:18,158
DA:27,0
DA:28,0
DA:29,0
DA:31,0
DA:33,0
DA:35,0
DA:37,0
DA:38,0
DA:39,0
DA:40,0
DA:41,0
DA:45,0
DA:47,0
DA:55,0
DA:56,0
DA:59,0
DA:60,0
DA:61,0
DA:65,0
DA:66,0
DA:69,0
DA:70,0
DA:73,0
DA:75,0
DA:82,0
DA:83,0
DA:84,0
DA:88,0
DA:90,0
DA:91,0
DA:93,0
DA:94,0
DA:98,0
DA:99,0
DA:102,0
DA:103,0
DA:106,0
DA:107,0
DA:110,0
DA:117,0
DA:118,0
DA:119,0
DA:123,0
DA:232,158
DA:242,158
DA:246,158
DA:252,158
LF:48
LH:5
BRDA:107,0,0,0
BRDA:107,0,1,0
BRDA:208,1,0,0
BRDA:208,1,1,0
BRDA:218,2,0,0
BRDA:218,2,1,0
BRF:6
BRH:0
end_of_record
TN:
SF:../../../../../app/web/src/pages/apd/ApdPageRoutes.js
FN:9,(anonymous_0)
FN:25,(anonymous_1)
FNF:2
FNH:2
FNDA:648,(anonymous_0)
FNDA:5832,(anonymous_1)
DA:9,158
DA:10,648
DA:12,648
DA:26,5832
DA:35,158
DA:39,158
LF:6
LH:6
BRF:0
BRH:0
end_of_record
TN:
SF:../../../../../app/web/src/pages/apd/ApdReadOnly.js
FN:26,(anonymous_0)
FN:41,(anonymous_1)
FN:59,(anonymous_2)
FN:81,(anonymous_3)
FN:83,(anonymous_4)
FN:94,(anonymous_5)
FN:142,(anonymous_6)
FNF:7
FNH:7
FNDA:38,(anonymous_0)
FNDA:38,(anonymous_1)
FNDA:38,(anonymous_2)
FNDA:58,(anonymous_3)
FNDA:58,(anonymous_4)
FNDA:26,(anonymous_5)
FNDA:90,(anonymous_6)
DA:26,158
DA:35,38
DA:36,38
DA:37,38
DA:38,38
DA:40,38
DA:42,38
DA:43,0
DA:44,38
DA:45,0
DA:46,38
DA:47,0
DA:48,0
DA:50,38
DA:59,38
DA:60,38
DA:61,38
DA:65,38
DA:66,0
DA:73,38
DA:74,0
DA:81,58
DA:82,38
DA:83,58
DA:85,0
DA:88,38
DA:94,26
DA:127,158
DA:137,158
DA:142,158
DA:149,158
LF:31
LH:24
BRDA:36,0,0,38
BRDA:36,0,1,0
BRDA:42,1,0,0
BRDA:42,1,1,38
BRDA:42,2,0,38
BRDA:42,2,1,0
BRDA:44,3,0,0
BRDA:44,3,1,38
BRDA:44,4,0,38
BRDA:44,4,1,38
BRDA:46,5,0,0
BRDA:46,5,1,38
BRDA:46,6,0,38
BRDA:46,6,1,38
BRDA:46,6,2,38
BRDA:60,7,0,38
BRDA:60,7,1,0
BRDA:65,8,0,0
BRDA:65,8,1,38
BRDA:65,9,0,38
BRDA:65,9,1,38
BRDA:73,10,0,0
BRDA:73,10,1,38
BRDA:73,11,0,38
BRDA:73,11,1,38
BRDA:82,12,0,0
BRDA:82,12,1,38
BRF:27
BRH:18
end_of_record
TN:
SF:../../../../../app/web/src/pages/apd/apdRoutesList.js
FNF:0
FNH:0
DA:13,158
LF:1
LH:1
BRF:0
BRH:0
end_of_record
TN:
SF:../../../../../app/web/src/pages/apd/activities/ActivityRoutes.js
FN:7,(anonymous_0)
FN:12,(anonymous_1)
FNF:2
FNH:2
FNDA:1728,(anonymous_0)
FNDA:10368,(anonymous_1)
DA:7,158
DA:8,1728
DA:10,1728
DA:13,10368
DA:21,158
LF:5
LH:5
BRF:0
BRH:0
end_of_record
TN:
SF:../../../../../app/web/src/pages/apd/activities/activityRoutesList.js
FN:13,(anonymous_0)
FNF:1
FNH:1
FNDA:1728,(anonymous_0)
DA:13,1728
LF:1
LH:1
BRF:0
BRH:0
end_of_record
TN:
SF:../../../../../app/web/src/pages/apd/activities/activities-dashboard/ActivitiesDashboard.js
FN:14,(anonymous_0)
FN:22,(anonymous_1)
FN:42,(anonymous_2)
FNF:3
FNH:3
FNDA:22,(anonymous_0)
FNDA:32,(anonymous_1)
FNDA:78,(anonymous_2)
DA:14,158
DA:15,22
DA:16,22
DA:23,32
DA:37,158
DA:42,158
DA:46,158
LF:7
LH:7
BRF:0
BRH:0
end_of_record
TN:
SF:../../../../../app/web/src/pages/apd/activities/activities-dashboard/ActivitiesDashboardReadOnly.js
FN:8,(anonymous_0)
FN:13,(anonymous_1)
FNF:2
FNH:2
FNDA:38,(anonymous_0)
FNDA:58,(anonymous_1)
DA:8,158
DA:9,38
DA:14,58
DA:20,158
LF:4
LH:4
BRF:0
BRH:0
end_of_record
TN:
SF:../../../../../app/web/src/pages/apd/activities/activities-dashboard/Activity.js
FN:14,(anonymous_0)
FN:27,(anonymous_1)
FN:39,(anonymous_2)
FN:45,(anonymous_3)
FN:68,(anonymous_4)
FN:100,(anonymous_5)
FN:123,(anonymous_6)
FNF:7
FNH:6
FNDA:22,(anonymous_0)
FNDA:24,(anonymous_1)
FNDA:2,(anonymous_2)
FNDA:22,(anonymous_3)
FNDA:2,(anonymous_4)
FNDA:0,(anonymous_5)
FNDA:90,(anonymous_6)
DA:14,158
DA:15,22
DA:16,22
DA:17,16
DA:19,6
DA:21,22
DA:22,16
DA:24,22
DA:27,158
DA:35,24
DA:37,24
DA:39,24
DA:40,2
DA:41,2
DA:44,24
DA:45,22
DA:50,24
DA:68,2
DA:77,24
DA:100,0
DA:109,158
DA:118,158
DA:123,158
DA:124,90
DA:127,90
DA:130,158
LF:26
LH:25
BRDA:16,0,0,16
BRDA:16,0,1,6
BRDA:21,1,0,16
BRDA:21,1,1,6
BRDA:60,2,0,24
BRDA:60,2,1,10
BRDA:81,3,0,14
BRDA:81,3,1,10
BRDA:97,4,0,24
BRDA:97,4,1,2
BRF:10
BRH:10
end_of_record
TN:
SF:../../../../../app/web/src/pages/apd/activities/activities-dashboard/ActivityListReadOnly.js
FN:5,(anonymous_0)
FN:6,(anonymous_1)
FN:21,(anonymous_2)
FNF:3
FNH:3
FNDA:38,(anonymous_0)
FNDA:58,(anonymous_1)
FNDA:58,(anonymous_2)
DA:5,158
DA:6,38
DA:7,58
DA:17,38
DA:22,58
DA:29,158
LF:6
LH:6
BRDA:10,0,0,58
BRDA:10,0,1,0
BRDA:11,1,0,58
BRDA:11,1,1,0
BRF:4
BRH:2
end_of_record
TN:
SF:../../../../../app/web/src/pages/apd/activities/activities-dashboard/ActivityReadOnly.js
FN:10,(anonymous_0)
FN:12,(anonymous_1)
FN:13,(anonymous_2)
FN:26,(anonymous_3)
FN:38,(anonymous_4)
FN:54,(anonymous_5)
FN:64,(anonymous_6)
FN:76,(anonymous_7)
FN:86,(anonymous_8)
FN:96,(anonymous_9)
FN:126,(anonymous_10)
FN:236,(anonymous_11)
FN:248,(anonymous_12)
FN:260,(anonymous_13)
FN:270,(anonymous_14)
FN:292,(anonymous_15)
FN:293,(anonymous_16)
FNF:17
FNH:17
FNDA:116,(anonymous_0)
FNDA:58,(anonymous_1)
FNDA:55,(anonymous_2)
FNDA:108,(anonymous_3)
FNDA:55,(anonymous_4)
FNDA:55,(anonymous_5)
FNDA:110,(anonymous_6)
FNDA:55,(anonymous_7)
FNDA:110,(anonymous_8)
FNDA:55,(anonymous_9)
FNDA:110,(anonymous_10)
FNDA:55,(anonymous_11)
FNDA:55,(anonymous_12)
FNDA:55,(anonymous_13)
FNDA:55,(anonymous_14)
FNDA:116,(anonymous_15)
FNDA:116,(anonymous_16)
DA:10,158
DA:12,158
DA:13,58
DA:14,55
DA:27,108
DA:38,58
DA:39,55
DA:54,58
DA:55,55
DA:65,110
DA:76,58
DA:77,55
DA:87,110
DA:96,58
DA:97,55
DA:127,110
DA:148,58
DA:237,55
DA:249,55
DA:260,55
DA:271,55
DA:292,116
DA:294,116
DA:332,158
LF:24
LH:24
BRDA:18,0,0,55
BRDA:18,0,1,0
BRDA:23,1,0,55
BRDA:23,1,1,0
BRDA:28,2,0,108
BRDA:28,2,1,0
BRDA:43,3,0,55
BRDA:43,3,1,0
BRDA:48,4,0,55
BRDA:48,4,1,0
BRDA:59,5,0,55
BRDA:59,5,1,0
BRDA:67,6,0,0
BRDA:67,6,1,110
BRDA:67,7,0,110
BRDA:67,7,1,110
BRDA:81,8,0,55
BRDA:81,8,1,0
BRDA:102,9,0,55
BRDA:102,9,1,0
BRDA:105,10,0,55
BRDA:105,10,1,35
BRDA:105,10,2,20
BRDA:113,11,0,55
BRDA:113,11,1,0
BRDA:129,12,0,110
BRDA:129,12,1,70
BRDA:129,12,2,40
BRDA:152,13,0,58
BRDA:152,13,1,0
BRDA:155,14,0,58
BRDA:155,14,1,25
BRDA:161,15,0,58
BRDA:161,15,1,0
BRDA:165,16,0,58
BRDA:165,16,1,0
BRDA:173,17,0,58
BRDA:173,17,1,0
BRDA:178,18,0,58
BRDA:178,18,1,25
BRDA:182,19,0,58
BRDA:182,19,1,0
BRDA:193,20,0,33
BRDA:193,20,1,25
BRDA:213,21,0,0
BRDA:213,21,1,58
BRDA:225,22,0,58
BRDA:225,22,1,0
BRDA:230,23,0,58
BRDA:230,23,1,23
BRDA:235,24,0,58
BRDA:235,24,1,23
BRDA:242,25,0,58
BRDA:242,25,1,0
BRDA:247,26,0,58
BRDA:247,26,1,23
BRDA:254,27,0,58
BRDA:254,27,1,0
BRDA:259,28,0,58
BRDA:259,28,1,23
BRDA:264,29,0,58
BRDA:264,29,1,0
BRDA:269,30,0,58
BRDA:269,30,1,23
BRDA:276,31,0,58
BRDA:276,31,1,0
BRDA:285,32,0,58
BRDA:285,32,1,25
BRDA:300,33,0,116
BRDA:300,33,1,50
BRDA:306,34,0,116
BRDA:306,34,1,0
BRDA:317,35,0,58
BRDA:317,35,1,0
BRF:74
BRH:51
end_of_record
TN:
SF:../../../../../app/web/src/pages/apd/activities/contractor-costs/ContractorResources.js
FN:20,(anonymous_0)
FN:28,(anonymous_1)
FN:32,(anonymous_2)
FN:37,(anonymous_3)
FN:41,(anonymous_4)
FN:72,(anonymous_5)
FNF:6
FNH:6
FNDA:66,(anonymous_0)
FNDA:30,(anonymous_1)
FNDA:16,(anonymous_2)
FNDA:4,(anonymous_3)
FNDA:4,(anonymous_4)
FNDA:85,(anonymous_5)
DA:20,158
DA:26,66
DA:28,66
DA:29,30
DA:32,66
DA:33,16
DA:34,16
DA:37,66
DA:38,4
DA:41,66
DA:42,4
DA:44,66
DA:65,158
DA:72,158
DA:77,158
LF:15
LH:15
BRF:0
BRH:0
end_of_record
TN:
SF:../../../../../app/web/src/pages/apd/activities/contractor-costs/ContractorResource/ContractorResourceForm.js
FN:17,(anonymous_0)
FN:26,(anonymous_1)
FN:33,(anonymous_2)
FN:69,(anonymous_3)
FN:75,(anonymous_4)
FN:96,(anonymous_5)
FN:122,(anonymous_6)
FN:127,(anonymous_7)
FN:144,(anonymous_8)
FN:152,(anonymous_9)
FN:153,(anonymous_10)
FN:166,(anonymous_11)
FN:171,(anonymous_12)
FN:172,(anonymous_13)
FN:187,(anonymous_14)
FN:205,(anonymous_15)
FN:223,(anonymous_16)
FN:231,(anonymous_17)
FN:239,(anonymous_18)
FN:255,(anonymous_19)
FN:264,(anonymous_20)
FN:309,(anonymous_21)
FN:324,(anonymous_22)
FN:333,(anonymous_23)
FN:338,(anonymous_24)
FNF:25
FNH:25
FNDA:268,(anonymous_0)
FNDA:14,(anonymous_1)
FNDA:134,(anonymous_2)
FNDA:34,(anonymous_3)
FNDA:14,(anonymous_4)
FNDA:406,(anonymous_5)
FNDA:148,(anonymous_6)
FNDA:14,(anonymous_7)
FNDA:226,(anonymous_8)
FNDA:92,(anonymous_9)
FNDA:16,(anonymous_10)
FNDA:226,(anonymous_11)
FNDA:92,(anonymous_12)
FNDA:16,(anonymous_13)
FNDA:192,(anonymous_14)
FNDA:134,(anonymous_15)
FNDA:268,(anonymous_16)
FNDA:134,(anonymous_17)
FNDA:22,(anonymous_18)
FNDA:142,(anonymous_19)
FNDA:30,(anonymous_20)
FNDA:14,(anonymous_21)
FNDA:216,(anonymous_22)
FNDA:52,(anonymous_23)
FNDA:136,(anonymous_24)
DA:17,158
DA:18,268
DA:19,8
DA:20,8
DA:21,0
DA:23,260
DA:26,158
DA:27,14
DA:28,10
DA:29,0
DA:32,158
DA:34,134
DA:44,134
DA:52,134
DA:67,134
DA:69,134
DA:70,34
DA:73,134
DA:75,134
DA:76,14
DA:77,14
DA:84,134
DA:97,406
DA:123,148
DA:128,14
DA:148,226
DA:152,92
DA:154,16
DA:155,16
DA:156,2
DA:167,226
DA:171,92
DA:173,16
DA:174,16
DA:175,16
DA:188,192
DA:213,134
DA:224,268
DA:234,134
DA:240,22
DA:241,22
DA:246,22
DA:258,142
DA:265,30
DA:266,30
DA:271,30
DA:310,14
DA:311,14
DA:312,14
DA:313,14
DA:325,216
DA:334,52
DA:339,136
DA:362,158
DA:380,158
LF:55
LH:53
BRDA:18,0,0,8
BRDA:18,0,1,260
BRDA:19,1,0,0
BRDA:19,1,1,8
BRDA:20,2,0,8
BRDA:20,2,1,0
BRDA:27,3,0,4
BRDA:27,3,1,10
BRDA:28,4,0,10
BRDA:28,4,1,0
BRDA:155,5,0,2
BRDA:155,5,1,14
BRDA:174,6,0,16
BRDA:174,6,1,0
BRDA:279,7,0,268
BRDA:279,7,1,0
BRDA:279,7,2,0
BRDA:287,8,0,268
BRDA:287,8,1,0
BRDA:287,8,2,0
BRDA:312,9,0,0
BRDA:312,9,1,14
BRDA:313,10,0,0
BRDA:313,10,1,14
BRDA:322,11,0,108
BRDA:322,11,1,26
BRDA:322,12,0,134
BRDA:322,12,1,74
BRDA:322,12,2,74
BRF:29
BRH:19
end_of_record
TN:
SF:../../../../../app/web/src/pages/apd/activities/contractor-costs/ContractorResource/ContractorResourceReview.js
FN:7,(anonymous_0)
FN:13,(anonymous_1)
FN:16,(anonymous_2)
FN:49,(anonymous_3)
FNF:4
FNH:4
FNDA:78,(anonymous_0)
FNDA:32,(anonymous_1)
FNDA:32,(anonymous_2)
FNDA:156,(anonymous_3)
DA:7,158
DA:13,78
DA:15,78
DA:16,32
DA:20,78
DA:50,156
DA:74,158
DA:90,158
LF:8
LH:8
BRDA:23,0,0,78
BRDA:23,0,1,28
BRDA:30,1,0,78
BRDA:30,1,1,28
BRDA:37,2,0,78
BRDA:37,2,1,28
BRDA:50,3,0,92
BRDA:50,3,1,64
BRDA:50,4,0,156
BRDA:50,4,1,156
BRF:10
BRH:10
end_of_record
TN:
SF:../../../../../app/web/src/pages/apd/activities/contractor-costs/ContractorResource/index.js
FNF:0
FNH:0
LF:0
LH:0
BRF:0
BRH:0
end_of_record
TN:
SF:../../../../../app/web/src/pages/apd/activities/cost-allocation/CostAllocateFFPQuarterly.js
FN:24,(anonymous_0)
FN:35,(anonymous_1)
FN:36,(anonymous_2)
FN:42,(anonymous_3)
FN:43,(anonymous_4)
FN:62,(anonymous_5)
FN:83,(anonymous_6)
FN:109,(anonymous_7)
FN:126,(anonymous_8)
FN:152,(anonymous_9)
FN:170,(anonymous_10)
FN:204,(anonymous_11)
FN:206,(anonymous_12)
FNF:13
FNH:13
FNDA:974,(anonymous_0)
FNDA:3432,(anonymous_1)
FNDA:192,(anonymous_2)
FNDA:3432,(anonymous_3)
FNDA:192,(anonymous_4)
FNDA:3896,(anonymous_5)
FNDA:3896,(anonymous_6)
FNDA:3896,(anonymous_7)
FNDA:3896,(anonymous_8)
FNDA:3896,(anonymous_9)
FNDA:3896,(anonymous_10)
FNDA:142,(anonymous_11)
FNDA:1810,(anonymous_12)
DA:17,158
DA:18,158
DA:24,158
DA:35,974
DA:36,3432
DA:37,192
DA:38,192
DA:42,974
DA:43,3432
DA:44,192
DA:45,192
DA:49,974
DA:50,0
DA:53,974
DA:63,3896
DA:84,3896
DA:110,3896
DA:127,3896
DA:153,3896
DA:171,3896
DA:189,158
DA:200,158
DA:204,158
DA:205,142
DA:206,142
DA:207,1810
DA:208,142
DA:211,158
LF:28
LH:27
BRDA:49,0,0,0
BRDA:49,0,1,974
BRDA:85,1,0,464
BRDA:85,1,1,3432
BRDA:128,2,0,464
BRDA:128,2,1,3432
BRF:6
BRH:5
end_of_record
TN:
SF:../../../../../app/web/src/pages/apd/activities/cost-allocation/CostAllocationRows.js
FN:5,(anonymous_0)
FN:6,(anonymous_1)
FN:27,(anonymous_2)
FNF:3
FNH:3
FNDA:19290,(anonymous_0)
FNDA:27382,(anonymous_1)
FNDA:4370,(anonymous_2)
DA:5,158
DA:6,19290
DA:7,27382
DA:23,158
DA:27,158
DA:28,4370
DA:148,158
DA:160,158
LF:8
LH:8
BRDA:7,0,0,27382
BRDA:7,0,1,0
BRDA:8,1,0,27382
BRDA:8,1,1,0
BRDA:10,2,0,27382
BRDA:10,2,1,14688
BRDA:13,3,0,27382
BRDA:13,3,1,14688
BRDA:16,4,0,27382
BRDA:16,4,1,14688
BRDA:29,5,0,4370
BRDA:29,5,1,4370
BRDA:36,6,0,4370
BRDA:36,6,1,0
BRDA:50,7,0,4370
BRDA:50,7,1,4370
BRDA:67,8,0,4370
BRDA:67,8,1,0
BRDA:79,9,0,4370
BRDA:79,9,1,4370
BRDA:96,10,0,4370
BRDA:96,10,1,0
BRDA:108,11,0,4370
BRDA:108,11,1,4370
BRDA:125,12,0,4370
BRDA:125,12,1,0
BRDA:134,13,0,4370
BRDA:134,13,1,4370
BRDA:139,14,0,4370
BRDA:139,14,1,0
BRF:30
BRH:23
end_of_record
TN:
SF:../../../../../app/web/src/pages/apd/activities/cost-allocation/CostAllocation/CostAllocate.js
FN:11,(anonymous_0)
FN:15,(anonymous_1)
FN:48,(anonymous_2)
FNF:3
FNH:3
FNDA:86,(anonymous_0)
FNDA:6,(anonymous_1)
FNDA:140,(anonymous_2)
DA:11,158
DA:14,86
DA:15,86
DA:17,86
DA:42,158
DA:48,158
DA:49,140
DA:54,158
LF:8
LH:8
BRF:0
BRH:0
end_of_record
TN:
SF:../../../../../app/web/src/pages/apd/activities/cost-allocation/CostAllocation/OtherFunding.js
FN:24,(anonymous_0)
FN:35,(anonymous_1)
FN:35,(anonymous_2)
FN:38,(anonymous_3)
FN:38,(anonymous_4)
FN:45,(anonymous_5)
FN:122,(anonymous_6)
FNF:7
FNH:7
FNDA:140,(anonymous_0)
FNDA:280,(anonymous_1)
FNDA:60,(anonymous_2)
FNDA:280,(anonymous_3)
FNDA:12,(anonymous_4)
FNDA:280,(anonymous_5)
FNDA:140,(anonymous_6)
DA:24,158
DA:32,140
DA:33,140
DA:35,280
DA:36,60
DA:38,280
DA:40,140
DA:46,280
DA:113,158
DA:122,158
DA:131,140
DA:132,140
DA:139,158
LF:13
LH:13
BRDA:79,0,0,280
BRDA:79,0,1,130
BRDA:125,1,0,140
BRDA:126,2,0,140
BRDA:127,3,0,140
BRDA:128,4,0,140
BRF:6
BRH:6
end_of_record
TN:
SF:../../../../../app/web/src/pages/apd/activities/cost-allocation/CostAllocation/index.js
FN:7,(anonymous_0)
FNF:1
FNH:1
FNDA:140,(anonymous_0)
DA:7,158
DA:8,140
DA:14,158
LF:3
LH:3
BRF:0
BRH:0
end_of_record
TN:
SF:../../../../../app/web/src/pages/apd/activities/ffp/CostAllocateFFP.js
FN:24,(anonymous_0)
FN:33,(anonymous_1)
FN:44,(anonymous_2)
FN:99,(anonymous_3)
FN:110,(anonymous_4)
FN:110,(anonymous_5)
FN:124,(anonymous_6)
FN:339,(anonymous_7)
FNF:8
FNH:8
FNDA:905,(anonymous_0)
FNDA:1810,(anonymous_1)
FNDA:1761,(anonymous_2)
FNDA:905,(anonymous_3)
FNDA:1694,(anonymous_4)
FNDA:32,(anonymous_5)
FNDA:1810,(anonymous_6)
FNDA:985,(anonymous_7)
DA:24,158
DA:30,905
DA:31,905
DA:33,905
DA:34,1810
DA:36,1810
DA:37,1761
DA:40,1810
DA:41,1810
DA:44,905
DA:45,1761
DA:46,0
DA:49,0
DA:51,1761
DA:53,1761
DA:56,905
DA:57,905
DA:58,0
DA:61,0
DA:64,905
DA:92,158
DA:99,158
DA:110,1694
DA:111,32
DA:112,32
DA:115,905
DA:117,905
DA:125,1810
DA:323,158
DA:335,158
DA:339,158
DA:350,985
DA:351,985
DA:353,985
DA:363,158
LF:35
LH:31
BRDA:36,0,0,1761
BRDA:36,0,1,49
BRDA:45,1,0,0
BRDA:45,1,1,1761
BRDA:57,2,0,0
BRDA:57,2,1,905
BRDA:119,3,0,58
BRDA:119,3,1,847
BRDA:146,4,0,1810
BRDA:146,4,1,116
BRDA:193,5,0,1810
BRDA:193,5,1,1694
BRDA:280,6,0,1810
BRDA:280,6,1,1694
BRDA:290,7,0,1810
BRDA:290,7,1,116
BRDA:342,8,0,985
BRDA:343,9,0,985
BRDA:344,10,0,985
BRDA:345,11,0,985
BRDA:346,12,0,985
BRDA:347,13,0,985
BRDA:355,14,0,985
BRDA:355,14,1,0
BRF:24
BRH:21
end_of_record
TN:
SF:../../../../../app/web/src/pages/apd/activities/oms/Milestones.js
FN:15,(anonymous_0)
FN:18,(anonymous_1)
FN:22,(anonymous_2)
FN:27,(anonymous_3)
FN:31,(anonymous_4)
FN:64,(anonymous_5)
FNF:6
FNH:6
FNDA:86,(anonymous_0)
FNDA:30,(anonymous_1)
FNDA:16,(anonymous_2)
FNDA:4,(anonymous_3)
FNDA:4,(anonymous_4)
FNDA:162,(anonymous_5)
DA:15,158
DA:16,86
DA:18,86
DA:19,30
DA:22,86
DA:23,16
DA:24,16
DA:27,86
DA:28,4
DA:31,86
DA:32,4
DA:35,86
DA:58,158
DA:64,162
DA:68,158
LF:15
LH:15
BRF:0
BRH:0
end_of_record
TN:
SF:../../../../../app/web/src/pages/apd/activities/oms/Outcomes.js
FN:17,(anonymous_0)
FN:20,(anonymous_1)
FN:24,(anonymous_2)
FN:29,(anonymous_3)
FN:33,(anonymous_4)
FN:65,(anonymous_5)
FNF:6
FNH:6
FNDA:70,(anonymous_0)
FNDA:32,(anonymous_1)
FNDA:16,(anonymous_2)
FNDA:4,(anonymous_3)
FNDA:4,(anonymous_4)
FNDA:162,(anonymous_5)
DA:17,158
DA:18,70
DA:20,70
DA:21,32
DA:24,70
DA:25,16
DA:26,16
DA:29,70
DA:30,4
DA:33,70
DA:34,4
DA:37,70
DA:59,158
DA:65,162
DA:69,158
LF:15
LH:15
BRF:0
BRH:0
end_of_record
TN:
SF:../../../../../app/web/src/pages/apd/activities/oms/Milestone/MilestoneForm.js
FN:16,(anonymous_0)
FN:35,(anonymous_1)
FN:39,(anonymous_2)
FN:60,(anonymous_3)
FN:76,(anonymous_4)
FN:84,(anonymous_5)
FN:85,(anonymous_6)
FNF:7
FNH:7
FNDA:34,(anonymous_0)
FNDA:34,(anonymous_1)
FNDA:14,(anonymous_2)
FNDA:552,(anonymous_3)
FNDA:124,(anonymous_4)
FNDA:90,(anonymous_5)
FNDA:14,(anonymous_6)
DA:15,158
DA:17,34
DA:18,34
DA:25,34
DA:35,34
DA:36,34
DA:39,34
DA:40,14
DA:41,14
DA:47,34
DA:61,552
DA:80,124
DA:84,90
DA:86,14
DA:87,14
DA:88,0
DA:107,158
DA:118,158
LF:18
LH:17
BRDA:87,0,0,0
BRDA:87,0,1,14
BRF:2
BRH:1
end_of_record
TN:
SF:../../../../../app/web/src/pages/apd/activities/oms/Milestone/MilestoneReview.js
FN:6,(anonymous_0)
FN:12,(anonymous_1)
FNF:2
FNH:2
FNDA:80,(anonymous_0)
FNDA:32,(anonymous_1)
DA:6,158
DA:12,80
DA:14,80
DA:30,158
DA:40,158
LF:5
LH:5
BRDA:16,0,0,80
BRDA:16,0,1,28
BRDA:20,1,0,80
BRDA:20,1,1,28
BRF:4
BRH:4
end_of_record
TN:
SF:../../../../../app/web/src/pages/apd/activities/oms/Milestone/index.js
FNF:0
FNH:0
LF:0
LH:0
BRF:0
BRH:0
end_of_record
TN:
SF:../../../../../app/web/src/pages/apd/activities/oms/OutcomesAndMetrics/OutcomeAndMetricForm.js
FN:18,(anonymous_0)
FN:40,(anonymous_1)
FN:49,reducer
FN:88,(anonymous_3)
FN:96,(anonymous_4)
FN:105,(anonymous_5)
FN:109,(anonymous_6)
FN:113,(anonymous_7)
FN:139,(anonymous_8)
FN:148,(anonymous_9)
FN:157,(anonymous_10)
FN:161,(anonymous_11)
FN:178,(anonymous_12)
FN:189,(anonymous_13)
FN:211,(anonymous_14)
FNF:15
FNH:15
FNDA:2012,(anonymous_0)
FNDA:96,(anonymous_1)
FNDA:1928,reducer
FNDA:868,(anonymous_3)
FNDA:16,(anonymous_4)
FNDA:30,(anonymous_5)
FNDA:2,(anonymous_6)
FNDA:1014,(anonymous_7)
FNDA:2012,(anonymous_8)
FNDA:868,(anonymous_9)
FNDA:1760,(anonymous_10)
FNDA:2,(anonymous_11)
FNDA:1760,(anonymous_12)
FNDA:1014,(anonymous_13)
FNDA:30,(anonymous_14)
DA:17,158
DA:19,2012
DA:20,2012
DA:25,2012
DA:35,2012
DA:40,2012
DA:41,96
DA:44,2012
DA:50,1928
DA:52,882
DA:57,30
DA:63,2
DA:64,2
DA:65,2
DA:71,1014
DA:72,1014
DA:74,1014
DA:80,0
DA:86,2012
DA:88,2012
DA:89,868
DA:96,2012
DA:97,16
DA:98,16
DA:102,16
DA:105,2012
DA:106,30
DA:109,2012
DA:110,2
DA:113,2012
DA:114,1014
DA:121,2012
DA:140,2012
DA:149,868
DA:150,868
DA:158,1760
DA:162,2
DA:163,2
DA:179,1760
DA:190,1014
DA:191,1014
DA:212,30
DA:213,30
DA:214,30
DA:232,158
DA:243,158
LF:46
LH:45
BRDA:50,0,0,882
BRDA:50,0,1,30
BRDA:50,0,2,2
BRDA:50,0,3,1014
BRDA:50,0,4,0
BRDA:167,1,0,1760
BRDA:167,1,1,1102
BRDA:194,2,0,1760
BRDA:194,2,1,0
BRF:9
BRH:7
end_of_record
TN:
SF:../../../../../app/web/src/pages/apd/activities/oms/OutcomesAndMetrics/OutcomeAndMetricReview.js
FN:5,(anonymous_0)
FN:25,(anonymous_1)
FNF:2
FNH:2
FNDA:84,(anonymous_0)
FNDA:106,(anonymous_1)
DA:5,158
DA:11,84
DA:26,106
DA:36,158
DA:46,158
LF:5
LH:5
BRDA:14,0,0,84
BRDA:14,0,1,28
BRDA:19,1,0,84
BRDA:19,1,1,28
BRDA:21,2,0,56
BRDA:21,2,1,28
BRDA:27,3,0,106
BRDA:27,3,1,0
BRF:8
BRH:7
end_of_record
TN:
SF:../../../../../app/web/src/pages/apd/activities/oms/OutcomesAndMetrics/index.js
FNF:0
FNH:0
LF:0
LH:0
BRF:0
BRH:0
end_of_record
TN:
SF:../../../../../app/web/src/pages/apd/activities/overview/ActivityOverview.js
FN:9,(anonymous_0)
FN:28,(anonymous_1)
FN:32,(anonymous_2)
FNF:3
FNH:3
FNDA:1728,(anonymous_0)
FNDA:2910,(anonymous_1)
FNDA:5584,(anonymous_2)
DA:9,158
DA:10,1728
DA:12,1728
DA:24,158
DA:28,158
DA:32,5584
LF:6
LH:6
BRDA:16,0,0,1728
BRDA:16,0,1,16
BRF:2
BRH:2
end_of_record
TN:
SF:../../../../../app/web/src/pages/apd/activities/overview/Overview.js
FN:23,(anonymous_0)
FN:48,(anonymous_1)
FN:55,(anonymous_2)
FN:63,(anonymous_3)
FN:71,(anonymous_4)
FN:84,(anonymous_5)
FN:97,(anonymous_6)
FN:105,(anonymous_7)
FN:142,(anonymous_8)
FN:146,(anonymous_9)
FN:184,(anonymous_10)
FN:190,(anonymous_11)
FN:217,(anonymous_12)
FN:237,(anonymous_13)
FNF:14
FNH:14
FNDA:228,(anonymous_0)
FNDA:10,(anonymous_1)
FNDA:10,(anonymous_2)
FNDA:10,(anonymous_3)
FNDA:14,(anonymous_4)
FNDA:14,(anonymous_5)
FNDA:10,(anonymous_6)
FNDA:10,(anonymous_7)
FNDA:234,(anonymous_8)
FNDA:6,(anonymous_9)
FNDA:234,(anonymous_10)
FNDA:6,(anonymous_11)
FNDA:6,(anonymous_12)
FNDA:338,(anonymous_13)
DA:23,158
DA:31,228
DA:33,228
DA:39,228
DA:48,228
DA:49,10
DA:50,10
DA:54,228
DA:56,10
DA:62,228
DA:64,10
DA:70,228
DA:72,14
DA:83,228
DA:85,14
DA:96,228
DA:98,10
DA:104,228
DA:106,10
DA:112,228
DA:143,234
DA:147,6
DA:148,6
DA:150,6
DA:151,6
DA:185,234
DA:191,6
DA:192,6
DA:194,6
DA:195,6
DA:218,6
DA:228,158
DA:237,158
DA:238,338
DA:244,158
LF:35
LH:35
BRDA:49,0,0,10
BRDA:49,0,1,0
BRDA:74,1,0,2
BRDA:74,1,1,12
BRDA:87,2,0,2
BRDA:87,2,1,12
BRDA:118,3,0,52
BRDA:118,3,1,176
BRDA:120,4,0,52
BRDA:120,4,1,0
BRDA:150,5,0,6
BRDA:150,5,1,0
BRDA:158,6,0,228
BRDA:158,6,1,206
BRDA:178,7,0,228
BRDA:178,7,1,42
BRDA:194,8,0,6
BRDA:194,8,1,0
BRF:18
BRH:14
end_of_record
TN:
SF:../../../../../app/web/src/pages/apd/activities/overview/Schedule.js
FN:18,(anonymous_0)
FN:41,(anonymous_1)
FN:47,(anonymous_2)
FN:62,(anonymous_3)
FN:70,(anonymous_4)
FN:84,(anonymous_5)
FN:89,(anonymous_6)
FN:126,(anonymous_7)
FNF:8
FNH:8
FNDA:298,(anonymous_0)
FNDA:10,(anonymous_1)
FNDA:82,(anonymous_2)
FNDA:338,(anonymous_3)
FNDA:40,(anonymous_4)
FNDA:340,(anonymous_5)
FNDA:42,(anonymous_6)
FNDA:338,(anonymous_7)
DA:18,158
DA:25,298
DA:27,298
DA:33,298
DA:41,298
DA:42,10
DA:43,10
DA:47,298
DA:48,82
DA:49,36
DA:50,46
DA:51,46
DA:55,298
DA:66,338
DA:71,40
DA:72,40
DA:74,40
DA:85,340
DA:90,42
DA:91,42
DA:93,42
DA:118,158
DA:126,338
DA:131,158
LF:24
LH:24
BRDA:35,0,0,298
BRDA:35,0,1,110
BRDA:36,1,0,298
BRDA:36,1,1,190
BRDA:42,2,0,10
BRDA:42,2,1,0
BRDA:48,3,0,36
BRDA:48,3,1,46
BRDA:48,4,0,82
BRDA:48,4,1,82
BRDA:50,5,0,46
BRDA:50,5,1,0
BRDA:50,6,0,46
BRDA:50,6,1,46
BRF:14
BRH:12
end_of_record
TN:
SF:../../../../../app/web/src/pages/apd/activities/overview/StandardsAndConditions.js
FN:18,(anonymous_0)
FN:42,(anonymous_1)
FN:71,(anonymous_2)
FN:77,(anonymous_3)
FN:97,(anonymous_4)
FN:116,(anonymous_5)
FNF:6
FNH:5
FNDA:222,(anonymous_0)
FNDA:10,(anonymous_1)
FNDA:228,(anonymous_2)
FNDA:6,(anonymous_3)
FNDA:0,(anonymous_4)
FNDA:338,(anonymous_5)
DA:18,158
DA:25,222
DA:28,222
DA:34,222
DA:42,222
DA:43,10
DA:44,10
DA:48,222
DA:72,228
DA:78,6
DA:79,6
DA:81,6
DA:82,6
DA:98,0
DA:108,158
DA:116,338
DA:121,158
LF:17
LH:16
BRDA:27,0,0,0
BRDA:27,1,0,0
BRDA:43,2,0,10
BRDA:43,2,1,0
BRDA:81,3,0,6
BRDA:81,3,1,0
BRF:6
BRH:2
end_of_record
TN:
SF:../../../../../app/web/src/pages/apd/activities/overview/NameAndFundingSource/NameAndFundingSourceForm.js
FN:14,(anonymous_0)
FN:35,(anonymous_1)
FN:41,(anonymous_2)
FN:52,(anonymous_3)
FN:56,(anonymous_4)
FN:73,(anonymous_5)
FN:79,(anonymous_6)
FN:108,(anonymous_7)
FNF:8
FNH:8
FNDA:270,(anonymous_0)
FNDA:4,(anonymous_1)
FNDA:810,(anonymous_2)
FNDA:356,(anonymous_3)
FNDA:86,(anonymous_4)
FNDA:274,(anonymous_5)
FNDA:4,(anonymous_6)
FNDA:260,(anonymous_7)
DA:14,158
DA:21,270
DA:27,270
DA:35,270
DA:36,4
DA:37,4
DA:41,810
DA:47,270
DA:53,356
DA:57,86
DA:58,86
DA:60,86
DA:61,86
DA:74,274
DA:80,4
DA:81,4
DA:83,4
DA:84,4
DA:97,158
DA:108,158
DA:109,260
DA:114,158
LF:22
LH:22
BRDA:36,0,0,4
BRDA:36,0,1,0
BRDA:60,1,0,86
BRDA:60,1,1,0
BRDA:83,2,0,4
BRDA:83,2,1,0
BRF:6
BRH:3
end_of_record
TN:
SF:../../../../../app/web/src/pages/apd/activities/overview/NameAndFundingSource/NameAndFundingSourceReview.js
FN:6,(anonymous_0)
FN:48,(anonymous_1)
FNF:2
FNH:0
FNDA:0,(anonymous_0)
FNDA:0,(anonymous_1)
DA:6,158
DA:12,0
DA:36,158
DA:46,158
LF:4
LH:3
BRDA:15,0,0,0
BRDA:15,0,1,0
BRDA:22,1,0,0
BRDA:22,1,1,0
BRDA:29,2,0,0
BRDA:29,2,1,0
BRF:6
BRH:0
end_of_record
TN:
SF:../../../../../app/web/src/pages/apd/activities/overview/NameAndFundingSource/index.js
FNF:0
FNH:0
LF:0
LH:0
BRF:0
BRH:0
end_of_record
TN:
SF:../../../../../app/web/src/pages/apd/activities/state-costs/Costs.js
FN:10,(anonymous_0)
FNF:1
FNH:1
FNDA:156,(anonymous_0)
DA:10,158
DA:11,156
DA:27,158
LF:3
LH:3
BRF:0
BRH:0
end_of_record
TN:
SF:../../../../../app/web/src/pages/apd/activities/state-costs/NonPersonnelCosts.js
FN:21,(anonymous_0)
FN:29,(anonymous_1)
FN:33,(anonymous_2)
FN:38,(anonymous_3)
FN:42,(anonymous_4)
FN:72,(anonymous_5)
FNF:6
FNH:6
FNDA:70,(anonymous_0)
FNDA:30,(anonymous_1)
FNDA:18,(anonymous_2)
FNDA:4,(anonymous_3)
FNDA:6,(anonymous_4)
FNDA:156,(anonymous_5)
DA:21,158
DA:27,70
DA:29,70
DA:30,30
DA:33,70
DA:34,18
DA:35,18
DA:38,70
DA:39,4
DA:42,70
DA:43,6
DA:46,70
DA:65,158
DA:72,158
DA:77,158
LF:15
LH:15
BRF:0
BRH:0
end_of_record
TN:
SF:../../../../../app/web/src/pages/apd/activities/state-costs/StatePersonnel.js
FN:16,(anonymous_0)
FN:19,(anonymous_1)
FN:23,(anonymous_2)
FN:28,(anonymous_3)
FN:32,(anonymous_4)
FN:60,(anonymous_5)
FNF:6
FNH:6
FNDA:70,(anonymous_0)
FNDA:30,(anonymous_1)
FNDA:18,(anonymous_2)
FNDA:4,(anonymous_3)
FNDA:6,(anonymous_4)
FNDA:156,(anonymous_5)
DA:16,158
DA:17,70
DA:19,70
DA:20,30
DA:23,70
DA:24,18
DA:25,18
DA:28,70
DA:29,4
DA:32,70
DA:34,70
DA:53,158
DA:60,158
DA:65,158
LF:14
LH:14
BRF:0
BRH:0
end_of_record
TN:
SF:../../../../../app/web/src/pages/apd/activities/state-costs/NonPersonnelCost/NonPersonnelCostForm.js
FN:16,(anonymous_0)
FN:38,(anonymous_1)
FN:47,(anonymous_2)
FN:58,(anonymous_3)
FN:74,(anonymous_4)
FN:82,(anonymous_5)
FN:86,(anonymous_6)
FN:98,(anonymous_7)
FN:112,(anonymous_8)
FN:117,(anonymous_9)
FNF:10
FNH:10
FNDA:74,(anonymous_0)
FNDA:14,(anonymous_1)
FNDA:36,(anonymous_2)
FNDA:444,(anonymous_3)
FNDA:88,(anonymous_4)
FNDA:14,(anonymous_5)
FNDA:20,(anonymous_6)
FNDA:780,(anonymous_7)
FNDA:148,(anonymous_8)
FNDA:262,(anonymous_9)
DA:15,158
DA:17,74
DA:18,74
DA:27,74
DA:38,74
DA:39,14
DA:40,14
DA:41,14
DA:47,74
DA:48,36
DA:51,74
DA:58,444
DA:59,74
DA:60,74
DA:75,88
DA:83,14
DA:84,14
DA:87,20
DA:99,780
DA:113,148
DA:118,262
DA:145,158
DA:157,158
LF:23
LH:23
BRDA:127,0,0,262
BRDA:127,0,1,262
BRDA:127,0,2,8
BRF:3
BRH:3
end_of_record
TN:
SF:../../../../../app/web/src/pages/apd/activities/state-costs/NonPersonnelCost/NonPersonnelCostReview.js
FN:7,(anonymous_0)
FN:24,(anonymous_1)
FNF:2
FNH:2
FNDA:78,(anonymous_0)
FNDA:156,(anonymous_1)
DA:7,158
DA:13,78
DA:25,156
DA:34,158
DA:45,158
LF:5
LH:5
BRDA:15,0,0,78
BRDA:15,0,1,28
BRF:2
BRH:2
end_of_record
TN:
SF:../../../../../app/web/src/pages/apd/activities/state-costs/NonPersonnelCost/index.js
FNF:0
FNH:0
LF:0
LH:0
BRF:0
BRH:0
end_of_record
TN:
SF:../../../../../app/web/src/pages/apd/activities/state-costs/StatePerson/StatePersonForm.js
FN:15,(anonymous_0)
FN:38,(anonymous_1)
FN:46,(anonymous_2)
FN:51,(anonymous_3)
FN:56,(anonymous_4)
FN:64,(anonymous_5)
FN:81,(anonymous_6)
FN:98,(anonymous_7)
FN:116,(anonymous_8)
FNF:9
FNH:9
FNDA:56,(anonymous_0)
FNDA:54,(anonymous_1)
FNDA:200,(anonymous_2)
FNDA:80,(anonymous_3)
FNDA:14,(anonymous_4)
FNDA:38,(anonymous_5)
FNDA:514,(anonymous_6)
FNDA:1810,(anonymous_7)
FNDA:56,(anonymous_8)
DA:14,158
DA:16,56
DA:17,56
DA:25,56
DA:36,56
DA:38,56
DA:39,54
DA:40,16
DA:42,38
DA:46,56
DA:48,200
DA:51,56
DA:53,80
DA:56,56
DA:57,14
DA:58,14
DA:64,56
DA:65,38
DA:68,56
DA:82,514
DA:99,1810
DA:117,56
DA:139,158
DA:151,158
LF:24
LH:24
BRDA:39,0,0,16
BRDA:39,0,1,38
BRDA:39,1,0,54
BRDA:39,1,1,30
BRF:4
BRH:4
end_of_record
TN:
SF:../../../../../app/web/src/pages/apd/activities/state-costs/StatePerson/StatePersonReview.js
FN:7,(anonymous_0)
FN:24,(anonymous_1)
FNF:2
FNH:2
FNDA:78,(anonymous_0)
FNDA:156,(anonymous_1)
DA:7,158
DA:13,78
DA:25,156
DA:38,158
DA:50,158
LF:5
LH:5
BRDA:15,0,0,78
BRDA:15,0,1,28
BRDA:19,1,0,78
BRDA:19,1,1,28
BRDA:24,2,0,0
BRDA:24,3,0,0
BRDA:28,4,0,56
BRDA:28,4,1,100
BRDA:28,5,0,156
BRDA:28,5,1,156
BRF:10
BRH:8
end_of_record
TN:
SF:../../../../../app/web/src/pages/apd/activities/state-costs/StatePerson/index.js
FNF:0
FNH:0
LF:0
LH:0
BRF:0
BRH:0
end_of_record
TN:
SF:../../../../../app/web/src/pages/apd/apd-overview/ApdOverview.js
FN:29,(anonymous_0)
FN:67,(anonymous_1)
FN:73,(anonymous_2)
FN:77,(anonymous_3)
FN:87,(anonymous_4)
FN:92,(anonymous_5)
FN:97,(anonymous_6)
FN:108,(anonymous_7)
FN:113,(anonymous_8)
FN:118,(anonymous_9)
FN:123,(anonymous_10)
FN:128,(anonymous_11)
FN:134,(anonymous_12)
FN:180,(anonymous_13)
FN:200,(anonymous_14)
FN:220,(anonymous_15)
FN:240,(anonymous_16)
FN:283,(anonymous_17)
FNF:18
FNH:18
FNDA:567,(anonymous_0)
FNDA:192,(anonymous_1)
FNDA:32,(anonymous_2)
FNDA:2,(anonymous_3)
FNDA:2,(anonymous_4)
FNDA:2,(anonymous_5)
FNDA:8,(anonymous_6)
FNDA:2,(anonymous_7)
FNDA:2,(anonymous_8)
FNDA:2,(anonymous_9)
FNDA:7,(anonymous_10)
FNDA:1701,(anonymous_11)
FNDA:567,(anonymous_12)
FNDA:571,(anonymous_13)
FNDA:571,(anonymous_14)
FNDA:571,(anonymous_15)
FNDA:578,(anonymous_16)
FNDA:717,(anonymous_17)
DA:29,158
DA:47,567
DA:54,567
DA:67,567
DA:68,192
DA:69,192
DA:73,567
DA:74,32
DA:77,567
DA:78,2
DA:80,2
DA:81,0
DA:83,2
DA:87,567
DA:88,2
DA:89,2
DA:92,567
DA:93,2
DA:94,2
DA:97,567
DA:98,8
DA:100,8
DA:101,6
DA:103,2
DA:104,2
DA:108,567
DA:109,2
DA:110,2
DA:113,567
DA:114,2
DA:115,2
DA:118,567
DA:119,2
DA:120,2
DA:123,567
DA:124,7
DA:125,7
DA:128,1701
DA:134,567
DA:135,567
DA:136,567
DA:138,0
DA:151,567
DA:181,571
DA:201,571
DA:221,571
DA:241,578
DA:259,158
DA:278,158
DA:283,717
DA:289,158
LF:51
LH:49
BRDA:68,0,0,192
BRDA:68,0,1,0
BRDA:80,1,0,0
BRDA:80,1,1,2
BRDA:100,2,0,6
BRDA:100,2,1,2
BRDA:135,3,0,567
BRDA:135,3,1,0
BRDA:252,4,0,567
BRDA:252,4,1,12
BRF:10
BRH:7
end_of_record
TN:
SF:../../../../../app/web/src/pages/apd/assurances-and-compliance/AssurancesAndCompliance.js
FN:24,(anonymous_0)
FN:27,(anonymous_1)
FN:46,(anonymous_2)
FN:57,handleCheckChange
FN:72,(anonymous_4)
FN:95,(anonymous_5)
FN:100,(anonymous_6)
FN:129,(anonymous_7)
FN:140,(anonymous_8)
FN:167,(anonymous_9)
FNF:10
FNH:10
FNDA:14880,(anonymous_0)
FNDA:8010,(anonymous_1)
FNDA:496,(anonymous_2)
FNDA:30,handleCheckChange
FNDA:454,(anonymous_4)
FNDA:1984,(anonymous_5)
FNDA:7440,(anonymous_6)
FNDA:454,(anonymous_7)
FNDA:30,(anonymous_8)
FNDA:544,(anonymous_9)
DA:24,158
DA:25,14880
DA:27,158
DA:28,8010
DA:30,8010
DA:37,158
DA:42,158
DA:46,158
DA:58,30
DA:60,8
DA:62,12
DA:64,2
DA:66,8
DA:68,0
DA:72,496
DA:73,454
DA:75,54
DA:77,176
DA:79,0
DA:81,224
DA:83,0
DA:87,496
DA:96,1984
DA:101,7440
DA:130,454
DA:141,30
DA:155,158
DA:167,544
DA:169,158
LF:29
LH:26
BRDA:28,0,0,0
BRDA:28,0,1,8010
BRDA:58,1,0,8
BRDA:58,1,1,12
BRDA:58,1,2,2
BRDA:58,1,3,8
BRDA:58,1,4,0
BRDA:73,2,0,54
BRDA:73,2,1,176
BRDA:73,2,2,0
BRDA:73,2,3,224
BRDA:73,2,4,0
BRDA:141,3,0,18
BRDA:141,3,1,12
BRF:14
BRH:10
end_of_record
TN:
SF:../../../../../app/web/src/pages/apd/assurances-and-compliance/AssurancesAndComplianceReadOnly.js
FN:11,(anonymous_0)
FN:15,(anonymous_1)
FN:21,(anonymous_2)
FN:70,(anonymous_3)
FNF:4
FNH:4
FNDA:38,(anonymous_0)
FNDA:152,(anonymous_1)
FNDA:570,(anonymous_2)
FNDA:90,(anonymous_3)
DA:11,158
DA:12,38
DA:16,152
DA:22,570
DA:66,158
DA:70,158
LF:6
LH:6
BRDA:27,0,0,570
BRDA:27,0,1,27
BRDA:33,1,0,570
BRDA:33,1,1,18
BRDA:46,2,0,18
BRDA:46,2,1,6
BRDA:51,3,0,570
BRDA:51,3,1,525
BRF:8
BRH:8
end_of_record
TN:
SF:../../../../../app/web/src/pages/apd/executive-summary/ExecutiveSummary.js
FN:19,(anonymous_0)
FN:31,(anonymous_1)
FN:61,(anonymous_2)
FN:102,(anonymous_3)
FN:132,(anonymous_4)
FNF:5
FNH:5
FNDA:16,(anonymous_0)
FNDA:20,(anonymous_1)
FNDA:40,(anonymous_2)
FNDA:32,(anonymous_3)
FNDA:40,(anonymous_4)
DA:19,158
DA:20,16
DA:21,16
DA:32,20
DA:62,40
DA:103,32
DA:126,158
DA:132,158
LF:8
LH:8
BRDA:36,0,0,20
BRDA:36,0,1,0
BRDA:41,1,0,16
BRDA:41,1,1,4
BRDA:43,2,0,20
BRDA:43,2,1,6
BRDA:64,3,0,20
BRDA:64,3,1,20
BRDA:103,4,0,16
BRDA:103,4,1,16
BRF:10
BRH:9
end_of_record
TN:
SF:../../../../../app/web/src/pages/apd/executive-summary/ExecutiveSummaryBudget.js
FN:9,(anonymous_0)
FN:11,(anonymous_1)
FN:14,(anonymous_2)
FN:27,(anonymous_3)
FN:33,(anonymous_4)
FN:91,(anonymous_5)
FN:203,(anonymous_6)
FN:266,(anonymous_7)
FNF:8
FNH:8
FNDA:1150,(anonymous_0)
FNDA:2400,(anonymous_1)
FNDA:2400,(anonymous_2)
FNDA:50,(anonymous_3)
FNDA:100,(anonymous_4)
FNDA:150,(anonymous_5)
FNDA:150,(anonymous_6)
FNDA:130,(anonymous_7)
DA:9,158
DA:10,1150
DA:11,158
DA:12,2400
DA:14,158
DA:15,2400
DA:20,158
DA:25,158
DA:27,158
DA:28,50
DA:30,50
DA:32,50
DA:33,100
DA:37,50
DA:92,150
DA:204,150
DA:262,158
DA:266,158
LF:18
LH:18
BRDA:10,0,0,800
BRDA:10,0,1,350
BRDA:30,1,0,0
BRDA:30,1,1,50
BRDA:95,2,0,50
BRDA:95,2,1,100
BRDA:207,3,0,50
BRDA:207,3,1,100
BRF:8
BRH:7
end_of_record
TN:
SF:../../../../../app/web/src/pages/apd/executive-summary/ExecutiveSummaryReadOnly.js
FN:18,(anonymous_0)
FN:43,(anonymous_1)
FN:54,(anonymous_2)
FN:82,(anonymous_3)
FN:109,(anonymous_4)
FNF:5
FNH:5
FNDA:38,(anonymous_0)
FNDA:76,(anonymous_1)
FNDA:58,(anonymous_2)
FNDA:116,(anonymous_3)
FNDA:90,(anonymous_4)
DA:19,38
DA:20,38
DA:44,76
DA:55,58
DA:83,116
DA:103,158
DA:109,158
LF:7
LH:7
BRDA:44,0,0,38
BRDA:44,0,1,38
BRDA:58,1,0,58
BRDA:58,1,1,0
BRDA:61,2,0,38
BRDA:61,2,1,20
BRDA:63,3,0,58
BRDA:63,3,1,33
BRDA:83,4,0,58
BRDA:83,4,1,58
BRF:10
BRH:9
end_of_record
TN:
SF:../../../../../app/web/src/pages/apd/export/ApdExport.js
FN:13,(anonymous_0)
FN:34,(anonymous_1)
FN:52,(anonymous_2)
FNF:3
FNH:3
FNDA:46,(anonymous_0)
FNDA:38,(anonymous_1)
FNDA:154,(anonymous_2)
DA:13,158
DA:14,46
DA:16,46
DA:17,0
DA:20,46
DA:35,38
DA:47,158
DA:52,158
DA:56,158
LF:9
LH:8
BRDA:16,0,0,0
BRDA:16,0,1,46
BRDA:35,1,0,38
BRDA:35,1,1,38
BRF:4
BRH:3
end_of_record
TN:
SF:../../../../../app/web/src/pages/apd/export/ExportReadOnly.js
FN:9,(anonymous_0)
FN:10,(anonymous_1)
FN:14,(anonymous_2)
FN:67,(anonymous_3)
FNF:4
FNH:1
FNDA:38,(anonymous_0)
FNDA:0,(anonymous_1)
FNDA:0,(anonymous_2)
FNDA:0,(anonymous_3)
DA:9,158
DA:10,38
DA:11,0
DA:14,38
DA:15,0
DA:16,0
DA:19,38
DA:67,0
DA:77,158
DA:82,158
LF:10
LH:6
BRF:0
BRH:0
end_of_record
TN:
SF:../../../../../app/web/src/pages/apd/export/ReadOnlyApd.js
FN:7,(anonymous_0)
FNF:1
FNH:1
FNDA:38,(anonymous_0)
DA:7,158
DA:15,38
DA:52,158
DA:59,158
DA:66,158
LF:5
LH:5
BRDA:21,0,0,38
BRDA:21,0,1,19
BRDA:29,1,0,38
BRDA:29,1,1,19
BRDA:37,2,0,38
BRDA:37,2,1,19
BRDA:45,3,0,38
BRDA:45,3,1,17
BRF:8
BRH:8
end_of_record
TN:
SF:../../../../../app/web/src/pages/apd/key-state-personnel/ApdKeyPersonForm.js
FN:18,(anonymous_0)
FN:30,(anonymous_1)
FN:53,(anonymous_2)
FN:67,reducer
FN:99,(anonymous_4)
FN:107,(anonymous_5)
FN:115,(anonymous_6)
FN:123,(anonymous_7)
FN:132,(anonymous_8)
FN:140,(anonymous_9)
FN:148,(anonymous_10)
FN:157,(anonymous_11)
FN:186,(anonymous_12)
FN:192,(anonymous_13)
FN:204,(anonymous_14)
FN:210,(anonymous_15)
FN:222,(anonymous_16)
FN:228,(anonymous_17)
FN:240,(anonymous_18)
FN:254,(anonymous_19)
FN:262,(anonymous_20)
FN:270,(anonymous_21)
FN:293,(anonymous_22)
FN:303,(anonymous_23)
FN:337,(anonymous_24)
FNF:25
FNH:25
FNDA:666,(anonymous_0)
FNDA:666,(anonymous_1)
FNDA:42,(anonymous_2)
FNDA:686,reducer
FNDA:186,(anonymous_4)
FNDA:212,(anonymous_5)
FNDA:118,(anonymous_6)
FNDA:16,(anonymous_7)
FNDA:56,(anonymous_8)
FNDA:24,(anonymous_9)
FNDA:14,(anonymous_10)
FNDA:1332,(anonymous_11)
FNDA:666,(anonymous_12)
FNDA:186,(anonymous_13)
FNDA:666,(anonymous_14)
FNDA:212,(anonymous_15)
FNDA:666,(anonymous_16)
FNDA:118,(anonymous_17)
FNDA:666,(anonymous_18)
FNDA:1332,(anonymous_19)
FNDA:192,(anonymous_20)
FNDA:56,(anonymous_21)
FNDA:192,(anonymous_22)
FNDA:24,(anonymous_23)
FNDA:16,(anonymous_24)
DA:18,158
DA:19,666
DA:20,42
DA:21,38
DA:22,0
DA:24,624
DA:27,158
DA:29,158
DA:31,666
DA:33,666
DA:39,666
DA:53,666
DA:54,42
DA:57,666
DA:68,686
DA:70,542
DA:75,104
DA:83,40
DA:91,0
DA:97,666
DA:99,666
DA:100,186
DA:107,666
DA:108,212
DA:115,666
DA:116,118
DA:123,666
DA:124,16
DA:125,16
DA:132,666
DA:133,56
DA:140,666
DA:141,24
DA:148,666
DA:149,14
DA:150,14
DA:154,14
DA:157,666
DA:158,1332
DA:159,1332
DA:162,666
DA:164,666
DA:187,666
DA:193,186
DA:194,186
DA:205,666
DA:211,212
DA:212,212
DA:223,666
DA:229,118
DA:230,118
DA:243,666
DA:255,1332
DA:265,192
DA:271,56
DA:272,56
DA:296,192
DA:304,24
DA:305,24
DA:338,16
DA:339,16
DA:340,16
DA:341,16
DA:360,158
DA:375,158
[...]
FNDA:1,(anonymous_2)
FNDA:0,(anonymous_3)
FNDA:0,(anonymous_4)
FNDA:0,(anonymous_5)
FNDA:0,(anonymous_6)
FNDA:0,(anonymous_7)
FNDA:0,(anonymous_8)
FNDA:0,(anonymous_9)
FNDA:0,(anonymous_10)
FNDA:1,(anonymous_11)
FNDA:0,(anonymous_12)
FNDA:0,(anonymous_13)
FNDA:0,(anonymous_14)
FNDA:1,(anonymous_15)
FNDA:0,(anonymous_16)
FNDA:1,(anonymous_17)
FNDA:2,(anonymous_18)
FNDA:0,(anonymous_19)
FNDA:0,(anonymous_20)
FNDA:0,(anonymous_21)
FNDA:0,(anonymous_22)
FNDA:0,(anonymous_23)
FNDA:0,(anonymous_24)
FNDA:0,(anonymous_25)
FNDA:0,(anonymous_26)
FNDA:0,(anonymous_27)
FNDA:0,(anonymous_28)
FNDA:0,(anonymous_29)
FNDA:4,(anonymous_30)
FNDA:6,(anonymous_31)
FNDA:5,(anonymous_32)
FNDA:10,(anonymous_33)
FNDA:6,(anonymous_34)
FNDA:4,(anonymous_35)
FNDA:5,(anonymous_36)
FNDA:5,(anonymous_37)
FNDA:10,(anonymous_38)
FNDA:4,(anonymous_39)
FNDA:5,(anonymous_40)
FNDA:5,(anonymous_41)
FNDA:10,(anonymous_42)
FNDA:4,(anonymous_43)
FNDA:5,(anonymous_44)
FNDA:5,(anonymous_45)
FNDA:10,(anonymous_46)
FNDA:4,(anonymous_47)
FNDA:8,(anonymous_48)
FNDA:0,(anonymous_49)
FNDA:10,(anonymous_50)
FNDA:8,(anonymous_51)
FNDA:4,(anonymous_52)
FNDA:0,(anonymous_53)
FNDA:0,(anonymous_54)
FNDA:0,(anonymous_55)
FNDA:4,(anonymous_56)
FNDA:24,(anonymous_57)
FNDA:16,(anonymous_58)
FNDA:5,(anonymous_59)
FNDA:6,(anonymous_60)
FNDA:5,(anonymous_61)
FNDA:15,(anonymous_62)
FNDA:15,(anonymous_63)
FNDA:30,(anonymous_64)
FNDA:2,(anonymous_65)
FNDA:2,(anonymous_66)
FNDA:0,(anonymous_67)
FNDA:4,(anonymous_68)
FNDA:0,(anonymous_69)
FNDA:4,(anonymous_70)
FNDA:4,(anonymous_71)
FNDA:0,(anonymous_72)
FNDA:8,(anonymous_73)
FNDA:0,(anonymous_74)
FNDA:6,(anonymous_75)
DA:6,13
DA:9,13
DA:36,1
DA:42,3
DA:47,1
DA:48,0
DA:54,0
DA:56,0
DA:62,0
DA:64,0
DA:70,0
DA:73,0
DA:75,0
DA:76,0
DA:83,0
DA:87,0
DA:94,0
DA:98,0
DA:105,0
DA:114,1
DA:115,1
DA:117,1
DA:118,0
DA:119,0
DA:125,0
DA:126,0
DA:127,0
DA:139,1
DA:141,1
DA:143,0
DA:148,0
DA:149,0
DA:162,1
DA:163,1
DA:164,1
DA:166,1
DA:168,2
DA:169,0
DA:171,0
DA:174,0
DA:175,0
DA:182,1
DA:184,0
DA:190,0
DA:191,0
DA:195,0
DA:201,0
DA:202,0
DA:208,13
DA:209,0
DA:215,13
DA:223,0
DA:224,0
DA:227,0
DA:228,0
DA:229,0
DA:234,0
DA:235,0
DA:243,13
DA:244,0
DA:247,0
DA:248,0
DA:255,13
DA:264,4
DA:267,4
DA:268,4
DA:270,4
DA:273,4
DA:277,4
DA:281,4
DA:287,13
DA:288,6
DA:289,1
DA:294,5
DA:298,5
DA:299,10
DA:305,13
DA:306,6
DA:307,1
DA:314,5
DA:322,13
DA:323,4
DA:324,1
DA:328,3
DA:329,5
DA:336,5
DA:337,10
DA:348,13
DA:349,4
DA:350,1
DA:354,3
DA:355,5
DA:362,5
DA:363,10
DA:372,13
DA:373,4
DA:374,1
DA:378,3
DA:380,5
DA:388,5
DA:390,5
DA:393,5
DA:396,5
DA:397,10
DA:398,4
DA:407,6
DA:418,13
DA:419,4
DA:423,4
DA:424,8
DA:426,8
DA:437,13
DA:438,0
DA:443,13
DA:444,10
DA:450,13
DA:451,8
DA:455,13
DA:456,4
DA:462,13
DA:463,0
DA:464,0
DA:465,0
DA:470,0
DA:473,0
DA:477,13
DA:478,4
DA:486,13
DA:487,24
DA:493,13
DA:494,16
DA:501,13
DA:502,5
DA:511,13
DA:512,6
DA:521,13
DA:522,5
DA:532,13
DA:533,15
DA:540,15
DA:545,13
DA:546,30
DA:557,13
DA:564,2
DA:569,2
DA:572,2
DA:575,0
DA:576,0
DA:578,2
DA:579,2
DA:588,4
DA:591,0
DA:592,0
DA:593,0
DA:600,13
DA:612,4
DA:617,4
DA:618,1
DA:620,4
DA:623,4
DA:626,4
DA:629,0
DA:630,0
DA:632,4
DA:641,8
DA:644,0
DA:645,0
DA:646,0
DA:653,13
DA:654,6
DA:658,6
DA:659,4
DA:661,2
LF:173
LH:114
BRDA:208,0,0,0
BRDA:287,1,0,0
BRDA:288,2,0,1
BRDA:288,2,1,5
BRDA:305,3,0,0
BRDA:306,4,0,1
BRDA:306,4,1,5
BRDA:322,5,0,0
BRDA:323,6,0,1
BRDA:323,6,1,3
BRDA:348,7,0,0
BRDA:349,8,0,1
BRDA:349,8,1,3
BRDA:373,9,0,1
BRDA:373,9,1,3
BRDA:397,10,0,4
BRDA:397,10,1,6
BRDA:437,11,0,0
BRDA:617,12,0,1
BRDA:617,12,1,3
BRDA:658,13,0,4
BRDA:658,13,1,2
BRF:22
BRH:16
end_of_record
TN:
SF:cypress/page-objects/fill-out-activity-page.js
FN:11,(anonymous_0)
FN:33,(anonymous_1)
FN:39,(anonymous_2)
FN:56,(anonymous_3)
FN:76,(anonymous_4)
FN:82,(anonymous_5)
FN:107,(anonymous_6)
FN:127,(anonymous_7)
FN:133,(anonymous_8)
FN:156,(anonymous_9)
FN:177,(anonymous_10)
FN:183,(anonymous_11)
FN:201,(anonymous_12)
FN:212,(anonymous_13)
FN:227,(anonymous_14)
FN:246,(anonymous_15)
FN:253,(anonymous_16)
FN:266,(anonymous_17)
FN:274,(anonymous_18)
FN:277,(anonymous_19)
FN:280,(anonymous_20)
FN:281,(anonymous_21)
FN:290,(anonymous_22)
FN:293,(anonymous_23)
FN:294,(anonymous_24)
FN:308,(anonymous_25)
FN:311,(anonymous_26)
FN:312,(anonymous_27)
FN:320,(anonymous_28)
FN:323,(anonymous_29)
FN:326,(anonymous_30)
FN:336,(anonymous_31)
FN:338,(anonymous_32)
FN:339,(anonymous_33)
FN:340,(anonymous_34)
FN:350,(anonymous_35)
FN:353,(anonymous_36)
FNF:37
FNH:37
FNDA:3,(anonymous_0)
FNDA:3,(anonymous_1)
FNDA:6,(anonymous_2)
FNDA:6,(anonymous_3)
FNDA:4,(anonymous_4)
FNDA:7,(anonymous_5)
FNDA:1,(anonymous_6)
FNDA:4,(anonymous_7)
FNDA:7,(anonymous_8)
FNDA:1,(anonymous_9)
FNDA:3,(anonymous_10)
FNDA:6,(anonymous_11)
FNDA:7,(anonymous_12)
FNDA:4,(anonymous_13)
FNDA:10,(anonymous_14)
FNDA:3,(anonymous_15)
FNDA:6,(anonymous_16)
FNDA:8,(anonymous_17)
FNDA:16,(anonymous_18)
FNDA:16,(anonymous_19)
FNDA:16,(anonymous_20)
FNDA:228,(anonymous_21)
FNDA:8,(anonymous_22)
FNDA:8,(anonymous_23)
FNDA:24,(anonymous_24)
FNDA:8,(anonymous_25)
FNDA:8,(anonymous_26)
FNDA:24,(anonymous_27)
FNDA:8,(anonymous_28)
FNDA:8,(anonymous_29)
FNDA:40,(anonymous_30)
FNDA:16,(anonymous_31)
FNDA:6,(anonymous_32)
FNDA:6,(anonymous_33)
FNDA:48,(anonymous_34)
FNDA:16,(anonymous_35)
FNDA:48,(anonymous_36)
DA:4,3
DA:6,3
DA:7,3
DA:11,5
DA:12,3
DA:13,3
DA:15,3
DA:19,3
DA:23,3
DA:27,3
DA:33,5
DA:34,3
DA:39,3
DA:40,6
DA:46,3
DA:48,1
DA:49,1
DA:50,1
DA:52,1
DA:53,1
DA:56,3
DA:57,6
DA:58,6
DA:64,3
DA:66,1
DA:67,1
DA:68,1
DA:70,1
DA:71,1
DA:72,1
DA:76,5
DA:77,4
DA:82,4
DA:83,7
DA:84,7
DA:92,7
DA:101,4
DA:103,1
DA:108,1
DA:109,1
DA:115,1
DA:116,1
DA:127,5
DA:128,4
DA:133,4
DA:134,7
DA:135,7
DA:142,7
DA:150,4
DA:152,1
DA:157,1
DA:158,1
DA:164,1
DA:166,1
DA:167,0
DA:177,5
DA:178,3
DA:183,3
DA:184,6
DA:186,6
DA:188,6
DA:191,3
DA:192,1
DA:193,1
DA:194,1
DA:196,1
DA:197,1
DA:201,5
DA:202,7
DA:204,7
DA:205,7
DA:207,7
DA:209,7
DA:210,2
DA:212,2
DA:213,4
DA:219,4
DA:226,5
DA:227,5
DA:228,10
DA:236,7
DA:237,7
DA:243,7
DA:246,5
DA:247,3
DA:248,3
DA:253,3
DA:254,6
DA:258,6
DA:266,5
DA:274,8
DA:275,16
DA:278,16
DA:281,16
DA:282,228
DA:287,16
DA:288,8
DA:291,8
DA:294,8
DA:295,24
DA:300,8
DA:301,4
DA:303,4
DA:306,8
DA:309,8
DA:312,8
DA:313,24
DA:318,8
DA:321,8
DA:324,8
DA:327,40
DA:334,16
DA:337,16
DA:338,6
DA:339,6
DA:340,6
DA:341,48
DA:348,16
DA:351,16
DA:354,48
LF:120
LH:119
BRDA:11,0,0,0
BRDA:33,1,0,2
BRDA:46,2,0,1
BRDA:46,2,1,2
BRDA:64,3,0,1
BRDA:64,3,1,2
BRDA:76,4,0,3
BRDA:101,5,0,1
BRDA:101,5,1,3
BRDA:108,6,0,1
BRDA:108,6,1,0
BRDA:115,7,0,1
BRDA:115,7,1,0
BRDA:127,8,0,3
BRDA:150,9,0,1
BRDA:150,9,1,3
BRDA:157,10,0,1
BRDA:157,10,1,0
BRDA:166,11,0,0
BRDA:166,11,1,1
BRDA:177,12,0,2
BRDA:191,13,0,1
BRDA:191,13,1,2
BRDA:209,14,0,2
BRDA:209,14,1,5
BRDA:246,15,0,0
BRDA:267,16,0,0
BRDA:268,17,0,0
BRDA:269,18,0,0
BRDA:270,19,0,0
BRDA:271,20,0,2
BRDA:272,21,0,6
BRDA:287,22,0,8
BRDA:287,22,1,8
BRDA:300,23,0,4
BRDA:300,23,1,4
BRDA:337,24,0,6
BRDA:337,24,1,10
BRDA:337,25,0,16
BRDA:337,25,1,8
BRF:40
BRH:30
end_of_record
TN:
SF:cypress/page-objects/helper.js
FN:2,(anonymous_0)
FN:6,(anonymous_1)
FN:11,(anonymous_2)
FN:17,(anonymous_3)
FNF:4
FNH:3
FNDA:3,(anonymous_0)
FNDA:102,(anonymous_1)
FNDA:14,(anonymous_2)
FNDA:0,(anonymous_3)
DA:2,3
DA:3,3
DA:6,3
DA:7,102
DA:8,102
DA:11,3
DA:12,14
DA:13,14
DA:14,14
DA:17,3
DA:18,0
DA:19,0
DA:21,0
DA:22,0
DA:23,0
DA:25,0
LF:16
LH:10
BRDA:12,0,0,12
BRDA:12,0,1,2
BRDA:13,1,0,12
BRDA:13,1,1,2
BRDA:18,2,0,0
BRDA:18,2,1,0
BRDA:18,3,0,0
BRDA:18,3,1,0
BRDA:22,4,0,0
BRDA:22,4,1,0
BRF:10
BRH:4
end_of_record
TN:
SF:cypress/page-objects/populate-page.js
FN:9,(anonymous_0)
FN:13,(anonymous_1)
FN:20,(anonymous_2)
FN:28,(anonymous_3)
FN:32,(anonymous_4)
FN:56,(anonymous_5)
FN:60,(anonymous_6)
FN:70,(anonymous_7)
FN:72,(anonymous_8)
FN:79,(anonymous_9)
FN:103,(anonymous_10)
FN:113,(anonymous_11)
FN:128,(anonymous_12)
FN:137,(anonymous_13)
FN:146,(anonymous_14)
FN:149,(anonymous_15)
FNF:16
FNH:8
FNDA:26,(anonymous_0)
FNDA:26,(anonymous_1)
FNDA:42,(anonymous_2)
FNDA:6,(anonymous_3)
FNDA:0,(anonymous_4)
FNDA:6,(anonymous_5)
FNDA:12,(anonymous_6)
FNDA:6,(anonymous_7)
FNDA:6,(anonymous_8)
FNDA:0,(anonymous_9)
FNDA:0,(anonymous_10)
FNDA:0,(anonymous_11)
FNDA:0,(anonymous_12)
FNDA:0,(anonymous_13)
FNDA:0,(anonymous_14)
FNDA:0,(anonymous_15)
DA:5,3
DA:7,3
DA:9,3
DA:10,26
DA:14,26
DA:15,26
DA:16,26
DA:20,3
DA:21,42
DA:22,42
DA:24,0
DA:28,3
DA:29,6
DA:32,3
DA:40,0
DA:41,0
DA:43,0
DA:44,0
DA:45,0
DA:46,0
DA:50,0
DA:56,3
DA:57,6
DA:58,6
DA:59,6
DA:60,6
DA:61,12
DA:62,12
DA:63,6
DA:66,6
DA:70,3
DA:71,6
DA:72,6
DA:73,6
DA:75,6
DA:79,3
DA:90,0
DA:92,0
DA:93,0
DA:95,0
DA:101,0
DA:102,0
DA:103,0
DA:104,0
DA:106,0
DA:113,0
DA:114,0
DA:122,0
DA:123,0
DA:125,0
DA:128,3
DA:134,0
DA:135,0
DA:137,0
DA:138,0
DA:142,0
DA:146,3
DA:147,0
DA:149,0
DA:150,0
DA:155,0
LF:61
LH:30
BRDA:21,0,0,42
BRDA:21,0,1,0
BRDA:32,1,0,0
BRDA:56,2,0,0
BRDA:62,3,0,6
BRDA:62,3,1,6
BRDA:70,4,0,0
BRDA:79,5,0,0
BRDA:86,6,0,0
BRDA:101,7,0,0
BRDA:101,7,1,0
BRDA:128,8,0,0
BRDA:146,9,0,0
BRF:13
BRH:3
end_of_record
TN:
SF:cypress/page-objects/previous-activities-page.js
FN:4,(anonymous_0)
FN:13,(anonymous_1)
FN:18,(anonymous_2)
FN:23,(anonymous_3)
FN:29,(anonymous_4)
FN:30,(anonymous_5)
FN:64,(anonymous_6)
FN:65,(anonymous_7)
FN:70,(anonymous_8)
FN:80,(anonymous_9)
FN:90,(anonymous_10)
FN:100,(anonymous_11)
FN:110,(anonymous_12)
FN:120,(anonymous_13)
FN:130,(anonymous_14)
FN:140,(anonymous_15)
FN:148,(anonymous_16)
FN:151,(anonymous_17)
FN:159,(anonymous_18)
FN:168,(anonymous_19)
FN:177,(anonymous_20)
FN:186,(anonymous_21)
FN:192,(anonymous_22)
FN:199,(anonymous_23)
FN:202,(anonymous_24)
FN:207,(anonymous_25)
FN:213,(anonymous_26)
FN:219,(anonymous_27)
FN:225,(anonymous_28)
FN:231,(anonymous_29)
FNF:30
FNH:30
FNDA:54,(anonymous_0)
FNDA:2,(anonymous_1)
FNDA:6,(anonymous_2)
FNDA:1,(anonymous_3)
FNDA:1,(anonymous_4)
FNDA:3,(anonymous_5)
FNDA:2,(anonymous_6)
FNDA:3,(anonymous_7)
FNDA:3,(anonymous_8)
FNDA:3,(anonymous_9)
FNDA:3,(anonymous_10)
FNDA:3,(anonymous_11)
FNDA:3,(anonymous_12)
FNDA:3,(anonymous_13)
FNDA:3,(anonymous_14)
FNDA:3,(anonymous_15)
FNDA:2,(anonymous_16)
FNDA:3,(anonymous_17)
FNDA:3,(anonymous_18)
FNDA:3,(anonymous_19)
FNDA:3,(anonymous_20)
FNDA:3,(anonymous_21)
FNDA:3,(anonymous_22)
FNDA:2,(anonymous_23)
FNDA:3,(anonymous_24)
FNDA:3,(anonymous_25)
FNDA:3,(anonymous_26)
FNDA:3,(anonymous_27)
FNDA:3,(anonymous_28)
FNDA:3,(anonymous_29)
DA:4,2
DA:5,54
DA:6,54
DA:11,2
DA:14,2
DA:15,2
DA:19,6
DA:25,1
DA:26,1
DA:30,1
DA:31,3
DA:34,3
DA:38,3
DA:41,3
DA:45,3
DA:48,3
DA:52,3
DA:55,3
DA:65,2
DA:68,3
DA:71,3
DA:72,3
DA:73,3
DA:75,3
DA:81,3
DA:82,3
DA:88,3
DA:91,3
DA:92,3
DA:93,3
DA:95,3
DA:101,3
DA:102,3
DA:108,3
DA:111,3
DA:112,3
DA:113,3
DA:115,3
DA:121,3
DA:122,3
DA:128,3
DA:131,3
DA:132,3
DA:133,3
DA:135,3
DA:141,3
DA:142,3
DA:149,2
DA:151,2
DA:152,3
DA:154,3
DA:160,3
DA:163,3
DA:169,3
DA:172,3
DA:178,3
DA:181,3
DA:187,3
DA:190,3
DA:193,3
DA:194,3
DA:200,2
DA:202,2
DA:203,3
DA:205,3
DA:208,3
DA:211,3
DA:214,3
DA:217,3
DA:220,3
DA:223,3
DA:226,3
DA:229,3
DA:232,3
DA:233,3
LF:75
LH:75
BRDA:5,0,0,0
BRDA:5,0,1,54
BRDA:14,1,0,0
BRDA:14,1,1,2
BRF:4
BRH:2
end_of_record
TN:
SF:cypress/page-objects/proposed-budget-page.js
FN:7,(anonymous_0)
FN:10,(anonymous_1)
FN:11,(anonymous_2)
FN:14,(anonymous_3)
FN:18,(anonymous_4)
FN:22,(anonymous_5)
FN:32,(anonymous_6)
FN:35,(anonymous_7)
FN:41,(anonymous_8)
FN:42,(anonymous_9)
FN:43,(anonymous_10)
FN:47,(anonymous_11)
FN:48,(anonymous_12)
FN:49,(anonymous_13)
FN:62,(anonymous_14)
FN:63,(anonymous_15)
FN:65,(anonymous_16)
FN:68,(anonymous_17)
FN:71,(anonymous_18)
FN:78,(anonymous_19)
FN:81,(anonymous_20)
FN:88,(anonymous_21)
FN:89,(anonymous_22)
FN:91,(anonymous_23)
FN:95,(anonymous_24)
FN:98,(anonymous_25)
FN:105,(anonymous_26)
FN:108,(anonymous_27)
FN:117,(anonymous_28)
FN:123,(anonymous_29)
FN:126,(anonymous_30)
FN:133,(anonymous_31)
FN:136,(anonymous_32)
FN:143,(anonymous_33)
FN:144,(anonymous_34)
FN:148,(anonymous_35)
FN:149,(anonymous_36)
FN:152,(anonymous_37)
FN:153,(anonymous_38)
FN:171,(anonymous_39)
FN:172,(anonymous_40)
FN:174,(anonymous_41)
FN:177,(anonymous_42)
FN:180,(anonymous_43)
FNF:44
FNH:44
FNDA:8,(anonymous_0)
FNDA:4,(anonymous_1)
FNDA:8,(anonymous_2)
FNDA:8,(anonymous_3)
FNDA:8,(anonymous_4)
FNDA:8,(anonymous_5)
FNDA:12,(anonymous_6)
FNDA:12,(anonymous_7)
FNDA:4,(anonymous_8)
FNDA:8,(anonymous_9)
FNDA:16,(anonymous_10)
FNDA:16,(anonymous_11)
FNDA:16,(anonymous_12)
FNDA:48,(anonymous_13)
FNDA:4,(anonymous_14)
FNDA:12,(anonymous_15)
FNDA:36,(anonymous_16)
FNDA:36,(anonymous_17)
FNDA:36,(anonymous_18)
FNDA:4,(anonymous_19)
FNDA:4,(anonymous_20)
FNDA:4,(anonymous_21)
FNDA:8,(anonymous_22)
FNDA:16,(anonymous_23)
FNDA:8,(anonymous_24)
FNDA:8,(anonymous_25)
FNDA:8,(anonymous_26)
FNDA:8,(anonymous_27)
FNDA:4,(anonymous_28)
FNDA:4,(anonymous_29)
FNDA:4,(anonymous_30)
FNDA:4,(anonymous_31)
FNDA:4,(anonymous_32)
FNDA:1,(anonymous_33)
FNDA:2,(anonymous_34)
FNDA:2,(anonymous_35)
FNDA:8,(anonymous_36)
FNDA:8,(anonymous_37)
FNDA:40,(anonymous_38)
FNDA:3,(anonymous_39)
FNDA:6,(anonymous_40)
FNDA:24,(anonymous_41)
FNDA:24,(anonymous_42)
FNDA:24,(anonymous_43)
DA:2,3
DA:7,3
DA:8,8
DA:10,3
DA:11,4
DA:12,8
DA:15,8
DA:16,8
DA:19,8
DA:20,8
DA:22,8
DA:23,8
DA:32,3
DA:33,12
DA:35,3
DA:36,12
DA:41,3
DA:42,4
DA:43,8
DA:45,16
DA:47,16
DA:48,16
DA:49,16
DA:50,48
DA:52,16
DA:62,3
DA:63,4
DA:64,12
DA:65,12
DA:66,36
DA:69,36
DA:72,36
DA:78,4
DA:79,4
DA:82,4
DA:88,3
DA:89,4
DA:90,8
DA:91,8
DA:92,16
DA:93,8
DA:96,8
DA:99,8
DA:102,8
DA:103,8
DA:106,8
DA:109,8
DA:117,3
DA:121,4
DA:124,4
DA:127,4
DA:131,4
DA:134,4
DA:137,4
DA:143,3
DA:144,1
DA:145,2
DA:146,2
DA:149,2
DA:150,8
DA:153,8
DA:154,40
DA:155,8
DA:159,32
DA:171,3
DA:172,3
DA:173,6
DA:174,6
DA:175,24
DA:178,24
DA:181,24
LF:71
LH:71
BRDA:92,0,0,8
BRDA:92,0,1,8
BRDA:102,1,0,8
BRDA:102,1,1,0
BRDA:154,2,0,8
BRDA:154,2,1,32
BRF:6
BRH:5
end_of_record
TN:
SF:cypress/support/commands.js
FN:19,(anonymous_0)
FN:57,(anonymous_1)
FN:62,(anonymous_2)
FN:76,(anonymous_3)
FN:85,(anonymous_4)
FN:89,(anonymous_5)
FN:106,(anonymous_6)
FN:110,(anonymous_7)
FN:114,(anonymous_8)
FN:118,(anonymous_9)
FN:122,(anonymous_10)
FN:126,(anonymous_11)
FN:130,(anonymous_12)
FN:134,(anonymous_13)
FN:138,(anonymous_14)
FN:143,(anonymous_15)
FN:144,(anonymous_16)
FN:152,(anonymous_17)
FN:159,(anonymous_18)
FN:167,(anonymous_19)
FN:175,(anonymous_20)
FN:180,(anonymous_21)
FN:181,(anonymous_22)
FN:191,(anonymous_23)
FN:194,(anonymous_24)
FN:209,(anonymous_25)
FN:215,(anonymous_26)
FN:219,(anonymous_27)
FN:232,(anonymous_28)
FN:236,(anonymous_29)
FN:249,(anonymous_30)
FN:253,(anonymous_31)
FN:266,(anonymous_32)
FN:270,(anonymous_33)
FN:283,(anonymous_34)
FN:287,(anonymous_35)
FN:300,(anonymous_36)
FN:304,(anonymous_37)
FN:316,(anonymous_38)
FN:320,(anonymous_39)
FN:328,(anonymous_40)
FN:333,(anonymous_41)
FN:341,(anonymous_42)
FN:352,(anonymous_43)
FN:356,(anonymous_44)
FN:360,(anonymous_45)
FN:364,(anonymous_46)
FN:368,(anonymous_47)
FN:372,(anonymous_48)
FN:376,(anonymous_49)
FN:382,(anonymous_50)
FN:386,(anonymous_51)
FN:399,(anonymous_52)
FN:403,(anonymous_53)
FN:416,(anonymous_54)
FN:420,(anonymous_55)
FN:433,(anonymous_56)
FN:437,(anonymous_57)
FN:450,(anonymous_58)
FN:454,(anonymous_59)
FN:467,(anonymous_60)
FN:473,(anonymous_61)
FN:477,(anonymous_62)
FN:490,(anonymous_63)
FN:494,(anonymous_64)
FN:507,(anonymous_65)
FN:511,(anonymous_66)
FN:524,(anonymous_67)
FN:529,(anonymous_68)
FN:536,(anonymous_69)
FN:537,(anonymous_70)
FN:541,(anonymous_71)
FN:542,(anonymous_72)
FN:545,(anonymous_73)
FN:548,(anonymous_74)
FN:557,(anonymous_75)
FN:558,(anonymous_76)
FNF:77
FNH:47
FNDA:94,(anonymous_0)
FNDA:68,(anonymous_1)
FNDA:21,(anonymous_2)
FNDA:2,(anonymous_3)
FNDA:18,(anonymous_4)
FNDA:24,(anonymous_5)
FNDA:0,(anonymous_6)
FNDA:1,(anonymous_7)
FNDA:17,(anonymous_8)
FNDA:0,(anonymous_9)
FNDA:6,(anonymous_10)
FNDA:0,(anonymous_11)
FNDA:0,(anonymous_12)
FNDA:0,(anonymous_13)
FNDA:0,(anonymous_14)
FNDA:0,(anonymous_15)
FNDA:0,(anonymous_16)
FNDA:0,(anonymous_17)
FNDA:2,(anonymous_18)
FNDA:92,(anonymous_19)
FNDA:44,(anonymous_20)
FNDA:88,(anonymous_21)
FNDA:88,(anonymous_22)
FNDA:2,(anonymous_23)
FNDA:2,(anonymous_24)
FNDA:0,(anonymous_25)
FNDA:0,(anonymous_26)
FNDA:0,(anonymous_27)
FNDA:4,(anonymous_28)
FNDA:4,(anonymous_29)
FNDA:4,(anonymous_30)
FNDA:4,(anonymous_31)
FNDA:0,(anonymous_32)
FNDA:0,(anonymous_33)
FNDA:0,(anonymous_34)
FNDA:0,(anonymous_35)
FNDA:5,(anonymous_36)
FNDA:5,(anonymous_37)
FNDA:9,(anonymous_38)
FNDA:9,(anonymous_39)
FNDA:9,(anonymous_40)
FNDA:9,(anonymous_41)
FNDA:9,(anonymous_42)
FNDA:0,(anonymous_43)
FNDA:2,(anonymous_44)
FNDA:2,(anonymous_45)
FNDA:2,(anonymous_46)
FNDA:0,(anonymous_47)
FNDA:3,(anonymous_48)
FNDA:5,(anonymous_49)
FNDA:3,(anonymous_50)
FNDA:3,(anonymous_51)
FNDA:0,(anonymous_52)
FNDA:0,(anonymous_53)
FNDA:0,(anonymous_54)
FNDA:0,(anonymous_55)
FNDA:0,(anonymous_56)
FNDA:0,(anonymous_57)
FNDA:0,(anonymous_58)
FNDA:0,(anonymous_59)
FNDA:3,(anonymous_60)
FNDA:3,(anonymous_61)
FNDA:3,(anonymous_62)
FNDA:0,(anonymous_63)
FNDA:0,(anonymous_64)
FNDA:0,(anonymous_65)
FNDA:0,(anonymous_66)
FNDA:19,(anonymous_67)
FNDA:96,(anonymous_68)
FNDA:452,(anonymous_69)
FNDA:452,(anonymous_70)
FNDA:452,(anonymous_71)
FNDA:1316,(anonymous_72)
FNDA:452,(anonymous_73)
FNDA:63,(anonymous_74)
FNDA:417,(anonymous_75)
FNDA:1455,(anonymous_76)
DA:12,11
DA:13,11
DA:15,11
DA:19,11
DA:20,94
DA:21,0
DA:23,94
DA:24,94
DA:25,0
DA:27,94
DA:57,11
DA:58,68
DA:59,68
DA:62,11
DA:63,21
DA:64,21
DA:67,21
DA:68,21
DA:69,21
DA:70,21
DA:73,21
DA:76,11
DA:77,2
DA:80,2
DA:81,2
DA:82,2
DA:85,11
DA:86,18
DA:89,11
DA:90,24
DA:91,24
DA:94,24
DA:102,24
DA:103,24
DA:106,11
DA:107,0
DA:110,11
DA:111,1
DA:114,11
DA:115,17
DA:118,11
DA:119,0
DA:122,11
DA:123,6
DA:126,11
DA:127,0
DA:130,11
DA:131,0
DA:134,11
DA:135,0
DA:138,11
DA:139,0
DA:143,11
DA:144,0
DA:145,0
DA:149,11
DA:153,0
DA:156,11
DA:160,2
DA:164,11
DA:168,92
DA:175,11
DA:178,44
DA:179,44
DA:180,88
DA:181,88
DA:191,11
DA:192,2
DA:193,2
DA:194,2
DA:195,2
DA:199,2
DA:201,2
DA:202,2
DA:206,2
DA:209,11
DA:210,0
DA:215,11
DA:217,0
DA:220,0
DA:222,0
DA:226,0
DA:232,11
DA:234,4
DA:237,4
DA:239,4
DA:243,4
DA:249,11
DA:251,4
DA:254,4
DA:256,3
DA:260,4
DA:266,11
DA:268,0
DA:271,0
DA:273,0
DA:277,0
DA:283,11
DA:285,0
DA:288,0
DA:290,0
DA:294,0
DA:300,11
DA:302,5
DA:305,5
DA:307,5
DA:310,5
DA:316,11
DA:318,9
DA:321,9
DA:323,4
DA:326,9
DA:331,9
DA:335,9
DA:336,5
DA:339,9
DA:343,9
DA:352,11
DA:353,0
DA:356,11
DA:357,2
DA:360,11
DA:361,2
DA:364,11
DA:365,2
DA:368,11
DA:369,0
DA:372,11
DA:373,3
DA:376,11
DA:377,5
DA:382,11
DA:384,3
DA:387,3
DA:389,3
DA:393,3
DA:399,11
DA:401,0
DA:404,0
DA:406,0
DA:410,0
DA:416,11
DA:418,0
DA:421,0
DA:423,0
DA:427,0
DA:433,11
DA:435,0
DA:438,0
DA:440,0
DA:444,0
DA:450,11
DA:452,0
DA:455,0
DA:457,0
DA:461,0
DA:467,11
DA:468,3
DA:473,11
DA:475,3
DA:478,3
DA:480,2
DA:484,3
DA:490,11
DA:492,0
DA:495,0
DA:497,0
DA:501,0
DA:507,11
DA:509,0
DA:512,0
DA:514,0
DA:518,0
DA:524,11
DA:525,19
DA:526,19
DA:529,11
DA:530,96
DA:531,0
DA:535,96
DA:536,96
DA:537,452
DA:541,96
DA:542,1316
DA:545,452
DA:548,11
DA:549,63
DA:550,0
DA:554,63
DA:557,63
DA:558,1455
DA:561,63
LF:192
LH:140
BRDA:20,0,0,0
BRDA:20,0,1,94
BRDA:20,1,0,94
BRDA:20,1,1,94
BRDA:24,2,0,0
BRDA:24,2,1,94
BRDA:102,3,0,24
BRDA:102,3,1,10
BRDA:167,4,0,92
BRDA:192,5,0,2
BRDA:192,5,1,0
BRDA:220,6,0,0
BRDA:220,6,1,0
BRDA:237,7,0,4
BRDA:237,7,1,0
BRDA:254,8,0,3
BRDA:254,8,1,1
BRDA:271,9,0,0
BRDA:271,9,1,0
BRDA:288,10,0,0
BRDA:288,10,1,0
BRDA:305,11,0,5
BRDA:305,11,1,0
BRDA:321,12,0,4
BRDA:321,12,1,5
BRDA:335,13,0,5
BRDA:335,13,1,4
BRDA:387,14,0,3
BRDA:387,14,1,0
BRDA:404,15,0,0
BRDA:404,15,1,0
BRDA:421,16,0,0
BRDA:421,16,1,0
BRDA:438,17,0,0
BRDA:438,17,1,0
BRDA:455,18,0,0
BRDA:455,18,1,0
BRDA:478,19,0,2
BRDA:478,19,1,1
BRDA:495,20,0,0
BRDA:495,20,1,0
BRDA:512,21,0,0
BRDA:512,21,1,0
BRDA:530,22,0,0
BRDA:530,22,1,96
BRDA:549,23,0,0
BRDA:549,23,1,63
BRF:47
BRH:21
end_of_record
TN:
SF:cypress/support/e2e.js
FN:40,(anonymous_0)
FNF:1
FNH:0
FNDA:0,(anonymous_0)
DA:25,11
DA:26,11
DA:29,11
DA:32,11
DA:35,11
DA:37,11
DA:40,11
DA:43,0
LF:8
LH:7
BRF:0
BRH:0
end_of_record
