<?xml version="1.0" encoding="UTF-8"?>
<coverage generated="1649271128212" clover="3.2.0">
  <project timestamp="1649271128212" name="All files">
    <metrics statements="3899" coveredstatements="3240" conditionals="1898" coveredconditionals="1322" methods="1373" coveredmethods="1074" elements="7170" coveredelements="5636" complexity="0" loc="3899" ncloc="3899" packages="43" files="250" classes="250"/>
    <package name="src">
      <metrics statements="47" coveredstatements="42" conditionals="29" coveredconditionals="20" methods="16" coveredmethods="12"/>
      <file name="constants.js" path="/Users/tif/Code/eAPD/eAPD/packages/web/src/constants.js">
        <metrics statements="15" coveredstatements="11" conditionals="12" coveredconditionals="3" methods="8" coveredmethods="4"/>
        <line num="3" count="111" type="stmt"/>
        <line num="14" count="111" type="stmt"/>
        <line num="18" count="111" type="stmt"/>
        <line num="29" count="111" type="stmt"/>
        <line num="32" count="28" type="cond" truecount="1" falsecount="0"/>
        <line num="34" count="24" type="stmt"/>
        <line num="38" count="65" type="stmt"/>
        <line num="42" count="111" type="stmt"/>
        <line num="49" count="111" type="stmt"/>
        <line num="57" count="111" type="stmt"/>
        <line num="63" count="2" type="cond" truecount="2" falsecount="0"/>
        <line num="70" count="0" type="cond" truecount="0" falsecount="2"/>
        <line num="77" count="0" type="cond" truecount="0" falsecount="2"/>
        <line num="84" count="0" type="cond" truecount="0" falsecount="2"/>
        <line num="92" count="0" type="cond" truecount="0" falsecount="2"/>
      </file>
      <file name="cookie-constants.js" path="/Users/tif/Code/eAPD/eAPD/packages/web/src/cookie-constants.js">
        <metrics statements="2" coveredstatements="2" conditionals="0" coveredconditionals="0" methods="0" coveredmethods="0"/>
        <line num="1" count="110" type="stmt"/>
        <line num="2" count="110" type="stmt"/>
      </file>
      <file name="saveMiddleware.js" path="/Users/tif/Code/eAPD/eAPD/packages/web/src/saveMiddleware.js">
        <metrics statements="30" coveredstatements="29" conditionals="17" coveredconditionals="17" methods="8" coveredmethods="8"/>
        <line num="11" count="1" type="stmt"/>
        <line num="15" count="8" type="stmt"/>
        <line num="16" count="8" type="stmt"/>
        <line num="17" count="8" type="stmt"/>
        <line num="19" count="8" type="stmt"/>
        <line num="20" count="2" type="stmt"/>
        <line num="21" count="2" type="stmt"/>
        <line num="22" count="2" type="stmt"/>
        <line num="23" count="2" type="stmt"/>
        <line num="27" count="0" type="stmt"/>
        <line num="32" count="8" type="stmt"/>
        <line num="39" count="6" type="cond" truecount="2" falsecount="0"/>
        <line num="40" count="2" type="stmt"/>
        <line num="41" count="2" type="stmt"/>
        <line num="47" count="4" type="cond" truecount="2" falsecount="0"/>
        <line num="51" count="4" type="stmt"/>
        <line num="53" count="2" type="stmt"/>
        <line num="55" count="2" type="stmt"/>
        <line num="57" count="2" type="stmt"/>
        <line num="60" count="2" type="cond" truecount="2" falsecount="0"/>
        <line num="61" count="1" type="stmt"/>
        <line num="62" count="1" type="stmt"/>
        <line num="68" count="8" type="cond" truecount="2" falsecount="0"/>
        <line num="69" count="8" type="stmt"/>
        <line num="70" count="11" type="stmt"/>
        <line num="71" count="11" type="cond" truecount="6" falsecount="0"/>
        <line num="77" count="10" type="stmt"/>
        <line num="78" count="10" type="stmt"/>
        <line num="80" count="1" type="stmt"/>
        <line num="82" count="11" type="stmt"/>
      </file>
    </package>
    <package name="src.actions">
      <metrics statements="318" coveredstatements="289" conditionals="122" coveredconditionals="84" methods="106" coveredmethods="99"/>
      <file name="admin.js" path="/Users/tif/Code/eAPD/eAPD/packages/web/src/actions/admin.js">
        <metrics statements="106" coveredstatements="100" conditionals="35" coveredconditionals="19" methods="36" coveredmethods="36"/>
        <line num="3" count="43" type="stmt"/>
        <line num="4" count="43" type="stmt"/>
        <line num="5" count="43" type="stmt"/>
        <line num="7" count="43" type="stmt"/>
        <line num="8" count="5" type="stmt"/>
        <line num="10" count="5" type="stmt"/>
        <line num="13" count="1" type="stmt"/>
        <line num="16" count="4" type="stmt"/>
        <line num="20" count="43" type="stmt"/>
        <line num="21" count="43" type="stmt"/>
        <line num="22" count="43" type="stmt"/>
        <line num="24" count="43" type="stmt"/>
        <line num="25" count="43" type="stmt"/>
        <line num="26" count="43" type="stmt"/>
        <line num="28" count="43" type="stmt"/>
        <line num="29" count="4" type="stmt"/>
        <line num="30" count="4" type="stmt"/>
        <line num="32" count="4" type="stmt"/>
        <line num="35" count="2" type="stmt"/>
        <line num="38" count="2" type="stmt"/>
        <line num="41" count="4" type="stmt"/>
        <line num="44" count="2" type="stmt"/>
        <line num="47" count="2" type="stmt"/>
        <line num="50" count="4" type="stmt"/>
        <line num="53" count="43" type="stmt"/>
        <line num="54" count="43" type="stmt"/>
        <line num="55" count="43" type="stmt"/>
        <line num="58" count="43" type="stmt"/>
        <line num="62" count="2" type="stmt"/>
        <line num="63" count="2" type="stmt"/>
        <line num="65" count="2" type="stmt"/>
        <line num="68" count="1" type="stmt"/>
        <line num="69" count="1" type="stmt"/>
        <line num="72" count="1" type="stmt"/>
        <line num="73" count="1" type="cond" truecount="1" falsecount="1"/>
        <line num="74" count="1" type="stmt"/>
        <line num="77" count="1" type="stmt"/>
        <line num="81" count="43" type="stmt"/>
        <line num="82" count="43" type="stmt"/>
        <line num="83" count="43" type="stmt"/>
        <line num="85" count="43" type="stmt"/>
        <line num="86" count="4" type="stmt"/>
        <line num="88" count="4" type="stmt"/>
        <line num="89" count="10" type="cond" truecount="2" falsecount="0"/>
        <line num="92" count="4" type="cond" truecount="2" falsecount="0"/>
        <line num="93" count="3" type="stmt"/>
        <line num="95" count="4" type="cond" truecount="2" falsecount="0"/>
        <line num="96" count="3" type="stmt"/>
        <line num="99" count="4" type="cond" truecount="1" falsecount="1"/>
        <line num="100" count="0" type="cond" truecount="0" falsecount="4"/>
        <line num="101" count="0" type="stmt"/>
        <line num="105" count="0" type="stmt"/>
        <line num="108" count="4" type="stmt"/>
        <line num="111" count="4" type="stmt"/>
        <line num="114" count="3" type="stmt"/>
        <line num="115" count="3" type="stmt"/>
        <line num="118" count="1" type="stmt"/>
        <line num="119" count="1" type="cond" truecount="1" falsecount="1"/>
        <line num="120" count="1" type="stmt"/>
        <line num="123" count="1" type="stmt"/>
        <line num="127" count="43" type="stmt"/>
        <line num="128" count="43" type="stmt"/>
        <line num="129" count="43" type="stmt"/>
        <line num="131" count="43" type="stmt"/>
        <line num="132" count="3" type="stmt"/>
        <line num="134" count="3" type="stmt"/>
        <line num="135" count="5" type="cond" truecount="2" falsecount="0"/>
        <line num="139" count="3" type="cond" truecount="1" falsecount="1"/>
        <line num="140" count="0" type="cond" truecount="0" falsecount="4"/>
        <line num="141" count="0" type="stmt"/>
        <line num="142" count="0" type="stmt"/>
        <line num="145" count="3" type="stmt"/>
        <line num="148" count="3" type="stmt"/>
        <line num="151" count="2" type="stmt"/>
        <line num="154" count="1" type="stmt"/>
        <line num="155" count="1" type="cond" truecount="1" falsecount="1"/>
        <line num="156" count="1" type="stmt"/>
        <line num="159" count="1" type="stmt"/>
        <line num="163" count="43" type="stmt"/>
        <line num="164" count="43" type="stmt"/>
        <line num="167" count="43" type="cond" truecount="1" falsecount="0"/>
        <line num="168" count="19" type="stmt"/>
        <line num="169" count="19" type="stmt"/>
        <line num="172" count="18" type="stmt"/>
        <line num="175" count="1" type="stmt"/>
        <line num="176" count="1" type="cond" truecount="1" falsecount="1"/>
        <line num="177" count="1" type="stmt"/>
        <line num="179" count="1" type="stmt"/>
        <line num="184" count="43" type="stmt"/>
        <line num="185" count="43" type="stmt"/>
        <line num="188" count="43" type="stmt"/>
        <line num="189" count="2" type="stmt"/>
        <line num="195" count="1" type="stmt"/>
        <line num="198" count="1" type="stmt"/>
        <line num="199" count="1" type="cond" truecount="1" falsecount="1"/>
        <line num="200" count="1" type="stmt"/>
        <line num="202" count="1" type="stmt"/>
        <line num="205" count="43" type="stmt"/>
        <line num="206" count="43" type="stmt"/>
        <line num="208" count="43" type="stmt"/>
        <line num="209" count="15" type="stmt"/>
        <line num="212" count="14" type="stmt"/>
        <line num="215" count="1" type="stmt"/>
        <line num="216" count="1" type="cond" truecount="1" falsecount="1"/>
        <line num="217" count="1" type="stmt"/>
        <line num="219" count="1" type="stmt"/>
      </file>
      <file name="aria.js" path="/Users/tif/Code/eAPD/eAPD/packages/web/src/actions/aria.js">
        <metrics statements="6" coveredstatements="6" conditionals="0" coveredconditionals="0" methods="5" coveredmethods="4"/>
        <line num="1" count="62" type="stmt"/>
        <line num="3" count="62" type="stmt"/>
        <line num="7" count="1" type="stmt"/>
        <line num="14" count="62" type="stmt"/>
        <line num="19" count="62" type="stmt"/>
        <line num="25" count="62" type="stmt"/>
      </file>
      <file name="auth.js" path="/Users/tif/Code/eAPD/eAPD/packages/web/src/actions/auth.js">
        <metrics statements="203" coveredstatements="180" conditionals="87" coveredconditionals="65" methods="63" coveredmethods="57"/>
        <line num="24" count="41" type="stmt"/>
        <line num="25" count="41" type="stmt"/>
        <line num="26" count="41" type="stmt"/>
        <line num="27" count="41" type="stmt"/>
        <line num="28" count="41" type="stmt"/>
        <line num="29" count="41" type="stmt"/>
        <line num="30" count="41" type="stmt"/>
        <line num="31" count="41" type="stmt"/>
        <line num="32" count="41" type="stmt"/>
        <line num="33" count="41" type="stmt"/>
        <line num="34" count="41" type="stmt"/>
        <line num="36" count="41" type="stmt"/>
        <line num="37" count="41" type="stmt"/>
        <line num="38" count="41" type="stmt"/>
        <line num="40" count="41" type="stmt"/>
        <line num="41" count="41" type="stmt"/>
        <line num="42" count="41" type="stmt"/>
        <line num="43" count="41" type="stmt"/>
        <line num="44" count="41" type="stmt"/>
        <line num="46" count="41" type="stmt"/>
        <line num="47" count="41" type="stmt"/>
        <line num="48" count="41" type="stmt"/>
        <line num="49" count="41" type="stmt"/>
        <line num="53" count="41" type="stmt"/>
        <line num="57" count="41" type="stmt"/>
        <line num="61" count="41" type="stmt"/>
        <line num="62" count="41" type="stmt"/>
        <line num="63" count="41" type="stmt"/>
        <line num="64" count="41" type="stmt"/>
        <line num="65" count="41" type="stmt"/>
        <line num="66" count="41" type="stmt"/>
        <line num="67" count="41" type="stmt"/>
        <line num="68" count="41" type="stmt"/>
        <line num="69" count="41" type="stmt"/>
        <line num="70" count="41" type="stmt"/>
        <line num="71" count="41" type="stmt"/>
        <line num="72" count="41" type="stmt"/>
        <line num="77" count="41" type="stmt"/>
        <line num="78" count="4" type="cond" truecount="1" falsecount="1"/>
        <line num="79" count="0" type="stmt"/>
        <line num="83" count="41" type="stmt"/>
        <line num="84" count="8" type="stmt"/>
        <line num="90" count="0" type="stmt"/>
        <line num="91" count="0" type="cond" truecount="0" falsecount="2"/>
        <line num="94" count="0" type="stmt"/>
        <line num="95" count="0" type="stmt"/>
        <line num="100" count="0" type="stmt"/>
        <line num="107" count="41" type="cond" truecount="1" falsecount="0"/>
        <line num="108" count="6" type="stmt"/>
        <line num="109" count="6" type="stmt"/>
        <line num="112" count="5" type="cond" truecount="1" falsecount="1"/>
        <line num="113" count="0" type="stmt"/>
        <line num="116" count="5" type="stmt"/>
        <line num="119" count="1" type="stmt"/>
        <line num="120" count="1" type="stmt"/>
        <line num="123" count="6" type="cond" truecount="2" falsecount="0"/>
        <line num="126" count="41" type="stmt"/>
        <line num="127" count="4" type="stmt"/>
        <line num="128" count="4" type="stmt"/>
        <line num="130" count="4" type="stmt"/>
        <line num="135" count="41" type="stmt"/>
        <line num="136" count="1" type="stmt"/>
        <line num="137" count="1" type="stmt"/>
        <line num="138" count="1" type="stmt"/>
        <line num="139" count="1" type="stmt"/>
        <line num="140" count="1" type="stmt"/>
        <line num="141" count="1" type="stmt"/>
        <line num="144" count="41" type="stmt"/>
        <line num="145" count="7" type="stmt"/>
        <line num="146" count="7" type="cond" truecount="2" falsecount="0"/>
        <line num="148" count="6" type="cond" truecount="4" falsecount="0"/>
        <line num="155" count="6" type="cond" truecount="2" falsecount="0"/>
        <line num="156" count="5" type="stmt"/>
        <line num="159" count="5" type="cond" truecount="2" falsecount="0"/>
        <line num="163" count="1" type="stmt"/>
        <line num="165" count="4" type="stmt"/>
        <line num="168" count="2" type="stmt"/>
        <line num="171" count="41" type="stmt"/>
        <line num="172" count="2" type="stmt"/>
        <line num="175" count="41" type="stmt"/>
        <line num="176" count="5" type="stmt"/>
        <line num="177" count="5" type="cond" truecount="2" falsecount="0"/>
        <line num="178" count="4" type="stmt"/>
        <line num="179" count="4" type="stmt"/>
        <line num="181" count="5" type="stmt"/>
        <line num="183" count="5" type="stmt"/>
        <line num="185" count="5" type="cond" truecount="2" falsecount="0"/>
        <line num="186" count="1" type="stmt"/>
        <line num="188" count="4" type="cond" truecount="4" falsecount="0"/>
        <line num="189" count="1" type="stmt"/>
        <line num="190" count="1" type="stmt"/>
        <line num="192" count="3" type="cond" truecount="1" falsecount="1"/>
        <line num="193" count="3" type="stmt"/>
        <line num="194" count="3" type="stmt"/>
        <line num="195" count="3" type="cond" truecount="1" falsecount="1"/>
        <line num="196" count="3" type="stmt"/>
        <line num="198" count="3" type="stmt"/>
        <line num="200" count="0" type="stmt"/>
        <line num="201" count="0" type="stmt"/>
        <line num="210" count="41" type="cond" truecount="1" falsecount="0"/>
        <line num="211" count="3" type="stmt"/>
        <line num="212" count="3" type="stmt"/>
        <line num="214" count="3" type="stmt"/>
        <line num="216" count="3" type="cond" truecount="1" falsecount="1"/>
        <line num="217" count="0" type="stmt"/>
        <line num="218" count="0" type="stmt"/>
        <line num="220" count="0" type="cond" truecount="0" falsecount="2"/>
        <line num="225" count="0" type="stmt"/>
        <line num="226" count="0" type="stmt"/>
        <line num="227" count="0" type="cond" truecount="0" falsecount="2"/>
        <line num="228" count="0" type="stmt"/>
        <line num="233" count="3" type="cond" truecount="1" falsecount="1"/>
        <line num="234" count="3" type="stmt"/>
        <line num="235" count="3" type="stmt"/>
        <line num="236" count="3" type="cond" truecount="2" falsecount="0"/>
        <line num="237" count="1" type="stmt"/>
        <line num="238" count="1" type="stmt"/>
        <line num="239" count="1" type="stmt"/>
        <line num="240" count="1" type="cond" truecount="1" falsecount="1"/>
        <line num="241" count="0" type="stmt"/>
        <line num="243" count="1" type="stmt"/>
        <line num="244" count="1" type="stmt"/>
        <line num="245" count="1" type="cond" truecount="1" falsecount="1"/>
        <line num="246" count="1" type="stmt"/>
        <line num="248" count="1" type="stmt"/>
        <line num="250" count="2" type="stmt"/>
        <line num="251" count="2" type="stmt"/>
        <line num="253" count="0" type="stmt"/>
        <line num="256" count="41" type="stmt"/>
        <line num="257" count="2" type="stmt"/>
        <line num="259" count="2" type="stmt"/>
        <line num="263" count="2" type="cond" truecount="2" falsecount="0"/>
        <line num="264" count="1" type="stmt"/>
        <line num="266" count="1" type="stmt"/>
        <line num="269" count="41" type="stmt"/>
        <line num="270" count="10" type="stmt"/>
        <line num="271" count="10" type="stmt"/>
        <line num="273" count="9" type="cond" truecount="2" falsecount="0"/>
        <line num="275" count="1" type="stmt"/>
        <line num="278" count="8" type="cond" truecount="2" falsecount="0"/>
        <line num="279" count="1" type="stmt"/>
        <line num="281" count="1" type="stmt"/>
        <line num="285" count="7" type="cond" truecount="2" falsecount="0"/>
        <line num="286" count="1" type="stmt"/>
        <line num="287" count="1" type="stmt"/>
        <line num="289" count="1" type="stmt"/>
        <line num="292" count="6" type="cond" truecount="2" falsecount="0"/>
        <line num="293" count="2" type="stmt"/>
        <line num="294" count="2" type="cond" truecount="2" falsecount="0"/>
        <line num="297" count="2" type="cond" truecount="2" falsecount="0"/>
        <line num="299" count="1" type="stmt"/>
        <line num="300" count="1" type="stmt"/>
        <line num="302" count="1" type="stmt"/>
        <line num="306" count="4" type="cond" truecount="2" falsecount="0"/>
        <line num="307" count="3" type="stmt"/>
        <line num="309" count="1" type="stmt"/>
        <line num="312" count="2" type="stmt"/>
        <line num="313" count="2" type="stmt"/>
        <line num="317" count="41" type="stmt"/>
        <line num="318" count="10" type="stmt"/>
        <line num="319" count="10" type="stmt"/>
        <line num="320" count="10" type="cond" truecount="2" falsecount="0"/>
        <line num="321" count="9" type="stmt"/>
        <line num="323" count="5" type="cond" truecount="2" falsecount="0"/>
        <line num="324" count="1" type="stmt"/>
        <line num="326" count="4" type="cond" truecount="2" falsecount="0"/>
        <line num="327" count="1" type="stmt"/>
        <line num="329" count="3" type="stmt"/>
        <line num="330" count="3" type="stmt"/>
        <line num="333" count="4" type="cond" truecount="1" falsecount="1"/>
        <line num="334" count="4" type="cond" truecount="2" falsecount="0"/>
        <line num="335" count="1" type="stmt"/>
        <line num="337" count="1" type="stmt"/>
        <line num="339" count="3" type="cond" truecount="2" falsecount="0"/>
        <line num="340" count="1" type="stmt"/>
        <line num="342" count="1" type="stmt"/>
        <line num="344" count="2" type="stmt"/>
        <line num="345" count="2" type="stmt"/>
        <line num="348" count="1" type="stmt"/>
        <line num="349" count="1" type="stmt"/>
        <line num="352" count="41" type="stmt"/>
        <line num="353" count="4" type="stmt"/>
        <line num="354" count="4" type="stmt"/>
        <line num="356" count="8" type="stmt"/>
        <line num="357" count="2" type="cond" truecount="1" falsecount="1"/>
        <line num="361" count="4" type="cond" truecount="2" falsecount="0"/>
        <line num="362" count="2" type="stmt"/>
        <line num="363" count="2" type="stmt"/>
        <line num="365" count="2" type="stmt"/>
        <line num="368" count="41" type="stmt"/>
        <line num="369" count="0" type="stmt"/>
        <line num="372" count="41" type="stmt"/>
        <line num="373" count="2" type="stmt"/>
        <line num="377" count="2" type="stmt"/>
        <line num="378" count="2" type="stmt"/>
        <line num="379" count="2" type="stmt"/>
        <line num="380" count="2" type="cond" truecount="1" falsecount="1"/>
        <line num="381" count="0" type="stmt"/>
        <line num="383" count="2" type="stmt"/>
        <line num="384" count="2" type="stmt"/>
        <line num="387" count="0" type="cond" truecount="0" falsecount="2"/>
        <line num="388" count="0" type="stmt"/>
        <line num="389" count="0" type="stmt"/>
      </file>
      <file name="budget.js" path="/Users/tif/Code/eAPD/eAPD/packages/web/src/actions/budget.js">
        <metrics statements="3" coveredstatements="3" conditionals="0" coveredconditionals="0" methods="2" coveredmethods="2"/>
        <line num="1" count="101" type="stmt"/>
        <line num="3" count="101" type="stmt"/>
        <line num="4" count="25" type="stmt"/>
      </file>
    </package>
    <package name="src.actions.app">
      <metrics statements="102" coveredstatements="96" conditionals="43" coveredconditionals="34" methods="30" coveredmethods="29"/>
      <file name="apd.js" path="/Users/tif/Code/eAPD/eAPD/packages/web/src/actions/app/apd.js">
        <metrics statements="71" coveredstatements="65" conditionals="36" coveredconditionals="31" methods="23" coveredmethods="22"/>
        <line num="40" count="54" type="stmt"/>
        <line num="42" count="54" type="stmt"/>
        <line num="43" count="4" type="stmt"/>
        <line num="44" count="4" type="stmt"/>
        <line num="45" count="4" type="cond" truecount="1" falsecount="1"/>
        <line num="46" count="4" type="stmt"/>
        <line num="48" count="4" type="cond" truecount="2" falsecount="0"/>
        <line num="49" count="1" type="stmt"/>
        <line num="52" count="3" type="stmt"/>
        <line num="54" count="3" type="stmt"/>
        <line num="55" count="3" type="stmt"/>
        <line num="57" count="3" type="stmt"/>
        <line num="60" count="1" type="stmt"/>
        <line num="61" count="1" type="stmt"/>
        <line num="64" count="2" type="cond" truecount="4" falsecount="0"/>
        <line num="65" count="1" type="stmt"/>
        <line num="70" count="1" type="stmt"/>
        <line num="72" count="2" type="stmt"/>
        <line num="75" count="0" type="stmt"/>
        <line num="79" count="0" type="stmt"/>
        <line num="83" count="54" type="cond" truecount="3" falsecount="0"/>
        <line num="84" count="6" type="stmt"/>
        <line num="85" count="6" type="stmt"/>
        <line num="86" count="6" type="stmt"/>
        <line num="88" count="6" type="stmt"/>
        <line num="91" count="3" type="stmt"/>
        <line num="92" count="3" type="stmt"/>
        <line num="100" count="3" type="cond" truecount="2" falsecount="0"/>
        <line num="101" count="1" type="stmt"/>
        <line num="108" count="3" type="stmt"/>
        <line num="109" count="3" type="stmt"/>
        <line num="110" count="3" type="stmt"/>
        <line num="112" count="3" type="cond" truecount="1" falsecount="1"/>
        <line num="113" count="3" type="stmt"/>
        <line num="118" count="0" type="stmt"/>
        <line num="120" count="0" type="stmt"/>
        <line num="121" count="0" type="stmt"/>
        <line num="122" count="0" type="stmt"/>
        <line num="126" count="54" type="stmt"/>
        <line num="127" count="3" type="stmt"/>
        <line num="128" count="3" type="cond" truecount="2" falsecount="0"/>
        <line num="129" count="2" type="stmt"/>
        <line num="134" count="54" type="cond" truecount="2" falsecount="0"/>
        <line num="135" count="2" type="stmt"/>
        <line num="136" count="2" type="stmt"/>
        <line num="137" count="2" type="stmt"/>
        <line num="140" count="1" type="stmt"/>
        <line num="141" count="1" type="stmt"/>
        <line num="142" count="1" type="stmt"/>
        <line num="147" count="1" type="cond" truecount="1" falsecount="1"/>
        <line num="148" count="1" type="stmt"/>
        <line num="153" count="54" type="cond" truecount="4" falsecount="0"/>
        <line num="154" count="5" type="stmt"/>
        <line num="155" count="5" type="stmt"/>
        <line num="157" count="5" type="stmt"/>
        <line num="159" count="5" type="stmt"/>
        <line num="162" count="4" type="cond" truecount="1" falsecount="1"/>
        <line num="163" count="4" type="stmt"/>
        <line num="165" count="5" type="stmt"/>
        <line num="170" count="4" type="stmt"/>
        <line num="171" count="4" type="cond" truecount="2" falsecount="0"/>
        <line num="176" count="1" type="stmt"/>
        <line num="185" count="1" type="cond" truecount="1" falsecount="1"/>
        <line num="186" count="1" type="stmt"/>
        <line num="191" count="54" type="cond" truecount="2" falsecount="0"/>
        <line num="192" count="2" type="stmt"/>
        <line num="193" count="2" type="stmt"/>
        <line num="195" count="2" type="stmt"/>
        <line num="198" count="1" type="stmt"/>
        <line num="199" count="1" type="stmt"/>
        <line num="202" count="1" type="stmt"/>
      </file>
      <file name="events.js" path="/Users/tif/Code/eAPD/eAPD/packages/web/src/actions/app/events.js">
        <metrics statements="6" coveredstatements="6" conditionals="3" coveredconditionals="3" methods="3" coveredmethods="3"/>
        <line num="5" count="54" type="cond" truecount="1" falsecount="0"/>
        <line num="6" count="3" type="stmt"/>
        <line num="7" count="3" type="stmt"/>
        <line num="8" count="3" type="stmt"/>
        <line num="10" count="3" type="stmt"/>
        <line num="12" count="3" type="cond" truecount="2" falsecount="0"/>
      </file>
      <file name="index.js" path="/Users/tif/Code/eAPD/eAPD/packages/web/src/actions/app/index.js">
        <metrics statements="0" coveredstatements="0" conditionals="0" coveredconditionals="0" methods="0" coveredmethods="0"/>
      </file>
      <file name="navigation.js" path="/Users/tif/Code/eAPD/eAPD/packages/web/src/actions/app/navigation.js">
        <metrics statements="3" coveredstatements="3" conditionals="2" coveredconditionals="0" methods="2" coveredmethods="2"/>
        <line num="5" count="54" type="cond" truecount="0" falsecount="2"/>
        <line num="6" count="1" type="stmt"/>
        <line num="7" count="1" type="stmt"/>
      </file>
      <file name="print.js" path="/Users/tif/Code/eAPD/eAPD/packages/web/src/actions/app/print.js">
        <metrics statements="3" coveredstatements="3" conditionals="2" coveredconditionals="0" methods="2" coveredmethods="2"/>
        <line num="3" count="54" type="cond" truecount="0" falsecount="2"/>
        <line num="4" count="1" type="stmt"/>
        <line num="5" count="1" type="stmt"/>
      </file>
      <file name="symbols.js" path="/Users/tif/Code/eAPD/eAPD/packages/web/src/actions/app/symbols.js">
        <metrics statements="19" coveredstatements="19" conditionals="0" coveredconditionals="0" methods="0" coveredmethods="0"/>
        <line num="1" count="57" type="stmt"/>
        <line num="2" count="57" type="stmt"/>
        <line num="3" count="57" type="stmt"/>
        <line num="5" count="57" type="stmt"/>
        <line num="6" count="57" type="stmt"/>
        <line num="7" count="57" type="stmt"/>
        <line num="9" count="57" type="stmt"/>
        <line num="10" count="57" type="stmt"/>
        <line num="11" count="57" type="stmt"/>
        <line num="13" count="57" type="stmt"/>
        <line num="15" count="57" type="stmt"/>
        <line num="17" count="57" type="stmt"/>
        <line num="19" count="57" type="stmt"/>
        <line num="20" count="57" type="stmt"/>
        <line num="21" count="57" type="stmt"/>
        <line num="23" count="57" type="stmt"/>
        <line num="24" count="57" type="stmt"/>
        <line num="25" count="57" type="stmt"/>
        <line num="27" count="57" type="stmt"/>
      </file>
    </package>
    <package name="src.actions.editActivity">
      <metrics statements="95" coveredstatements="95" conditionals="10" coveredconditionals="10" methods="45" coveredmethods="43"/>
      <file name="activityList.js" path="/Users/tif/Code/eAPD/eAPD/packages/web/src/actions/editActivity/activityList.js">
        <metrics statements="14" coveredstatements="14" conditionals="0" coveredconditionals="0" methods="8" coveredmethods="8"/>
        <line num="13" count="41" type="stmt"/>
        <line num="14" count="1" type="stmt"/>
        <line num="19" count="1" type="stmt"/>
        <line num="23" count="1" type="stmt"/>
        <line num="30" count="41" type="stmt"/>
        <line num="31" count="1" type="stmt"/>
        <line num="32" count="1" type="stmt"/>
        <line num="36" count="1" type="stmt"/>
        <line num="44" count="41" type="stmt"/>
        <line num="45" count="1" type="stmt"/>
        <line num="50" count="1" type="stmt"/>
        <line num="62" count="41" type="stmt"/>
        <line num="63" count="1" type="stmt"/>
        <line num="68" count="1" type="stmt"/>
      </file>
      <file name="contractorResources.js" path="/Users/tif/Code/eAPD/eAPD/packages/web/src/actions/editActivity/contractorResources.js">
        <metrics statements="12" coveredstatements="12" conditionals="2" coveredconditionals="2" methods="4" coveredmethods="4"/>
        <line num="10" count="41" type="stmt"/>
        <line num="11" count="2" type="stmt"/>
        <line num="13" count="2" type="stmt"/>
        <line num="15" count="2" type="cond" truecount="2" falsecount="0"/>
        <line num="16" count="1" type="stmt"/>
        <line num="17" count="1" type="stmt"/>
        <line num="24" count="2" type="stmt"/>
        <line num="30" count="2" type="stmt"/>
        <line num="38" count="41" type="stmt"/>
        <line num="41" count="1" type="stmt"/>
        <line num="42" count="1" type="stmt"/>
        <line num="46" count="1" type="stmt"/>
      </file>
      <file name="costAllocate.js" path="/Users/tif/Code/eAPD/eAPD/packages/web/src/actions/editActivity/costAllocate.js">
        <metrics statements="19" coveredstatements="19" conditionals="0" coveredconditionals="0" methods="10" coveredmethods="10"/>
        <line num="4" count="41" type="stmt"/>
        <line num="10" count="41" type="stmt"/>
        <line num="16" count="41" type="stmt"/>
        <line num="21" count="1" type="stmt"/>
        <line num="22" count="1" type="stmt"/>
        <line num="27" count="1" type="stmt"/>
        <line num="32" count="1" type="stmt"/>
        <line num="35" count="41" type="stmt"/>
        <line num="39" count="1" type="stmt"/>
        <line num="40" count="1" type="stmt"/>
        <line num="45" count="1" type="stmt"/>
        <line num="48" count="41" type="stmt"/>
        <line num="53" count="1" type="stmt"/>
        <line num="54" count="1" type="stmt"/>
        <line num="59" count="1" type="stmt"/>
        <line num="62" count="41" type="stmt"/>
        <line num="67" count="1" type="stmt"/>
        <line num="68" count="1" type="stmt"/>
        <line num="73" count="1" type="stmt"/>
      </file>
      <file name="index.js" path="/Users/tif/Code/eAPD/eAPD/packages/web/src/actions/editActivity/index.js">
        <metrics statements="0" coveredstatements="0" conditionals="0" coveredconditionals="0" methods="0" coveredmethods="0"/>
      </file>
      <file name="nonPersonnelCosts.js" path="/Users/tif/Code/eAPD/eAPD/packages/web/src/actions/editActivity/nonPersonnelCosts.js">
        <metrics statements="12" coveredstatements="12" conditionals="2" coveredconditionals="2" methods="4" coveredmethods="4"/>
        <line num="10" count="41" type="stmt"/>
        <line num="11" count="2" type="stmt"/>
        <line num="13" count="2" type="stmt"/>
        <line num="15" count="2" type="cond" truecount="2" falsecount="0"/>
        <line num="16" count="1" type="stmt"/>
        <line num="17" count="1" type="stmt"/>
        <line num="24" count="2" type="stmt"/>
        <line num="30" count="2" type="stmt"/>
        <line num="38" count="41" type="stmt"/>
        <line num="41" count="1" type="stmt"/>
        <line num="42" count="1" type="stmt"/>
        <line num="46" count="1" type="stmt"/>
      </file>
      <file name="outcomes.js" path="/Users/tif/Code/eAPD/eAPD/packages/web/src/actions/editActivity/outcomes.js">
        <metrics statements="9" coveredstatements="9" conditionals="2" coveredconditionals="2" methods="4" coveredmethods="4"/>
        <line num="9" count="41" type="stmt"/>
        <line num="10" count="2" type="stmt"/>
        <line num="12" count="2" type="stmt"/>
        <line num="14" count="2" type="cond" truecount="2" falsecount="0"/>
        <line num="15" count="1" type="stmt"/>
        <line num="16" count="1" type="stmt"/>
        <line num="23" count="2" type="stmt"/>
        <line num="35" count="41" type="stmt"/>
        <line num="36" count="1" type="stmt"/>
      </file>
      <file name="overview.js" path="/Users/tif/Code/eAPD/eAPD/packages/web/src/actions/editActivity/overview.js">
        <metrics statements="3" coveredstatements="3" conditionals="0" coveredconditionals="0" methods="3" coveredmethods="3"/>
        <line num="3" count="41" type="stmt"/>
        <line num="9" count="41" type="stmt"/>
        <line num="15" count="41" type="stmt"/>
      </file>
      <file name="scheduleAndMilestones.js" path="/Users/tif/Code/eAPD/eAPD/packages/web/src/actions/editActivity/scheduleAndMilestones.js">
        <metrics statements="11" coveredstatements="11" conditionals="2" coveredconditionals="2" methods="6" coveredmethods="4"/>
        <line num="9" count="41" type="stmt"/>
        <line num="10" count="2" type="stmt"/>
        <line num="12" count="2" type="stmt"/>
        <line num="14" count="2" type="cond" truecount="2" falsecount="0"/>
        <line num="15" count="1" type="stmt"/>
        <line num="16" count="1" type="stmt"/>
        <line num="23" count="2" type="stmt"/>
        <line num="35" count="41" type="stmt"/>
        <line num="36" count="1" type="stmt"/>
        <line num="42" count="41" type="stmt"/>
        <line num="48" count="41" type="stmt"/>
      </file>
      <file name="standardsAndConditions.js" path="/Users/tif/Code/eAPD/eAPD/packages/web/src/actions/editActivity/standardsAndConditions.js">
        <metrics statements="4" coveredstatements="4" conditionals="0" coveredconditionals="0" methods="2" coveredmethods="2"/>
        <line num="3" count="41" type="stmt"/>
        <line num="6" count="1" type="stmt"/>
        <line num="12" count="41" type="stmt"/>
        <line num="15" count="1" type="stmt"/>
      </file>
      <file name="statePersonnel.js" path="/Users/tif/Code/eAPD/eAPD/packages/web/src/actions/editActivity/statePersonnel.js">
        <metrics statements="11" coveredstatements="11" conditionals="2" coveredconditionals="2" methods="4" coveredmethods="4"/>
        <line num="10" count="41" type="stmt"/>
        <line num="11" count="2" type="stmt"/>
        <line num="13" count="2" type="stmt"/>
        <line num="15" count="2" type="cond" truecount="2" falsecount="0"/>
        <line num="16" count="1" type="stmt"/>
        <line num="17" count="1" type="stmt"/>
        <line num="24" count="2" type="stmt"/>
        <line num="30" count="2" type="stmt"/>
        <line num="38" count="41" type="stmt"/>
        <line num="39" count="1" type="stmt"/>
        <line num="43" count="1" type="stmt"/>
      </file>
    </package>
    <package name="src.actions.editApd">
      <metrics statements="87" coveredstatements="85" conditionals="2" coveredconditionals="2" methods="49" coveredmethods="47"/>
      <file name="assurancesAndCompliance.js" path="/Users/tif/Code/eAPD/eAPD/packages/web/src/actions/editApd/assurancesAndCompliance.js">
        <metrics statements="8" coveredstatements="8" conditionals="0" coveredconditionals="0" methods="8" coveredmethods="8"/>
        <line num="9" count="86" type="stmt"/>
        <line num="21" count="86" type="stmt"/>
        <line num="33" count="86" type="stmt"/>
        <line num="45" count="86" type="stmt"/>
        <line num="57" count="86" type="stmt"/>
        <line num="69" count="86" type="stmt"/>
        <line num="81" count="86" type="stmt"/>
        <line num="93" count="86" type="stmt"/>
      </file>
      <file name="incentivePayments.js" path="/Users/tif/Code/eAPD/eAPD/packages/web/src/actions/editApd/incentivePayments.js">
        <metrics statements="4" coveredstatements="4" conditionals="0" coveredconditionals="0" methods="4" coveredmethods="4"/>
        <line num="9" count="86" type="stmt"/>
        <line num="21" count="86" type="stmt"/>
        <line num="33" count="86" type="stmt"/>
        <line num="45" count="86" type="stmt"/>
      </file>
      <file name="index.js" path="/Users/tif/Code/eAPD/eAPD/packages/web/src/actions/editApd/index.js">
        <metrics statements="0" coveredstatements="0" conditionals="0" coveredconditionals="0" methods="0" coveredmethods="0"/>
      </file>
      <file name="keyPersonnel.js" path="/Users/tif/Code/eAPD/eAPD/packages/web/src/actions/editApd/keyPersonnel.js">
        <metrics statements="11" coveredstatements="11" conditionals="2" coveredconditionals="2" methods="4" coveredmethods="4"/>
        <line num="9" count="86" type="stmt"/>
        <line num="10" count="2" type="stmt"/>
        <line num="12" count="2" type="stmt"/>
        <line num="14" count="2" type="cond" truecount="2" falsecount="0"/>
        <line num="15" count="1" type="stmt"/>
        <line num="16" count="1" type="stmt"/>
        <line num="23" count="2" type="stmt"/>
        <line num="29" count="2" type="stmt"/>
        <line num="37" count="86" type="stmt"/>
        <line num="38" count="1" type="stmt"/>
        <line num="42" count="1" type="stmt"/>
      </file>
      <file name="overview.js" path="/Users/tif/Code/eAPD/eAPD/packages/web/src/actions/editApd/overview.js">
        <metrics statements="13" coveredstatements="11" conditionals="0" coveredconditionals="0" methods="10" coveredmethods="8"/>
        <line num="8" count="86" type="stmt"/>
        <line num="9" count="0" type="stmt"/>
        <line num="15" count="0" type="stmt"/>
        <line num="26" count="86" type="stmt"/>
        <line num="27" count="1" type="stmt"/>
        <line num="28" count="1" type="stmt"/>
        <line num="35" count="86" type="stmt"/>
        <line num="36" count="1" type="stmt"/>
        <line num="37" count="1" type="stmt"/>
        <line num="44" count="86" type="stmt"/>
        <line num="54" count="86" type="stmt"/>
        <line num="64" count="86" type="stmt"/>
        <line num="74" count="86" type="stmt"/>
      </file>
      <file name="previousActivities.js" path="/Users/tif/Code/eAPD/eAPD/packages/web/src/actions/editApd/previousActivities.js">
        <metrics statements="17" coveredstatements="17" conditionals="0" coveredconditionals="0" methods="9" coveredmethods="9"/>
        <line num="7" count="86" type="stmt"/>
        <line num="19" count="86" type="stmt"/>
        <line num="22" count="1" type="stmt"/>
        <line num="34" count="86" type="stmt"/>
        <line num="37" count="1" type="stmt"/>
        <line num="49" count="86" type="stmt"/>
        <line num="52" count="1" type="stmt"/>
        <line num="64" count="86" type="stmt"/>
        <line num="67" count="1" type="stmt"/>
        <line num="79" count="86" type="stmt"/>
        <line num="82" count="1" type="stmt"/>
        <line num="94" count="86" type="stmt"/>
        <line num="97" count="1" type="stmt"/>
        <line num="109" count="86" type="stmt"/>
        <line num="112" count="1" type="stmt"/>
        <line num="124" count="86" type="stmt"/>
        <line num="127" count="1" type="stmt"/>
      </file>
      <file name="stateProfile.js" path="/Users/tif/Code/eAPD/eAPD/packages/web/src/actions/editApd/stateProfile.js">
        <metrics statements="9" coveredstatements="9" conditionals="0" coveredconditionals="0" methods="8" coveredmethods="8"/>
        <line num="7" count="86" type="stmt"/>
        <line num="17" count="86" type="stmt"/>
        <line num="27" count="86" type="stmt"/>
        <line num="37" count="86" type="stmt"/>
        <line num="47" count="86" type="stmt"/>
        <line num="57" count="86" type="stmt"/>
        <line num="67" count="86" type="stmt"/>
        <line num="77" count="86" type="stmt"/>
        <line num="78" count="1" type="stmt"/>
      </file>
      <file name="symbols.js" path="/Users/tif/Code/eAPD/eAPD/packages/web/src/actions/editApd/symbols.js">
        <metrics statements="10" coveredstatements="10" conditionals="0" coveredconditionals="0" methods="0" coveredmethods="0"/>
        <line num="1" count="108" type="stmt"/>
        <line num="2" count="108" type="stmt"/>
        <line num="3" count="108" type="stmt"/>
        <line num="4" count="108" type="stmt"/>
        <line num="5" count="108" type="stmt"/>
        <line num="6" count="108" type="stmt"/>
        <line num="7" count="108" type="stmt"/>
        <line num="8" count="108" type="stmt"/>
        <line num="9" count="108" type="stmt"/>
        <line num="10" count="108" type="stmt"/>
      </file>
      <file name="uploadFile.js" path="/Users/tif/Code/eAPD/eAPD/packages/web/src/actions/editApd/uploadFile.js">
        <metrics statements="15" coveredstatements="15" conditionals="0" coveredconditionals="0" methods="6" coveredmethods="6"/>
        <line num="10" count="86" type="stmt"/>
        <line num="11" count="2" type="stmt"/>
        <line num="13" count="2" type="stmt"/>
        <line num="14" count="2" type="stmt"/>
        <line num="16" count="2" type="stmt"/>
        <line num="18" count="2" type="stmt"/>
        <line num="19" count="2" type="stmt"/>
        <line num="20" count="2" type="stmt"/>
        <line num="21" count="2" type="stmt"/>
        <line num="23" count="2" type="stmt"/>
        <line num="26" count="1" type="stmt"/>
        <line num="27" count="1" type="stmt"/>
        <line num="30" count="1" type="stmt"/>
        <line num="31" count="1" type="stmt"/>
        <line num="35" count="2" type="stmt"/>
      </file>
    </package>
    <package name="src.components">
      <metrics statements="463" coveredstatements="390" conditionals="252" coveredconditionals="200" methods="138" coveredmethods="108"/>
      <file name="AlertMissingFFY.js" path="/Users/tif/Code/eAPD/eAPD/packages/web/src/components/AlertMissingFFY.js">
        <metrics statements="6" coveredstatements="6" conditionals="2" coveredconditionals="2" methods="2" coveredmethods="2"/>
        <line num="7" count="15" type="stmt"/>
        <line num="8" count="11" type="cond" truecount="2" falsecount="0"/>
        <line num="9" count="9" type="stmt"/>
        <line num="11" count="2" type="stmt"/>
        <line num="19" count="15" type="stmt"/>
        <line num="24" count="15" type="stmt"/>
      </file>
      <file name="App.js" path="/Users/tif/Code/eAPD/eAPD/packages/web/src/components/App.js">
        <metrics statements="2" coveredstatements="2" conditionals="0" coveredconditionals="0" methods="1" coveredmethods="1"/>
        <line num="9" count="2" type="stmt"/>
        <line num="10" count="1" type="stmt"/>
      </file>
      <file name="ArrowLeftIcon.js" path="/Users/tif/Code/eAPD/eAPD/packages/web/src/components/ArrowLeftIcon.js">
        <metrics statements="2" coveredstatements="2" conditionals="0" coveredconditionals="0" methods="1" coveredmethods="1"/>
        <line num="4" count="26" type="stmt"/>
        <line num="5" count="3" type="stmt"/>
      </file>
      <file name="ArrowRightIcon.js" path="/Users/tif/Code/eAPD/eAPD/packages/web/src/components/ArrowRightIcon.js">
        <metrics statements="4" coveredstatements="4" conditionals="0" coveredconditionals="0" methods="1" coveredmethods="1"/>
        <line num="6" count="26" type="stmt"/>
        <line num="7" count="6" type="stmt"/>
        <line num="15" count="26" type="stmt"/>
        <line num="19" count="26" type="stmt"/>
      </file>
      <file name="AutoScrollToElement.js" path="/Users/tif/Code/eAPD/eAPD/packages/web/src/components/AutoScrollToElement.js">
        <metrics statements="11" coveredstatements="11" conditionals="6" coveredconditionals="3" methods="3" coveredmethods="2"/>
        <line num="4" count="3" type="stmt"/>
        <line num="5" count="4" type="stmt"/>
        <line num="7" count="4" type="stmt"/>
        <line num="8" count="4" type="cond" truecount="1" falsecount="1"/>
        <line num="9" count="4" type="stmt"/>
        <line num="10" count="4" type="cond" truecount="1" falsecount="1"/>
        <line num="11" count="4" type="cond" truecount="1" falsecount="1"/>
        <line num="12" count="4" type="stmt"/>
        <line num="13" count="4" type="stmt"/>
        <line num="17" count="4" type="stmt"/>
        <line num="20" count="3" type="stmt"/>
      </file>
      <file name="Broadcast.js" path="/Users/tif/Code/eAPD/eAPD/packages/web/src/components/Broadcast.js">
        <metrics statements="26" coveredstatements="26" conditionals="10" coveredconditionals="9" methods="9" coveredmethods="9"/>
        <line num="3" count="3" type="stmt"/>
        <line num="4" count="3" type="stmt"/>
        <line num="6" count="3" type="stmt"/>
        <line num="7" count="1" type="cond" truecount="1" falsecount="1"/>
        <line num="8" count="1" type="stmt"/>
        <line num="12" count="3" type="stmt"/>
        <line num="13" count="10" type="cond" truecount="2" falsecount="0"/>
        <line num="14" count="9" type="stmt"/>
        <line num="18" count="3" type="stmt"/>
        <line num="19" count="2" type="stmt"/>
        <line num="20" count="2" type="cond" truecount="2" falsecount="0"/>
        <line num="21" count="1" type="stmt"/>
        <line num="25" count="3" type="stmt"/>
        <line num="26" count="3" type="stmt"/>
        <line num="27" count="3" type="stmt"/>
        <line num="28" count="3" type="cond" truecount="2" falsecount="0"/>
        <line num="29" count="2" type="stmt"/>
        <line num="30" count="2" type="stmt"/>
        <line num="31" count="3" type="cond" truecount="2" falsecount="0"/>
        <line num="32" count="2" type="stmt"/>
        <line num="33" count="11" type="stmt"/>
        <line num="37" count="2" type="stmt"/>
        <line num="38" count="2" type="stmt"/>
        <line num="39" count="2" type="stmt"/>
        <line num="43" count="1" type="stmt"/>
        <line num="46" count="3" type="stmt"/>
      </file>
      <file name="CardForm.js" path="/Users/tif/Code/eAPD/eAPD/packages/web/src/components/CardForm.js">
        <metrics statements="8" coveredstatements="8" conditionals="24" coveredconditionals="22" methods="2" coveredmethods="2"/>
        <line num="6" count="8" type="stmt"/>
        <line num="21" count="27" type="stmt"/>
        <line num="23" count="27" type="stmt"/>
        <line num="24" count="1" type="stmt"/>
        <line num="25" count="1" type="cond" truecount="3" falsecount="1"/>
        <line num="28" count="27" type="stmt"/>
        <line num="97" count="8" type="stmt"/>
        <line num="113" count="8" type="stmt"/>
      </file>
      <file name="Choice.js" path="/Users/tif/Code/eAPD/eAPD/packages/web/src/components/Choice.js">
        <metrics statements="9" coveredstatements="9" conditionals="2" coveredconditionals="2" methods="2" coveredmethods="2"/>
        <line num="4" count="16" type="stmt"/>
        <line num="5" count="56" type="stmt"/>
        <line num="7" count="56" type="stmt"/>
        <line num="8" count="48" type="stmt"/>
        <line num="10" count="48" type="cond" truecount="2" falsecount="0"/>
        <line num="11" count="16" type="stmt"/>
        <line num="12" count="16" type="stmt"/>
        <line num="13" count="16" type="stmt"/>
        <line num="17" count="56" type="stmt"/>
      </file>
      <file name="ContinuePreviousButtons.js" path="/Users/tif/Code/eAPD/eAPD/packages/web/src/components/ContinuePreviousButtons.js">
        <metrics statements="18" coveredstatements="18" conditionals="14" coveredconditionals="14" methods="3" coveredmethods="3"/>
        <line num="9" count="26" type="stmt"/>
        <line num="10" count="26" type="stmt"/>
        <line num="12" count="26" type="stmt"/>
        <line num="13" count="15" type="stmt"/>
        <line num="14" count="6" type="cond" truecount="2" falsecount="0"/>
        <line num="15" count="2" type="stmt"/>
        <line num="16" count="2" type="stmt"/>
        <line num="18" count="4" type="stmt"/>
        <line num="21" count="15" type="cond" truecount="2" falsecount="0"/>
        <line num="22" count="15" type="cond" truecount="2" falsecount="0"/>
        <line num="24" count="15" type="cond" truecount="2" falsecount="0"/>
        <line num="36" count="15" type="cond" truecount="2" falsecount="0"/>
        <line num="42" count="15" type="cond" truecount="2" falsecount="0"/>
        <line num="54" count="15" type="cond" truecount="2" falsecount="0"/>
        <line num="58" count="15" type="stmt"/>
        <line num="73" count="26" type="stmt"/>
        <line num="78" count="26" type="stmt"/>
        <line num="83" count="26" type="stmt"/>
      </file>
      <file name="DateField.js" path="/Users/tif/Code/eAPD/eAPD/packages/web/src/components/DateField.js">
        <metrics statements="35" coveredstatements="12" conditionals="25" coveredconditionals="2" methods="6" coveredmethods="2"/>
        <line num="6" count="15" type="stmt"/>
        <line num="7" count="17" type="cond" truecount="2" falsecount="0"/>
        <line num="8" count="3" type="stmt"/>
        <line num="14" count="14" type="stmt"/>
        <line num="15" count="14" type="stmt"/>
        <line num="24" count="15" type="stmt"/>
        <line num="25" count="17" type="stmt"/>
        <line num="32" count="17" type="stmt"/>
        <line num="34" count="17" type="stmt"/>
        <line num="35" count="0" type="stmt"/>
        <line num="36" count="0" type="stmt"/>
        <line num="37" count="0" type="stmt"/>
        <line num="39" count="0" type="stmt"/>
        <line num="40" count="0" type="stmt"/>
        <line num="43" count="17" type="stmt"/>
        <line num="44" count="0" type="stmt"/>
        <line num="45" count="0" type="stmt"/>
        <line num="46" count="0" type="stmt"/>
        <line num="48" count="0" type="stmt"/>
        <line num="49" count="0" type="stmt"/>
        <line num="50" count="0" type="stmt"/>
        <line num="51" count="0" type="stmt"/>
        <line num="55" count="0" type="cond" truecount="0" falsecount="9"/>
        <line num="58" count="0" type="stmt"/>
        <line num="60" count="0" type="cond" truecount="0" falsecount="5"/>
        <line num="61" count="0" type="stmt"/>
        <line num="64" count="0" type="cond" truecount="0" falsecount="5"/>
        <line num="65" count="0" type="stmt"/>
        <line num="68" count="0" type="cond" truecount="0" falsecount="4"/>
        <line num="69" count="0" type="stmt"/>
        <line num="73" count="0" type="stmt"/>
        <line num="81" count="17" type="stmt"/>
        <line num="89" count="0" type="stmt"/>
        <line num="92" count="0" type="stmt"/>
        <line num="99" count="15" type="stmt"/>
      </file>
      <file name="DeleteModal.js" path="/Users/tif/Code/eAPD/eAPD/packages/web/src/components/DeleteModal.js">
        <metrics statements="5" coveredstatements="5" conditionals="4" coveredconditionals="4" methods="1" coveredmethods="1"/>
        <line num="8" count="35" type="stmt"/>
        <line num="9" count="3" type="stmt"/>
        <line num="11" count="3" type="stmt"/>
        <line num="38" count="35" type="stmt"/>
        <line num="44" count="35" type="stmt"/>
      </file>
      <file name="DeleteModalOptions.js" path="/Users/tif/Code/eAPD/eAPD/packages/web/src/components/DeleteModalOptions.js">
        <metrics statements="14" coveredstatements="13" conditionals="0" coveredconditionals="0" methods="13" coveredmethods="12"/>
        <line num="5" count="25" type="stmt"/>
        <line num="8" count="2" type="stmt"/>
        <line num="25" count="2" type="stmt"/>
        <line num="42" count="2" type="stmt"/>
        <line num="52" count="2" type="stmt"/>
        <line num="62" count="2" type="stmt"/>
        <line num="72" count="2" type="stmt"/>
        <line num="82" count="2" type="stmt"/>
        <line num="92" count="2" type="stmt"/>
        <line num="110" count="2" type="stmt"/>
        <line num="120" count="2" type="stmt"/>
        <line num="130" count="0" type="stmt"/>
        <line num="137" count="2" type="stmt"/>
        <line num="147" count="25" type="stmt"/>
      </file>
      <file name="DocumentUpload.js" path="/Users/tif/Code/eAPD/eAPD/packages/web/src/components/DocumentUpload.js">
        <metrics statements="17" coveredstatements="2" conditionals="2" coveredconditionals="0" methods="4" coveredmethods="0"/>
        <line num="13" count="4" type="stmt"/>
        <line num="14" count="0" type="stmt"/>
        <line num="15" count="0" type="stmt"/>
        <line num="17" count="0" type="stmt"/>
        <line num="18" count="0" type="stmt"/>
        <line num="20" count="0" type="stmt"/>
        <line num="37" count="0" type="stmt"/>
        <line num="38" count="0" type="stmt"/>
        <line num="39" count="0" type="stmt"/>
        <line num="40" count="0" type="stmt"/>
        <line num="42" count="0" type="stmt"/>
        <line num="45" count="0" type="stmt"/>
        <line num="46" count="0" type="stmt"/>
        <line num="47" count="0" type="stmt"/>
        <line num="49" count="0" type="stmt"/>
        <line num="52" count="0" type="stmt"/>
        <line num="90" count="4" type="stmt"/>
      </file>
      <file name="DollarField.js" path="/Users/tif/Code/eAPD/eAPD/packages/web/src/components/DollarField.js">
        <metrics statements="2" coveredstatements="2" conditionals="0" coveredconditionals="0" methods="1" coveredmethods="1"/>
        <line num="4" count="25" type="stmt"/>
        <line num="5" count="45" type="stmt"/>
      </file>
      <file name="Dollars.js" path="/Users/tif/Code/eAPD/eAPD/packages/web/src/components/Dollars.js">
        <metrics statements="7" coveredstatements="7" conditionals="4" coveredconditionals="4" methods="1" coveredmethods="1"/>
        <line num="13" count="41" type="stmt"/>
        <line num="14" count="4901" type="stmt"/>
        <line num="16" count="4901" type="cond" truecount="4" falsecount="0"/>
        <line num="17" count="5" type="stmt"/>
        <line num="20" count="4896" type="stmt"/>
        <line num="23" count="41" type="stmt"/>
        <line num="29" count="41" type="stmt"/>
      </file>
      <file name="FormAndReviewList.js" path="/Users/tif/Code/eAPD/eAPD/packages/web/src/components/FormAndReviewList.js">
        <metrics statements="35" coveredstatements="28" conditionals="24" coveredconditionals="21" methods="11" coveredmethods="8"/>
        <line num="5" count="16" type="stmt"/>
        <line num="14" count="5" type="stmt"/>
        <line num="15" count="5" type="stmt"/>
        <line num="17" count="5" type="stmt"/>
        <line num="18" count="5" type="stmt"/>
        <line num="19" count="1" type="stmt"/>
        <line num="20" count="1" type="cond" truecount="3" falsecount="1"/>
        <line num="21" count="0" type="stmt"/>
        <line num="22" count="0" type="stmt"/>
        <line num="24" count="1" type="stmt"/>
        <line num="27" count="5" type="stmt"/>
        <line num="29" count="5" type="stmt"/>
        <line num="30" count="0" type="stmt"/>
        <line num="31" count="0" type="stmt"/>
        <line num="34" count="5" type="cond" truecount="2" falsecount="0"/>
        <line num="35" count="4" type="stmt"/>
        <line num="42" count="1" type="stmt"/>
        <line num="45" count="0" type="stmt"/>
        <line num="52" count="0" type="stmt"/>
        <line num="53" count="0" type="stmt"/>
        <line num="63" count="16" type="stmt"/>
        <line num="75" count="16" type="stmt"/>
        <line num="80" count="16" type="stmt"/>
        <line num="95" count="11" type="stmt"/>
        <line num="97" count="11" type="stmt"/>
        <line num="98" count="10" type="stmt"/>
        <line num="102" count="11" type="cond" truecount="2" falsecount="0"/>
        <line num="104" count="11" type="stmt"/>
        <line num="105" count="1" type="stmt"/>
        <line num="106" count="1" type="stmt"/>
        <line num="109" count="11" type="stmt"/>
        <line num="123" count="14" type="stmt"/>
        <line num="132" count="1" type="stmt"/>
        <line num="149" count="16" type="stmt"/>
        <line num="165" count="16" type="stmt"/>
      </file>
      <file name="Icons.js" path="/Users/tif/Code/eAPD/eAPD/packages/web/src/components/Icons.js">
        <metrics statements="15" coveredstatements="11" conditionals="0" coveredconditionals="0" methods="11" coveredmethods="1"/>
        <line num="35" count="43" type="stmt"/>
        <line num="36" count="43" type="stmt"/>
        <line num="37" count="43" type="stmt"/>
        <line num="38" count="0" type="stmt"/>
        <line num="40" count="43" type="stmt"/>
        <line num="41" count="43" type="stmt"/>
        <line num="42" count="43" type="stmt"/>
        <line num="43" count="0" type="stmt"/>
        <line num="45" count="43" type="stmt"/>
        <line num="46" count="0" type="stmt"/>
        <line num="53" count="43" type="stmt"/>
        <line num="54" count="43" type="stmt"/>
        <line num="55" count="0" type="stmt"/>
        <line num="57" count="43" type="stmt"/>
        <line num="58" count="43" type="stmt"/>
      </file>
      <file name="Instruction.js" path="/Users/tif/Code/eAPD/eAPD/packages/web/src/components/Instruction.js">
        <metrics statements="20" coveredstatements="19" conditionals="27" coveredconditionals="23" methods="3" coveredmethods="3"/>
        <line num="8" count="36" type="stmt"/>
        <line num="9" count="12" type="stmt"/>
        <line num="10" count="12" type="stmt"/>
        <line num="12" count="12" type="cond" truecount="1" falsecount="1"/>
        <line num="13" count="0" type="stmt"/>
        <line num="15" count="12" type="stmt"/>
        <line num="18" count="36" type="stmt"/>
        <line num="25" count="36" type="stmt"/>
        <line num="31" count="36" type="stmt"/>
        <line num="32" count="44" type="stmt"/>
        <line num="33" count="44" type="stmt"/>
        <line num="34" count="44" type="stmt"/>
        <line num="35" count="44" type="stmt"/>
        <line num="36" count="44" type="stmt"/>
        <line num="38" count="44" type="cond" truecount="6" falsecount="0"/>
        <line num="39" count="40" type="stmt"/>
        <line num="55" count="3" type="stmt"/>
        <line num="70" count="4" type="stmt"/>
        <line num="73" count="36" type="stmt"/>
        <line num="81" count="36" type="stmt"/>
      </file>
      <file name="Loading.js" path="/Users/tif/Code/eAPD/eAPD/packages/web/src/components/Loading.js">
        <metrics statements="3" coveredstatements="3" conditionals="0" coveredconditionals="0" methods="1" coveredmethods="1"/>
        <line num="5" count="10" type="stmt"/>
        <line num="6" count="7" type="stmt"/>
        <line num="11" count="10" type="stmt"/>
      </file>
      <file name="Md.js" path="/Users/tif/Code/eAPD/eAPD/packages/web/src/components/Md.js">
        <metrics statements="18" coveredstatements="18" conditionals="2" coveredconditionals="2" methods="4" coveredmethods="4"/>
        <line num="6" count="37" type="stmt"/>
        <line num="11" count="37" type="stmt"/>
        <line num="55" count="47" type="stmt"/>
        <line num="56" count="47" type="stmt"/>
        <line num="58" count="47" type="stmt"/>
        <line num="59" count="47" type="stmt"/>
        <line num="60" count="6" type="stmt"/>
        <line num="63" count="6" type="cond" truecount="2" falsecount="0"/>
        <line num="64" count="5" type="stmt"/>
        <line num="66" count="5" type="stmt"/>
        <line num="68" count="26" type="stmt"/>
        <line num="69" count="26" type="stmt"/>
        <line num="70" count="18" type="stmt"/>
        <line num="73" count="5" type="stmt"/>
        <line num="79" count="6" type="stmt"/>
        <line num="82" count="47" type="stmt"/>
        <line num="90" count="37" type="stmt"/>
        <line num="95" count="37" type="stmt"/>
      </file>
      <file name="NoMatch.js" path="/Users/tif/Code/eAPD/eAPD/packages/web/src/components/NoMatch.js">
        <metrics statements="2" coveredstatements="2" conditionals="0" coveredconditionals="0" methods="1" coveredmethods="1"/>
        <line num="3" count="6" type="stmt"/>
        <line num="4" count="1" type="stmt"/>
      </file>
      <file name="NumberField.js" path="/Users/tif/Code/eAPD/eAPD/packages/web/src/components/NumberField.js">
        <metrics statements="29" coveredstatements="29" conditionals="20" coveredconditionals="19" methods="6" coveredmethods="6"/>
        <line num="5" count="31" type="stmt"/>
        <line num="14" count="109" type="cond" truecount="2" falsecount="0"/>
        <line num="15" count="109" type="stmt"/>
        <line num="16" count="77" type="cond" truecount="2" falsecount="0"/>
        <line num="20" count="109" type="stmt"/>
        <line num="23" count="11" type="cond" truecount="2" falsecount="0"/>
        <line num="24" count="11" type="cond" truecount="4" falsecount="0"/>
        <line num="25" count="1" type="stmt"/>
        <line num="27" count="10" type="cond" truecount="2" falsecount="0"/>
        <line num="28" count="3" type="stmt"/>
        <line num="31" count="7" type="stmt"/>
        <line num="34" count="109" type="stmt"/>
        <line num="36" count="7" type="stmt"/>
        <line num="37" count="7" type="stmt"/>
        <line num="39" count="7" type="cond" truecount="2" falsecount="0"/>
        <line num="40" count="5" type="stmt"/>
        <line num="45" count="7" type="cond" truecount="2" falsecount="0"/>
        <line num="46" count="4" type="stmt"/>
        <line num="55" count="109" type="stmt"/>
        <line num="57" count="4" type="stmt"/>
        <line num="58" count="4" type="cond" truecount="1" falsecount="1"/>
        <line num="59" count="4" type="stmt"/>
        <line num="60" count="4" type="stmt"/>
        <line num="69" count="109" type="stmt"/>
        <line num="70" count="2" type="cond" truecount="2" falsecount="0"/>
        <line num="71" count="1" type="stmt"/>
        <line num="75" count="109" type="stmt"/>
        <line num="87" count="31" type="stmt"/>
        <line num="96" count="31" type="stmt"/>
      </file>
      <file name="PasswordWithMeter.js" path="/Users/tif/Code/eAPD/eAPD/packages/web/src/components/PasswordWithMeter.js">
        <metrics statements="24" coveredstatements="21" conditionals="26" coveredconditionals="19" methods="7" coveredmethods="6"/>
        <line num="9" count="27" type="stmt"/>
        <line num="10" count="27" type="stmt"/>
        <line num="14" count="17" type="stmt"/>
        <line num="15" count="17" type="cond" truecount="1" falsecount="1"/>
        <line num="16" count="0" type="stmt"/>
        <line num="20" count="27" type="stmt"/>
        <line num="21" count="3" type="stmt"/>
        <line num="22" count="3" type="stmt"/>
        <line num="24" count="3" type="cond" truecount="1" falsecount="1"/>
        <line num="25" count="3" type="stmt"/>
        <line num="29" count="27" type="stmt"/>
        <line num="30" count="1" type="stmt"/>
        <line num="42" count="34" type="stmt"/>
        <line num="43" count="34" type="stmt"/>
        <line num="45" count="34" type="stmt"/>
        <line num="46" count="34" type="cond" truecount="2" falsecount="0"/>
        <line num="47" count="24" type="stmt"/>
        <line num="48" count="10" type="cond" truecount="1" falsecount="1"/>
        <line num="49" count="0" type="stmt"/>
        <line num="50" count="10" type="cond" truecount="1" falsecount="1"/>
        <line num="51" count="0" type="stmt"/>
        <line num="54" count="34" type="stmt"/>
        <line num="113" count="8" type="stmt"/>
        <line num="125" count="8" type="stmt"/>
      </file>
      <file name="PercentField.js" path="/Users/tif/Code/eAPD/eAPD/packages/web/src/components/PercentField.js">
        <metrics statements="9" coveredstatements="5" conditionals="4" coveredconditionals="3" methods="2" coveredmethods="2"/>
        <line num="4" count="13" type="stmt"/>
        <line num="5" count="1" type="stmt"/>
        <line num="6" count="1" type="stmt"/>
        <line num="7" count="1" type="cond" truecount="3" falsecount="1"/>
        <line num="8" count="0" type="stmt"/>
        <line num="9" count="0" type="stmt"/>
        <line num="10" count="0" type="stmt"/>
        <line num="11" count="0" type="stmt"/>
        <line num="15" count="1" type="stmt"/>
      </file>
      <file name="PersonCostForm.js" path="/Users/tif/Code/eAPD/eAPD/packages/web/src/components/PersonCostForm.js">
        <metrics statements="13" coveredstatements="13" conditionals="0" coveredconditionals="0" methods="6" coveredmethods="6"/>
        <line num="8" count="14" type="stmt"/>
        <line num="17" count="2" type="stmt"/>
        <line num="18" count="4" type="stmt"/>
        <line num="19" count="2" type="stmt"/>
        <line num="20" count="2" type="stmt"/>
        <line num="24" count="2" type="stmt"/>
        <line num="25" count="4" type="stmt"/>
        <line num="26" count="2" type="stmt"/>
        <line num="27" count="2" type="stmt"/>
        <line num="30" count="2" type="stmt"/>
        <line num="33" count="4" type="stmt"/>
        <line num="63" count="14" type="stmt"/>
        <line num="72" count="14" type="stmt"/>
      </file>
      <file name="Review.js" path="/Users/tif/Code/eAPD/eAPD/packages/web/src/components/Review.js">
        <metrics statements="20" coveredstatements="16" conditionals="24" coveredconditionals="23" methods="6" coveredmethods="4"/>
        <line num="7" count="26" type="stmt"/>
        <line num="23" count="15" type="stmt"/>
        <line num="24" count="15" type="stmt"/>
        <line num="26" count="14" type="stmt"/>
        <line num="27" count="3" type="cond" truecount="2" falsecount="0"/>
        <line num="28" count="2" type="stmt"/>
        <line num="30" count="3" type="cond" truecount="2" falsecount="0"/>
        <line num="31" count="1" type="stmt"/>
        <line num="37" count="15" type="stmt"/>
        <line num="39" count="15" type="stmt"/>
        <line num="40" count="0" type="stmt"/>
        <line num="41" count="0" type="stmt"/>
        <line num="44" count="15" type="stmt"/>
        <line num="45" count="1" type="cond" truecount="1" falsecount="1"/>
        <line num="46" count="0" type="stmt"/>
        <line num="48" count="1" type="stmt"/>
        <line num="52" count="15" type="stmt"/>
        <line num="102" count="0" type="stmt"/>
        <line num="110" count="26" type="stmt"/>
        <line num="122" count="26" type="stmt"/>
      </file>
      <file name="RichText.js" path="/Users/tif/Code/eAPD/eAPD/packages/web/src/components/RichText.js">
        <metrics statements="54" coveredstatements="44" conditionals="8" coveredconditionals="7" methods="14" coveredmethods="11"/>
        <line num="24" count="17" type="stmt"/>
        <line num="38" count="17" type="stmt"/>
        <line num="39" count="2" type="stmt"/>
        <line num="40" count="2" type="cond" truecount="4" falsecount="0"/>
        <line num="42" count="1" type="stmt"/>
        <line num="44" count="1" type="stmt"/>
        <line num="45" count="1" type="cond" truecount="1" falsecount="1"/>
        <line num="47" count="0" type="stmt"/>
        <line num="54" count="0" type="stmt"/>
        <line num="58" count="1" type="stmt"/>
        <line num="59" count="1" type="stmt"/>
        <line num="60" count="1" type="stmt"/>
        <line num="63" count="1" type="stmt"/>
        <line num="64" count="1" type="stmt"/>
        <line num="68" count="1" type="stmt"/>
        <line num="72" count="0" type="stmt"/>
        <line num="79" count="0" type="stmt"/>
        <line num="80" count="0" type="stmt"/>
        <line num="81" count="0" type="stmt"/>
        <line num="82" count="0" type="stmt"/>
        <line num="85" count="1" type="stmt"/>
        <line num="89" count="20" type="stmt"/>
        <line num="90" count="18" type="stmt"/>
        <line num="91" count="0" type="stmt"/>
        <line num="92" count="0" type="stmt"/>
        <line num="96" count="0" type="stmt"/>
        <line num="99" count="18" type="stmt"/>
        <line num="102" count="1" type="stmt"/>
        <line num="103" count="1" type="stmt"/>
        <line num="104" count="1" type="stmt"/>
        <line num="105" count="1" type="stmt"/>
        <line num="110" count="1" type="stmt"/>
        <line num="118" count="21" type="stmt"/>
        <line num="120" count="21" type="stmt"/>
        <line num="127" count="21" type="stmt"/>
        <line num="128" count="2" type="stmt"/>
        <line num="129" count="2" type="stmt"/>
        <line num="131" count="2" type="stmt"/>
        <line num="132" count="2" type="stmt"/>
        <line num="133" count="1" type="stmt"/>
        <line num="141" count="1" type="stmt"/>
        <line num="142" count="1" type="stmt"/>
        <line num="144" count="1" type="stmt"/>
        <line num="148" count="21" type="stmt"/>
        <line num="149" count="1" type="stmt"/>
        <line num="150" count="1" type="stmt"/>
        <line num="154" count="19" type="stmt"/>
        <line num="155" count="19" type="stmt"/>
        <line num="158" count="19" type="stmt"/>
        <line num="169" count="19" type="stmt"/>
        <line num="182" count="19" type="stmt"/>
        <line num="216" count="17" type="stmt"/>
        <line num="223" count="17" type="stmt"/>
        <line num="229" count="17" type="stmt"/>
      </file>
      <file name="Root.js" path="/Users/tif/Code/eAPD/eAPD/packages/web/src/components/Root.js">
        <metrics statements="8" coveredstatements="7" conditionals="0" coveredconditionals="0" methods="2" coveredmethods="1"/>
        <line num="11" count="1" type="stmt"/>
        <line num="14" count="1" type="stmt"/>
        <line num="16" count="1" type="stmt"/>
        <line num="17" count="1" type="stmt"/>
        <line num="22" count="1" type="stmt"/>
        <line num="23" count="0" type="stmt"/>
        <line num="26" count="1" type="stmt"/>
        <line num="35" count="1" type="stmt"/>
      </file>
      <file name="SaveMessage.js" path="/Users/tif/Code/eAPD/eAPD/packages/web/src/components/SaveMessage.js">
        <metrics statements="20" coveredstatements="20" conditionals="8" coveredconditionals="8" methods="5" coveredmethods="5"/>
        <line num="7" count="6" type="stmt"/>
        <line num="23" count="6" type="stmt"/>
        <line num="24" count="73" type="stmt"/>
        <line num="26" count="73" type="stmt"/>
        <line num="27" count="73" type="stmt"/>
        <line num="28" count="73" type="stmt"/>
        <line num="31" count="73" type="stmt"/>
        <line num="32" count="73" type="stmt"/>
        <line num="33" count="73" type="stmt"/>
        <line num="34" count="73" type="stmt"/>
        <line num="36" count="73" type="cond" truecount="4" falsecount="0"/>
        <line num="37" count="7" type="stmt"/>
        <line num="40" count="66" type="cond" truecount="2" falsecount="0"/>
        <line num="41" count="62" type="stmt"/>
        <line num="42" count="4" type="cond" truecount="2" falsecount="0"/>
        <line num="43" count="3" type="stmt"/>
        <line num="45" count="1" type="stmt"/>
        <line num="48" count="66" type="stmt"/>
        <line num="49" count="66" type="stmt"/>
        <line num="52" count="6" type="stmt"/>
      </file>
      <file name="Section.js" path="/Users/tif/Code/eAPD/eAPD/packages/web/src/components/Section.js">
        <metrics statements="11" coveredstatements="11" conditionals="12" coveredconditionals="9" methods="2" coveredmethods="2"/>
        <line num="9" count="24" type="stmt"/>
        <line num="10" count="14" type="stmt"/>
        <line num="11" count="14" type="stmt"/>
        <line num="13" count="14" type="stmt"/>
        <line num="26" count="24" type="stmt"/>
        <line num="32" count="24" type="stmt"/>
        <line num="37" count="24" type="stmt"/>
        <line num="38" count="16" type="stmt"/>
        <line num="40" count="16" type="stmt"/>
        <line num="58" count="24" type="stmt"/>
        <line num="66" count="24" type="stmt"/>
      </file>
      <file name="TextArea.js" path="/Users/tif/Code/eAPD/eAPD/packages/web/src/components/TextArea.js">
        <metrics statements="5" coveredstatements="5" conditionals="0" coveredconditionals="0" methods="2" coveredmethods="2"/>
        <line num="5" count="15" type="stmt"/>
        <line num="6" count="3" type="stmt"/>
        <line num="17" count="3" type="stmt"/>
        <line num="27" count="15" type="stmt"/>
        <line num="31" count="15" type="stmt"/>
      </file>
      <file name="UpgradeBrowser.js" path="/Users/tif/Code/eAPD/eAPD/packages/web/src/components/UpgradeBrowser.js">
        <metrics statements="5" coveredstatements="5" conditionals="2" coveredconditionals="2" methods="2" coveredmethods="2"/>
        <line num="4" count="14" type="stmt"/>
        <line num="22" count="14" type="stmt"/>
        <line num="33" count="42" type="stmt"/>
        <line num="48" count="14" type="stmt"/>
        <line num="50" count="37" type="cond" truecount="2" falsecount="0"/>
      </file>
      <file name="Wrapper.js" path="/Users/tif/Code/eAPD/eAPD/packages/web/src/components/Wrapper.js">
        <metrics statements="6" coveredstatements="6" conditionals="2" coveredconditionals="2" methods="3" coveredmethods="3"/>
        <line num="9" count="30" type="stmt"/>
        <line num="11" count="3" type="stmt"/>
        <line num="12" count="4" type="stmt"/>
        <line num="13" count="4" type="stmt"/>
        <line num="15" count="4" type="stmt"/>
        <line num="25" count="3" type="stmt"/>
      </file>
    </package>
    <package name="src.containers">
      <metrics statements="298" coveredstatements="262" conditionals="177" coveredconditionals="139" methods="109" coveredmethods="95"/>
      <file name="ApdApplication.js" path="/Users/tif/Code/eAPD/eAPD/packages/web/src/containers/ApdApplication.js">
        <metrics statements="29" coveredstatements="27" conditionals="29" coveredconditionals="24" methods="4" coveredmethods="4"/>
        <line num="27" count="5" type="stmt"/>
        <line num="39" count="8" type="stmt"/>
        <line num="40" count="8" type="stmt"/>
        <line num="41" count="8" type="stmt"/>
        <line num="42" count="8" type="stmt"/>
        <line num="44" count="8" type="stmt"/>
        <line num="46" count="4" type="cond" truecount="4" falsecount="0"/>
        <line num="47" count="1" type="stmt"/>
        <line num="48" count="1" type="stmt"/>
        <line num="49" count="3" type="cond" truecount="3" falsecount="1"/>
        <line num="50" count="0" type="stmt"/>
        <line num="51" count="3" type="cond" truecount="4" falsecount="1"/>
        <line num="52" count="3" type="stmt"/>
        <line num="53" count="3" type="cond" truecount="1" falsecount="3"/>
        <line num="54" count="3" type="stmt"/>
        <line num="56" count="0" type="stmt"/>
        <line num="65" count="8" type="stmt"/>
        <line num="66" count="4" type="cond" truecount="2" falsecount="0"/>
        <line num="67" count="2" type="stmt"/>
        <line num="71" count="8" type="cond" truecount="2" falsecount="0"/>
        <line num="72" count="2" type="stmt"/>
        <line num="74" count="6" type="cond" truecount="4" falsecount="0"/>
        <line num="75" count="4" type="stmt"/>
        <line num="82" count="2" type="stmt"/>
        <line num="90" count="2" type="stmt"/>
        <line num="105" count="5" type="stmt"/>
        <line num="118" count="5" type="stmt"/>
        <line num="125" count="12" type="stmt"/>
        <line num="133" count="5" type="stmt"/>
      </file>
      <file name="ApdExport.js" path="/Users/tif/Code/eAPD/eAPD/packages/web/src/containers/ApdExport.js">
        <metrics statements="10" coveredstatements="9" conditionals="4" coveredconditionals="3" methods="3" coveredmethods="3"/>
        <line num="13" count="7" type="stmt"/>
        <line num="14" count="3" type="stmt"/>
        <line num="16" count="3" type="cond" truecount="1" falsecount="1"/>
        <line num="17" count="0" type="stmt"/>
        <line num="20" count="3" type="stmt"/>
        <line num="35" count="1" type="cond" truecount="2" falsecount="0"/>
        <line num="47" count="7" type="stmt"/>
        <line num="53" count="7" type="stmt"/>
        <line num="57" count="7" type="stmt"/>
        <line num="61" count="7" type="stmt"/>
      </file>
      <file name="AriaAnnounce.js" path="/Users/tif/Code/eAPD/eAPD/packages/web/src/containers/AriaAnnounce.js">
        <metrics statements="6" coveredstatements="6" conditionals="0" coveredconditionals="0" methods="2" coveredmethods="1"/>
        <line num="7" count="3" type="stmt"/>
        <line num="8" count="2" type="stmt"/>
        <line num="9" count="2" type="stmt"/>
        <line num="20" count="3" type="stmt"/>
        <line num="24" count="3" type="stmt"/>
        <line num="28" count="3" type="stmt"/>
      </file>
      <file name="AssurancesAndCompliance.js" path="/Users/tif/Code/eAPD/eAPD/packages/web/src/containers/AssurancesAndCompliance.js">
        <metrics statements="28" coveredstatements="26" conditionals="12" coveredconditionals="10" methods="10" coveredmethods="10"/>
        <line num="24" count="7" type="stmt"/>
        <line num="25" count="180" type="stmt"/>
        <line num="27" count="7" type="stmt"/>
        <line num="28" count="17" type="cond" truecount="2" falsecount="0"/>
        <line num="30" count="16" type="stmt"/>
        <line num="37" count="7" type="stmt"/>
        <line num="42" count="7" type="stmt"/>
        <line num="46" count="7" type="stmt"/>
        <line num="57" count="120" type="stmt"/>
        <line num="58" count="4" type="cond" truecount="4" falsecount="1"/>
        <line num="60" count="1" type="stmt"/>
        <line num="62" count="1" type="stmt"/>
        <line num="64" count="1" type="stmt"/>
        <line num="66" count="1" type="stmt"/>
        <line num="68" count="0" type="stmt"/>
        <line num="72" count="60" type="stmt"/>
        <line num="75" count="4" type="cond" truecount="4" falsecount="1"/>
        <line num="77" count="1" type="stmt"/>
        <line num="79" count="1" type="stmt"/>
        <line num="81" count="1" type="stmt"/>
        <line num="83" count="1" type="stmt"/>
        <line num="85" count="0" type="stmt"/>
        <line num="89" count="4" type="stmt"/>
[...]
        <line num="48" count="1" type="stmt"/>
        <line num="52" count="1" type="stmt"/>
        <line num="59" count="1" type="stmt"/>
        <line num="84" count="3" type="stmt"/>
        <line num="86" count="3" type="cond" truecount="4" falsecount="0"/>
        <line num="87" count="1" type="stmt"/>
        <line num="89" count="2" type="stmt"/>
        <line num="96" count="1" type="stmt"/>
        <line num="99" count="1" type="stmt"/>
        <line num="105" count="646" type="stmt"/>
      </file>
      <file name="patch.selectors.js" path="/Users/tif/Code/eAPD/eAPD/packages/web/src/reducers/patch.selectors.js">
        <metrics statements="2" coveredstatements="2" conditionals="0" coveredconditionals="0" methods="2" coveredmethods="2"/>
        <line num="1" count="55" type="stmt"/>
        <line num="3" count="55" type="stmt"/>
      </file>
      <file name="saving.js" path="/Users/tif/Code/eAPD/eAPD/packages/web/src/reducers/saving.js">
        <metrics statements="11" coveredstatements="11" conditionals="9" coveredconditionals="8" methods="5" coveredmethods="5"/>
        <line num="8" count="39" type="stmt"/>
        <line num="16" count="650" type="cond" truecount="5" falsecount="0"/>
        <line num="18" count="1" type="cond" truecount="2" falsecount="0"/>
        <line num="20" count="1" type="stmt"/>
        <line num="22" count="1" type="stmt"/>
        <line num="29" count="1" type="stmt"/>
        <line num="36" count="646" type="stmt"/>
        <line num="45" count="39" type="stmt"/>
        <line num="52" count="39" type="cond" truecount="0" falsecount="1"/>
        <line num="59" count="39" type="stmt"/>
        <line num="66" count="39" type="stmt"/>
      </file>
      <file name="user.js" path="/Users/tif/Code/eAPD/eAPD/packages/web/src/reducers/user.js">
        <metrics statements="11" coveredstatements="11" conditionals="7" coveredconditionals="6" methods="3" coveredmethods="3"/>
        <line num="9" count="37" type="stmt"/>
        <line num="10" count="222" type="stmt"/>
        <line num="12" count="37" type="stmt"/>
        <line num="20" count="37" type="cond" truecount="1" falsecount="0"/>
        <line num="21" count="650" type="cond" truecount="5" falsecount="1"/>
        <line num="23" count="1" type="stmt"/>
        <line num="26" count="1" type="stmt"/>
        <line num="34" count="1" type="stmt"/>
        <line num="36" count="3" type="stmt"/>
        <line num="38" count="644" type="stmt"/>
        <line num="42" count="37" type="stmt"/>
      </file>
      <file name="user.selector.js" path="/Users/tif/Code/eAPD/eAPD/packages/web/src/reducers/user.selector.js">
        <metrics statements="24" coveredstatements="19" conditionals="23" coveredconditionals="8" methods="11" coveredmethods="8"/>
        <line num="1" count="62" type="stmt"/>
        <line num="6" count="2" type="stmt"/>
        <line num="11" count="62" type="stmt"/>
        <line num="16" count="21" type="stmt"/>
        <line num="19" count="62" type="stmt"/>
        <line num="24" count="2" type="stmt"/>
        <line num="27" count="62" type="stmt"/>
        <line num="29" count="99" type="stmt"/>
        <line num="31" count="62" type="stmt"/>
        <line num="34" count="0" type="stmt"/>
        <line num="37" count="62" type="stmt"/>
        <line num="38" count="0" type="cond" truecount="0" falsecount="3"/>
        <line num="39" count="0" type="stmt"/>
        <line num="42" count="62" type="stmt"/>
        <line num="43" count="0" type="cond" truecount="0" falsecount="3"/>
        <line num="44" count="0" type="stmt"/>
        <line num="47" count="62" type="stmt"/>
        <line num="52" count="4" type="cond" truecount="2" falsecount="0"/>
        <line num="53" count="2" type="cond" truecount="2" falsecount="0"/>
        <line num="57" count="2" type="stmt"/>
        <line num="60" count="62" type="stmt"/>
        <line num="65" count="18" type="cond" truecount="2" falsecount="0"/>
        <line num="66" count="15" type="cond" truecount="2" falsecount="0"/>
        <line num="70" count="3" type="stmt"/>
      </file>
      <file name="working.js" path="/Users/tif/Code/eAPD/eAPD/packages/web/src/reducers/working.js">
        <metrics statements="11" coveredstatements="11" conditionals="11" coveredconditionals="11" methods="4" coveredmethods="4"/>
        <line num="13" count="32" type="stmt"/>
        <line num="23" count="32" type="stmt"/>
        <line num="32" count="32" type="stmt"/>
        <line num="42" count="32" type="cond" truecount="1" falsecount="0"/>
        <line num="43" count="655" type="cond" truecount="10" falsecount="0"/>
        <line num="47" count="3" type="stmt"/>
        <line num="55" count="6" type="stmt"/>
        <line num="58" count="646" type="stmt"/>
        <line num="62" count="32" type="stmt"/>
        <line num="63" count="32" type="stmt"/>
        <line num="64" count="32" type="stmt"/>
      </file>
    </package>
    <package name="src.shared">
      <metrics statements="10" coveredstatements="5" conditionals="9" coveredconditionals="6" methods="4" coveredmethods="1"/>
      <file name="apd-testing-library.js" path="/Users/tif/Code/eAPD/eAPD/packages/web/src/shared/apd-testing-library.js">
        <metrics statements="10" coveredstatements="5" conditionals="9" coveredconditionals="6" methods="4" coveredmethods="1"/>
        <line num="23" count="30" type="cond" truecount="1" falsecount="0"/>
        <line num="31" count="148" type="stmt"/>
        <line num="32" count="148" type="stmt"/>
        <line num="38" count="148" type="stmt"/>
        <line num="41" count="0" type="stmt"/>
        <line num="61" count="30" type="cond" truecount="0" falsecount="1"/>
        <line num="66" count="0" type="stmt"/>
        <line num="67" count="0" type="stmt"/>
        <line num="71" count="0" type="stmt"/>
        <line num="74" count="0" type="stmt"/>
      </file>
    </package>
    <package name="src.util">
      <metrics statements="212" coveredstatements="188" conditionals="105" coveredconditionals="75" methods="82" coveredmethods="66"/>
      <file name="api.js" path="/Users/tif/Code/eAPD/eAPD/packages/web/src/util/api.js">
        <metrics statements="7" coveredstatements="7" conditionals="6" coveredconditionals="6" methods="1" coveredmethods="1"/>
        <line num="4" count="107" type="cond" truecount="2" falsecount="0"/>
        <line num="6" count="107" type="stmt"/>
        <line num="11" count="107" type="stmt"/>
        <line num="13" count="139" type="cond" truecount="2" falsecount="0"/>
        <line num="14" count="139" type="cond" truecount="2" falsecount="0"/>
        <line num="15" count="139" type="stmt"/>
        <line num="17" count="107" type="stmt"/>
      </file>
      <file name="auth.js" path="/Users/tif/Code/eAPD/eAPD/packages/web/src/util/auth.js">
        <metrics statements="110" coveredstatements="94" conditionals="49" coveredconditionals="28" methods="43" coveredmethods="31"/>
        <line num="8" count="110" type="stmt"/>
        <line num="9" count="110" type="stmt"/>
        <line num="12" count="110" type="stmt"/>
        <line num="13" count="4" type="cond" truecount="2" falsecount="0"/>
        <line num="15" count="3" type="stmt"/>
        <line num="21" count="3" type="stmt"/>
        <line num="23" count="1" type="cond" truecount="1" falsecount="1"/>
        <line num="26" count="110" type="stmt"/>
        <line num="30" count="110" type="stmt"/>
        <line num="32" count="110" type="cond" truecount="1" falsecount="1"/>
        <line num="37" count="0" type="stmt"/>
        <line num="43" count="110" type="stmt"/>
        <line num="45" count="110" type="stmt"/>
        <line num="47" count="110" type="stmt"/>
        <line num="49" count="110" type="stmt"/>
        <line num="50" count="2" type="cond" truecount="1" falsecount="1"/>
        <line num="51" count="2" type="stmt"/>
        <line num="59" count="110" type="stmt"/>
        <line num="60" count="3" type="cond" truecount="1" falsecount="1"/>
        <line num="61" count="3" type="stmt"/>
        <line num="63" count="0" type="stmt"/>
        <line num="66" count="110" type="stmt"/>
        <line num="67" count="3" type="cond" truecount="1" falsecount="1"/>
        <line num="68" count="3" type="stmt"/>
        <line num="72" count="110" type="stmt"/>
        <line num="73" count="137" type="stmt"/>
        <line num="74" count="137" type="stmt"/>
        <line num="75" count="1" type="stmt"/>
        <line num="77" count="136" type="stmt"/>
        <line num="81" count="110" type="cond" truecount="0" falsecount="2"/>
        <line num="83" count="110" type="stmt"/>
        <line num="84" count="1" type="stmt"/>
        <line num="91" count="110" type="stmt"/>
        <line num="92" count="1" type="stmt"/>
        <line num="95" count="110" type="stmt"/>
        <line num="96" count="2" type="stmt"/>
        <line num="97" count="2" type="cond" truecount="1" falsecount="1"/>
        <line num="98" count="2" type="stmt"/>
        <line num="100" count="2" type="stmt"/>
        <line num="101" count="0" type="stmt"/>
        <line num="103" count="0" type="stmt"/>
        <line num="106" count="110" type="stmt"/>
        <line num="107" count="10" type="stmt"/>
        <line num="112" count="110" type="stmt"/>
        <line num="113" count="0" type="stmt"/>
        <line num="116" count="0" type="stmt"/>
        <line num="118" count="0" type="stmt"/>
        <line num="120" count="110" type="stmt"/>
        <line num="121" count="1" type="stmt"/>
        <line num="122" count="1" type="stmt"/>
        <line num="131" count="1" type="cond" truecount="0" falsecount="1"/>
        <line num="132" count="1" type="cond" truecount="0" falsecount="1"/>
        <line num="133" count="1" type="cond" truecount="1" falsecount="0"/>
        <line num="135" count="1" type="stmt"/>
        <line num="136" count="1" type="cond" truecount="1" falsecount="1"/>
        <line num="138" count="0" type="stmt"/>
        <line num="140" count="0" type="stmt"/>
        <line num="143" count="1" type="stmt"/>
        <line num="149" count="110" type="stmt"/>
        <line num="150" count="1" type="stmt"/>
        <line num="151" count="1" type="stmt"/>
        <line num="153" count="1" type="stmt"/>
        <line num="154" count="1" type="stmt"/>
        <line num="155" count="1" type="stmt"/>
        <line num="162" count="110" type="stmt"/>
        <line num="163" count="1" type="stmt"/>
        <line num="164" count="1" type="cond" truecount="1" falsecount="1"/>
        <line num="165" count="1" type="cond" truecount="1" falsecount="1"/>
        <line num="166" count="2" type="stmt"/>
        <line num="168" count="0" type="stmt"/>
        <line num="173" count="110" type="stmt"/>
        <line num="179" count="9" type="cond" truecount="1" falsecount="1"/>
        <line num="180" count="9" type="cond" truecount="1" falsecount="1"/>
        <line num="181" count="9" type="cond" truecount="1" falsecount="1"/>
        <line num="182" count="9" type="cond" truecount="1" falsecount="1"/>
        <line num="185" count="110" type="stmt"/>
        <line num="186" count="3" type="stmt"/>
        <line num="189" count="3" type="cond" truecount="1" falsecount="1"/>
        <line num="190" count="3" type="cond" truecount="2" falsecount="0"/>
        <line num="191" count="1" type="stmt"/>
        <line num="192" count="1" type="stmt"/>
        <line num="194" count="2" type="stmt"/>
        <line num="196" count="2" type="stmt"/>
        <line num="197" count="0" type="stmt"/>
        <line num="199" count="0" type="stmt"/>
        <line num="201" count="0" type="stmt"/>
        <line num="203" count="110" type="stmt"/>
        <line num="204" count="3" type="stmt"/>
        <line num="206" count="3" type="stmt"/>
        <line num="209" count="3" type="cond" truecount="1" falsecount="1"/>
        <line num="210" count="3" type="cond" truecount="1" falsecount="0"/>
        <line num="211" count="3" type="cond" truecount="2" falsecount="0"/>
        <line num="213" count="2" type="stmt"/>
        <line num="215" count="0" type="stmt"/>
        <line num="217" count="1" type="stmt"/>
        <line num="219" count="0" type="stmt"/>
        <line num="221" count="2" type="stmt"/>
        <line num="223" count="0" type="stmt"/>
        <line num="225" count="110" type="stmt"/>
        <line num="226" count="1" type="stmt"/>
        <line num="227" count="1" type="stmt"/>
        <line num="228" count="1" type="stmt"/>
        <line num="229" count="1" type="stmt"/>
        <line num="233" count="110" type="stmt"/>
        <line num="234" count="3" type="stmt"/>
        <line num="237" count="3" type="stmt"/>
        <line num="240" count="3" type="stmt"/>
        <line num="246" count="110" type="stmt"/>
        <line num="247" count="2" type="stmt"/>
        <line num="248" count="2" type="stmt"/>
      </file>
      <file name="browser.js" path="/Users/tif/Code/eAPD/eAPD/packages/web/src/util/browser.js">
        <metrics statements="6" coveredstatements="6" conditionals="13" coveredconditionals="13" methods="0" coveredmethods="0"/>
        <line num="3" count="22" type="cond" truecount="2" falsecount="0"/>
        <line num="4" count="22" type="cond" truecount="4" falsecount="0"/>
        <line num="6" count="10" type="stmt"/>
        <line num="13" count="22" type="cond" truecount="5" falsecount="0"/>
        <line num="22" count="22" type="stmt"/>
        <line num="27" count="22" type="cond" truecount="2" falsecount="0"/>
      </file>
      <file name="formats.js" path="/Users/tif/Code/eAPD/eAPD/packages/web/src/util/formats.js">
        <metrics statements="6" coveredstatements="6" conditionals="7" coveredconditionals="7" methods="5" coveredmethods="5"/>
        <line num="4" count="192" type="cond" truecount="2" falsecount="0"/>
        <line num="6" count="15" type="cond" truecount="1" falsecount="0"/>
        <line num="7" count="192" type="cond" truecount="2" falsecount="0"/>
        <line num="9" count="15" type="stmt"/>
        <line num="10" count="15" type="cond" truecount="1" falsecount="0"/>
        <line num="11" count="173" type="cond" truecount="1" falsecount="0"/>
      </file>
      <file name="index.js" path="/Users/tif/Code/eAPD/eAPD/packages/web/src/util/index.js">
        <metrics statements="59" coveredstatements="51" conditionals="22" coveredconditionals="15" methods="22" coveredmethods="18"/>
        <line num="6" count="117" type="stmt"/>
        <line num="8" count="117" type="stmt"/>
        <line num="15" count="117" type="stmt"/>
        <line num="63" count="117" type="stmt"/>
        <line num="64" count="117" type="stmt"/>
        <line num="69" count="117" type="cond" truecount="1" falsecount="1"/>
        <line num="70" count="0" type="stmt"/>
        <line num="72" count="117" type="stmt"/>
        <line num="78" count="351" type="stmt"/>
        <line num="80" count="234" type="stmt"/>
        <line num="82" count="117" type="stmt"/>
        <line num="83" count="117" type="stmt"/>
        <line num="85" count="140" type="stmt"/>
        <line num="87" count="117" type="stmt"/>
        <line num="88" count="1" type="stmt"/>
        <line num="91" count="4" type="stmt"/>
        <line num="93" count="4" type="stmt"/>
        <line num="94" count="4" type="cond" truecount="2" falsecount="0"/>
        <line num="95" count="4" type="stmt"/>
        <line num="102" count="117" type="stmt"/>
        <line num="103" count="117" type="stmt"/>
        <line num="112" count="117" type="stmt"/>
        <line num="113" count="50028" type="stmt"/>
        <line num="114" count="50028" type="stmt"/>
        <line num="115" count="51110" type="stmt"/>
        <line num="119" count="50028" type="stmt"/>
        <line num="120" count="50028" type="stmt"/>
        <line num="131" count="117" type="stmt"/>
        <line num="132" count="552" type="cond" truecount="2" falsecount="0"/>
        <line num="133" count="303" type="stmt"/>
        <line num="135" count="249" type="stmt"/>
        <line num="142" count="249" type="stmt"/>
        <line num="143" count="249" type="cond" truecount="2" falsecount="0"/>
        <line num="144" count="246" type="stmt"/>
        <line num="146" count="3" type="stmt"/>
        <line num="157" count="117" type="stmt"/>
        <line num="158" count="98" type="stmt"/>
        <line num="159" count="98" type="stmt"/>
        <line num="161" count="98" type="stmt"/>
        <line num="167" count="117" type="stmt"/>
        <line num="168" count="117" type="stmt"/>
        <line num="169" count="117" type="stmt"/>
        <line num="170" count="0" type="stmt"/>
        <line num="171" count="0" type="cond" truecount="0" falsecount="4"/>
        <line num="174" count="0" type="stmt"/>
        <line num="176" count="0" type="stmt"/>
        <line num="182" count="117" type="stmt"/>
        <line num="183" count="0" type="stmt"/>
        <line num="185" count="0" type="stmt"/>
        <line num="190" count="0" type="stmt"/>
        <line num="192" count="117" type="cond" truecount="1" falsecount="1"/>
        <line num="194" count="99" type="cond" truecount="2" falsecount="0"/>
        <line num="195" count="243" type="stmt"/>
        <line num="198" count="117" type="stmt"/>
        <line num="199" count="2" type="stmt"/>
        <line num="200" count="2" type="stmt"/>
        <line num="201" count="4" type="cond" truecount="2" falsecount="0"/>
        <line num="202" count="1" type="cond" truecount="1" falsecount="1"/>
        <line num="204" count="2" type="stmt"/>
      </file>
      <file name="md.js" path="/Users/tif/Code/eAPD/eAPD/packages/web/src/util/md.js">
        <metrics statements="1" coveredstatements="1" conditionals="0" coveredconditionals="0" methods="0" coveredmethods="0"/>
        <line num="3" count="37" type="stmt"/>
      </file>
      <file name="regulations.js" path="/Users/tif/Code/eAPD/eAPD/packages/web/src/util/regulations.js">
        <metrics statements="3" coveredstatements="3" conditionals="0" coveredconditionals="0" methods="2" coveredmethods="2"/>
        <line num="3" count="54" type="stmt"/>
        <line num="4" count="216" type="stmt"/>
        <line num="6" count="810" type="stmt"/>
      </file>
      <file name="roundedPercents.js" path="/Users/tif/Code/eAPD/eAPD/packages/web/src/util/roundedPercents.js">
        <metrics statements="17" coveredstatements="17" conditionals="8" coveredconditionals="6" methods="8" coveredmethods="8"/>
        <line num="12" count="33" type="cond" truecount="0" falsecount="2"/>
        <line num="17" count="475" type="stmt"/>
        <line num="18" count="475" type="stmt"/>
        <line num="22" count="475" type="stmt"/>
        <line num="26" count="475" type="stmt"/>
        <line num="27" count="475" type="stmt"/>
        <line num="32" count="146" type="stmt"/>
        <line num="34" count="146" type="cond" truecount="2" falsecount="0"/>
        <line num="40" count="19" type="stmt"/>
        <line num="41" count="69" type="stmt"/>
        <line num="43" count="54" type="cond" truecount="2" falsecount="0"/>
        <line num="44" count="44" type="stmt"/>
        <line num="46" count="10" type="cond" truecount="2" falsecount="0"/>
        <line num="49" count="19" type="stmt"/>
        <line num="50" count="36" type="stmt"/>
        <line num="52" count="19" type="stmt"/>
        <line num="54" count="127" type="stmt"/>
      </file>
      <file name="states.js" path="/Users/tif/Code/eAPD/eAPD/packages/web/src/util/states.js">
        <metrics statements="3" coveredstatements="3" conditionals="0" coveredconditionals="0" methods="1" coveredmethods="1"/>
        <line num="1" count="118" type="stmt"/>
        <line num="60" count="6608" type="stmt"/>
        <line num="65" count="118" type="stmt"/>
      </file>
    </package>
  </project>
</coverage>
