{"/Users/tif/Code/eAPD/eAPD/packages/web/src/constants.js": {"path":"/Users/tif/Code/eAPD/eAPD/packages/web/src/constants.js","statementMap":{"0":{"start":{"line":3,"column":26},"end":{"line":12,"column":1}},"1":{"start":{"line":14,"column":26},"end":{"line":16,"column":1}},"2":{"start":{"line":18,"column":42},"end":{"line":27,"column":1}},"3":{"start":{"line":29,"column":29},"end":{"line":40,"column":1}},"4":{"start":{"line":32,"column":24},"end":{"line":32,"column":44}},"5":{"start":{"line":34,"column":4},"end":{"line":36,"column":11}},"6":{"start":{"line":38,"column":12},"end":{"line":38,"column":22}},"7":{"start":{"line":42,"column":36},"end":{"line":47,"column":1}},"8":{"start":{"line":49,"column":32},"end":{"line":55,"column":1}},"9":{"start":{"line":57,"column":27},"end":{"line":94,"column":1}},"10":{"start":{"line":63,"column":19},"end":{"line":63,"column":67}},"11":{"start":{"line":70,"column":19},"end":{"line":70,"column":68}},"12":{"start":{"line":77,"column":19},"end":{"line":77,"column":66}},"13":{"start":{"line":84,"column":19},"end":{"line":84,"column":67}},"14":{"start":{"line":92,"column":6},"end":{"line":92,"column":69}}},"fnMap":{"0":{"name":"(anonymous_0)","decl":{"start":{"line":32,"column":12},"end":{"line":32,"column":13}},"loc":{"start":{"line":32,"column":24},"end":{"line":32,"column":44}},"line":32},"1":{"name":"(anonymous_1)","decl":{"start":{"line":33,"column":11},"end":{"line":33,"column":12}},"loc":{"start":{"line":34,"column":4},"end":{"line":36,"column":11}},"line":34},"2":{"name":"(anonymous_2)","decl":{"start":{"line":38,"column":7},"end":{"line":38,"column":8}},"loc":{"start":{"line":38,"column":12},"end":{"line":38,"column":22}},"line":38},"3":{"name":"(anonymous_3)","decl":{"start":{"line":63,"column":14},"end":{"line":63,"column":15}},"loc":{"start":{"line":63,"column":19},"end":{"line":63,"column":67}},"line":63},"4":{"name":"(anonymous_4)","decl":{"start":{"line":70,"column":14},"end":{"line":70,"column":15}},"loc":{"start":{"line":70,"column":19},"end":{"line":70,"column":68}},"line":70},"5":{"name":"(anonymous_5)","decl":{"start":{"line":77,"column":14},"end":{"line":77,"column":15}},"loc":{"start":{"line":77,"column":19},"end":{"line":77,"column":66}},"line":77},"6":{"name":"(anonymous_6)","decl":{"start":{"line":84,"column":14},"end":{"line":84,"column":15}},"loc":{"start":{"line":84,"column":19},"end":{"line":84,"column":67}},"line":84},"7":{"name":"(anonymous_7)","decl":{"start":{"line":91,"column":14},"end":{"line":91,"column":15}},"loc":{"start":{"line":92,"column":6},"end":{"line":92,"column":69}},"line":92}},"branchMap":{"0":{"loc":{"start":{"line":32,"column":13},"end":{"line":32,"column":19}},"type":"default-arg","locations":[{"start":{"line":32,"column":17},"end":{"line":32,"column":19}}],"line":32},"1":{"loc":{"start":{"line":33,"column":12},"end":{"line":33,"column":18}},"type":"default-arg","locations":[{"start":{"line":33,"column":16},"end":{"line":33,"column":18}}],"line":33},"2":{"loc":{"start":{"line":63,"column":19},"end":{"line":63,"column":67}},"type":"binary-expr","locations":[{"start":{"line":63,"column":19},"end":{"line":63,"column":40}},{"start":{"line":63,"column":44},"end":{"line":63,"column":67}}],"line":63},"3":{"loc":{"start":{"line":70,"column":19},"end":{"line":70,"column":68}},"type":"binary-expr","locations":[{"start":{"line":70,"column":19},"end":{"line":70,"column":40}},{"start":{"line":70,"column":44},"end":{"line":70,"column":68}}],"line":70},"4":{"loc":{"start":{"line":77,"column":19},"end":{"line":77,"column":66}},"type":"binary-expr","locations":[{"start":{"line":77,"column":19},"end":{"line":77,"column":40}},{"start":{"line":77,"column":44},"end":{"line":77,"column":66}}],"line":77},"5":{"loc":{"start":{"line":84,"column":19},"end":{"line":84,"column":67}},"type":"binary-expr","locations":[{"start":{"line":84,"column":19},"end":{"line":84,"column":40}},{"start":{"line":84,"column":44},"end":{"line":84,"column":67}}],"line":84},"6":{"loc":{"start":{"line":92,"column":6},"end":{"line":92,"column":69}},"type":"binary-expr","locations":[{"start":{"line":92,"column":6},"end":{"line":92,"column":27}},{"start":{"line":92,"column":31},"end":{"line":92,"column":69}}],"line":92}},"s":{"0":111,"1":111,"2":111,"3":111,"4":28,"5":24,"6":65,"7":111,"8":111,"9":111,"10":2,"11":0,"12":0,"13":0,"14":0},"f":{"0":28,"1":24,"2":65,"3":2,"4":0,"5":0,"6":0,"7":0},"b":{"0":[4],"1":[0],"2":[2,2],"3":[0,0],"4":[0,0],"5":[0,0],"6":[0,0]},"_coverageSchema":"1a1c01bbd47fc00a2c39e90264f33305004495a9","hash":"93af258bd9124849d0f1ea9452bb0c2d2ee24b79"}
,"/Users/tif/Code/eAPD/eAPD/packages/web/src/cookie-constants.js": {"path":"/Users/tif/Code/eAPD/eAPD/packages/web/src/cookie-constants.js","statementMap":{"0":{"start":{"line":1,"column":31},"end":{"line":1,"column":55}},"1":{"start":{"line":2,"column":35},"end":{"line":2,"column":62}}},"fnMap":{},"branchMap":{},"s":{"0":110,"1":110},"f":{},"b":{},"_coverageSchema":"1a1c01bbd47fc00a2c39e90264f33305004495a9","hash":"2275796d23dc9d7784c27c91bdc60b9feeb9aac6"}
,"/Users/tif/Code/eAPD/eAPD/packages/web/src/saveMiddleware.js": {"path":"/Users/tif/Code/eAPD/eAPD/packages/web/src/saveMiddleware.js","statementMap":{"0":{"start":{"line":11,"column":23},"end":{"line":84,"column":1}},"1":{"start":{"line":15,"column":17},"end":{"line":15,"column":22}},"2":{"start":{"line":16,"column":17},"end":{"line":16,"column":22}},"3":{"start":{"line":17,"column":14},"end":{"line":17,"column":18}},"4":{"start":{"line":19,"column":22},"end":{"line":30,"column":3}},"5":{"start":{"line":20,"column":4},"end":{"line":29,"column":7}},"6":{"start":{"line":21,"column":6},"end":{"line":28,"column":7}},"7":{"start":{"line":22,"column":8},"end":{"line":22,"column":41}},"8":{"start":{"line":23,"column":8},"end":{"line":23,"column":65}},"9":{"start":{"line":27,"column":8},"end":{"line":27,"column":18}},"10":{"start":{"line":32,"column":17},"end":{"line":66,"column":3}},"11":{"start":{"line":39,"column":4},"end":{"line":42,"column":5}},"12":{"start":{"line":40,"column":6},"end":{"line":40,"column":22}},"13":{"start":{"line":41,"column":6},"end":{"line":41,"column":13}},"14":{"start":{"line":47,"column":4},"end":{"line":47,"column":35}},"15":{"start":{"line":47,"column":15},"end":{"line":47,"column":35}},"16":{"start":{"line":51,"column":4},"end":{"line":65,"column":12}},"17":{"start":{"line":53,"column":6},"end":{"line":53,"column":22}},"18":{"start":{"line":55,"column":6},"end":{"line":64,"column":9}},"19":{"start":{"line":57,"column":8},"end":{"line":57,"column":25}},"20":{"start":{"line":60,"column":8},"end":{"line":63,"column":9}},"21":{"start":{"line":61,"column":10},"end":{"line":61,"column":27}},"22":{"start":{"line":62,"column":10},"end":{"line":62,"column":19}},"23":{"start":{"line":68,"column":2},"end":{"line":83,"column":6}},"24":{"start":{"line":69,"column":4},"end":{"line":83,"column":5}},"25":{"start":{"line":70,"column":21},"end":{"line":70,"column":33}},"26":{"start":{"line":71,"column":6},"end":{"line":81,"column":7}},"27":{"start":{"line":77,"column":10},"end":{"line":77,"column":20}},"28":{"start":{"line":78,"column":10},"end":{"line":78,"column":16}},"29":{"start":{"line":80,"column":10},"end":{"line":80,"column":16}},"30":{"start":{"line":82,"column":6},"end":{"line":82,"column":20}}},"fnMap":{"0":{"name":"(anonymous_0)","decl":{"start":{"line":11,"column":23},"end":{"line":11,"column":24}},"loc":{"start":{"line":14,"column":5},"end":{"line":84,"column":1}},"line":14},"1":{"name":"(anonymous_1)","decl":{"start":{"line":19,"column":22},"end":{"line":19,"column":23}},"loc":{"start":{"line":19,"column":28},"end":{"line":30,"column":3}},"line":19},"2":{"name":"(anonymous_2)","decl":{"start":{"line":20,"column":23},"end":{"line":20,"column":24}},"loc":{"start":{"line":20,"column":44},"end":{"line":29,"column":5}},"line":20},"3":{"name":"(anonymous_3)","decl":{"start":{"line":32,"column":17},"end":{"line":32,"column":18}},"loc":{"start":{"line":32,"column":23},"end":{"line":66,"column":3}},"line":32},"4":{"name":"(anonymous_4)","decl":{"start":{"line":51,"column":23},"end":{"line":51,"column":24}},"loc":{"start":{"line":51,"column":35},"end":{"line":65,"column":5}},"line":51},"5":{"name":"(anonymous_5)","decl":{"start":{"line":55,"column":28},"end":{"line":55,"column":29}},"loc":{"start":{"line":55,"column":34},"end":{"line":64,"column":7}},"line":55},"6":{"name":"(anonymous_6)","decl":{"start":{"line":68,"column":9},"end":{"line":68,"column":10}},"loc":{"start":{"line":69,"column":4},"end":{"line":83,"column":5}},"line":69},"7":{"name":"(anonymous_7)","decl":{"start":{"line":69,"column":4},"end":{"line":69,"column":5}},"loc":{"start":{"line":69,"column":14},"end":{"line":83,"column":5}},"line":69}},"branchMap":{"0":{"loc":{"start":{"line":13,"column":2},"end":{"line":13,"column":67}},"type":"default-arg","locations":[{"start":{"line":13,"column":65},"end":{"line":13,"column":67}}],"line":13},"1":{"loc":{"start":{"line":13,"column":4},"end":{"line":13,"column":24}},"type":"default-arg","locations":[{"start":{"line":13,"column":17},"end":{"line":13,"column":24}}],"line":13},"2":{"loc":{"start":{"line":13,"column":26},"end":{"line":13,"column":60}},"type":"default-arg","locations":[{"start":{"line":13,"column":43},"end":{"line":13,"column":60}}],"line":13},"3":{"loc":{"start":{"line":39,"column":4},"end":{"line":42,"column":5}},"type":"if","locations":[{"start":{"line":39,"column":4},"end":{"line":42,"column":5}},{"start":{},"end":{}}],"line":39},"4":{"loc":{"start":{"line":47,"column":4},"end":{"line":47,"column":35}},"type":"if","locations":[{"start":{"line":47,"column":4},"end":{"line":47,"column":35}},{"start":{},"end":{}}],"line":47},"5":{"loc":{"start":{"line":60,"column":8},"end":{"line":63,"column":9}},"type":"if","locations":[{"start":{"line":60,"column":8},"end":{"line":63,"column":9}},{"start":{},"end":{}}],"line":60},"6":{"loc":{"start":{"line":68,"column":16},"end":{"line":68,"column":41}},"type":"default-arg","locations":[{"start":{"line":68,"column":39},"end":{"line":68,"column":41}}],"line":68},"7":{"loc":{"start":{"line":68,"column":18},"end":{"line":68,"column":34}},"type":"default-arg","locations":[{"start":{"line":68,"column":28},"end":{"line":68,"column":34}}],"line":68},"8":{"loc":{"start":{"line":71,"column":6},"end":{"line":81,"column":7}},"type":"switch","locations":[{"start":{"line":72,"column":8},"end":{"line":72,"column":26}},{"start":{"line":73,"column":8},"end":{"line":73,"column":26}},{"start":{"line":74,"column":8},"end":{"line":74,"column":22}},{"start":{"line":75,"column":8},"end":{"line":75,"column":29}},{"start":{"line":76,"column":8},"end":{"line":78,"column":16}},{"start":{"line":79,"column":8},"end":{"line":80,"column":16}}],"line":71}},"s":{"0":1,"1":8,"2":8,"3":8,"4":8,"5":2,"6":2,"7":2,"8":2,"9":0,"10":8,"11":6,"12":2,"13":2,"14":4,"15":2,"16":4,"17":2,"18":2,"19":2,"20":2,"21":1,"22":1,"23":8,"24":8,"25":11,"26":11,"27":10,"28":10,"29":1,"30":11},"f":{"0":8,"1":2,"2":2,"3":6,"4":2,"5":2,"6":8,"7":11},"b":{"0":[1],"1":[1],"2":[1],"3":[2,4],"4":[2,2],"5":[1,1],"6":[3],"7":[3],"8":[1,2,8,9,10,1]},"_coverageSchema":"1a1c01bbd47fc00a2c39e90264f33305004495a9","hash":"7ed77c1826ee2a07179f64f54ed575897774131e"}
,"/Users/tif/Code/eAPD/eAPD/packages/web/src/actions/admin.js": {"path":"/Users/tif/Code/eAPD/eAPD/packages/web/src/actions/admin.js","statementMap":{"0":{"start":{"line":3,"column":39},"end":{"line":3,"column":64}},"1":{"start":{"line":4,"column":39},"end":{"line":4,"column":64}},"2":{"start":{"line":5,"column":37},"end":{"line":5,"column":60}},"3":{"start":{"line":7,"column":24},"end":{"line":18,"column":1}},"4":{"start":{"line":7,"column":30},"end":{"line":18,"column":1}},"5":{"start":{"line":8,"column":2},"end":{"line":8,"column":46}},"6":{"start":{"line":10,"column":2},"end":{"line":17,"column":7}},"7":{"start":{"line":13,"column":6},"end":{"line":13,"column":66}},"8":{"start":{"line":16,"column":6},"end":{"line":16,"column":48}},"9":{"start":{"line":20,"column":44},"end":{"line":20,"column":74}},"10":{"start":{"line":21,"column":44},"end":{"line":21,"column":74}},"11":{"start":{"line":22,"column":42},"end":{"line":22,"column":70}},"12":{"start":{"line":24,"column":39},"end":{"line":24,"column":64}},"13":{"start":{"line":25,"column":39},"end":{"line":25,"column":64}},"14":{"start":{"line":26,"column":37},"end":{"line":26,"column":60}},"15":{"start":{"line":28,"column":24},"end":{"line":51,"column":1}},"16":{"start":{"line":28,"column":30},"end":{"line":51,"column":1}},"17":{"start":{"line":29,"column":2},"end":{"line":29,"column":46}},"18":{"start":{"line":30,"column":2},"end":{"line":30,"column":51}},"19":{"start":{"line":32,"column":23},"end":{"line":39,"column":6}},"20":{"start":{"line":35,"column":6},"end":{"line":35,"column":66}},"21":{"start":{"line":38,"column":6},"end":{"line":38,"column":48}},"22":{"start":{"line":41,"column":28},"end":{"line":48,"column":6}},"23":{"start":{"line":44,"column":6},"end":{"line":44,"column":71}},"24":{"start":{"line":47,"column":6},"end":{"line":47,"column":53}},"25":{"start":{"line":50,"column":2},"end":{"line":50,"column":56}},"26":{"start":{"line":53,"column":41},"end":{"line":53,"column":68}},"27":{"start":{"line":54,"column":41},"end":{"line":54,"column":68}},"28":{"start":{"line":55,"column":39},"end":{"line":55,"column":64}},"29":{"start":{"line":58,"column":2},"end":{"line":79,"column":3}},"30":{"start":{"line":62,"column":2},"end":{"line":79,"column":3}},"31":{"start":{"line":63,"column":4},"end":{"line":63,"column":50}},"32":{"start":{"line":65,"column":4},"end":{"line":78,"column":9}},"33":{"start":{"line":68,"column":8},"end":{"line":68,"column":54}},"34":{"start":{"line":69,"column":8},"end":{"line":69,"column":37}},"35":{"start":{"line":72,"column":20},"end":{"line":72,"column":24}},"36":{"start":{"line":73,"column":8},"end":{"line":75,"column":9}},"37":{"start":{"line":74,"column":10},"end":{"line":74,"column":40}},"38":{"start":{"line":77,"column":8},"end":{"line":77,"column":65}},"39":{"start":{"line":81,"column":42},"end":{"line":81,"column":70}},"40":{"start":{"line":82,"column":42},"end":{"line":82,"column":70}},"41":{"start":{"line":83,"column":40},"end":{"line":83,"column":66}},"42":{"start":{"line":85,"column":27},"end":{"line":125,"column":1}},"43":{"start":{"line":85,"column":55},"end":{"line":125,"column":1}},"44":{"start":{"line":86,"column":2},"end":{"line":86,"column":49}},"45":{"start":{"line":88,"column":18},"end":{"line":91,"column":3}},"46":{"start":{"line":89,"column":28},"end":{"line":89,"column":66}},"47":{"start":{"line":92,"column":2},"end":{"line":94,"column":3}},"48":{"start":{"line":93,"column":4},"end":{"line":93,"column":23}},"49":{"start":{"line":95,"column":2},"end":{"line":97,"column":3}},"50":{"start":{"line":96,"column":4},"end":{"line":96,"column":22}},"51":{"start":{"line":99,"column":2},"end":{"line":109,"column":3}},"52":{"start":{"line":100,"column":4},"end":{"line":106,"column":5}},"53":{"start":{"line":101,"column":6},"end":{"line":104,"column":9}},"54":{"start":{"line":105,"column":6},"end":{"line":105,"column":18}},"55":{"start":{"line":108,"column":4},"end":{"line":108,"column":28}},"56":{"start":{"line":111,"column":2},"end":{"line":124,"column":7}},"57":{"start":{"line":114,"column":6},"end":{"line":114,"column":53}},"58":{"start":{"line":115,"column":6},"end":{"line":115,"column":27}},"59":{"start":{"line":118,"column":18},"end":{"line":118,"column":22}},"60":{"start":{"line":119,"column":6},"end":{"line":121,"column":7}},"61":{"start":{"line":120,"column":8},"end":{"line":120,"column":38}},"62":{"start":{"line":123,"column":6},"end":{"line":123,"column":64}},"63":{"start":{"line":127,"column":37},"end":{"line":127,"column":60}},"64":{"start":{"line":128,"column":37},"end":{"line":128,"column":60}},"65":{"start":{"line":129,"column":35},"end":{"line":129,"column":56}},"66":{"start":{"line":131,"column":24},"end":{"line":161,"column":1}},"67":{"start":{"line":131,"column":52},"end":{"line":161,"column":1}},"68":{"start":{"line":132,"column":2},"end":{"line":132,"column":44}},"69":{"start":{"line":134,"column":18},"end":{"line":137,"column":3}},"70":{"start":{"line":135,"column":28},"end":{"line":135,"column":66}},"71":{"start":{"line":139,"column":2},"end":{"line":146,"column":3}},"72":{"start":{"line":140,"column":4},"end":{"line":143,"column":5}},"73":{"start":{"line":141,"column":6},"end":{"line":141,"column":77}},"74":{"start":{"line":142,"column":6},"end":{"line":142,"column":18}},"75":{"start":{"line":145,"column":4},"end":{"line":145,"column":28}},"76":{"start":{"line":148,"column":2},"end":{"line":160,"column":7}},"77":{"start":{"line":151,"column":6},"end":{"line":151,"column":64}},"78":{"start":{"line":154,"column":18},"end":{"line":154,"column":22}},"79":{"start":{"line":155,"column":6},"end":{"line":157,"column":7}},"80":{"start":{"line":156,"column":8},"end":{"line":156,"column":38}},"81":{"start":{"line":159,"column":6},"end":{"line":159,"column":59}},"82":{"start":{"line":163,"column":46},"end":{"line":163,"column":78}},"83":{"start":{"line":164,"column":44},"end":{"line":164,"column":74}},"84":{"start":{"line":167,"column":2},"end":{"line":181,"column":3}},"85":{"start":{"line":168,"column":2},"end":{"line":181,"column":3}},"86":{"start":{"line":169,"column":4},"end":{"line":180,"column":9}},"87":{"start":{"line":172,"column":8},"end":{"line":172,"column":75}},"88":{"start":{"line":175,"column":20},"end":{"line":175,"column":24}},"89":{"start":{"line":176,"column":8},"end":{"line":178,"column":9}},"90":{"start":{"line":177,"column":10},"end":{"line":177,"column":40}},"91":{"start":{"line":179,"column":8},"end":{"line":179,"column":70}},"92":{"start":{"line":184,"column":2},"end":{"line":184,"column":36}},"93":{"start":{"line":185,"column":46},"end":{"line":185,"column":78}},"94":{"start":{"line":188,"column":2},"end":{"line":204,"column":3}},"95":{"start":{"line":188,"column":46},"end":{"line":204,"column":3}},"96":{"start":{"line":189,"column":4},"end":{"line":203,"column":9}},"97":{"start":{"line":195,"column":8},"end":{"line":195,"column":61}},"98":{"start":{"line":198,"column":20},"end":{"line":198,"column":24}},"99":{"start":{"line":199,"column":8},"end":{"line":201,"column":9}},"100":{"start":{"line":200,"column":10},"end":{"line":200,"column":40}},"101":{"start":{"line":202,"column":8},"end":{"line":202,"column":72}},"102":{"start":{"line":205,"column":44},"end":{"line":205,"column":74}},"103":{"start":{"line":206,"column":42},"end":{"line":206,"column":70}},"104":{"start":{"line":208,"column":28},"end":{"line":221,"column":1}},"105":{"start":{"line":208,"column":34},"end":{"line":221,"column":1}},"106":{"start":{"line":209,"column":2},"end":{"line":220,"column":7}},"107":{"start":{"line":212,"column":6},"end":{"line":212,"column":71}},"108":{"start":{"line":215,"column":18},"end":{"line":215,"column":22}},"109":{"start":{"line":216,"column":6},"end":{"line":218,"column":7}},"110":{"start":{"line":217,"column":8},"end":{"line":217,"column":38}},"111":{"start":{"line":219,"column":6},"end":{"line":219,"column":66}}},"fnMap":{"0":{"name":"(anonymous_0)","decl":{"start":{"line":7,"column":24},"end":{"line":7,"column":25}},"loc":{"start":{"line":7,"column":30},"end":{"line":18,"column":1}},"line":7},"1":{"name":"(anonymous_1)","decl":{"start":{"line":7,"column":30},"end":{"line":7,"column":31}},"loc":{"start":{"line":7,"column":42},"end":{"line":18,"column":1}},"line":7},"2":{"name":"(anonymous_2)","decl":{"start":{"line":12,"column":10},"end":{"line":12,"column":11}},"loc":{"start":{"line":12,"column":17},"end":{"line":14,"column":5}},"line":12},"3":{"name":"(anonymous_3)","decl":{"start":{"line":15,"column":11},"end":{"line":15,"column":12}},"loc":{"start":{"line":15,"column":17},"end":{"line":17,"column":5}},"line":15},"4":{"name":"(anonymous_4)","decl":{"start":{"line":28,"column":24},"end":{"line":28,"column":25}},"loc":{"start":{"line":28,"column":30},"end":{"line":51,"column":1}},"line":28},"5":{"name":"(anonymous_5)","decl":{"start":{"line":28,"column":30},"end":{"line":28,"column":31}},"loc":{"start":{"line":28,"column":42},"end":{"line":51,"column":1}},"line":28},"6":{"name":"(anonymous_6)","decl":{"start":{"line":34,"column":10},"end":{"line":34,"column":11}},"loc":{"start":{"line":34,"column":17},"end":{"line":36,"column":5}},"line":34},"7":{"name":"(anonymous_7)","decl":{"start":{"line":37,"column":11},"end":{"line":37,"column":12}},"loc":{"start":{"line":37,"column":17},"end":{"line":39,"column":5}},"line":37},"8":{"name":"(anonymous_8)","decl":{"start":{"line":43,"column":10},"end":{"line":43,"column":11}},"loc":{"start":{"line":43,"column":17},"end":{"line":45,"column":5}},"line":43},"9":{"name":"(anonymous_9)","decl":{"start":{"line":46,"column":11},"end":{"line":46,"column":12}},"loc":{"start":{"line":46,"column":17},"end":{"line":48,"column":5}},"line":46},"10":{"name":"(anonymous_10)","decl":{"start":{"line":58,"column":2},"end":{"line":58,"column":3}},"loc":{"start":{"line":62,"column":2},"end":{"line":79,"column":3}},"line":62},"11":{"name":"(anonymous_11)","decl":{"start":{"line":62,"column":2},"end":{"line":62,"column":3}},"loc":{"start":{"line":62,"column":14},"end":{"line":79,"column":3}},"line":62},"12":{"name":"(anonymous_12)","decl":{"start":{"line":67,"column":12},"end":{"line":67,"column":13}},"loc":{"start":{"line":67,"column":18},"end":{"line":70,"column":7}},"line":67},"13":{"name":"(anonymous_13)","decl":{"start":{"line":71,"column":13},"end":{"line":71,"column":14}},"loc":{"start":{"line":71,"column":18},"end":{"line":78,"column":7}},"line":71},"14":{"name":"(anonymous_14)","decl":{"start":{"line":85,"column":27},"end":{"line":85,"column":28}},"loc":{"start":{"line":85,"column":55},"end":{"line":125,"column":1}},"line":85},"15":{"name":"(anonymous_15)","decl":{"start":{"line":85,"column":55},"end":{"line":85,"column":56}},"loc":{"start":{"line":85,"column":67},"end":{"line":125,"column":1}},"line":85},"16":{"name":"(anonymous_16)","decl":{"start":{"line":89,"column":4},"end":{"line":89,"column":5}},"loc":{"start":{"line":89,"column":28},"end":{"line":89,"column":66}},"line":89},"17":{"name":"(anonymous_17)","decl":{"start":{"line":113,"column":10},"end":{"line":113,"column":11}},"loc":{"start":{"line":113,"column":16},"end":{"line":116,"column":5}},"line":113},"18":{"name":"(anonymous_18)","decl":{"start":{"line":117,"column":11},"end":{"line":117,"column":12}},"loc":{"start":{"line":117,"column":16},"end":{"line":124,"column":5}},"line":117},"19":{"name":"(anonymous_19)","decl":{"start":{"line":131,"column":24},"end":{"line":131,"column":25}},"loc":{"start":{"line":131,"column":52},"end":{"line":161,"column":1}},"line":131},"20":{"name":"(anonymous_20)","decl":{"start":{"line":131,"column":52},"end":{"line":131,"column":53}},"loc":{"start":{"line":131,"column":64},"end":{"line":161,"column":1}},"line":131},"21":{"name":"(anonymous_21)","decl":{"start":{"line":135,"column":4},"end":{"line":135,"column":5}},"loc":{"start":{"line":135,"column":28},"end":{"line":135,"column":66}},"line":135},"22":{"name":"(anonymous_22)","decl":{"start":{"line":150,"column":10},"end":{"line":150,"column":11}},"loc":{"start":{"line":150,"column":17},"end":{"line":152,"column":5}},"line":150},"23":{"name":"(anonymous_23)","decl":{"start":{"line":153,"column":11},"end":{"line":153,"column":12}},"loc":{"start":{"line":153,"column":16},"end":{"line":160,"column":5}},"line":153},"24":{"name":"(anonymous_24)","decl":{"start":{"line":167,"column":2},"end":{"line":167,"column":3}},"loc":{"start":{"line":168,"column":2},"end":{"line":181,"column":3}},"line":168},"25":{"name":"(anonymous_25)","decl":{"start":{"line":168,"column":2},"end":{"line":168,"column":3}},"loc":{"start":{"line":168,"column":14},"end":{"line":181,"column":3}},"line":168},"26":{"name":"(anonymous_26)","decl":{"start":{"line":171,"column":12},"end":{"line":171,"column":13}},"loc":{"start":{"line":171,"column":19},"end":{"line":173,"column":7}},"line":171},"27":{"name":"(anonymous_27)","decl":{"start":{"line":174,"column":13},"end":{"line":174,"column":14}},"loc":{"start":{"line":174,"column":18},"end":{"line":180,"column":7}},"line":174},"28":{"name":"(anonymous_28)","decl":{"start":{"line":188,"column":2},"end":{"line":188,"column":3}},"loc":{"start":{"line":188,"column":46},"end":{"line":204,"column":3}},"line":188},"29":{"name":"(anonymous_29)","decl":{"start":{"line":188,"column":46},"end":{"line":188,"column":47}},"loc":{"start":{"line":188,"column":58},"end":{"line":204,"column":3}},"line":188},"30":{"name":"(anonymous_30)","decl":{"start":{"line":194,"column":12},"end":{"line":194,"column":13}},"loc":{"start":{"line":194,"column":18},"end":{"line":196,"column":7}},"line":194},"31":{"name":"(anonymous_31)","decl":{"start":{"line":197,"column":13},"end":{"line":197,"column":14}},"loc":{"start":{"line":197,"column":18},"end":{"line":203,"column":7}},"line":197},"32":{"name":"(anonymous_32)","decl":{"start":{"line":208,"column":28},"end":{"line":208,"column":29}},"loc":{"start":{"line":208,"column":34},"end":{"line":221,"column":1}},"line":208},"33":{"name":"(anonymous_33)","decl":{"start":{"line":208,"column":34},"end":{"line":208,"column":35}},"loc":{"start":{"line":208,"column":46},"end":{"line":221,"column":1}},"line":208},"34":{"name":"(anonymous_34)","decl":{"start":{"line":211,"column":10},"end":{"line":211,"column":11}},"loc":{"start":{"line":211,"column":17},"end":{"line":213,"column":5}},"line":211},"35":{"name":"(anonymous_35)","decl":{"start":{"line":214,"column":11},"end":{"line":214,"column":12}},"loc":{"start":{"line":214,"column":16},"end":{"line":220,"column":5}},"line":214}},"branchMap":{"0":{"loc":{"start":{"line":60,"column":4},"end":{"line":60,"column":40}},"type":"default-arg","locations":[{"start":{"line":60,"column":38},"end":{"line":60,"column":40}}],"line":60},"1":{"loc":{"start":{"line":60,"column":6},"end":{"line":60,"column":33}},"type":"default-arg","locations":[{"start":{"line":60,"column":25},"end":{"line":60,"column":33}}],"line":60},"2":{"loc":{"start":{"line":73,"column":8},"end":{"line":75,"column":9}},"type":"if","locations":[{"start":{"line":73,"column":8},"end":{"line":75,"column":9}},{"start":{},"end":{}}],"line":73},"3":{"loc":{"start":{"line":89,"column":28},"end":{"line":89,"column":66}},"type":"cond-expr","locations":[{"start":{"line":89,"column":36},"end":{"line":89,"column":60}},{"start":{"line":89,"column":63},"end":{"line":89,"column":66}}],"line":89},"4":{"loc":{"start":{"line":92,"column":2},"end":{"line":94,"column":3}},"type":"if","locations":[{"start":{"line":92,"column":2},"end":{"line":94,"column":3}},{"start":{},"end":{}}],"line":92},"5":{"loc":{"start":{"line":95,"column":2},"end":{"line":97,"column":3}},"type":"if","locations":[{"start":{"line":95,"column":2},"end":{"line":97,"column":3}},{"start":{},"end":{}}],"line":95},"6":{"loc":{"start":{"line":99,"column":2},"end":{"line":109,"column":3}},"type":"if","locations":[{"start":{"line":99,"column":2},"end":{"line":109,"column":3}},{"start":{"line":107,"column":9},"end":{"line":109,"column":3}}],"line":99},"7":{"loc":{"start":{"line":100,"column":4},"end":{"line":106,"column":5}},"type":"if","locations":[{"start":{"line":100,"column":4},"end":{"line":106,"column":5}},{"start":{},"end":{}}],"line":100},"8":{"loc":{"start":{"line":100,"column":8},"end":{"line":100,"column":58}},"type":"binary-expr","locations":[{"start":{"line":100,"column":8},"end":{"line":100,"column":25}},{"start":{"line":100,"column":29},"end":{"line":100,"column":58}}],"line":100},"9":{"loc":{"start":{"line":119,"column":6},"end":{"line":121,"column":7}},"type":"if","locations":[{"start":{"line":119,"column":6},"end":{"line":121,"column":7}},{"start":{},"end":{}}],"line":119},"10":{"loc":{"start":{"line":135,"column":28},"end":{"line":135,"column":66}},"type":"cond-expr","locations":[{"start":{"line":135,"column":36},"end":{"line":135,"column":60}},{"start":{"line":135,"column":63},"end":{"line":135,"column":66}}],"line":135},"11":{"loc":{"start":{"line":139,"column":2},"end":{"line":146,"column":3}},"type":"if","locations":[{"start":{"line":139,"column":2},"end":{"line":146,"column":3}},{"start":{"line":144,"column":9},"end":{"line":146,"column":3}}],"line":139},"12":{"loc":{"start":{"line":140,"column":4},"end":{"line":143,"column":5}},"type":"if","locations":[{"start":{"line":140,"column":4},"end":{"line":143,"column":5}},{"start":{},"end":{}}],"line":140},"13":{"loc":{"start":{"line":140,"column":8},"end":{"line":140,"column":58}},"type":"binary-expr","locations":[{"start":{"line":140,"column":8},"end":{"line":140,"column":25}},{"start":{"line":140,"column":29},"end":{"line":140,"column":58}}],"line":140},"14":{"loc":{"start":{"line":155,"column":6},"end":{"line":157,"column":7}},"type":"if","locations":[{"start":{"line":155,"column":6},"end":{"line":157,"column":7}},{"start":{},"end":{}}],"line":155},"15":{"loc":{"start":{"line":167,"column":20},"end":{"line":167,"column":32}},"type":"default-arg","locations":[{"start":{"line":167,"column":30},"end":{"line":167,"column":32}}],"line":167},"16":{"loc":{"start":{"line":176,"column":8},"end":{"line":178,"column":9}},"type":"if","locations":[{"start":{"line":176,"column":8},"end":{"line":178,"column":9}},{"start":{},"end":{}}],"line":176},"17":{"loc":{"start":{"line":199,"column":8},"end":{"line":201,"column":9}},"type":"if","locations":[{"start":{"line":199,"column":8},"end":{"line":201,"column":9}},{"start":{},"end":{}}],"line":199},"18":{"loc":{"start":{"line":216,"column":6},"end":{"line":218,"column":7}},"type":"if","locations":[{"start":{"line":216,"column":6},"end":{"line":218,"column":7}},{"start":{},"end":{}}],"line":216}},"s":{"0":43,"1":43,"2":43,"3":43,"4":5,"5":5,"6":5,"7":1,"8":4,"9":43,"10":43,"11":43,"12":43,"13":43,"14":43,"15":43,"16":4,"17":4,"18":4,"19":4,"20":2,"21":2,"22":4,"23":2,"24":2,"25":4,"26":43,"27":43,"28":43,"29":43,"30":2,"31":2,"32":2,"33":1,"34":1,"35":1,"36":1,"37":1,"38":1,"39":43,"40":43,"41":43,"42":43,"43":4,"44":4,"45":4,"46":10,"47":4,"48":3,"49":4,"50":3,"51":4,"52":0,"53":0,"54":0,"55":4,"56":4,"57":3,"58":3,"59":1,"60":1,"61":1,"62":1,"63":43,"64":43,"65":43,"66":43,"67":3,"68":3,"69":3,"70":5,"71":3,"72":0,"73":0,"74":0,"75":3,"76":3,"77":2,"78":1,"79":1,"80":1,"81":1,"82":43,"83":43,"84":43,"85":19,"86":19,"87":18,"88":1,"89":1,"90":1,"91":1,"92":43,"93":43,"94":43,"95":2,"96":2,"97":1,"98":1,"99":1,"100":1,"101":1,"102":43,"103":43,"104":43,"105":15,"106":15,"107":14,"108":1,"109":1,"110":1,"111":1},"f":{"0":5,"1":5,"2":1,"3":4,"4":4,"5":4,"6":2,"7":2,"8":2,"9":2,"10":2,"11":2,"12":1,"13":1,"14":4,"15":4,"16":10,"17":3,"18":1,"19":3,"20":3,"21":5,"22":2,"23":1,"24":19,"25":19,"26":18,"27":1,"28":2,"29":2,"30":1,"31":1,"32":15,"33":15,"34":14,"35":1},"b":{"0":[1],"1":[1],"2":[1,0],"3":[8,2],"4":[3,1],"5":[3,1],"6":[0,4],"7":[0,0],"8":[0,0],"9":[1,0],"10":[4,1],"11":[0,3],"12":[0,0],"13":[0,0],"14":[1,0],"15":[2],"16":[1,0],"17":[1,0],"18":[1,0]},"_coverageSchema":"1a1c01bbd47fc00a2c39e90264f33305004495a9","hash":"f2770400b3dc65d90efd9b6cfda8a7c91ee9efec"}
,"/Users/tif/Code/eAPD/eAPD/packages/web/src/actions/aria.js": {"path":"/Users/tif/Code/eAPD/eAPD/packages/web/src/actions/aria.js","statementMap":{"0":{"start":{"line":1,"column":36},"end":{"line":1,"column":58}},"1":{"start":{"line":3,"column":40},"end":{"line":12,"column":1}},"2":{"start":{"line":3,"column":65},"end":{"line":12,"column":1}},"3":{"start":{"line":7,"column":2},"end":{"line":11,"column":5}},"4":{"start":{"line":14,"column":38},"end":{"line":17,"column":2}},"5":{"start":{"line":14,"column":45},"end":{"line":17,"column":1}},"6":{"start":{"line":19,"column":37},"end":{"line":23,"column":2}},"7":{"start":{"line":19,"column":44},"end":{"line":23,"column":1}},"8":{"start":{"line":25,"column":45},"end":{"line":28,"column":2}},"9":{"start":{"line":25,"column":55},"end":{"line":28,"column":1}}},"fnMap":{"0":{"name":"(anonymous_0)","decl":{"start":{"line":3,"column":40},"end":{"line":3,"column":41}},"loc":{"start":{"line":3,"column":65},"end":{"line":12,"column":1}},"line":3},"1":{"name":"(anonymous_1)","decl":{"start":{"line":3,"column":65},"end":{"line":3,"column":66}},"loc":{"start":{"line":6,"column":5},"end":{"line":12,"column":1}},"line":6},"2":{"name":"(anonymous_2)","decl":{"start":{"line":14,"column":38},"end":{"line":14,"column":39}},"loc":{"start":{"line":14,"column":45},"end":{"line":17,"column":1}},"line":14},"3":{"name":"(anonymous_3)","decl":{"start":{"line":19,"column":37},"end":{"line":19,"column":38}},"loc":{"start":{"line":19,"column":44},"end":{"line":23,"column":1}},"line":19},"4":{"name":"(anonymous_4)","decl":{"start":{"line":25,"column":45},"end":{"line":25,"column":46}},"loc":{"start":{"line":25,"column":55},"end":{"line":28,"column":1}},"line":25}},"branchMap":{},"s":{"0":62,"1":62,"2":1,"3":1,"4":62,"5":7,"6":62,"7":4,"8":62,"9":0},"f":{"0":1,"1":1,"2":7,"3":4,"4":0},"b":{},"_coverageSchema":"1a1c01bbd47fc00a2c39e90264f33305004495a9","hash":"f709a0013c85f5565cc51ea359e0371aa2d1d220"}
,"/Users/tif/Code/eAPD/eAPD/packages/web/src/actions/auth.js": {"path":"/Users/tif/Code/eAPD/eAPD/packages/web/src/actions/auth.js","statementMap":{"0":{"start":{"line":24,"column":34},"end":{"line":24,"column":54}},"1":{"start":{"line":25,"column":29},"end":{"line":25,"column":44}},"2":{"start":{"line":26,"column":31},"end":{"line":26,"column":48}},"3":{"start":{"line":27,"column":33},"end":{"line":27,"column":52}},"4":{"start":{"line":28,"column":38},"end":{"line":28,"column":62}},"5":{"start":{"line":29,"column":42},"end":{"line":29,"column":70}},"6":{"start":{"line":30,"column":41},"end":{"line":30,"column":68}},"7":{"start":{"line":31,"column":29},"end":{"line":31,"column":44}},"8":{"start":{"line":32,"column":29},"end":{"line":32,"column":44}},"9":{"start":{"line":33,"column":30},"end":{"line":33,"column":46}},"10":{"start":{"line":34,"column":30},"end":{"line":34,"column":46}},"11":{"start":{"line":36,"column":37},"end":{"line":36,"column":60}},"12":{"start":{"line":37,"column":36},"end":{"line":37,"column":58}},"13":{"start":{"line":38,"column":32},"end":{"line":38,"column":50}},"14":{"start":{"line":40,"column":31},"end":{"line":40,"column":48}},"15":{"start":{"line":41,"column":36},"end":{"line":41,"column":58}},"16":{"start":{"line":42,"column":39},"end":{"line":42,"column":64}},"17":{"start":{"line":43,"column":31},"end":{"line":43,"column":48}},"18":{"start":{"line":44,"column":33},"end":{"line":44,"column":52}},"19":{"start":{"line":46,"column":32},"end":{"line":46,"column":68}},"20":{"start":{"line":46,"column":39},"end":{"line":46,"column":67}},"21":{"start":{"line":47,"column":28},"end":{"line":47,"column":59}},"22":{"start":{"line":47,"column":35},"end":{"line":47,"column":58}},"23":{"start":{"line":48,"column":34},"end":{"line":48,"column":67}},"24":{"start":{"line":48,"column":41},"end":{"line":48,"column":66}},"25":{"start":{"line":49,"column":30},"end":{"line":52,"column":2}},"26":{"start":{"line":49,"column":57},"end":{"line":52,"column":1}},"27":{"start":{"line":53,"column":33},"end":{"line":56,"column":2}},"28":{"start":{"line":53,"column":51},"end":{"line":56,"column":1}},"29":{"start":{"line":57,"column":33},"end":{"line":60,"column":2}},"30":{"start":{"line":57,"column":69},"end":{"line":60,"column":1}},"31":{"start":{"line":61,"column":32},"end":{"line":61,"column":67}},"32":{"start":{"line":61,"column":39},"end":{"line":61,"column":66}},"33":{"start":{"line":62,"column":29},"end":{"line":62,"column":60}},"34":{"start":{"line":62,"column":36},"end":{"line":62,"column":59}},"35":{"start":{"line":63,"column":25},"end":{"line":63,"column":66}},"36":{"start":{"line":63,"column":35},"end":{"line":63,"column":65}},"37":{"start":{"line":64,"column":29},"end":{"line":64,"column":61}},"38":{"start":{"line":64,"column":36},"end":{"line":64,"column":60}},"39":{"start":{"line":65,"column":30},"end":{"line":65,"column":62}},"40":{"start":{"line":65,"column":37},"end":{"line":65,"column":61}},"41":{"start":{"line":66,"column":36},"end":{"line":66,"column":75}},"42":{"start":{"line":66,"column":43},"end":{"line":66,"column":74}},"43":{"start":{"line":67,"column":30},"end":{"line":67,"column":78}},"44":{"start":{"line":67,"column":39},"end":{"line":67,"column":77}},"45":{"start":{"line":68,"column":33},"end":{"line":68,"column":66}},"46":{"start":{"line":68,"column":40},"end":{"line":68,"column":65}},"47":{"start":{"line":69,"column":32},"end":{"line":69,"column":70}},"48":{"start":{"line":69,"column":39},"end":{"line":69,"column":69}},"49":{"start":{"line":70,"column":37},"end":{"line":70,"column":78}},"50":{"start":{"line":70,"column":44},"end":{"line":70,"column":77}},"51":{"start":{"line":71,"column":38},"end":{"line":71,"column":71}},"52":{"start":{"line":71,"column":45},"end":{"line":71,"column":70}},"53":{"start":{"line":72,"column":39},"end":{"line":75,"column":2}},"54":{"start":{"line":72,"column":53},"end":{"line":75,"column":1}},"55":{"start":{"line":77,"column":17},"end":{"line":81,"column":1}},"56":{"start":{"line":77,"column":31},"end":{"line":81,"column":1}},"57":{"start":{"line":78,"column":2},"end":{"line":80,"column":3}},"58":{"start":{"line":79,"column":4},"end":{"line":79,"column":29}},"59":{"start":{"line":83,"column":26},"end":{"line":104,"column":1}},"60":{"start":{"line":83,"column":32},"end":{"line":104,"column":1}},"61":{"start":{"line":84,"column":2},"end":{"line":103,"column":5}},"62":{"start":{"line":90,"column":10},"end":{"line":90,"column":20}},"63":{"start":{"line":91,"column":6},"end":{"line":101,"column":7}},"64":{"start":{"line":94,"column":26},"end":{"line":94,"column":45}},"65":{"start":{"line":95,"column":8},"end":{"line":95,"column":53}},"66":{"start":{"line":100,"column":8},"end":{"line":100,"column":37}},"67":{"start":{"line":107,"column":2},"end":{"line":124,"column":3}},"68":{"start":{"line":108,"column":2},"end":{"line":124,"column":3}},"69":{"start":{"line":109,"column":21},"end":{"line":121,"column":8}},"70":{"start":{"line":112,"column":8},"end":{"line":114,"column":9}},"71":{"start":{"line":113,"column":10},"end":{"line":113,"column":34}},"72":{"start":{"line":116,"column":8},"end":{"line":116,"column":19}},"73":{"start":{"line":119,"column":8},"end":{"line":119,"column":43}},"74":{"start":{"line":120,"column":8},"end":{"line":120,"column":20}},"75":{"start":{"line":123,"column":4},"end":{"line":123,"column":43}},"76":{"start":{"line":126,"column":22},"end":{"line":133,"column":1}},"77":{"start":{"line":126,"column":28},"end":{"line":133,"column":1}},"78":{"start":{"line":127,"column":2},"end":{"line":127,"column":28}},"79":{"start":{"line":128,"column":2},"end":{"line":132,"column":21}},"80":{"start":{"line":130,"column":6},"end":{"line":130,"column":33}},"81":{"start":{"line":135,"column":29},"end":{"line":142,"column":1}},"82":{"start":{"line":135,"column":35},"end":{"line":142,"column":1}},"83":{"start":{"line":136,"column":2},"end":{"line":136,"column":36}},"84":{"start":{"line":137,"column":20},"end":{"line":137,"column":39}},"85":{"start":{"line":138,"column":2},"end":{"line":138,"column":47}},"86":{"start":{"line":139,"column":2},"end":{"line":139,"column":32}},"87":{"start":{"line":140,"column":2},"end":{"line":140,"column":37}},"88":{"start":{"line":141,"column":2},"end":{"line":141,"column":19}},"89":{"start":{"line":144,"column":25},"end":{"line":169,"column":1}},"90":{"start":{"line":144,"column":55},"end":{"line":169,"column":1}},"91":{"start":{"line":145,"column":17},"end":{"line":145,"column":45}},"92":{"start":{"line":146,"column":2},"end":{"line":167,"column":3}},"93":{"start":{"line":148,"column":6},"end":{"line":153,"column":31}},"94":{"start":{"line":155,"column":4},"end":{"line":166,"column":5}},"95":{"start":{"line":156,"column":6},"end":{"line":158,"column":8}},"96":{"start":{"line":159,"column":6},"end":{"line":164,"column":7}},"97":{"start":{"line":163,"column":8},"end":{"line":163,"column":42}},"98":{"start":{"line":165,"column":6},"end":{"line":165,"column":35}},"99":{"start":{"line":168,"column":2},"end":{"line":168,"column":14}},"100":{"start":{"line":171,"column":27},"end":{"line":173,"column":1}},"101":{"start":{"line":171,"column":42},"end":{"line":173,"column":1}},"102":{"start":{"line":172,"column":2},"end":{"line":172,"column":43}},"103":{"start":{"line":175,"column":30},"end":{"line":202,"column":1}},"104":{"start":{"line":175,"column":46},"end":{"line":202,"column":1}},"105":{"start":{"line":176,"column":2},"end":{"line":176,"column":32}},"106":{"start":{"line":177,"column":2},"end":{"line":180,"column":3}},"107":{"start":{"line":178,"column":22},"end":{"line":178,"column":51}},"108":{"start":{"line":179,"column":4},"end":{"line":179,"column":49}},"109":{"start":{"line":181,"column":2},"end":{"line":181,"column":32}},"110":{"start":{"line":183,"column":15},"end":{"line":183,"column":47}},"111":{"start":{"line":185,"column":2},"end":{"line":187,"column":3}},"112":{"start":{"line":186,"column":4},"end":{"line":186,"column":20}},"113":{"start":{"line":188,"column":2},"end":{"line":191,"column":3}},"114":{"start":{"line":189,"column":4},"end":{"line":189,"column":37}},"115":{"start":{"line":190,"column":4},"end":{"line":190,"column":41}},"116":{"start":{"line":192,"column":2},"end":{"line":199,"column":3}},"117":{"start":{"line":193,"column":4},"end":{"line":193,"column":35}},"118":{"start":{"line":194,"column":4},"end":{"line":194,"column":30}},"119":{"start":{"line":195,"column":4},"end":{"line":197,"column":5}},"120":{"start":{"line":196,"column":6},"end":{"line":196,"column":42}},"121":{"start":{"line":198,"column":4},"end":{"line":198,"column":15}},"122":{"start":{"line":200,"column":2},"end":{"line":200,"column":33}},"123":{"start":{"line":201,"column":2},"end":{"line":201,"column":38}},"124":{"start":{"line":210,"column":2},"end":{"line":254,"column":3}},"125":{"start":{"line":211,"column":2},"end":{"line":254,"column":3}},"126":{"start":{"line":212,"column":4},"end":{"line":212,"column":33}},"127":{"start":{"line":214,"column":23},"end":{"line":214,"column":49}},"128":{"start":{"line":216,"column":4},"end":{"line":231,"column":5}},"129":{"start":{"line":217,"column":28},"end":{"line":217,"column":49}},"130":{"start":{"line":218,"column":38},"end":{"line":218,"column":67}},"131":{"start":{"line":220,"column":6},"end":{"line":230,"column":7}},"132":{"start":{"line":225,"column":8},"end":{"line":225,"column":48}},"133":{"start":{"line":226,"column":8},"end":{"line":226,"column":34}},"134":{"start":{"line":227,"column":8},"end":{"line":229,"column":9}},"135":{"start":{"line":228,"column":10},"end":{"line":228,"column":55}},"136":{"start":{"line":233,"column":4},"end":{"line":252,"column":5}},"137":{"start":{"line":234,"column":6},"end":{"line":234,"column":36}},"138":{"start":{"line":235,"column":24},"end":{"line":235,"column":43}},"139":{"start":{"line":236,"column":6},"end":{"line":249,"column":7}},"140":{"start":{"line":237,"column":8},"end":{"line":237,"column":53}},"141":{"start":{"line":238,"column":8},"end":{"line":238,"column":38}},"142":{"start":{"line":239,"column":21},"end":{"line":239,"column":60}},"143":{"start":{"line":240,"column":8},"end":{"line":242,"column":9}},"144":{"start":{"line":241,"column":10},"end":{"line":241,"column":36}},"145":{"start":{"line":243,"column":8},"end":{"line":243,"column":39}},"146":{"start":{"line":244,"column":8},"end":{"line":244,"column":34}},"147":{"start":{"line":245,"column":8},"end":{"line":247,"column":9}},"148":{"start":{"line":246,"column":10},"end":{"line":246,"column":46}},"149":{"start":{"line":248,"column":8},"end":{"line":248,"column":20}},"150":{"start":{"line":250,"column":6},"end":{"line":250,"column":25}},"151":{"start":{"line":251,"column":6},"end":{"line":251,"column":18}},"152":{"start":{"line":253,"column":4},"end":{"line":253,"column":16}},"153":{"start":{"line":256,"column":27},"end":{"line":267,"column":1}},"154":{"start":{"line":256,"column":35},"end":{"line":267,"column":1}},"155":{"start":{"line":257,"column":22},"end":{"line":257,"column":57}},"156":{"start":{"line":259,"column":30},"end":{"line":261,"column":4}},"157":{"start":{"line":263,"column":2},"end":{"line":265,"column":3}},"158":{"start":{"line":264,"column":4},"end":{"line":264,"column":77}},"159":{"start":{"line":266,"column":2},"end":{"line":266,"column":14}},"160":{"start":{"line":269,"column":21},"end":{"line":315,"column":1}},"161":{"start":{"line":269,"column":45},"end":{"line":315,"column":1}},"162":{"start":{"line":270,"column":2},"end":{"line":270,"column":27}},"163":{"start":{"line":271,"column":2},"end":{"line":314,"column":7}},"164":{"start":{"line":273,"column":6},"end":{"line":276,"column":7}},"165":{"start":{"line":275,"column":8},"end":{"line":275,"column":55}},"166":{"start":{"line":278,"column":6},"end":{"line":282,"column":7}},"167":{"start":{"line":279,"column":8},"end":{"line":279,"column":42}},"168":{"start":{"line":281,"column":8},"end":{"line":281,"column":35}},"169":{"start":{"line":285,"column":6},"end":{"line":290,"column":7}},"170":{"start":{"line":286,"column":24},"end":{"line":286,"column":56}},"171":{"start":{"line":287,"column":8},"end":{"line":287,"column":42}},"172":{"start":{"line":289,"column":8},"end":{"line":289,"column":35}},"173":{"start":{"line":292,"column":6},"end":{"line":304,"column":7}},"174":{"start":{"line":293,"column":26},"end":{"line":295,"column":9}},"175":{"start":{"line":294,"column":20},"end":{"line":294,"column":78}},"176":{"start":{"line":297,"column":8},"end":{"line":297,"column":79}},"177":{"start":{"line":297,"column":24},"end":{"line":297,"column":79}},"178":{"start":{"line":299,"column":8},"end":{"line":303,"column":11}},"179":{"start":{"line":300,"column":10},"end":{"line":300,"column":41}},"180":{"start":{"line":302,"column":10},"end":{"line":302,"column":37}},"181":{"start":{"line":306,"column":6},"end":{"line":308,"column":7}},"182":{"start":{"line":307,"column":8},"end":{"line":307,"column":65}},"183":{"start":{"line":309,"column":6},"end":{"line":309,"column":18}},"184":{"start":{"line":312,"column":6},"end":{"line":312,"column":41}},"185":{"start":{"line":313,"column":6},"end":{"line":313,"column":18}},"186":{"start":{"line":317,"column":24},"end":{"line":350,"column":1}},"187":{"start":{"line":317,"column":31},"end":{"line":350,"column":1}},"188":{"start":{"line":318,"column":2},"end":{"line":318,"column":31}},"189":{"start":{"line":319,"column":22},"end":{"line":319,"column":57}},"190":{"start":{"line":320,"column":2},"end":{"line":347,"column":3}},"191":{"start":{"line":321,"column":4},"end":{"line":346,"column":9}},"192":{"start":{"line":323,"column":8},"end":{"line":325,"column":9}},"193":{"start":{"line":324,"column":10},"end":{"line":324,"column":57}},"194":{"start":{"line":326,"column":8},"end":{"line":328,"column":9}},"195":{"start":{"line":327,"column":10},"end":{"line":327,"column":63}},"196":{"start":{"line":329,"column":8},"end":{"line":329,"column":47}},"197":{"start":{"line":330,"column":8},"end":{"line":330,"column":20}},"198":{"start":{"line":333,"column":23},"end":{"line":333,"column":52}},"199":{"start":{"line":334,"column":8},"end":{"line":338,"column":9}},"200":{"start":{"line":335,"column":10},"end":{"line":335,"column":46}},"201":{"start":{"line":337,"column":10},"end":{"line":337,"column":39}},"202":{"start":{"line":339,"column":8},"end":{"line":343,"column":9}},"203":{"start":{"line":340,"column":10},"end":{"line":340,"column":44}},"204":{"start":{"line":342,"column":10},"end":{"line":342,"column":37}},"205":{"start":{"line":344,"column":8},"end":{"line":344,"column":47}},"206":{"start":{"line":345,"column":8},"end":{"line":345,"column":20}},"207":{"start":{"line":348,"column":2},"end":{"line":348,"column":41}},"208":{"start":{"line":349,"column":2},"end":{"line":349,"column":14}},"209":{"start":{"line":352,"column":35},"end":{"line":366,"column":1}},"210":{"start":{"line":352,"column":45},"end":{"line":366,"column":1}},"211":{"start":{"line":353,"column":22},"end":{"line":353,"column":26}},"212":{"start":{"line":354,"column":2},"end":{"line":360,"column":4}},"213":{"start":{"line":356,"column":6},"end":{"line":358,"column":9}},"214":{"start":{"line":357,"column":8},"end":{"line":357,"column":54}},"215":{"start":{"line":361,"column":2},"end":{"line":364,"column":3}},"216":{"start":{"line":362,"column":4},"end":{"line":362,"column":39}},"217":{"start":{"line":363,"column":4},"end":{"line":363,"column":16}},"218":{"start":{"line":365,"column":2},"end":{"line":365,"column":41}},"219":{"start":{"line":368,"column":37},"end":{"line":370,"column":1}},"220":{"start":{"line":368,"column":43},"end":{"line":370,"column":1}},"221":{"start":{"line":369,"column":2},"end":{"line":369,"column":43}},"222":{"start":{"line":372,"column":33},"end":{"line":391,"column":1}},"223":{"start":{"line":372,"column":50},"end":{"line":391,"column":1}},"224":{"start":{"line":373,"column":2},"end":{"line":390,"column":7}},"225":{"start":{"line":377,"column":6},"end":{"line":377,"column":30}},"226":{"start":{"line":378,"column":22},"end":{"line":378,"column":45}},"227":{"start":{"line":379,"column":6},"end":{"line":379,"column":40}},"228":{"start":{"line":380,"column":6},"end":{"line":382,"column":7}},"229":{"start":{"line":381,"column":8},"end":{"line":381,"column":47}},"230":{"start":{"line":383,"column":6},"end":{"line":383,"column":32}},"231":{"start":{"line":384,"column":6},"end":{"line":384,"column":17}},"232":{"start":{"line":387,"column":28},"end":{"line":387,"column":57}},"233":{"start":{"line":388,"column":6},"end":{"line":388,"column":41}},"234":{"start":{"line":389,"column":6},"end":{"line":389,"column":18}}},"fnMap":{"0":{"name":"(anonymous_0)","decl":{"start":{"line":46,"column":32},"end":{"line":46,"column":33}},"loc":{"start":{"line":46,"column":39},"end":{"line":46,"column":67}},"line":46},"1":{"name":"(anonymous_1)","decl":{"start":{"line":47,"column":28},"end":{"line":47,"column":29}},"loc":{"start":{"line":47,"column":35},"end":{"line":47,"column":58}},"line":47},"2":{"name":"(anonymous_2)","decl":{"start":{"line":48,"column":34},"end":{"line":48,"column":35}},"loc":{"start":{"line":48,"column":41},"end":{"line":48,"column":66}},"line":48},"3":{"name":"(anonymous_3)","decl":{"start":{"line":49,"column":30},"end":{"line":49,"column":31}},"loc":{"start":{"line":49,"column":57},"end":{"line":52,"column":1}},"line":49},"4":{"name":"(anonymous_4)","decl":{"start":{"line":53,"column":33},"end":{"line":53,"column":34}},"loc":{"start":{"line":53,"column":51},"end":{"line":56,"column":1}},"line":53},"5":{"name":"(anonymous_5)","decl":{"start":{"line":57,"column":33},"end":{"line":57,"column":34}},"loc":{"start":{"line":57,"column":69},"end":{"line":60,"column":1}},"line":57},"6":{"name":"(anonymous_6)","decl":{"start":{"line":61,"column":32},"end":{"line":61,"column":33}},"loc":{"start":{"line":61,"column":39},"end":{"line":61,"column":66}},"line":61},"7":{"name":"(anonymous_7)","decl":{"start":{"line":62,"column":29},"end":{"line":62,"column":30}},"loc":{"start":{"line":62,"column":36},"end":{"line":62,"column":59}},"line":62},"8":{"name":"(anonymous_8)","decl":{"start":{"line":63,"column":25},"end":{"line":63,"column":26}},"loc":{"start":{"line":63,"column":35},"end":{"line":63,"column":65}},"line":63},"9":{"name":"(anonymous_9)","decl":{"start":{"line":64,"column":29},"end":{"line":64,"column":30}},"loc":{"start":{"line":64,"column":36},"end":{"line":64,"column":60}},"line":64},"10":{"name":"(anonymous_10)","decl":{"start":{"line":65,"column":30},"end":{"line":65,"column":31}},"loc":{"start":{"line":65,"column":37},"end":{"line":65,"column":61}},"line":65},"11":{"name":"(anonymous_11)","decl":{"start":{"line":66,"column":36},"end":{"line":66,"column":37}},"loc":{"start":{"line":66,"column":43},"end":{"line":66,"column":74}},"line":66},"12":{"name":"(anonymous_12)","decl":{"start":{"line":67,"column":30},"end":{"line":67,"column":31}},"loc":{"start":{"line":67,"column":39},"end":{"line":67,"column":77}},"line":67},"13":{"name":"(anonymous_13)","decl":{"start":{"line":68,"column":33},"end":{"line":68,"column":34}},"loc":{"start":{"line":68,"column":40},"end":{"line":68,"column":65}},"line":68},"14":{"name":"(anonymous_14)","decl":{"start":{"line":69,"column":32},"end":{"line":69,"column":33}},"loc":{"start":{"line":69,"column":39},"end":{"line":69,"column":69}},"line":69},"15":{"name":"(anonymous_15)","decl":{"start":{"line":70,"column":37},"end":{"line":70,"column":38}},"loc":{"start":{"line":70,"column":44},"end":{"line":70,"column":77}},"line":70},"16":{"name":"(anonymous_16)","decl":{"start":{"line":71,"column":38},"end":{"line":71,"column":39}},"loc":{"start":{"line":71,"column":45},"end":{"line":71,"column":70}},"line":71},"17":{"name":"(anonymous_17)","decl":{"start":{"line":72,"column":39},"end":{"line":72,"column":40}},"loc":{"start":{"line":72,"column":53},"end":{"line":75,"column":1}},"line":72},"18":{"name":"(anonymous_18)","decl":{"start":{"line":77,"column":17},"end":{"line":77,"column":18}},"loc":{"start":{"line":77,"column":31},"end":{"line":81,"column":1}},"line":77},"19":{"name":"(anonymous_19)","decl":{"start":{"line":77,"column":31},"end":{"line":77,"column":32}},"loc":{"start":{"line":77,"column":43},"end":{"line":81,"column":1}},"line":77},"20":{"name":"(anonymous_20)","decl":{"start":{"line":83,"column":26},"end":{"line":83,"column":27}},"loc":{"start":{"line":83,"column":32},"end":{"line":104,"column":1}},"line":83},"21":{"name":"(anonymous_21)","decl":{"start":{"line":83,"column":32},"end":{"line":83,"column":33}},"loc":{"start":{"line":83,"column":56},"end":{"line":104,"column":1}},"line":83},"22":{"name":"(anonymous_22)","decl":{"start":{"line":85,"column":21},"end":{"line":85,"column":22}},"loc":{"start":{"line":85,"column":33},"end":{"line":102,"column":5}},"line":85},"23":{"name":"(anonymous_23)","decl":{"start":{"line":107,"column":2},"end":{"line":107,"column":3}},"loc":{"start":{"line":108,"column":2},"end":{"line":124,"column":3}},"line":108},"24":{"name":"(anonymous_24)","decl":{"start":{"line":108,"column":2},"end":{"line":108,"column":3}},"loc":{"start":{"line":108,"column":20},"end":{"line":124,"column":3}},"line":108},"25":{"name":"(anonymous_25)","decl":{"start":{"line":111,"column":12},"end":{"line":111,"column":13}},"loc":{"start":{"line":111,"column":19},"end":{"line":117,"column":7}},"line":111},"26":{"name":"(anonymous_26)","decl":{"start":{"line":118,"column":13},"end":{"line":118,"column":14}},"loc":{"start":{"line":118,"column":22},"end":{"line":121,"column":7}},"line":118},"27":{"name":"(anonymous_27)","decl":{"start":{"line":126,"column":22},"end":{"line":126,"column":23}},"loc":{"start":{"line":126,"column":28},"end":{"line":133,"column":1}},"line":126},"28":{"name":"(anonymous_28)","decl":{"start":{"line":126,"column":28},"end":{"line":126,"column":29}},"loc":{"start":{"line":126,"column":40},"end":{"line":133,"column":1}},"line":126},"29":{"name":"(anonymous_29)","decl":{"start":{"line":129,"column":10},"end":{"line":129,"column":11}},"loc":{"start":{"line":129,"column":16},"end":{"line":131,"column":5}},"line":129},"30":{"name":"(anonymous_30)","decl":{"start":{"line":132,"column":11},"end":{"line":132,"column":12}},"loc":{"start":{"line":132,"column":17},"end":{"line":132,"column":19}},"line":132},"31":{"name":"(anonymous_31)","decl":{"start":{"line":135,"column":29},"end":{"line":135,"column":30}},"loc":{"start":{"line":135,"column":35},"end":{"line":142,"column":1}},"line":135},"32":{"name":"(anonymous_32)","decl":{"start":{"line":135,"column":35},"end":{"line":135,"column":36}},"loc":{"start":{"line":135,"column":53},"end":{"line":142,"column":1}},"line":135},"33":{"name":"(anonymous_33)","decl":{"start":{"line":144,"column":25},"end":{"line":144,"column":26}},"loc":{"start":{"line":144,"column":55},"end":{"line":169,"column":1}},"line":144},"34":{"name":"(anonymous_34)","decl":{"start":{"line":144,"column":55},"end":{"line":144,"column":56}},"loc":{"start":{"line":144,"column":73},"end":{"line":169,"column":1}},"line":144},"35":{"name":"(anonymous_35)","decl":{"start":{"line":171,"column":27},"end":{"line":171,"column":28}},"loc":{"start":{"line":171,"column":42},"end":{"line":173,"column":1}},"line":171},"36":{"name":"(anonymous_36)","decl":{"start":{"line":171,"column":42},"end":{"line":171,"column":43}},"loc":{"start":{"line":171,"column":60},"end":{"line":173,"column":1}},"line":171},"37":{"name":"(anonymous_37)","decl":{"start":{"line":175,"column":30},"end":{"line":175,"column":31}},"loc":{"start":{"line":175,"column":46},"end":{"line":202,"column":1}},"line":175},"38":{"name":"(anonymous_38)","decl":{"start":{"line":175,"column":46},"end":{"line":175,"column":47}},"loc":{"start":{"line":175,"column":64},"end":{"line":202,"column":1}},"line":175},"39":{"name":"(anonymous_39)","decl":{"start":{"line":210,"column":2},"end":{"line":210,"column":3}},"loc":{"start":{"line":211,"column":2},"end":{"line":254,"column":3}},"line":211},"40":{"name":"(anonymous_40)","decl":{"start":{"line":211,"column":2},"end":{"line":211,"column":3}},"loc":{"start":{"line":211,"column":20},"end":{"line":254,"column":3}},"line":211},"41":{"name":"(anonymous_41)","decl":{"start":{"line":256,"column":27},"end":{"line":256,"column":28}},"loc":{"start":{"line":256,"column":35},"end":{"line":267,"column":1}},"line":256},"42":{"name":"(anonymous_42)","decl":{"start":{"line":256,"column":35},"end":{"line":256,"column":36}},"loc":{"start":{"line":256,"column":53},"end":{"line":267,"column":1}},"line":256},"43":{"name":"(anonymous_43)","decl":{"start":{"line":269,"column":21},"end":{"line":269,"column":22}},"loc":{"start":{"line":269,"column":45},"end":{"line":315,"column":1}},"line":269},"44":{"name":"(anonymous_44)","decl":{"start":{"line":269,"column":45},"end":{"line":269,"column":46}},"loc":{"start":{"line":269,"column":57},"end":{"line":315,"column":1}},"line":269},"45":{"name":"(anonymous_45)","decl":{"start":{"line":272,"column":10},"end":{"line":272,"column":11}},"loc":{"start":{"line":272,"column":23},"end":{"line":310,"column":5}},"line":272},"46":{"name":"(anonymous_46)","decl":{"start":{"line":294,"column":10},"end":{"line":294,"column":11}},"loc":{"start":{"line":294,"column":20},"end":{"line":294,"column":78}},"line":294},"47":{"name":"(anonymous_47)","decl":{"start":{"line":299,"column":42},"end":{"line":299,"column":43}},"loc":{"start":{"line":299,"column":48},"end":{"line":303,"column":9}},"line":299},"48":{"name":"(anonymous_48)","decl":{"start":{"line":311,"column":11},"end":{"line":311,"column":12}},"loc":{"start":{"line":311,"column":17},"end":{"line":314,"column":5}},"line":311},"49":{"name":"(anonymous_49)","decl":{"start":{"line":317,"column":24},"end":{"line":317,"column":25}},"loc":{"start":{"line":317,"column":31},"end":{"line":350,"column":1}},"line":317},"50":{"name":"(anonymous_50)","decl":{"start":{"line":317,"column":31},"end":{"line":317,"column":32}},"loc":{"start":{"line":317,"column":49},"end":{"line":350,"column":1}},"line":317},"51":{"name":"(anonymous_51)","decl":{"start":{"line":322,"column":12},"end":{"line":322,"column":13}},"loc":{"start":{"line":322,"column":42},"end":{"line":331,"column":7}},"line":322},"52":{"name":"(anonymous_52)","decl":{"start":{"line":332,"column":13},"end":{"line":332,"column":14}},"loc":{"start":{"line":332,"column":22},"end":{"line":346,"column":7}},"line":332},"53":{"name":"(anonymous_53)","decl":{"start":{"line":352,"column":35},"end":{"line":352,"column":36}},"loc":{"start":{"line":352,"column":45},"end":{"line":366,"column":1}},"line":352},"54":{"name":"(anonymous_54)","decl":{"start":{"line":352,"column":45},"end":{"line":352,"column":46}},"loc":{"start":{"line":352,"column":63},"end":{"line":366,"column":1}},"line":352},"55":{"name":"(anonymous_55)","decl":{"start":{"line":355,"column":15},"end":{"line":355,"column":16}},"loc":{"start":{"line":355,"column":30},"end":{"line":359,"column":5}},"line":355},"56":{"name":"(anonymous_56)","decl":{"start":{"line":356,"column":65},"end":{"line":356,"column":66}},"loc":{"start":{"line":356,"column":74},"end":{"line":358,"column":7}},"line":356},"57":{"name":"(anonymous_57)","decl":{"start":{"line":368,"column":37},"end":{"line":368,"column":38}},"loc":{"start":{"line":368,"column":43},"end":{"line":370,"column":1}},"line":368},"58":{"name":"(anonymous_58)","decl":{"start":{"line":368,"column":43},"end":{"line":368,"column":44}},"loc":{"start":{"line":368,"column":55},"end":{"line":370,"column":1}},"line":368},"59":{"name":"(anonymous_59)","decl":{"start":{"line":372,"column":33},"end":{"line":372,"column":34}},"loc":{"start":{"line":372,"column":50},"end":{"line":391,"column":1}},"line":372},"60":{"name":"(anonymous_60)","decl":{"start":{"line":372,"column":50},"end":{"line":372,"column":51}},"loc":{"start":{"line":372,"column":62},"end":{"line":391,"column":1}},"line":372},"61":{"name":"(anonymous_61)","decl":{"start":{"line":375,"column":10},"end":{"line":375,"column":11}},"loc":{"start":{"line":375,"column":17},"end":{"line":385,"column":5}},"line":375},"62":{"name":"(anonymous_62)","decl":{"start":{"line":386,"column":11},"end":{"line":386,"column":12}},"loc":{"start":{"line":386,"column":20},"end":{"line":390,"column":5}},"line":386}},"branchMap":{"0":{"loc":{"start":{"line":78,"column":2},"end":{"line":80,"column":3}},"type":"if","locations":[{"start":{"line":78,"column":2},"end":{"line":80,"column":3}},{"start":{},"end":{}}],"line":78},"1":{"loc":{"start":{"line":91,"column":6},"end":{"line":101,"column":7}},"type":"if","locations":[{"start":{"line":91,"column":6},"end":{"line":101,"column":7}},{"start":{"line":96,"column":13},"end":{"line":101,"column":7}}],"line":91},"2":{"loc":{"start":{"line":107,"column":3},"end":{"line":107,"column":15}},"type":"default-arg","locations":[{"start":{"line":107,"column":13},"end":{"line":107,"column":15}}],"line":107},"3":{"loc":{"start":{"line":112,"column":8},"end":{"line":114,"column":9}},"type":"if","locations":[{"start":{"line":112,"column":8},"end":{"line":114,"column":9}},{"start":{},"end":{}}],"line":112},"4":{"loc":{"start":{"line":123,"column":11},"end":{"line":123,"column":42}},"type":"cond-expr","locations":[{"start":{"line":123,"column":22},"end":{"line":123,"column":35}},{"start":{"line":123,"column":38},"end":{"line":123,"column":42}}],"line":123},"5":{"loc":{"start":{"line":146,"column":2},"end":{"line":167,"column":3}},"type":"if","locations":[{"start":{"line":146,"column":2},"end":{"line":167,"column":3}},{"start":{},"end":{}}],"line":146},"6":{"loc":{"start":{"line":148,"column":6},"end":{"line":153,"column":31}},"type":"cond-expr","locations":[{"start":{"line":150,"column":10},"end":{"line":152,"column":12}},{"start":{"line":153,"column":10},"end":{"line":153,"column":31}}],"line":148},"7":{"loc":{"start":{"line":148,"column":6},"end":{"line":149,"column":43}},"type":"binary-expr","locations":[{"start":{"line":148,"column":6},"end":{"line":148,"column":42}},{"start":{"line":149,"column":6},"end":{"line":149,"column":43}}],"line":148},"8":{"loc":{"start":{"line":155,"column":4},"end":{"line":166,"column":5}},"type":"if","locations":[{"start":{"line":155,"column":4},"end":{"line":166,"column":5}},{"start":{},"end":{}}],"line":155},"9":{"loc":{"start":{"line":159,"column":6},"end":{"line":164,"column":7}},"type":"if","locations":[{"start":{"line":159,"column":6},"end":{"line":164,"column":7}},{"start":{},"end":{}}],"line":159},"10":{"loc":{"start":{"line":160,"column":8},"end":{"line":161,"column":45}},"type":"binary-expr","locations":[{"start":{"line":160,"column":8},"end":{"line":160,"column":47}},{"start":{"line":161,"column":8},"end":{"line":161,"column":45}}],"line":160},"11":{"loc":{"start":{"line":177,"column":2},"end":{"line":180,"column":3}},"type":"if","locations":[{"start":{"line":177,"column":2},"end":{"line":180,"column":3}},{"start":{},"end":{}}],"line":177},"12":{"loc":{"start":{"line":185,"column":2},"end":{"line":187,"column":3}},"type":"if","locations":[{"start":{"line":185,"column":2},"end":{"line":187,"column":3}},{"start":{},"end":{}}],"line":185},"13":{"loc":{"start":{"line":188,"column":2},"end":{"line":191,"column":3}},"type":"if","locations":[{"start":{"line":188,"column":2},"end":{"line":191,"column":3}},{"start":{},"end":{}}],"line":188},"14":{"loc":{"start":{"line":188,"column":6},"end":{"line":188,"column":59}},"type":"binary-expr","locations":[{"start":{"line":188,"column":6},"end":{"line":188,"column":18}},{"start":{"line":188,"column":22},"end":{"line":188,"column":59}}],"line":188},"15":{"loc":{"start":{"line":192,"column":2},"end":{"line":199,"column":3}},"type":"if","locations":[{"start":{"line":192,"column":2},"end":{"line":199,"column":3}},{"start":{},"end":{}}],"line":192},"16":{"loc":{"start":{"line":195,"column":4},"end":{"line":197,"column":5}},"type":"if","locations":[{"start":{"line":195,"column":4},"end":{"line":197,"column":5}},{"start":{},"end":{}}],"line":195},"17":{"loc":{"start":{"line":210,"column":3},"end":{"line":210,"column":15}},"type":"default-arg","locations":[{"start":{"line":210,"column":13},"end":{"line":210,"column":15}}],"line":210},"18":{"loc":{"start":{"line":216,"column":4},"end":{"line":231,"column":5}},"type":"if","locations":[{"start":{"line":216,"column":4},"end":{"line":231,"column":5}},{"start":{},"end":{}}],"line":216},"19":{"loc":{"start":{"line":220,"column":6},"end":{"line":230,"column":7}},"type":"if","locations":[{"start":{"line":220,"column":6},"end":{"line":230,"column":7}},{"start":{},"end":{}}],"line":220},"20":{"loc":{"start":{"line":221,"column":8},"end":{"line":223,"column":60}},"type":"binary-expr","locations":[{"start":{"line":221,"column":8},"end":{"line":221,"column":25}},{"start":{"line":222,"column":8},"end":{"line":222,"column":51}},{"start":{"line":223,"column":8},"end":{"line":223,"column":60}}],"line":221},"21":{"loc":{"start":{"line":227,"column":8},"end":{"line":229,"column":9}},"type":"if","locations":[{"start":{"line":227,"column":8},"end":{"line":229,"column":9}},{"start":{},"end":{}}],"line":227},"22":{"loc":{"start":{"line":233,"column":4},"end":{"line":252,"column":5}},"type":"if","locations":[{"start":{"line":233,"column":4},"end":{"line":252,"column":5}},{"start":{},"end":{}}],"line":233},"23":{"loc":{"start":{"line":236,"column":6},"end":{"line":249,"column":7}},"type":"if","locations":[{"start":{"line":236,"column":6},"end":{"line":249,"column":7}},{"start":{},"end":{}}],"line":236},"24":{"loc":{"start":{"line":240,"column":8},"end":{"line":242,"column":9}},"type":"if","locations":[{"start":{"line":240,"column":8},"end":{"line":242,"column":9}},{"start":{},"end":{}}],"line":240},"25":{"loc":{"start":{"line":245,"column":8},"end":{"line":247,"column":9}},"type":"if","locations":[{"start":{"line":245,"column":8},"end":{"line":247,"column":9}},{"start":{},"end":{}}],"line":245},"26":{"loc":{"start":{"line":263,"column":2},"end":{"line":265,"column":3}},"type":"if","locations":[{"start":{"line":263,"column":2},"end":{"line":265,"column":3}},{"start":{},"end":{}}],"line":263},"27":{"loc":{"start":{"line":273,"column":6},"end":{"line":276,"column":7}},"type":"if","locations":[{"start":{"line":273,"column":6},"end":{"line":276,"column":7}},{"start":{},"end":{}}],"line":273},"28":{"loc":{"start":{"line":278,"column":6},"end":{"line":282,"column":7}},"type":"if","locations":[{"start":{"line":278,"column":6},"end":{"line":282,"column":7}},{"start":{},"end":{}}],"line":278},"29":{"loc":{"start":{"line":285,"column":6},"end":{"line":290,"column":7}},"type":"if","locations":[{"start":{"line":285,"column":6},"end":{"line":290,"column":7}},{"start":{},"end":{}}],"line":285},"30":{"loc":{"start":{"line":292,"column":6},"end":{"line":304,"column":7}},"type":"if","locations":[{"start":{"line":292,"column":6},"end":{"line":304,"column":7}},{"start":{},"end":{}}],"line":292},"31":{"loc":{"start":{"line":294,"column":20},"end":{"line":294,"column":78}},"type":"binary-expr","locations":[{"start":{"line":294,"column":20},"end":{"line":294,"column":46}},{"start":{"line":294,"column":50},"end":{"line":294,"column":78}}],"line":294},"32":{"loc":{"start":{"line":297,"column":8},"end":{"line":297,"column":79}},"type":"if","locations":[{"start":{"line":297,"column":8},"end":{"line":297,"column":79}},{"start":{},"end":{}}],"line":297},"33":{"loc":{"start":{"line":306,"column":6},"end":{"line":308,"column":7}},"type":"if","locations":[{"start":{"line":306,"column":6},"end":{"line":308,"column":7}},{"start":{},"end":{}}],"line":306},"34":{"loc":{"start":{"line":320,"column":2},"end":{"line":347,"column":3}},"type":"if","locations":[{"start":{"line":320,"column":2},"end":{"line":347,"column":3}},{"start":{},"end":{}}],"line":320},"35":{"loc":{"start":{"line":323,"column":8},"end":{"line":325,"column":9}},"type":"if","locations":[{"start":{"line":323,"column":8},"end":{"line":325,"column":9}},{"start":{},"end":{}}],"line":323},"36":{"loc":{"start":{"line":326,"column":8},"end":{"line":328,"column":9}},"type":"if","locations":[{"start":{"line":326,"column":8},"end":{"line":328,"column":9}},{"start":{},"end":{}}],"line":326},"37":{"loc":{"start":{"line":333,"column":23},"end":{"line":333,"column":52}},"type":"cond-expr","locations":[{"start":{"line":333,"column":31},"end":{"line":333,"column":44}},{"start":{"line":333,"column":47},"end":{"line":333,"column":52}}],"line":333},"38":{"loc":{"start":{"line":334,"column":8},"end":{"line":338,"column":9}},"type":"if","locations":[{"start":{"line":334,"column":8},"end":{"line":338,"column":9}},{"start":{},"end":{}}],"line":334},"39":{"loc":{"start":{"line":339,"column":8},"end":{"line":343,"column":9}},"type":"if","locations":[{"start":{"line":339,"column":8},"end":{"line":343,"column":9}},{"start":{},"end":{}}],"line":339},"40":{"loc":{"start":{"line":357,"column":24},"end":{"line":357,"column":53}},"type":"cond-expr","locations":[{"start":{"line":357,"column":32},"end":{"line":357,"column":45}},{"start":{"line":357,"column":48},"end":{"line":357,"column":53}}],"line":357},"41":{"loc":{"start":{"line":361,"column":2},"end":{"line":364,"column":3}},"type":"if","locations":[{"start":{"line":361,"column":2},"end":{"line":364,"column":3}},{"start":{},"end":{}}],"line":361},"42":{"loc":{"start":{"line":380,"column":6},"end":{"line":382,"column":7}},"type":"if","locations":[{"start":{"line":380,"column":6},"end":{"line":382,"column":7}},{"start":{},"end":{}}],"line":380},"43":{"loc":{"start":{"line":387,"column":28},"end":{"line":387,"column":57}},"type":"cond-expr","locations":[{"start":{"line":387,"column":36},"end":{"line":387,"column":49}},{"start":{"line":387,"column":52},"end":{"line":387,"column":57}}],"line":387}},"s":{"0":41,"1":41,"2":41,"3":41,"4":41,"5":41,"6":41,"7":41,"8":41,"9":41,"10":41,"11":41,"12":41,"13":41,"14":41,"15":41,"16":41,"17":41,"18":41,"19":41,"20":3,"21":41,"22":11,"23":41,"24":2,"25":41,"26":1,"27":41,"28":2,"29":41,"30":5,"31":41,"32":11,"33":41,"34":7,"35":41,"36":17,"37":41,"38":5,"39":41,"40":5,"41":41,"42":1,"43":41,"44":6,"45":41,"46":7,"47":41,"48":0,"49":41,"50":1,"51":41,"52":1,"53":41,"54":6,"55":41,"56":4,"57":4,"58":0,"59":41,"60":8,"61":8,"62":0,"63":0,"64":0,"65":0,"66":0,"67":41,"68":6,"69":6,"70":5,"71":0,"72":5,"73":1,"74":1,"75":6,"76":41,"77":4,"78":4,"79":4,"80":4,"81":41,"82":1,"83":1,"84":1,"85":1,"86":1,"87":1,"88":1,"89":41,"90":7,"91":7,"92":7,"93":6,"94":6,"95":5,"96":5,"97":1,"98":4,"99":2,"100":41,"101":2,"102":2,"103":41,"104":5,"105":5,"106":5,"107":4,"108":4,"109":5,"110":5,"111":5,"112":1,"113":4,"114":1,"115":1,"116":3,"117":3,"118":3,"119":3,"120":3,"121":3,"122":0,"123":0,"124":41,"125":3,"126":3,"127":3,"128":3,"129":0,"130":0,"131":0,"132":0,"133":0,"134":0,"135":0,"136":3,"137":3,"138":3,"139":3,"140":1,"141":1,"142":1,"143":1,"144":0,"145":1,"146":1,"147":1,"148":1,"149":1,"150":2,"151":2,"152":0,"153":41,"154":2,"155":2,"156":2,"157":2,"158":1,"159":1,"160":41,"161":10,"162":10,"163":10,"164":9,"165":1,"166":8,"167":1,"168":1,"169":7,"170":1,"171":1,"172":1,"173":6,"174":2,"175":2,"176":2,"177":1,"178":1,"179":1,"180":1,"181":4,"182":3,"183":1,"184":2,"185":2,"186":41,"187":10,"188":10,"189":10,"190":10,"191":9,"192":5,"193":1,"194":4,"195":1,"196":3,"197":3,"198":4,"199":4,"200":1,"201":1,"202":3,"203":1,"204":1,"205":2,"206":2,"207":1,"208":1,"209":41,"210":4,"211":4,"212":4,"213":8,"214":2,"215":4,"216":2,"217":2,"218":2,"219":41,"220":0,"221":0,"222":41,"223":2,"224":2,"225":2,"226":2,"227":2,"228":2,"229":0,"230":2,"231":2,"232":0,"233":0,"234":0},"f":{"0":3,"1":11,"2":2,"3":1,"4":2,"5":5,"6":11,"7":7,"8":17,"9":5,"10":5,"11":1,"12":6,"13":7,"14":0,"15":1,"16":1,"17":6,"18":4,"19":4,"20":8,"21":8,"22":0,"23":6,"24":6,"25":5,"26":1,"27":4,"28":4,"29":4,"30":0,"31":1,"32":1,"33":7,"34":7,"35":2,"36":2,"37":5,"38":5,"39":3,"40":3,"41":2,"42":2,"43":10,"44":10,"45":9,"46":2,"47":1,"48":2,"49":10,"50":10,"51":5,"52":4,"53":4,"54":4,"55":8,"56":2,"57":0,"58":0,"59":2,"60":2,"61":2,"62":0},"b":{"0":[0,4],"1":[0,0],"2":[5],"3":[0,5],"4":[5,1],"5":[6,1],"6":[3,3],"7":[6,4],"8":[5,1],"9":[1,4],"10":[5,5],"11":[4,1],"12":[1,4],"13":[1,3],"14":[4,4],"15":[3,0],"16":[3,0],"17":[3],"18":[0,3],"19":[0,0],"20":[0,0,0],"21":[0,0],"22":[3,0],"23":[1,2],"24":[0,1],"25":[1,0],"26":[1,1],"27":[1,8],"28":[1,7],"29":[1,6],"30":[2,4],"31":[2,1],"32":[1,1],"33":[3,1],"34":[9,1],"35":[1,4],"36":[1,3],"37":[4,0],"38":[1,3],"39":[1,2],"40":[2,0],"41":[2,2],"42":[0,2],"43":[0,0]},"_coverageSchema":"1a1c01bbd47fc00a2c39e90264f33305004495a9","hash":"46c3248961662bff0f07faccc2c1c6b2ddf7c76c"}
,"/Users/tif/Code/eAPD/eAPD/packages/web/src/actions/budget.js": {"path":"/Users/tif/Code/eAPD/eAPD/packages/web/src/actions/budget.js","statementMap":{"0":{"start":{"line":1,"column":29},"end":{"line":1,"column":44}},"1":{"start":{"line":3,"column":28},"end":{"line":4,"column":54}},"2":{"start":{"line":3,"column":34},"end":{"line":4,"column":54}},"3":{"start":{"line":4,"column":2},"end":{"line":4,"column":54}}},"fnMap":{"0":{"name":"(anonymous_0)","decl":{"start":{"line":3,"column":28},"end":{"line":3,"column":29}},"loc":{"start":{"line":3,"column":34},"end":{"line":4,"column":54}},"line":3},"1":{"name":"(anonymous_1)","decl":{"start":{"line":3,"column":34},"end":{"line":3,"column":35}},"loc":{"start":{"line":4,"column":2},"end":{"line":4,"column":54}},"line":4}},"branchMap":{},"s":{"0":101,"1":101,"2":25,"3":25},"f":{"0":25,"1":25},"b":{},"_coverageSchema":"1a1c01bbd47fc00a2c39e90264f33305004495a9","hash":"57e2f58eedc4779e6cf666c81b3f399ffd16eead"}
,"/Users/tif/Code/eAPD/eAPD/packages/web/src/actions/app/apd.js": {"path":"/Users/tif/Code/eAPD/eAPD/packages/web/src/actions/app/apd.js","statementMap":{"0":{"start":{"line":40,"column":32},"end":{"line":40,"column":45}},"1":{"start":{"line":42,"column":23},"end":{"line":80,"column":1}},"2":{"start":{"line":42,"column":29},"end":{"line":80,"column":1}},"3":{"start":{"line":43,"column":16},"end":{"line":43,"column":26}},"4":{"start":{"line":44,"column":18},"end":{"line":44,"column":42}},"5":{"start":{"line":45,"column":2},"end":{"line":74,"column":3}},"6":{"start":{"line":46,"column":23},"end":{"line":46,"column":46}},"7":{"start":{"line":48,"column":4},"end":{"line":50,"column":5}},"8":{"start":{"line":49,"column":6},"end":{"line":49,"column":31}},"9":{"start":{"line":52,"column":4},"end":{"line":52,"column":41}},"10":{"start":{"line":54,"column":26},"end":{"line":54,"column":46}},"11":{"start":{"line":55,"column":20},"end":{"line":55,"column":40}},"12":{"start":{"line":57,"column":4},"end":{"line":73,"column":9}},"13":{"start":{"line":60,"column":8},"end":{"line":60,"column":65}},"14":{"start":{"line":61,"column":8},"end":{"line":61,"column":28}},"15":{"start":{"line":64,"column":8},"end":{"line":71,"column":9}},"16":{"start":{"line":65,"column":10},"end":{"line":68,"column":13}},"17":{"start":{"line":70,"column":10},"end":{"line":70,"column":47}},"18":{"start":{"line":72,"column":8},"end":{"line":72,"column":20}},"19":{"start":{"line":75,"column":2},"end":{"line":78,"column":5}},"20":{"start":{"line":79,"column":2},"end":{"line":79,"column":14}},"21":{"start":{"line":83,"column":2},"end":{"line":124,"column":3}},"22":{"start":{"line":84,"column":2},"end":{"line":124,"column":3}},"23":{"start":{"line":85,"column":4},"end":{"line":85,"column":43}},"24":{"start":{"line":86,"column":4},"end":{"line":86,"column":39}},"25":{"start":{"line":88,"column":4},"end":{"line":123,"column":9}},"26":{"start":{"line":91,"column":8},"end":{"line":91,"column":62}},"27":{"start":{"line":92,"column":8},"end":{"line":95,"column":11}},"28":{"start":{"line":100,"column":8},"end":{"line":106,"column":9}},"29":{"start":{"line":101,"column":10},"end":{"line":105,"column":13}},"30":{"start":{"line":108,"column":8},"end":{"line":108,"column":33}},"31":{"start":{"line":109,"column":8},"end":{"line":109,"column":35}},"32":{"start":{"line":110,"column":8},"end":{"line":110,"column":42}},"33":{"start":{"line":112,"column":8},"end":{"line":114,"column":9}},"34":{"start":{"line":113,"column":10},"end":{"line":113,"column":67}},"35":{"start":{"line":118,"column":10},"end":{"line":118,"column":93}},"36":{"start":{"line":120,"column":8},"end":{"line":120,"column":45}},"37":{"start":{"line":121,"column":8},"end":{"line":121,"column":60}},"38":{"start":{"line":122,"column":8},"end":{"line":122,"column":33}},"39":{"start":{"line":126,"column":36},"end":{"line":131,"column":1}},"40":{"start":{"line":126,"column":42},"end":{"line":131,"column":1}},"41":{"start":{"line":127,"column":18},"end":{"line":127,"column":43}},"42":{"start":{"line":128,"column":2},"end":{"line":130,"column":3}},"43":{"start":{"line":129,"column":4},"end":{"line":129,"column":50}},"44":{"start":{"line":134,"column":2},"end":{"line":150,"column":3}},"45":{"start":{"line":135,"column":2},"end":{"line":150,"column":3}},"46":{"start":{"line":136,"column":4},"end":{"line":136,"column":43}},"47":{"start":{"line":137,"column":4},"end":{"line":149,"column":9}},"48":{"start":{"line":140,"column":8},"end":{"line":140,"column":29}},"49":{"start":{"line":141,"column":8},"end":{"line":141,"column":63}},"50":{"start":{"line":142,"column":8},"end":{"line":144,"column":10}},"51":{"start":{"line":147,"column":23},"end":{"line":147,"column":67}},"52":{"start":{"line":148,"column":8},"end":{"line":148,"column":61}},"53":{"start":{"line":153,"column":2},"end":{"line":188,"column":3}},"54":{"start":{"line":154,"column":2},"end":{"line":188,"column":3}},"55":{"start":{"line":155,"column":4},"end":{"line":155,"column":47}},"56":{"start":{"line":157,"column":16},"end":{"line":157,"column":23}},"57":{"start":{"line":159,"column":4},"end":{"line":187,"column":9}},"58":{"start":{"line":162,"column":20},"end":{"line":162,"column":61}},"59":{"start":{"line":163,"column":8},"end":{"line":166,"column":11}},"60":{"start":{"line":165,"column":43},"end":{"line":165,"column":64}},"61":{"start":{"line":170,"column":12},"end":{"line":170,"column":22}},"62":{"start":{"line":171,"column":8},"end":{"line":182,"column":9}},"63":{"start":{"line":176,"column":10},"end":{"line":181,"column":12}},"64":{"start":{"line":185,"column":23},"end":{"line":185,"column":67}},"65":{"start":{"line":186,"column":8},"end":{"line":186,"column":66}},"66":{"start":{"line":191,"column":2},"end":{"line":204,"column":3}},"67":{"start":{"line":192,"column":2},"end":{"line":204,"column":3}},"68":{"start":{"line":193,"column":4},"end":{"line":193,"column":43}},"69":{"start":{"line":195,"column":4},"end":{"line":203,"column":9}},"70":{"start":{"line":198,"column":8},"end":{"line":198,"column":47}},"71":{"start":{"line":199,"column":8},"end":{"line":199,"column":26}},"72":{"start":{"line":202,"column":8},"end":{"line":202,"column":47}}},"fnMap":{"0":{"name":"(anonymous_0)","decl":{"start":{"line":42,"column":23},"end":{"line":42,"column":24}},"loc":{"start":{"line":42,"column":29},"end":{"line":80,"column":1}},"line":42},"1":{"n
[...]
,"/Users/tif/Code/eAPD/eAPD/packages/web/src/util/index.js": {"path":"/Users/tif/Code/eAPD/eAPD/packages/web/src/util/index.js","statementMap":{"0":{"start":{"line":6,"column":40},"end":{"line":6,"column":62}},"1":{"start":{"line":8,"column":33},"end":{"line":13,"column":1}},"2":{"start":{"line":15,"column":25},"end":{"line":61,"column":1}},"3":{"start":{"line":63,"column":16},"end":{"line":73,"column":4}},"4":{"start":{"line":64,"column":15},"end":{"line":64,"column":39}},"5":{"start":{"line":69,"column":2},"end":{"line":71,"column":3}},"6":{"start":{"line":70,"column":4},"end":{"line":70,"column":20}},"7":{"start":{"line":72,"column":2},"end":{"line":72,"column":14}},"8":{"start":{"line":78,"column":19},"end":{"line":78,"column":71}},"9":{"start":{"line":78,"column":64},"end":{"line":78,"column":70}},"10":{"start":{"line":80,"column":24},"end":{"line":80,"column":63}},"11":{"start":{"line":80,"column":56},"end":{"line":80,"column":62}},"12":{"start":{"line":82,"column":37},"end":{"line":82,"column":47}},"13":{"start":{"line":83,"column":31},"end":{"line":83,"column":53}},"14":{"start":{"line":85,"column":27},"end":{"line":85,"column":76}},"15":{"start":{"line":85,"column":33},"end":{"line":85,"column":76}},"16":{"start":{"line":85,"column":50},"end":{"line":85,"column":75}},"17":{"start":{"line":87,"column":25},"end":{"line":96,"column":10}},"18":{"start":{"line":88,"column":2},"end":{"line":96,"column":10}},"19":{"start":{"line":91,"column":17},"end":{"line":91,"column":25}},"20":{"start":{"line":93,"column":25},"end":{"line":93,"column":40}},"21":{"start":{"line":94,"column":22},"end":{"line":94,"column":72}},"22":{"start":{"line":95,"column":6},"end":{"line":95,"column":55}},"23":{"start":{"line":102,"column":27},"end":{"line":122,"column":4}},"24":{"start":{"line":103,"column":20},"end":{"line":103,"column":29}},"25":{"start":{"line":112,"column":2},"end":{"line":121,"column":4}},"26":{"start":{"line":113,"column":14},"end":{"line":113,"column":16}},"27":{"start":{"line":114,"column":4},"end":{"line":118,"column":56}},"28":{"start":{"line":115,"column":6},"end":{"line":115,"column":76}},"29":{"start":{"line":119,"column":4},"end":{"line":119,"column":23}},"30":{"start":{"line":120,"column":4},"end":{"line":120,"column":15}},"31":{"start":{"line":131,"column":34},"end":{"line":147,"column":1}},"32":{"start":{"line":132,"column":2},"end":{"line":134,"column":3}},"33":{"start":{"line":133,"column":4},"end":{"line":133,"column":32}},"34":{"start":{"line":135,"column":2},"end":{"line":140,"column":4}},"35":{"start":{"line":142,"column":12},"end":{"line":142,"column":57}},"36":{"start":{"line":143,"column":2},"end":{"line":145,"column":3}},"37":{"start":{"line":144,"column":4},"end":{"line":144,"column":32}},"38":{"start":{"line":146,"column":2},"end":{"line":146,"column":24}},"39":{"start":{"line":157,"column":39},"end":{"line":162,"column":1}},"40":{"start":{"line":158,"column":20},"end":{"line":158,"column":45}},"41":{"start":{"line":159,"column":18},"end":{"line":159,"column":41}},"42":{"start":{"line":161,"column":2},"end":{"line":161,"column":37}},"43":{"start":{"line":167,"column":26},"end":{"line":178,"column":4}},"44":{"start":{"line":168,"column":14},"end":{"line":168,"column":15}},"45":{"start":{"line":169,"column":2},"end":{"line":177,"column":4}},"46":{"start":{"line":170,"column":4},"end":{"line":170,"column":15}},"47":{"start":{"line":171,"column":4},"end":{"line":175,"column":5}},"48":{"start":{"line":174,"column":6},"end":{"line":174,"column":20}},"49":{"start":{"line":176,"column":4},"end":{"line":176,"column":38}},"50":{"start":{"line":182,"column":30},"end":{"line":190,"column":64}},"51":{"start":{"line":183,"column":2},"end":{"line":190,"column":64}},"52":{"start":{"line":185,"column":31},"end":{"line":185,"column":51}},"53":{"start":{"line":190,"column":44},"end":{"line":190,"column":63}},"54":{"start":{"line":192,"column":24},"end":{"line":196,"column":1}},"55":{"start":{"line":194,"column":4},"end":{"line":194,"column":74}},"56":{"start":{"line":194,"column":62},"end":{"line":194,"column":74}},"57":{"start":{"line":195,"column":2},"end":{"line":195,"column":65}},"58":{"start":{"line":195,"column":46},"end":{"line":195,"column":61}},"59":{"start":{"line":198,"column":30},"end":{"line":205,"column":1}},"60":{"start":{"line":199,"column":12},"end":{"line":199,"column":22}},"61":{"start":{"line":200,"column":2},"end":{"line":203,"column":5}},"62":{"start":{"line":201,"column":4},"end":{"line":202,"column":71}},"63":{"start":{"line":201,"column":34},"end":{"line":201,"column":50}},"64":{"start":{"line":202,"column":9},"end":{"line":202,"column":71}},"65":{"start":{"line":202,"column":39},"end":{"line":202,"column":71}},"66":{"start":{"line":204,"column":2},"end":{"line":204,"column":11}}},"fnMap":{"0":{"name":"(anonymous_0)","decl":{"start":{"line":63,"column":17},"end":{"line":63,"column":18}},"loc":{"start":{"line":63,"column":23},"end":{"line":73,"column":1}},"line":63},"1":{"name":"(anonymous_1)","decl":{"start":{"line":78,"column":59},"end":{"line":78,"column":60}},"loc":{"start":{"line":78,"column":64},"end":{"line":78,"column":70}},"line":78},"2":{"name":"(anonymous_2)","decl":{"start":{"line":80,"column":51},"end":{"line":80,"column":52}},"loc":{"start":{"line":80,"column":56},"end":{"line":80,"column":62}},"line":80},"3":{"name":"(anonymous_3)","decl":{"start":{"line":85,"column":27},"end":{"line":85,"column":28}},"loc":{"start":{"line":85,"column":33},"end":{"line":85,"column":76}},"line":85},"4":{"name":"(anonymous_4)","decl":{"start":{"line":85,"column":45},"end":{"line":85,"column":46}},"loc":{"start":{"line":85,"column":50},"end":{"line":85,"column":75}},"line":85},"5":{"name":"(anonymous_5)","decl":{"start":{"line":87,"column":25},"end":{"line":87,"column":26}},"loc":{"start":{"line":88,"column":2},"end":{"line":96,"column":10}},"line":88},"6":{"name":"(anonymous_6)","decl":{"start":{"line":91,"column":12},"end":{"line":91,"column":13}},"loc":{"start":{"line":91,"column":17},"end":{"line":91,"column":25}},"line":91},"7":{"name":"(anonymous_7)","decl":{"start":{"line":92,"column":12},"end":{"line":92,"column":13}},"loc":{"start":{"line":92,"column":30},"end":{"line":96,"column":5}},"line":92},"8":{"name":"(anonymous_8)","decl":{"start":{"line":102,"column":28},"end":{"line":102,"column":29}},"loc":{"start":{"line":102,"column":34},"end":{"line":122,"column":1}},"line":102},"9":{"name":"(anonymous_9)","decl":{"start":{"line":112,"column":9},"end":{"line":112,"column":10}},"loc":{"start":{"line":112,"column":15},"end":{"line":121,"column":3}},"line":112},"10":{"name":"(anonymous_10)","decl":{"start":{"line":131,"column":34},"end":{"line":131,"column":35}},"loc":{"start":{"line":131,"column":42},"end":{"line":147,"column":1}},"line":131},"11":{"name":"(anonymous_11)","decl":{"start":{"line":157,"column":39},"end":{"line":157,"column":40}},"loc":{"start":{"line":157,"column":55},"end":{"line":162,"column":1}},"line":157},"12":{"name":"(anonymous_12)","decl":{"start":{"line":167,"column":27},"end":{"line":167,"column":28}},"loc":{"start":{"line":167,"column":33},"end":{"line":178,"column":1}},"line":167},"13":{"name":"(anonymous_13)","decl":{"start":{"line":169,"column":9},"end":{"line":169,"column":10}},"loc":{"start":{"line":169,"column":15},"end":{"line":177,"column":3}},"line":169},"14":{"name":"(anonymous_14)","decl":{"start":{"line":182,"column":30},"end":{"line":182,"column":31}},"loc":{"start":{"line":183,"column":2},"end":{"line":190,"column":64}},"line":183},"15":{"name":"(anonymous_15)","decl":{"start":{"line":185,"column":21},"end":{"line":185,"column":22}},"loc":{"start":{"line":185,"column":31},"end":{"line":185,"column":51}},"line":185},"16":{"name":"(anonymous_16)","decl":{"start":{"line":190,"column":35},"end":{"line":190,"column":36}},"loc":{"start":{"line":190,"column":44},"end":{"line":190,"column":63}},"line":190},"17":{"name":"(anonymous_17)","decl":{"start":{"line":192,"column":24},"end":{"line":192,"column":25}},"loc":{"start":{"line":192,"column":58},"end":{"line":196,"column":1}},"line":192},"18":{"name":"(anonymous_18)","decl":{"start":{"line":194,"column":56},"end":{"line":194,"column":57}},"loc":{"start":{"line":194,"column":62},"end":{"line":194,"column":74}},"line":194},"19":{"name":"(anonymous_19)","decl":{"start":{"line":195,"column":40},"end":{"line":195,"column":41}},"loc":{"start":{"line":195,"column":46},"end":{"line":195,"column":61}},"line":195},"20":{"name":"(anonymous_20)","decl":{"start":{"line":198,"column":30},"end":{"line":198,"column":31}},"loc":{"start":{"line":198,"column":43},"end":{"line":205,"column":1}},"line":198},"21":{"name":"(anonymous_21)","decl":{"start":{"line":200,"column":25},"end":{"line":200,"column":26}},"loc":{"start":{"line":200,"column":30},"end":{"line":203,"column":3}},"line":200}},"branchMap":{"0":{"loc":{"start":{"line":69,"column":2},"end":{"line":71,"column":3}},"type":"if","locations":[{"start":{"line":69,"column":2},"end":{"line":71,"column":3}},{"start":{},"end":{}}],"line":69},"1":{"loc":{"start":{"line":94,"column":22},"end":{"line":94,"column":72}},"type":"cond-expr","locations":[{"start":{"line":94,"column":42},"end":{"line":94,"column":46}},{"start":{"line":94,"column":49},"end":{"line":94,"column":72}}],"line":94},"2":{"loc":{"start":{"line":118,"column":13},"end":{"line":118,"column":54}},"type":"binary-expr","locations":[{"start":{"line":118,"column":13},"end":{"line":118,"column":32}},{"start":{"line":118,"column":36},"end":{"line":118,"column":54}}],"line":118},"3":{"loc":{"start":{"line":132,"column":2},"end":{"line":134,"column":3}},"type":"if","locations":[{"start":{"line":132,"column":2},"end":{"line":134,"column":3}},{"start":{},"end":{}}],"line":132},"4":{"loc":{"start":{"line":143,"column":2},"end":{"line":145,"column":3}},"type":"if","locations":[{"start":{"line":143,"column":2},"end":{"line":145,"column":3}},{"start":{},"end":{}}],"line":143},"5":{"loc":{"start":{"line":171,"column":4},"end":{"line":175,"column":5}},"type":"if","locations":[{"start":{"line":171,"column":4},"end":{"line":175,"column":5}},{"start":{},"end":{}}],"line":171},"6":{"loc":{"start":{"line":171,"column":8},"end":{"line":171,"column":50}},"type":"binary-expr","locations":[{"start":{"line":171,"column":8},"end":{"line":171,"column":15}},{"start":{"line":171,"column":19},"end":{"line":171,"column":50}}],"line":171},"7":{"loc":{"start":{"line":192,"column":25},"end":{"line":192,"column":35}},"type":"default-arg","locations":[{"start":{"line":192,"column":33},"end":{"line":192,"column":35}}],"line":192},"8":{"loc":{"start":{"line":192,"column":37},"end":{"line":192,"column":53}},"type":"default-arg","locations":[{"start":{"line":192,"column":52},"end":{"line":192,"column":53}}],"line":192},"9":{"loc":{"start":{"line":194,"column":4},"end":{"line":194,"column":74}},"type":"cond-expr","locations":[{"start":{"line":194,"column":41},"end":{"line":194,"column":53}},{"start":{"line":194,"column":56},"end":{"line":194,"column":74}}],"line":194},"10":{"loc":{"start":{"line":201,"column":4},"end":{"line":202,"column":71}},"type":"if","locations":[{"start":{"line":201,"column":4},"end":{"line":202,"column":71}},{"start":{"line":202,"column":9},"end":{"line":202,"column":71}}],"line":201},"11":{"loc":{"start":{"line":202,"column":9},"end":{"line":202,"column":71}},"type":"if","locations":[{"start":{"line":202,"column":9},"end":{"line":202,"column":71}},{"start":{},"end":{}}],"line":202}},"s":{"0":117,"1":117,"2":117,"3":117,"4":117,"5":117,"6":0,"7":117,"8":117,"9":351,"10":117,"11":234,"12":117,"13":117,"14":117,"15":4,"16":140,"17":117,"18":1,"19":4,"20":4,"21":4,"22":4,"23":117,"24":117,"25":117,"26":50028,"27":50028,"28":51110,"29":50028,"30":50028,"31":117,"32":552,"33":303,"34":249,"35":249,"36":249,"37":246,"38":3,"39":117,"40":98,"41":98,"42":98,"43":117,"44":117,"45":117,"46":0,"47":0,"48":0,"49":0,"50":117,"51":0,"52":0,"53":0,"54":117,"55":82,"56":99,"57":82,"58":243,"59":117,"60":2,"61":2,"62":4,"63":3,"64":1,"65":1,"66":2},"f":{"0":117,"1":351,"2":234,"3":4,"4":140,"5":1,"6":4,"7":4,"8":117,"9":50028,"10":552,"11":98,"12":117,"13":0,"14":0,"15":0,"16":0,"17":82,"18":99,"19":243,"20":2,"21":4},"b":{"0":[0,117],"1":[1,3],"2":[51110,50028],"3":[303,249],"4":[246,3],"5":[0,0],"6":[0,0],"7":[0],"8":[1],"9":[42,40],"10":[3,1],"11":[1,0]},"_coverageSchema":"1a1c01bbd47fc00a2c39e90264f33305004495a9","hash":"d85e98ecf46797133a180f1ceb6f72d9ddc2f04d"}
,"/Users/tif/Code/eAPD/eAPD/packages/web/src/util/md.js": {"path":"/Users/tif/Code/eAPD/eAPD/packages/web/src/util/md.js","statementMap":{"0":{"start":{"line":3,"column":11},"end":{"line":3,"column":71}}},"fnMap":{},"branchMap":{},"s":{"0":37},"f":{},"b":{},"_coverageSchema":"1a1c01bbd47fc00a2c39e90264f33305004495a9","hash":"fc4a9f69f6b4550593a90990f93ff55fbad16305"}
,"/Users/tif/Code/eAPD/eAPD/packages/web/src/util/regulations.js": {"path":"/Users/tif/Code/eAPD/eAPD/packages/web/src/util/regulations.js","statementMap":{"0":{"start":{"line":3,"column":26},"end":{"line":13,"column":1}},"1":{"start":{"line":4,"column":33},"end":{"line":11,"column":3}},"2":{"start":{"line":6,"column":49},"end":{"line":10,"column":5}}},"fnMap":{"0":{"name":"(anonymous_0)","decl":{"start":{"line":4,"column":2},"end":{"line":4,"column":3}},"loc":{"start":{"line":4,"column":33},"end":{"line":11,"column":3}},"line":4},"1":{"name":"(anonymous_1)","decl":{"start":{"line":6,"column":41},"end":{"line":6,"column":42}},"loc":{"start":{"line":6,"column":49},"end":{"line":10,"column":5}},"line":6}},"branchMap":{},"s":{"0":54,"1":216,"2":810},"f":{"0":216,"1":810},"b":{},"_coverageSchema":"1a1c01bbd47fc00a2c39e90264f33305004495a9","hash":"53293ab5141c119d90a2e86bbff2344e18700ce2"}
,"/Users/tif/Code/eAPD/eAPD/packages/web/src/util/roundedPercents.js": {"path":"/Users/tif/Code/eAPD/eAPD/packages/web/src/util/roundedPercents.js","statementMap":{"0":{"start":{"line":12,"column":24},"end":{"line":55,"column":1}},"1":{"start":{"line":17,"column":22},"end":{"line":17,"column":63}},"2":{"start":{"line":17,"column":40},"end":{"line":17,"column":62}},"3":{"start":{"line":18,"column":18},"end":{"line":18,"column":72}},"4":{"start":{"line":18,"column":60},"end":{"line":18,"column":67}},"5":{"start":{"line":22,"column":25},"end":{"line":22,"column":64}},"6":{"start":{"line":22,"column":46},"end":{"line":22,"column":63}},"7":{"start":{"line":26,"column":25},"end":{"line":26,"column":60}},"8":{"start":{"line":26,"column":46},"end":{"line":26,"column":59}},"9":{"start":{"line":27,"column":21},"end":{"line":27,"column":66}},"10":{"start":{"line":27,"column":55},"end":{"line":27,"column":62}},"11":{"start":{"line":32,"column":21},"end":{"line":32,"column":53}},"12":{"start":{"line":34,"column":2},"end":{"line":53,"column":3}},"13":{"start":{"line":40,"column":38},"end":{"line":47,"column":8}},"14":{"start":{"line":41,"column":21},"end":{"line":41,"column":22}},"15":{"start":{"line":43,"column":8},"end":{"line":45,"column":9}},"16":{"start":{"line":44,"column":10},"end":{"line":44,"column":19}},"17":{"start":{"line":46,"column":8},"end":{"line":46,"column":62}},"18":{"start":{"line":49,"column":4},"end":{"line":51,"column":5}},"19":{"start":{"line":49,"column":17},"end":{"line":49,"column":18}},"20":{"start":{"line":50,"column":6},"end":{"line":50,"column":56}},"21":{"start":{"line":52,"column":4},"end":{"line":52,"column":26}},"22":{"start":{"line":54,"column":2},"end":{"line":54,"column":24}}},"fnMap":{"0":{"name":"(anonymous_0)","decl":{"start":{"line":12,"column":24},"end":{"line":12,"column":25}},"loc":{"start":{"line":12,"column":56},"end":{"line":55,"column":1}},"line":12},"1":{"name":"(anonymous_1)","decl":{"start":{"line":17,"column":35},"end":{"line":17,"column":36}},"loc":{"start":{"line":17,"column":40},"end":{"line":17,"column":62}},"line":17},"2":{"name":"(anonymous_2)","decl":{"start":{"line":18,"column":48},"end":{"line":18,"column":49}},"loc":{"start":{"line":18,"column":60},"end":{"line":18,"column":67}},"line":18},"3":{"name":"(anonymous_3)","decl":{"start":{"line":22,"column":41},"end":{"line":22,"column":42}},"loc":{"start":{"line":22,"column":46},"end":{"line":22,"column":63}},"line":22},"4":{"name":"(anonymous_4)","decl":{"start":{"line":26,"column":41},"end":{"line":26,"column":42}},"loc":{"start":{"line":26,"column":46},"end":{"line":26,"column":59}},"line":26},"5":{"name":"(anonymous_5)","decl":{"start":{"line":27,"column":43},"end":{"line":27,"column":44}},"loc":{"start":{"line":27,"column":55},"end":{"line":27,"column":62}},"line":27},"6":{"name":"(anonymous_6)","decl":{"start":{"line":41,"column":11},"end":{"line":41,"column":12}},"loc":{"start":{"line":41,"column":21},"end":{"line":41,"column":22}},"line":41},"7":{"name":"(anonymous_7)","decl":{"start":{"line":42,"column":12},"end":{"line":42,"column":13}},"loc":{"start":{"line":42,"column":22},"end":{"line":47,"column":7}},"line":42}},"branchMap":{"0":{"loc":{"start":{"line":12,"column":25},"end":{"line":12,"column":35}},"type":"default-arg","locations":[{"start":{"line":12,"column":34},"end":{"line":12,"column":35}}],"line":12},"1":{"loc":{"start":{"line":12,"column":37},"end":{"line":12,"column":51}},"type":"default-arg","locations":[{"start":{"line":12,"column":48},"end":{"line":12,"column":51}}],"line":12},"2":{"loc":{"start":{"line":34,"column":2},"end":{"line":53,"column":3}},"type":"if","locations":[{"start":{"line":34,"column":2},"end":{"line":53,"column":3}},{"start":{},"end":{}}],"line":34},"3":{"loc":{"start":{"line":43,"column":8},"end":{"line":45,"column":9}},"type":"if","locations":[{"start":{"line":43,"column":8},"end":{"line":45,"column":9}},{"start":{},"end":{}}],"line":43},"4":{"loc":{"start":{"line":46,"column":15},"end":{"line":46,"column":61}},"type":"cond-expr","locations":[{"start":{"line":46,"column":55},"end":{"line":46,"column":57}},{"start":{"line":46,"column":60},"end":{"line":46,"column":61}}],"line":46}},"s":{"0":33,"1":146,"2":475,"3":146,"4":475,"5":146,"6":475,"7":146,"8":475,"9":146,"10":475,"11":146,"12":146,"13":19,"14":69,"15":54,"16":44,"17":10,"18":19,"19":19,"20":36,"21":19,"22":127},"f":{"0":146,"1":475,"2":475,"3":475,"4":475,"5":475,"6":69,"7":54},"b":{"0":[0],"1":[0],"2":[19,127],"3":[44,10],"4":[6,4]},"_coverageSchema":"1a1c01bbd47fc00a2c39e90264f33305004495a9","hash":"09a70eaf27ed9de95d63e9c800cf8749f0c07b63"}
,"/Users/tif/Code/eAPD/eAPD/packages/web/src/util/states.js": {"path":"/Users/tif/Code/eAPD/eAPD/packages/web/src/util/states.js","statementMap":{"0":{"start":{"line":1,"column":15},"end":{"line":58,"column":1}},"1":{"start":{"line":60,"column":32},"end":{"line":63,"column":3}},"2":{"start":{"line":60,"column":49},"end":{"line":63,"column":1}},"3":{"start":{"line":65,"column":35},"end":{"line":67,"column":1}}},"fnMap":{"0":{"name":"(anonymous_0)","decl":{"start":{"line":60,"column":43},"end":{"line":60,"column":44}},"loc":{"start":{"line":60,"column":49},"end":{"line":63,"column":1}},"line":60}},"branchMap":{},"s":{"0":118,"1":118,"2":6608,"3":118},"f":{"0":6608},"b":{},"_coverageSchema":"1a1c01bbd47fc00a2c39e90264f33305004495a9","hash":"1afd2276d1732dc960f0d950489ed030a6ea1b25"}
}
