TN:
SF:src/constants.js
FN:32,(anonymous_0)
FN:33,(anonymous_1)
FN:38,(anonymous_2)
FN:63,(anonymous_3)
FN:70,(anonymous_4)
FN:77,(anonymous_5)
FN:84,(anonymous_6)
FN:91,(anonymous_7)
FNF:8
FNH:4
FNDA:28,(anonymous_0)
FNDA:24,(anonymous_1)
FNDA:65,(anonymous_2)
FNDA:2,(anonymous_3)
FNDA:0,(anonymous_4)
FNDA:0,(anonymous_5)
FNDA:0,(anonymous_6)
FNDA:0,(anonymous_7)
DA:3,111
DA:14,111
DA:18,111
DA:29,111
DA:32,28
DA:34,24
DA:38,65
DA:42,111
DA:49,111
DA:57,111
DA:63,2
DA:70,0
DA:77,0
DA:84,0
DA:92,0
LF:15
LH:11
BRDA:32,0,0,4
BRDA:33,1,0,0
BRDA:63,2,0,2
BRDA:63,2,1,2
BRDA:70,3,0,0
BRDA:70,3,1,0
BRDA:77,4,0,0
BRDA:77,4,1,0
BRDA:84,5,0,0
BRDA:84,5,1,0
BRDA:92,6,0,0
BRDA:92,6,1,0
BRF:12
BRH:3
end_of_record
TN:
SF:src/cookie-constants.js
FNF:0
FNH:0
DA:1,110
DA:2,110
LF:2
LH:2
BRF:0
BRH:0
end_of_record
TN:
SF:src/saveMiddleware.js
FN:11,(anonymous_0)
FN:19,(anonymous_1)
FN:20,(anonymous_2)
FN:32,(anonymous_3)
FN:51,(anonymous_4)
FN:55,(anonymous_5)
FN:68,(anonymous_6)
FN:69,(anonymous_7)
FNF:8
FNH:8
FNDA:8,(anonymous_0)
FNDA:2,(anonymous_1)
FNDA:2,(anonymous_2)
FNDA:6,(anonymous_3)
FNDA:2,(anonymous_4)
FNDA:2,(anonymous_5)
FNDA:8,(anonymous_6)
FNDA:11,(anonymous_7)
DA:11,1
DA:15,8
DA:16,8
DA:17,8
DA:19,8
DA:20,2
DA:21,2
DA:22,2
DA:23,2
DA:27,0
DA:32,8
DA:39,6
DA:40,2
DA:41,2
DA:47,4
DA:51,4
DA:53,2
DA:55,2
DA:57,2
DA:60,2
DA:61,1
DA:62,1
DA:68,8
DA:69,8
DA:70,11
DA:71,11
DA:77,10
DA:78,10
DA:80,1
DA:82,11
LF:30
LH:29
BRDA:13,0,0,1
BRDA:13,1,0,1
BRDA:13,2,0,1
BRDA:39,3,0,2
BRDA:39,3,1,4
BRDA:47,4,0,2
BRDA:47,4,1,2
BRDA:60,5,0,1
BRDA:60,5,1,1
BRDA:68,6,0,3
BRDA:68,7,0,3
BRDA:71,8,0,1
BRDA:71,8,1,2
BRDA:71,8,2,8
BRDA:71,8,3,9
BRDA:71,8,4,10
BRDA:71,8,5,1
BRF:17
BRH:17
end_of_record
TN:
SF:src/actions/admin.js
FN:7,(anonymous_0)
FN:7,(anonymous_1)
FN:12,(anonymous_2)
FN:15,(anonymous_3)
FN:28,(anonymous_4)
FN:28,(anonymous_5)
FN:34,(anonymous_6)
FN:37,(anonymous_7)
FN:43,(anonymous_8)
FN:46,(anonymous_9)
FN:58,(anonymous_10)
FN:62,(anonymous_11)
FN:67,(anonymous_12)
FN:71,(anonymous_13)
FN:85,(anonymous_14)
FN:85,(anonymous_15)
FN:89,(anonymous_16)
FN:113,(anonymous_17)
FN:117,(anonymous_18)
FN:131,(anonymous_19)
FN:131,(anonymous_20)
FN:135,(anonymous_21)
FN:150,(anonymous_22)
FN:153,(anonymous_23)
FN:167,(anonymous_24)
FN:168,(anonymous_25)
FN:171,(anonymous_26)
FN:174,(anonymous_27)
FN:188,(anonymous_28)
FN:188,(anonymous_29)
FN:194,(anonymous_30)
FN:197,(anonymous_31)
FN:208,(anonymous_32)
FN:208,(anonymous_33)
FN:211,(anonymous_34)
FN:214,(anonymous_35)
FNF:36
FNH:36
FNDA:5,(anonymous_0)
FNDA:5,(anonymous_1)
FNDA:1,(anonymous_2)
FNDA:4,(anonymous_3)
FNDA:4,(anonymous_4)
FNDA:4,(anonymous_5)
FNDA:2,(anonymous_6)
FNDA:2,(anonymous_7)
FNDA:2,(anonymous_8)
FNDA:2,(anonymous_9)
FNDA:2,(anonymous_10)
FNDA:2,(anonymous_11)
FNDA:1,(anonymous_12)
FNDA:1,(anonymous_13)
FNDA:4,(anonymous_14)
FNDA:4,(anonymous_15)
FNDA:10,(anonymous_16)
FNDA:3,(anonymous_17)
FNDA:1,(anonymous_18)
FNDA:3,(anonymous_19)
FNDA:3,(anonymous_20)
FNDA:5,(anonymous_21)
FNDA:2,(anonymous_22)
FNDA:1,(anonymous_23)
FNDA:19,(anonymous_24)
FNDA:19,(anonymous_25)
FNDA:18,(anonymous_26)
FNDA:1,(anonymous_27)
FNDA:2,(anonymous_28)
FNDA:2,(anonymous_29)
FNDA:1,(anonymous_30)
FNDA:1,(anonymous_31)
FNDA:15,(anonymous_32)
FNDA:15,(anonymous_33)
FNDA:14,(anonymous_34)
FNDA:1,(anonymous_35)
DA:3,43
DA:4,43
DA:5,43
DA:7,43
DA:8,5
DA:10,5
DA:13,1
DA:16,4
DA:20,43
DA:21,43
DA:22,43
DA:24,43
DA:25,43
DA:26,43
DA:28,43
DA:29,4
DA:30,4
DA:32,4
DA:35,2
DA:38,2
DA:41,4
DA:44,2
DA:47,2
DA:50,4
DA:53,43
DA:54,43
DA:55,43
DA:58,43
DA:62,2
DA:63,2
DA:65,2
DA:68,1
DA:69,1
DA:72,1
DA:73,1
DA:74,1
DA:77,1
DA:81,43
DA:82,43
DA:83,43
DA:85,43
DA:86,4
DA:88,4
DA:89,10
DA:92,4
DA:93,3
DA:95,4
DA:96,3
DA:99,4
DA:100,0
DA:101,0
DA:105,0
DA:108,4
DA:111,4
DA:114,3
DA:115,3
DA:118,1
DA:119,1
DA:120,1
DA:123,1
DA:127,43
DA:128,43
DA:129,43
DA:131,43
DA:132,3
DA:134,3
DA:135,5
DA:139,3
DA:140,0
DA:141,0
DA:142,0
DA:145,3
DA:148,3
DA:151,2
DA:154,1
DA:155,1
DA:156,1
DA:159,1
DA:163,43
DA:164,43
DA:167,43
DA:168,19
DA:169,19
DA:172,18
DA:175,1
DA:176,1
DA:177,1
DA:179,1
DA:184,43
DA:185,43
DA:188,43
DA:189,2
DA:195,1
DA:198,1
DA:199,1
DA:200,1
DA:202,1
DA:205,43
DA:206,43
DA:208,43
DA:209,15
DA:212,14
DA:215,1
DA:216,1
DA:217,1
DA:219,1
LF:106
LH:100
BRDA:60,0,0,1
BRDA:60,1,0,1
BRDA:73,2,0,1
BRDA:73,2,1,0
BRDA:89,3,0,8
BRDA:89,3,1,2
BRDA:92,4,0,3
BRDA:92,4,1,1
BRDA:95,5,0,3
BRDA:95,5,1,1
BRDA:99,6,0,0
BRDA:99,6,1,4
BRDA:100,7,0,0
BRDA:100,7,1,0
BRDA:100,8,0,0
BRDA:100,8,1,0
BRDA:119,9,0,1
BRDA:119,9,1,0
BRDA:135,10,0,4
BRDA:135,10,1,1
BRDA:139,11,0,0
BRDA:139,11,1,3
BRDA:140,12,0,0
BRDA:140,12,1,0
BRDA:140,13,0,0
BRDA:140,13,1,0
BRDA:155,14,0,1
BRDA:155,14,1,0
BRDA:167,15,0,2
BRDA:176,16,0,1
BRDA:176,16,1,0
BRDA:199,17,0,1
BRDA:199,17,1,0
BRDA:216,18,0,1
BRDA:216,18,1,0
BRF:35
BRH:19
end_of_record
TN:
SF:src/actions/aria.js
FN:3,(anonymous_0)
FN:3,(anonymous_1)
FN:14,(anonymous_2)
FN:19,(anonymous_3)
FN:25,(anonymous_4)
FNF:5
FNH:4
FNDA:1,(anonymous_0)
FNDA:1,(anonymous_1)
FNDA:7,(anonymous_2)
FNDA:4,(anonymous_3)
FNDA:0,(anonymous_4)
DA:1,62
DA:3,62
DA:7,1
DA:14,62
DA:19,62
DA:25,62
LF:6
LH:6
BRF:0
BRH:0
end_of_record
TN:
SF:src/actions/auth.js
FN:46,(anonymous_0)
FN:47,(anonymous_1)
FN:48,(anonymous_2)
FN:49,(anonymous_3)
FN:53,(anonymous_4)
FN:57,(anonymous_5)
FN:61,(anonymous_6)
FN:62,(anonymous_7)
FN:63,(anonymous_8)
FN:64,(anonymous_9)
FN:65,(anonymous_10)
FN:66,(anonymous_11)
FN:67,(anonymous_12)
FN:68,(anonymous_13)
FN:69,(anonymous_14)
FN:70,(anonymous_15)
FN:71,(anonymous_16)
FN:72,(anonymous_17)
FN:77,(anonymous_18)
FN:77,(anonymous_19)
FN:83,(anonymous_20)
FN:83,(anonymous_21)
FN:85,(anonymous_22)
FN:107,(anonymous_23)
FN:108,(anonymous_24)
FN:111,(anonymous_25)
FN:118,(anonymous_26)
FN:126,(anonymous_27)
FN:126,(anonymous_28)
FN:129,(anonymous_29)
FN:132,(anonymous_30)
FN:135,(anonymous_31)
FN:135,(anonymous_32)
FN:144,(anonymous_33)
FN:144,(anonymous_34)
FN:171,(anonymous_35)
FN:171,(anonymous_36)
FN:175,(anonymous_37)
FN:175,(anonymous_38)
FN:210,(anonymous_39)
FN:211,(anonymous_40)
FN:256,(anonymous_41)
FN:256,(anonymous_42)
FN:269,(anonymous_43)
FN:269,(anonymous_44)
FN:272,(anonymous_45)
FN:294,(anonymous_46)
FN:299,(anonymous_47)
FN:311,(anonymous_48)
FN:317,(anonymous_49)
FN:317,(anonymous_50)
FN:322,(anonymous_51)
FN:332,(anonymous_52)
FN:352,(anonymous_53)
FN:352,(anonymous_54)
FN:355,(anonymous_55)
FN:356,(anonymous_56)
FN:368,(anonymous_57)
FN:368,(anonymous_58)
FN:372,(anonymous_59)
FN:372,(anonymous_60)
FN:375,(anonymous_61)
FN:386,(anonymous_62)
FNF:63
FNH:57
FNDA:3,(anonymous_0)
FNDA:11,(anonymous_1)
FNDA:2,(anonymous_2)
FNDA:1,(anonymous_3)
FNDA:2,(anonymous_4)
FNDA:5,(anonymous_5)
FNDA:11,(anonymous_6)
FNDA:7,(anonymous_7)
FNDA:17,(anonymous_8)
FNDA:5,(anonymous_9)
FNDA:5,(anonymous_10)
FNDA:1,(anonymous_11)
FNDA:6,(anonymous_12)
FNDA:7,(anonymous_13)
FNDA:0,(anonymous_14)
FNDA:1,(anonymous_15)
FNDA:1,(anonymous_16)
FNDA:6,(anonymous_17)
FNDA:4,(anonymous_18)
FNDA:4,(anonymous_19)
FNDA:8,(anonymous_20)
FNDA:8,(anonymous_21)
FNDA:0,(anonymous_22)
FNDA:6,(anonymous_23)
FNDA:6,(anonymous_24)
FNDA:5,(anonymous_25)
FNDA:1,(anonymous_26)
FNDA:4,(anonymous_27)
FNDA:4,(anonymous_28)
FNDA:4,(anonymous_29)
FNDA:0,(anonymous_30)
FNDA:1,(anonymous_31)
FNDA:1,(anonymous_32)
FNDA:7,(anonymous_33)
FNDA:7,(anonymous_34)
FNDA:2,(anonymous_35)
FNDA:2,(anonymous_36)
FNDA:5,(anonymous_37)
FNDA:5,(anonymous_38)
FNDA:3,(anonymous_39)
FNDA:3,(anonymous_40)
FNDA:2,(anonymous_41)
FNDA:2,(anonymous_42)
FNDA:10,(anonymous_43)
FNDA:10,(anonymous_44)
FNDA:9,(anonymous_45)
FNDA:2,(anonymous_46)
FNDA:1,(anonymous_47)
FNDA:2,(anonymous_48)
FNDA:10,(anonymous_49)
FNDA:10,(anonymous_50)
FNDA:5,(anonymous_51)
FNDA:4,(anonymous_52)
FNDA:4,(anonymous_53)
FNDA:4,(anonymous_54)
FNDA:8,(anonymous_55)
FNDA:2,(anonymous_56)
FNDA:0,(anonymous_57)
FNDA:0,(anonymous_58)
FNDA:2,(anonymous_59)
FNDA:2,(anonymous_60)
FNDA:2,(anonymous_61)
FNDA:0,(anonymous_62)
DA:24,41
DA:25,41
DA:26,41
DA:27,41
DA:28,41
DA:29,41
DA:30,41
DA:31,41
DA:32,41
DA:33,41
DA:34,41
DA:36,41
DA:37,41
DA:38,41
DA:40,41
DA:41,41
DA:42,41
DA:43,41
DA:44,41
DA:46,41
DA:47,41
DA:48,41
DA:49,41
DA:53,41
DA:57,41
DA:61,41
DA:62,41
DA:63,41
DA:64,41
DA:65,41
DA:66,41
DA:67,41
DA:68,41
DA:69,41
DA:70,41
DA:71,41
DA:72,41
DA:77,41
DA:78,4
DA:79,0
DA:83,41
DA:84,8
DA:90,0
DA:91,0
DA:94,0
DA:95,0
DA:100,0
DA:107,41
DA:108,6
DA:109,6
DA:112,5
DA:113,0
DA:116,5
DA:119,1
DA:120,1
DA:123,6
DA:126,41
DA:127,4
DA:128,4
DA:130,4
DA:135,41
DA:136,1
DA:137,1
DA:138,1
DA:139,1
DA:140,1
DA:141,1
DA:144,41
DA:145,7
DA:146,7
DA:148,6
DA:155,6
DA:156,5
DA:159,5
DA:163,1
DA:165,4
DA:168,2
DA:171,41
DA:172,2
DA:175,41
DA:176,5
DA:177,5
DA:178,4
DA:179,4
DA:181,5
DA:183,5
DA:185,5
DA:186,1
DA:188,4
DA:189,1
DA:190,1
DA:192,3
DA:193,3
DA:194,3
DA:195,3
DA:196,3
DA:198,3
DA:200,0
DA:201,0
DA:210,41
DA:211,3
DA:212,3
DA:214,3
DA:216,3
DA:217,0
DA:218,0
DA:220,0
DA:225,0
DA:226,0
DA:227,0
DA:228,0
DA:233,3
DA:234,3
DA:235,3
DA:236,3
DA:237,1
DA:238,1
DA:239,1
DA:240,1
DA:241,0
DA:243,1
DA:244,1
DA:245,1
DA:246,1
DA:248,1
DA:250,2
DA:251,2
DA:253,0
DA:256,41
DA:257,2
DA:259,2
DA:263,2
DA:264,1
DA:266,1
DA:269,41
DA:270,10
DA:271,10
DA:273,9
DA:275,1
DA:278,8
DA:279,1
DA:281,1
DA:285,7
DA:286,1
DA:287,1
DA:289,1
DA:292,6
DA:293,2
DA:294,2
DA:297,2
DA:299,1
DA:300,1
DA:302,1
DA:306,4
DA:307,3
DA:309,1
DA:312,2
DA:313,2
DA:317,41
DA:318,10
DA:319,10
DA:320,10
DA:321,9
DA:323,5
DA:324,1
DA:326,4
DA:327,1
DA:329,3
DA:330,3
DA:333,4
DA:334,4
DA:335,1
DA:337,1
DA:339,3
DA:340,1
DA:342,1
DA:344,2
DA:345,2
DA:348,1
DA:349,1
DA:352,41
DA:353,4
DA:354,4
DA:356,8
DA:357,2
DA:361,4
DA:362,2
DA:363,2
DA:365,2
DA:368,41
DA:369,0
DA:372,41
DA:373,2
DA:377,2
DA:378,2
DA:379,2
DA:380,2
DA:381,0
DA:383,2
DA:384,2
DA:387,0
DA:388,0
DA:389,0
LF:203
LH:180
BRDA:78,0,0,0
BRDA:78,0,1,4
BRDA:91,1,0,0
BRDA:91,1,1,0
BRDA:107,2,0,5
BRDA:112,3,0,0
BRDA:112,3,1,5
BRDA:123,4,0,5
BRDA:123,4,1,1
BRDA:146,5,0,6
BRDA:146,5,1,1
BRDA:148,6,0,3
BRDA:148,6,1,3
BRDA:148,7,0,6
BRDA:148,7,1,4
BRDA:155,8,0,5
BRDA:155,8,1,1
BRDA:159,9,0,1
BRDA:159,9,1,4
BRDA:160,10,0,5
BRDA:160,10,1,5
BRDA:177,11,0,4
BRDA:177,11,1,1
BRDA:185,12,0,1
BRDA:185,12,1,4
BRDA:188,13,0,1
BRDA:188,13,1,3
BRDA:188,14,0,4
BRDA:188,14,1,4
BRDA:192,15,0,3
BRDA:192,15,1,0
BRDA:195,16,0,3
BRDA:195,16,1,0
BRDA:210,17,0,3
BRDA:216,18,0,0
BRDA:216,18,1,3
BRDA:220,19,0,0
BRDA:220,19,1,0
BRDA:221,20,0,0
BRDA:221,20,1,0
BRDA:221,20,2,0
BRDA:227,21,0,0
BRDA:227,21,1,0
BRDA:233,22,0,3
BRDA:233,22,1,0
BRDA:236,23,0,1
BRDA:236,23,1,2
BRDA:240,24,0,0
BRDA:240,24,1,1
BRDA:245,25,0,1
BRDA:245,25,1,0
BRDA:263,26,0,1
BRDA:263,26,1,1
BRDA:273,27,0,1
BRDA:273,27,1,8
BRDA:278,28,0,1
BRDA:278,28,1,7
BRDA:285,29,0,1
BRDA:285,29,1,6
BRDA:292,30,0,2
BRDA:292,30,1,4
BRDA:294,31,0,2
BRDA:294,31,1,1
BRDA:297,32,0,1
BRDA:297,32,1,1
BRDA:306,33,0,3
BRDA:306,33,1,1
BRDA:320,34,0,9
BRDA:320,34,1,1
BRDA:323,35,0,1
BRDA:323,35,1,4
BRDA:326,36,0,1
BRDA:326,36,1,3
BRDA:333,37,0,4
BRDA:333,37,1,0
BRDA:334,38,0,1
BRDA:334,38,1,3
BRDA:339,39,0,1
BRDA:339,39,1,2
BRDA:357,40,0,2
BRDA:357,40,1,0
BRDA:361,41,0,2
BRDA:361,41,1,2
BRDA:380,42,0,0
BRDA:380,42,1,2
BRDA:387,43,0,0
BRDA:387,43,1,0
BRF:87
BRH:65
end_of_record
TN:
SF:src/actions/budget.js
FN:3,(anonymous_0)
FN:3,(anonymous_1)
FNF:2
FNH:2
FNDA:25,(anonymous_0)
FNDA:25,(anonymous_1)
DA:1,101
DA:3,101
DA:4,25
LF:3
LH:3
BRF:0
BRH:0
end_of_record
TN:
SF:src/actions/app/apd.js
FN:42,(anonymous_0)
FN:42,(anonymous_1)
FN:59,(anonymous_2)
FN:63,(anonymous_3)
FN:83,(anonymous_4)
FN:84,(anonymous_5)
FN:90,(anonymous_6)
FN:116,(anonymous_7)
FN:126,(anonymous_8)
FN:126,(anonymous_9)
FN:134,(anonymous_10)
FN:135,(anonymous_11)
FN:139,(anonymous_12)
FN:146,(anonymous_13)
FN:153,(anonymous_14)
FN:154,(anonymous_15)
FN:161,(anonymous_16)
FN:165,(anonymous_17)
FN:184,(anonymous_18)
FN:191,(anonymous_19)
FN:192,(anonymous_20)
FN:197,(anonymous_21)
FN:201,(anonymous_22)
FNF:23
FNH:22
FNDA:4,(anonymous_0)
FNDA:4,(anonymous_1)
FNDA:1,(anonymous_2)
FNDA:2,(anonymous_3)
FNDA:6,(anonymous_4)
FNDA:6,(anonymous_5)
FNDA:3,(anonymous_6)
FNDA:0,(anonymous_7)
FNDA:3,(anonymous_8)
FNDA:3,(anonymous_9)
FNDA:2,(anonymous_10)
FNDA:2,(anonymous_11)
FNDA:1,(anonymous_12)
FNDA:1,(anonymous_13)
FNDA:5,(anonymous_14)
FNDA:5,(anonymous_15)
FNDA:4,(anonymous_16)
FNDA:5,(anonymous_17)
FNDA:1,(anonymous_18)
FNDA:2,(anonymous_19)
FNDA:2,(anonymous_20)
FNDA:1,(anonymous_21)
FNDA:1,(anonymous_22)
DA:40,54
DA:42,54
DA:43,4
DA:44,4
DA:45,4
DA:46,4
DA:48,4
DA:49,1
DA:52,3
DA:54,3
DA:55,3
DA:57,3
DA:60,1
DA:61,1
DA:64,2
DA:65,1
DA:70,1
DA:72,2
DA:75,0
DA:79,0
DA:83,54
DA:84,6
DA:85,6
DA:86,6
DA:88,6
DA:91,3
DA:92,3
DA:100,3
DA:101,1
DA:108,3
DA:109,3
DA:110,3
DA:112,3
DA:113,3
DA:118,0
DA:120,0
DA:121,0
DA:122,0
DA:126,54
DA:127,3
DA:128,3
DA:129,2
DA:134,54
DA:135,2
DA:136,2
DA:137,2
DA:140,1
DA:141,1
DA:142,1
DA:147,1
DA:148,1
DA:153,54
DA:154,5
DA:155,5
DA:157,5
DA:159,5
DA:162,4
DA:163,4
DA:165,5
DA:170,4
DA:171,4
DA:176,1
DA:185,1
DA:186,1
DA:191,54
DA:192,2
DA:193,2
DA:195,2
DA:198,1
DA:199,1
DA:202,1
LF:71
LH:65
BRDA:45,0,0,4
BRDA:45,0,1,0
BRDA:48,1,0,1
BRDA:48,1,1,3
BRDA:64,2,0,1
BRDA:64,2,1,1
BRDA:64,3,0,2
BRDA:64,3,1,2
BRDA:83,4,0,3
BRDA:83,5,0,4
BRDA:83,6,0,3
BRDA:100,7,0,1
BRDA:100,7,1,2
BRDA:112,8,0,3
BRDA:112,8,1,0
BRDA:128,9,0,2
BRDA:128,9,1,1
BRDA:134,10,0,1
BRDA:134,11,0,1
BRDA:147,12,0,1
BRDA:147,12,1,0
BRDA:153,13,0,2
BRDA:153,14,0,2
BRDA:153,15,0,4
BRDA:153,16,0,4
BRDA:162,17,0,4
BRDA:162,17,1,0
BRDA:171,18,0,1
BRDA:171,18,1,3
BRDA:172,19,0,4
BRDA:172,19,1,3
BRDA:172,19,2,2
BRDA:185,20,0,1
BRDA:185,20,1,0
BRDA:191,21,0,1
BRDA:191,22,0,1
BRF:36
BRH:31
end_of_record
TN:
SF:src/actions/app/events.js
FN:5,(anonymous_0)
FN:6,(anonymous_1)
FN:12,(anonymous_2)
FNF:3
FNH:3
FNDA:3,(anonymous_0)
FNDA:3,(anonymous_1)
FNDA:3,(anonymous_2)
DA:5,54
DA:6,3
DA:7,3
DA:8,3
DA:10,3
DA:12,3
LF:6
LH:6
BRDA:5,0,0,2
BRDA:12,1,0,2
BRDA:12,1,1,1
BRF:3
BRH:3
end_of_record
TN:
SF:src/actions/app/index.js
FNF:0
FNH:0
LF:0
LH:0
BRF:0
BRH:0
end_of_record
TN:
SF:src/actions/app/navigation.js
FN:5,(anonymous_0)
FN:5,(anonymous_1)
FNF:2
FNH:2
FNDA:1,(anonymous_0)
FNDA:1,(anonymous_1)
DA:5,54
DA:6,1
DA:7,1
LF:3
LH:3
BRDA:5,0,0,0
BRDA:5,1,0,0
BRF:2
BRH:0
end_of_record
TN:
SF:src/actions/app/print.js
FN:3,(anonymous_0)
FN:3,(anonymous_1)
FNF:2
FNH:2
FNDA:1,(anonymous_0)
FNDA:1,(anonymous_1)
DA:3,54
DA:4,1
DA:5,1
LF:3
LH:3
BRDA:3,0,0,0
BRDA:3,1,0,0
BRF:2
BRH:0
end_of_record
TN:
SF:src/actions/app/symbols.js
FNF:0
FNH:0
DA:1,57
DA:2,57
DA:3,57
DA:5,57
DA:6,57
DA:7,57
DA:9,57
DA:10,57
DA:11,57
DA:13,57
DA:15,57
DA:17,57
DA:19,57
DA:20,57
DA:21,57
DA:23,57
DA:24,57
DA:25,57
DA:27,57
LF:19
LH:19
BRF:0
BRH:0
end_of_record
TN:
SF:src/actions/editActivity/activityList.js
FN:13,(anonymous_0)
FN:13,(anonymous_1)
FN:30,(anonymous_2)
FN:30,(anonymous_3)
FN:44,(anonymous_4)
FN:44,(anonymous_5)
FN:62,(anonymous_6)
FN:62,(anonymous_7)
FNF:8
FNH:8
FNDA:1,(anonymous_0)
FNDA:1,(anonymous_1)
FNDA:1,(anonymous_2)
FNDA:1,(anonymous_3)
FNDA:1,(anonymous_4)
FNDA:1,(anonymous_5)
FNDA:1,(anonymous_6)
FNDA:1,(anonymous_7)
DA:13,41
DA:14,1
DA:19,1
DA:23,1
DA:30,41
DA:31,1
DA:32,1
DA:36,1
DA:44,41
DA:45,1
DA:50,1
DA:62,41
DA:63,1
DA:68,1
LF:14
LH:14
BRF:0
BRH:0
end_of_record
TN:
SF:src/actions/editActivity/contractorResources.js
FN:10,(anonymous_0)
FN:10,(anonymous_1)
FN:38,(anonymous_2)
FN:41,(anonymous_3)
FNF:4
FNH:4
FNDA:2,(anonymous_0)
FNDA:2,(anonymous_1)
FNDA:1,(anonymous_2)
FNDA:1,(anonymous_3)
DA:10,41
DA:11,2
DA:13,2
DA:15,2
DA:16,1
DA:17,1
DA:24,2
DA:30,2
DA:38,41
DA:41,1
DA:42,1
DA:46,1
LF:12
LH:12
BRDA:15,0,0,1
BRDA:15,0,1,1
BRF:2
BRH:2
end_of_record
TN:
SF:src/actions/editActivity/costAllocate.js
FN:4,(anonymous_0)
FN:10,(anonymous_1)
FN:16,(anonymous_2)
FN:21,(anonymous_3)
FN:35,(anonymous_4)
FN:39,(anonymous_5)
FN:48,(anonymous_6)
FN:53,(anonymous_7)
FN:62,(anonymous_8)
FN:67,(anonymous_9)
FNF:10
FNH:10
FNDA:1,(anonymous_0)
FNDA:1,(anonymous_1)
FNDA:1,(anonymous_2)
FNDA:1,(anonymous_3)
FNDA:1,(anonymous_4)
FNDA:1,(anonymous_5)
FNDA:1,(anonymous_6)
FNDA:1,(anonymous_7)
FNDA:1,(anonymous_8)
FNDA:1,(anonymous_9)
DA:4,41
DA:10,41
DA:16,41
DA:21,1
DA:22,1
DA:27,1
DA:32,1
DA:35,41
DA:39,1
DA:40,1
DA:45,1
DA:48,41
DA:53,1
DA:54,1
DA:59,1
DA:62,41
DA:67,1
DA:68,1
DA:73,1
LF:19
LH:19
BRF:0
BRH:0
end_of_record
TN:
SF:src/actions/editActivity/index.js
FNF:0
FNH:0
LF:0
LH:0
BRF:0
BRH:0
end_of_record
TN:
SF:src/actions/editActivity/nonPersonnelCosts.js
FN:10,(anonymous_0)
FN:10,(anonymous_1)
FN:38,(anonymous_2)
FN:41,(anonymous_3)
FNF:4
FNH:4
FNDA:2,(anonymous_0)
FNDA:2,(anonymous_1)
FNDA:1,(anonymous_2)
FNDA:1,(anonymous_3)
DA:10,41
DA:11,2
DA:13,2
DA:15,2
DA:16,1
DA:17,1
DA:24,2
DA:30,2
DA:38,41
DA:41,1
DA:42,1
DA:46,1
LF:12
LH:12
BRDA:15,0,0,1
BRDA:15,0,1,1
BRF:2
BRH:2
end_of_record
TN:
SF:src/actions/editActivity/outcomes.js
FN:9,(anonymous_0)
FN:9,(anonymous_1)
FN:35,(anonymous_2)
FN:35,(anonymous_3)
FNF:4
FNH:4
FNDA:2,(anonymous_0)
FNDA:2,(anonymous_1)
FNDA:1,(anonymous_2)
FNDA:1,(anonymous_3)
DA:9,41
DA:10,2
DA:12,2
DA:14,2
DA:15,1
DA:16,1
DA:23,2
DA:35,41
DA:36,1
LF:9
LH:9
BRDA:14,0,0,1
BRDA:14,0,1,1
BRF:2
BRH:2
end_of_record
TN:
SF:src/actions/editActivity/overview.js
FN:3,(anonymous_0)
FN:9,(anonymous_1)
FN:15,(anonymous_2)
FNF:3
FNH:3
FNDA:1,(anonymous_0)
FNDA:1,(anonymous_1)
FNDA:1,(anonymous_2)
DA:3,41
DA:9,41
DA:15,41
LF:3
LH:3
BRF:0
BRH:0
end_of_record
TN:
SF:src/actions/editActivity/scheduleAndMilestones.js
FN:9,(anonymous_0)
FN:9,(anonymous_1)
FN:35,(anonymous_2)
FN:35,(anonymous_3)
FN:42,(anonymous_4)
FN:48,(anonymous_5)
FNF:6
FNH:4
FNDA:2,(anonymous_0)
FNDA:2,(anonymous_1)
FNDA:1,(anonymous_2)
FNDA:1,(anonymous_3)
FNDA:0,(anonymous_4)
FNDA:0,(anonymous_5)
DA:9,41
DA:10,2
DA:12,2
DA:14,2
DA:15,1
DA:16,1
DA:23,2
DA:35,41
DA:36,1
DA:42,41
DA:48,41
LF:11
LH:11
BRDA:14,0,0,1
BRDA:14,0,1,1
BRF:2
BRH:2
end_of_record
TN:
SF:src/actions/editActivity/standardsAndConditions.js
FN:3,(anonymous_0)
FN:12,(anonymous_1)
FNF:2
FNH:2
FNDA:1,(anonymous_0)
FNDA:1,(anonymous_1)
DA:3,41
DA:6,1
DA:12,41
DA:15,1
LF:4
LH:4
BRF:0
BRH:0
end_of_record
TN:
SF:src/actions/editActivity/statePersonnel.js
FN:10,(anonymous_0)
FN:10,(anonymous_1)
FN:38,(anonymous_2)
FN:38,(anonymous_3)
FNF:4
FNH:4
FNDA:2,(anonymous_0)
FNDA:2,(anonymous_1)
FNDA:1,(anonymous_2)
FNDA:1,(anonymous_3)
DA:10,41
DA:11,2
DA:13,2
DA:15,2
DA:16,1
DA:17,1
DA:24,2
DA:30,2
DA:38,41
DA:39,1
DA:43,1
LF:11
LH:11
BRDA:15,0,0,1
BRDA:15,0,1,1
BRF:2
BRH:2
end_of_record
TN:
SF:src/actions/editApd/assurancesAndCompliance.js
FN:9,(anonymous_0)
FN:21,(anonymous_1)
FN:33,(anonymous_2)
FN:45,(anonymous_3)
FN:57,(anonymous_4)
FN:69,(anonymous_5)
FN:81,(anonymous_6)
FN:93,(anonymous_7)
FNF:8
FNH:8
FNDA:1,(anonymous_0)
FNDA:1,(anonymous_1)
FNDA:1,(anonymous_2)
FNDA:1,(anonymous_3)
FNDA:1,(anonymous_4)
FNDA:1,(anonymous_5)
FNDA:1,(anonymous_6)
FNDA:1,(anonymous_7)
DA:9,86
DA:21,86
DA:33,86
DA:45,86
DA:57,86
DA:69,86
DA:81,86
DA:93,86
LF:8
LH:8
BRF:0
BRH:0
end_of_record
TN:
SF:src/actions/editApd/incentivePayments.js
FN:9,(anonymous_0)
FN:21,(anonymous_1)
FN:33,(anonymous_2)
FN:45,(anonymous_3)
FNF:4
FNH:4
FNDA:1,(anonymous_0)
FNDA:1,(anonymous_1)
FNDA:1,(anonymous_2)
FNDA:1,(anonymous_3)
DA:9,86
DA:21,86
DA:33,86
DA:45,86
LF:4
LH:4
BRF:0
BRH:0
end_of_record
TN:
SF:src/actions/editApd/index.js
FNF:0
FNH:0
LF:0
LH:0
BRF:0
BRH:0
end_of_record
TN:
SF:src/actions/editApd/keyPersonnel.js
FN:9,(anonymous_0)
FN:9,(anonymous_1)
FN:37,(anonymous_2)
FN:37,(anonymous_3)
FNF:4
FNH:4
FNDA:2,(anonymous_0)
FNDA:2,(anonymous_1)
FNDA:1,(anonymous_2)
FNDA:1,(anonymous_3)
DA:9,86
DA:10,2
DA:12,2
DA:14,2
DA:15,1
DA:16,1
DA:23,2
DA:29,2
DA:37,86
DA:38,1
DA:42,1
LF:11
LH:11
BRDA:14,0,0,1
BRDA:14,0,1,1
BRF:2
BRH:2
end_of_record
TN:
SF:src/actions/editApd/overview.js
FN:8,(anonymous_0)
FN:8,(anonymous_1)
FN:26,(anonymous_2)
FN:26,(anonymous_3)
FN:35,(anonymous_4)
FN:35,(anonymous_5)
FN:44,(anonymous_6)
FN:54,(anonymous_7)
FN:64,(anonymous_8)
FN:74,(anonymous_9)
FNF:10
FNH:8
FNDA:0,(anonymous_0)
FNDA:0,(anonymous_1)
FNDA:1,(anonymous_2)
FNDA:1,(anonymous_3)
FNDA:1,(anonymous_4)
FNDA:1,(anonymous_5)
FNDA:1,(anonymous_6)
FNDA:1,(anonymous_7)
FNDA:1,(anonymous_8)
FNDA:1,(anonymous_9)
DA:8,86
DA:9,0
DA:15,0
DA:26,86
DA:27,1
DA:28,1
DA:35,86
DA:36,1
DA:37,1
DA:44,86
DA:54,86
DA:64,86
DA:74,86
LF:13
LH:11
BRF:0
BRH:0
end_of_record
TN:
SF:src/actions/editApd/previousActivities.js
FN:7,(anonymous_0)
FN:19,(anonymous_1)
FN:34,(anonymous_2)
FN:49,(anonymous_3)
FN:64,(anonymous_4)
FN:79,(anonymous_5)
FN:94,(anonymous_6)
FN:109,(anonymous_7)
FN:124,(anonymous_8)
FNF:9
FNH:9
FNDA:1,(anonymous_0)
FNDA:1,(anonymous_1)
FNDA:1,(anonymous_2)
FNDA:1,(anonymous_3)
FNDA:1,(anonymous_4)
FNDA:1,(anonymous_5)
FNDA:1,(anonymous_6)
FNDA:1,(anonymous_7)
FNDA:1,(anonymous_8)
DA:7,86
DA:19,86
DA:22,1
DA:34,86
DA:37,1
DA:49,86
DA:52,1
DA:64,86
DA:67,1
DA:79,86
DA:82,1
DA:94,86
DA:97,1
DA:109,86
DA:112,1
DA:124,86
DA:127,1
LF:17
LH:17
BRF:0
BRH:0
end_of_record
TN:
SF:src/actions/editApd/stateProfile.js
FN:7,(anonymous_0)
FN:17,(anonymous_1)
FN:27,(anonymous_2)
FN:37,(anonymous_3)
FN:47,(anonymous_4)
FN:57,(anonymous_5)
FN:67,(anonymous_6)
FN:77,(anonymous_7)
FNF:8
FNH:8
FNDA:1,(anonymous_0)
FNDA:1,(anonymous_1)
FNDA:1,(anonymous_2)
FNDA:1,(anonymous_3)
FNDA:1,(anonymous_4)
FNDA:1,(anonymous_5)
FNDA:1,(anonymous_6)
FNDA:1,(anonymous_7)
DA:7,86
DA:17,86
DA:27,86
DA:37,86
DA:47,86
DA:57,86
DA:67,86
DA:77,86
DA:78,1
LF:9
LH:9
BRF:0
BRH:0
end_of_record
TN:
SF:src/actions/editApd/symbols.js
FNF:0
FNH:0
DA:1,108
DA:2,108
DA:3,108
DA:4,108
DA:5,108
DA:6,108
DA:7,108
DA:8,108
DA:9,108
DA:10,108
LF:10
LH:10
BRF:0
BRH:0
end_of_record
TN:
SF:src/actions/editApd/uploadFile.js
FN:10,(anonymous_0)
FN:10,(anonymous_1)
FN:18,(anonymous_2)
FN:19,(anonymous_3)
FN:25,(anonymous_4)
FN:29,(anonymous_5)
FNF:6
FNH:6
FNDA:2,(anonymous_0)
FNDA:2,(anonymous_1)
FNDA:2,(anonymous_2)
FNDA:2,(anonymous_3)
FNDA:1,(anonymous_4)
FNDA:1,(anonymous_5)
DA:10,86
DA:11,2
DA:13,2
DA:14,2
DA:16,2
DA:18,2
DA:19,2
DA:20,2
DA:21,2
DA:23,2
DA:26,1
DA:27,1
DA:30,1
DA:31,1
DA:35,2
LF:15
LH:15
BRF:0
BRH:0
end_of_record
TN:
SF:src/components/AlertMissingFFY.js
FN:7,(anonymous_0)
FN:24,(anonymous_1)
FNF:2
FNH:2
FNDA:11,(anonymous_0)
FNDA:8,(anonymous_1)
DA:7,15
DA:8,11
DA:9,9
DA:11,2
DA:19,15
DA:24,15
LF:6
LH:6
BRDA:8,0,0,9
BRDA:8,0,1,2
BRF:2
BRH:2
end_of_record
TN:
SF:src/components/App.js
FN:9,(anonymous_0)
FNF:1
FNH:1
FNDA:1,(anonymous_0)
DA:9,2
DA:10,1
LF:2
LH:2
BRF:0
BRH:0
end_of_record
TN:
SF:src/components/ArrowLeftIcon.js
FN:4,(anonymous_0)
FNF:1
FNH:1
FNDA:3,(anonymous_0)
DA:4,26
DA:5,3
LF:2
LH:2
BRF:0
BRH:0
end_of_record
TN:
SF:src/components/ArrowRightIcon.js
FN:6,(anonymous_0)
FNF:1
FNH:1
FNDA:6,(anonymous_0)
DA:6,26
DA:7,6
DA:15,26
DA:19,26
LF:4
LH:4
BRF:0
BRH:0
end_of_record
TN:
SF:src/components/AutoScrollToElement.js
FN:4,(anonymous_0)
FN:7,(anonymous_1)
FN:20,(anonymous_2)
FNF:3
FNH:2
FNDA:4,(anonymous_0)
FNDA:4,(anonymous_1)
FNDA:0,(anonymous_2)
DA:4,3
DA:5,4
DA:7,4
DA:8,4
DA:9,4
DA:10,4
DA:11,4
DA:12,4
DA:13,4
DA:17,4
DA:20,3
LF:11
LH:11
BRDA:8,0,0,0
BRDA:8,0,1,4
BRDA:10,1,0,4
BRDA:10,1,1,0
BRDA:11,2,0,4
BRDA:11,2,1,0
BRF:6
BRH:3
end_of_record
TN:
SF:src/components/Broadcast.js
FN:6,(anonymous_0)
FN:12,(anonymous_1)
FN:18,(anonymous_2)
FN:25,(anonymous_3)
FN:26,(anonymous_4)
FN:30,(anonymous_5)
FN:32,(anonymous_6)
FN:37,(anonymous_7)
FN:43,(anonymous_8)
FNF:9
FNH:9
FNDA:1,(anonymous_0)
FNDA:10,(anonymous_1)
FNDA:2,(anonymous_2)
FNDA:3,(anonymous_3)
FNDA:3,(anonymous_4)
FNDA:3,(anonymous_5)
FNDA:11,(anonymous_6)
FNDA:2,(anonymous_7)
FNDA:1,(anonymous_8)
DA:3,3
DA:4,3
DA:6,3
DA:7,1
DA:8,1
DA:12,3
DA:13,10
DA:14,9
DA:18,3
DA:19,2
DA:20,2
DA:21,1
DA:25,3
DA:26,3
DA:27,3
DA:28,3
DA:29,2
DA:30,2
DA:31,3
DA:32,2
DA:33,11
DA:37,2
DA:38,2
DA:39,2
DA:43,1
DA:46,3
LF:26
LH:26
BRDA:7,0,0,1
BRDA:7,0,1,0
BRDA:13,1,0,9
BRDA:13,1,1,1
BRDA:20,2,0,1
BRDA:20,2,1,1
BRDA:28,3,0,2
BRDA:28,3,1,1
BRDA:31,4,0,2
BRDA:31,4,1,1
BRF:10
BRH:9
end_of_record
TN:
SF:src/components/CardForm.js
FN:6,(anonymous_0)
FN:23,(anonymous_1)
FNF:2
FNH:2
FNDA:27,(anonymous_0)
FNDA:1,(anonymous_1)
DA:6,8
DA:21,27
DA:23,27
DA:24,1
DA:25,1
DA:28,27
DA:97,8
DA:113,8
LF:8
LH:8
BRDA:25,0,0,1
BRDA:25,0,1,0
BRDA:25,1,0,1
BRDA:25,1,1,1
BRDA:34,2,0,27
BRDA:34,2,1,1
BRDA:39,3,0,27
BRDA:39,3,1,1
BRDA:44,4,0,27
BRDA:44,4,1,14
BRDA:46,5,0,14
BRDA:46,5,1,0
BRDA:56,6,0,27
BRDA:56,6,1,1
BRDA:65,7,0,27
BRDA:65,7,1,17
BRDA:69,8,0,17
BRDA:69,8,1,16
BRDA:71,9,0,1
BRDA:71,9,1,16
BRDA:80,10,0,27
BRDA:80,10,1,13
BRDA:88,11,0,27
BRDA:88,11,1,1
BRF:24
BRH:22
end_of_record
TN:
SF:src/components/Choice.js
FN:4,(anonymous_0)
FN:7,(anonymous_1)
FNF:2
FNH:2
FNDA:56,(anonymous_0)
FNDA:48,(anonymous_1)
DA:4,16
DA:5,56
DA:7,56
DA:8,48
DA:10,48
DA:11,16
DA:12,16
DA:13,16
DA:17,56
LF:9
LH:9
BRDA:10,0,0,16
BRDA:10,0,1,32
BRF:2
BRH:2
end_of_record
TN:
SF:src/components/ContinuePreviousButtons.js
FN:12,(anonymous_0)
FN:13,(anonymous_1)
FN:83,(anonymous_2)
FNF:3
FNH:3
FNDA:15,(anonymous_0)
FNDA:6,(anonymous_1)
FNDA:13,(anonymous_2)
DA:9,26
DA:10,26
DA:12,26
DA:13,15
DA:14,6
DA:15,2
DA:16,2
DA:18,4
DA:21,15
DA:22,15
DA:24,15
DA:36,15
DA:42,15
DA:54,15
DA:58,15
DA:73,26
DA:78,26
DA:83,26
LF:18
LH:18
BRDA:14,0,0,2
BRDA:14,0,1,4
BRDA:21,1,0,12
BRDA:21,1,1,3
BRDA:22,2,0,12
BRDA:22,2,1,3
BRDA:24,3,0,12
BRDA:24,3,1,3
BRDA:36,4,0,12
BRDA:36,4,1,3
BRDA:42,5,0,12
BRDA:42,5,1,3
BRDA:54,6,0,12
BRDA:54,6,1,3
BRF:14
BRH:14
end_of_record
TN:
SF:src/components/DateField.js
FN:6,(anonymous_0)
FN:24,(anonymous_1)
FN:34,(anonymous_2)
FN:43,(anonymous_3)
FN:88,(anonymous_4)
FN:91,(anonymous_5)
FNF:6
FNH:2
FNDA:17,(anonymous_0)
FNDA:17,(anonymous_1)
FNDA:0,(anonymous_2)
FNDA:0,(anonymous_3)
FNDA:0,(anonymous_4)
FNDA:0,(anonymous_5)
DA:6,15
DA:7,17
DA:8,3
DA:14,14
DA:15,14
DA:24,15
DA:25,17
DA:32,17
DA:34,17
DA:35,0
DA:36,0
DA:37,0
DA:39,0
DA:40,0
DA:43,17
DA:44,0
DA:45,0
DA:46,0
DA:48,0
DA:49,0
DA:50,0
DA:51,0
DA:55,0
DA:58,0
DA:60,0
DA:61,0
DA:64,0
DA:65,0
DA:68,0
DA:69,0
DA:73,0
DA:81,17
DA:89,0
DA:92,0
DA:99,15
LF:35
LH:12
BRDA:7,0,0,3
BRDA:7,0,1,14
BRDA:55,1,0,0
BRDA:55,1,1,0
BRDA:55,2,0,0
BRDA:55,2,1,0
BRDA:55,2,2,0
BRDA:55,2,3,0
BRDA:55,2,4,0
BRDA:55,2,5,0
BRDA:55,2,6,0
BRDA:60,3,0,0
BRDA:60,3,1,0
BRDA:60,4,0,0
BRDA:60,4,1,0
BRDA:60,4,2,0
BRDA:64,5,0,0
BRDA:64,5,1,0
BRDA:64,6,0,0
BRDA:64,6,1,0
BRDA:64,6,2,0
BRDA:68,7,0,0
BRDA:68,7,1,0
BRDA:68,8,0,0
BRDA:68,8,1,0
BRF:25
BRH:2
end_of_record
TN:
SF:src/components/DeleteModal.js
FN:8,(anonymous_0)
FNF:1
FNH:1
FNDA:3,(anonymous_0)
DA:8,35
DA:9,3
DA:11,3
DA:38,35
DA:44,35
LF:5
LH:5
BRDA:24,0,0,3
BRDA:24,0,1,3
BRDA:33,1,0,3
BRDA:33,1,1,3
BRF:4
BRH:4
end_of_record
TN:
SF:src/components/DeleteModalOptions.js
FN:3,getDeleteModalOptions
FN:7,(anonymous_1)
FN:24,(anonymous_2)
FN:41,(anonymous_3)
FN:51,(anonymous_4)
FN:61,(anonymous_5)
FN:71,(anonymous_6)
FN:81,(anonymous_7)
FN:91,(anonymous_8)
FN:109,(anonymous_9)
FN:119,(anonymous_10)
FN:129,(anonymous_11)
FN:136,(anonymous_12)
FNF:13
FNH:12
FNDA:25,getDeleteModalOptions
FNDA:2,(anonymous_1)
FNDA:2,(anonymous_2)
FNDA:2,(anonymous_3)
FNDA:2,(anonymous_4)
FNDA:2,(anonymous_5)
FNDA:2,(anonymous_6)
FNDA:2,(anonymous_7)
FNDA:2,(anonymous_8)
FNDA:2,(anonymous_9)
FNDA:2,(anonymous_10)
FNDA:0,(anonymous_11)
FNDA:2,(anonymous_12)
DA:5,25
DA:8,2
DA:25,2
DA:42,2
DA:52,2
DA:62,2
DA:72,2
DA:82,2
DA:92,2
DA:110,2
DA:120,2
DA:130,0
DA:137,2
DA:147,25
LF:14
LH:13
BRF:0
BRH:0
end_of_record
TN:
SF:src/components/DocumentUpload.js
FN:13,(anonymous_0)
FN:17,(anonymous_1)
FN:37,(anonymous_2)
FN:45,(anonymous_3)
FNF:4
FNH:0
FNDA:0,(anonymous_0)
FNDA:0,(anonymous_1)
FNDA:0,(anonymous_2)
FNDA:0,(anonymous_3)
DA:13,4
DA:14,0
DA:15,0
DA:17,0
DA:18,0
DA:20,0
DA:37,0
DA:38,0
DA:39,0
DA:40,0
DA:42,0
DA:45,0
DA:46,0
DA:47,0
DA:49,0
DA:52,0
DA:90,4
LF:17
LH:2
BRDA:54,0,0,0
BRDA:54,0,1,0
BRF:2
BRH:0
end_of_record
TN:
SF:src/components/DollarField.js
FN:4,(anonymous_0)
FNF:1
FNH:1
FNDA:45,(anonymous_0)
DA:4,25
DA:5,45
LF:2
LH:2
BRF:0
BRH:0
end_of_record
TN:
SF:src/components/Dollars.js
FN:13,(anonymous_0)
FNF:1
FNH:1
FNDA:4901,(anonymous_0)
DA:13,41
DA:14,4901
DA:16,4901
DA:17,5
DA:20,4896
DA:23,41
DA:29,41
LF:7
LH:7
BRDA:16,0,0,5
BRDA:16,0,1,4896
BRDA:16,1,0,4901
BRDA:16,1,1,4897
BRF:4
BRH:4
end_of_record
TN:
SF:src/components/FormAndReviewList.js
FN:5,(anonymous_0)
FN:18,(anonymous_1)
FN:27,(anonymous_2)
FN:29,(anonymous_3)
FN:45,(anonymous_4)
FN:51,(anonymous_5)
FN:80,(anonymous_6)
FN:98,(anonymous_7)
FN:104,(anonymous_8)
FN:122,(anonymous_9)
FN:132,(anonymous_10)
FNF:11
FNH:8
FNDA:5,(anonymous_0)
FNDA:1,(anonymous_1)
FNDA:1,(anonymous_2)
FNDA:0,(anonymous_3)
FNDA:0,(anonymous_4)
FNDA:0,(anonymous_5)
FNDA:11,(anonymous_6)
FNDA:10,(anonymous_7)
FNDA:1,(anonymous_8)
FNDA:14,(anonymous_9)
FNDA:1,(anonymous_10)
DA:5,16
DA:14,5
DA:15,5
DA:17,5
DA:18,5
DA:19,1
DA:20,1
DA:21,0
DA:22,0
DA:24,1
DA:27,5
DA:29,5
DA:30,0
DA:31,0
DA:34,5
DA:35,4
DA:42,1
DA:45,0
DA:52,0
DA:53,0
DA:63,16
DA:75,16
DA:80,16
DA:95,11
DA:97,11
DA:98,10
DA:102,11
DA:104,11
DA:105,1
DA:106,1
DA:109,11
DA:123,14
DA:132,1
DA:149,16
DA:165,16
LF:35
LH:28
BRDA:20,0,0,0
BRDA:20,0,1,1
BRDA:20,1,0,1
BRDA:20,1,1,1
BRDA:34,2,0,4
BRDA:34,2,1,1
BRDA:102,3,0,11
BRDA:102,3,1,1
BRDA:111,4,0,2
BRDA:111,4,1,9
BRDA:111,5,0,11
BRDA:111,5,1,3
BRDA:113,6,0,0
BRDA:113,6,1,2
BRDA:128,7,0,14
BRDA:128,7,1,2
BRDA:131,8,0,13
BRDA:131,8,1,1
BRDA:131,9,0,14
BRDA:131,9,1,2
BRDA:140,10,0,11
BRDA:140,10,1,10
BRDA:142,11,0,10
BRDA:142,11,1,0
BRF:24
BRH:21
end_of_record
TN:
SF:src/components/Icons.js
FN:35,(anonymous_0)
FN:36,(anonymous_1)
FN:37,(anonymous_2)
FN:40,(anonymous_3)
FN:41,(anonymous_4)
FN:42,(anonymous_5)
FN:45,(anonymous_6)
FN:53,(anonymous_7)
FN:54,(anonymous_8)
FN:57,(anonymous_9)
FN:58,(anonymous_10)
FNF:11
FNH:1
FNDA:0,(anonymous_0)
FNDA:0,(anonymous_1)
FNDA:0,(anonymous_2)
FNDA:3,(anonymous_3)
FNDA:0,(anonymous_4)
FNDA:0,(anonymous_5)
FNDA:0,(anonymous_6)
FNDA:0,(anonymous_7)
FNDA:0,(anonymous_8)
FNDA:0,(anonymous_9)
FNDA:0,(anonymous_10)
DA:35,43
DA:36,43
DA:37,43
DA:38,0
DA:40,43
DA:41,43
DA:42,43
DA:43,0
DA:45,43
DA:46,0
DA:53,43
DA:54,43
DA:55,0
DA:57,43
DA:58,43
LF:15
LH:11
BRF:0
BRH:0
end_of_record
TN:
SF:src/components/Instruction.js
FN:8,(anonymous_0)
FN:31,(anonymous_1)
FN:54,(anonymous_2)
FNF:3
FNH:3
FNDA:12,(anonymous_0)
FNDA:44,(anonymous_1)
FNDA:3,(anonymous_2)
DA:8,36
DA:9,12
DA:10,12
DA:12,12
DA:13,0
DA:15,12
DA:18,36
DA:25,36
DA:31,36
DA:32,44
DA:33,44
DA:34,44
DA:35,44
DA:36,44
DA:38,44
DA:39,40
DA:55,3
DA:70,4
DA:73,36
DA:81,36
LF:20
LH:19
BRDA:12,0,0,0
BRDA:12,0,1,12
BRDA:38,1,0,40
BRDA:38,1,1,4
BRDA:38,2,0,44
BRDA:38,2,1,32
BRDA:38,2,2,31
BRDA:38,2,3,5
BRDA:41,3,0,40
BRDA:41,3,1,12
BRDA:46,4,0,40
BRDA:46,4,1,39
BRDA:46,4,2,1
BRDA:46,4,3,0
BRDA:46,4,4,40
BRDA:48,5,0,40
BRDA:48,5,1,0
BRDA:48,5,2,0
BRDA:49,6,0,40
BRDA:49,6,1,1
BRDA:50,7,0,40
BRDA:50,7,1,40
BRDA:50,7,2,39
BRDA:51,8,0,40
BRDA:51,8,1,1
BRDA:62,9,0,40
BRDA:62,9,1,5
BRF:27
BRH:23
end_of_record
TN:
SF:src/components/Loading.js
FN:5,(anonymous_0)
FNF:1
FNH:1
FNDA:7,(anonymous_0)
DA:5,10
DA:6,7
DA:11,10
LF:3
LH:3
BRF:0
BRH:0
end_of_record
TN:
SF:src/components/Md.js
FN:11,(anonymous_0)
FN:68,(anonymous_1)
FN:69,(anonymous_2)
FN:70,(anonymous_3)
FNF:4
FNH:4
FNDA:47,(anonymous_0)
FNDA:26,(anonymous_1)
FNDA:26,(anonymous_2)
FNDA:18,(anonymous_3)
DA:6,37
DA:11,37
DA:55,47
DA:56,47
DA:58,47
DA:59,47
DA:60,6
DA:63,6
DA:64,5
DA:66,5
DA:68,26
DA:69,26
DA:70,18
DA:73,5
DA:79,6
DA:82,47
DA:90,37
DA:95,37
LF:18
LH:18
BRDA:63,0,0,5
BRDA:63,0,1,1
BRF:2
BRH:2
end_of_record
TN:
SF:src/components/NoMatch.js
FN:3,(anonymous_0)
FNF:1
FNH:1
FNDA:1,(anonymous_0)
DA:3,6
DA:4,1
LF:2
LH:2
BRF:0
BRH:0
end_of_record
TN:
SF:src/components/NumberField.js
FN:5,(anonymous_0)
FN:16,(anonymous_1)
FN:20,(anonymous_2)
FN:35,(anonymous_3)
FN:56,(anonymous_4)
FN:69,(anonymous_5)
FNF:6
FNH:6
FNDA:109,(anonymous_0)
FNDA:77,(anonymous_1)
FNDA:11,(anonymous_2)
FNDA:7,(anonymous_3)
FNDA:4,(anonymous_4)
FNDA:2,(anonymous_5)
DA:5,31
DA:14,109
DA:15,109
DA:16,77
DA:20,109
DA:23,11
DA:24,11
DA:25,1
DA:27,10
DA:28,3
DA:31,7
DA:34,109
DA:36,7
DA:37,7
DA:39,7
DA:40,5
DA:45,7
DA:46,4
DA:55,109
DA:57,4
DA:58,4
DA:59,4
DA:60,4
DA:69,109
DA:70,2
DA:71,1
DA:75,109
DA:87,31
DA:96,31
LF:29
LH:29
BRDA:14,0,0,69
BRDA:14,0,1,40
BRDA:16,1,0,38
BRDA:16,1,1,39
BRDA:23,2,0,11
BRDA:23,2,1,1
BRDA:24,3,0,1
BRDA:24,3,1,10
BRDA:24,4,0,11
BRDA:24,4,1,1
BRDA:27,5,0,3
BRDA:27,5,1,7
BRDA:39,6,0,5
BRDA:39,6,1,2
BRDA:45,7,0,4
BRDA:45,7,1,3
BRDA:58,8,0,4
BRDA:58,8,1,0
BRDA:70,9,0,1
BRDA:70,9,1,1
BRF:20
BRH:19
end_of_record
TN:
SF:src/components/PasswordWithMeter.js
FN:8,(anonymous_0)
FN:13,(anonymous_1)
FN:20,(anonymous_2)
FN:29,(anonymous_3)
FN:30,(anonymous_4)
FN:33,(anonymous_5)
FN:128,(anonymous_6)
FNF:7
FNH:6
FNDA:27,(anonymous_0)
FNDA:17,(anonymous_1)
FNDA:3,(anonymous_2)
FNDA:1,(anonymous_3)
FNDA:1,(anonymous_4)
FNDA:34,(anonymous_5)
FNDA:0,(anonymous_6)
DA:9,27
DA:10,27
DA:14,17
DA:15,17
DA:16,0
DA:20,27
DA:21,3
DA:22,3
DA:24,3
DA:25,3
DA:29,27
DA:30,1
DA:42,34
DA:43,34
DA:45,34
DA:46,34
DA:47,24
DA:48,10
DA:49,0
DA:50,10
DA:51,0
DA:54,34
DA:113,8
DA:125,8
LF:24
LH:21
BRDA:15,0,0,0
BRDA:15,0,1,17
BRDA:24,1,0,3
BRDA:24,1,1,0
BRDA:46,2,0,24
BRDA:46,2,1,10
BRDA:48,3,0,0
BRDA:48,3,1,10
BRDA:50,4,0,0
BRDA:50,4,1,10
BRDA:55,5,0,34
BRDA:55,5,1,34
BRDA:71,6,0,34
BRDA:71,6,1,6
BRDA:74,7,0,34
BRDA:74,7,1,0
BRDA:79,8,0,1
BRDA:79,8,1,33
BRDA:82,9,0,22
BRDA:82,9,1,12
BRDA:85,10,0,34
BRDA:85,10,1,0
BRDA:90,11,0,34
BRDA:90,11,1,6
BRDA:95,12,0,6
BRDA:95,12,1,0
BRF:26
BRH:19
end_of_record
TN:
SF:src/components/PercentField.js
FN:4,(anonymous_0)
FN:6,(anonymous_1)
FNF:2
FNH:2
FNDA:1,(anonymous_0)
FNDA:1,(anonymous_1)
DA:4,13
DA:5,1
DA:6,1
DA:7,1
DA:8,0
DA:9,0
DA:10,0
DA:11,0
DA:15,1
LF:9
LH:5
BRDA:7,0,0,0
BRDA:7,0,1,1
BRDA:7,1,0,1
BRDA:7,1,1,1
BRF:4
BRH:3
end_of_record
TN:
SF:src/components/PersonCostForm.js
FN:8,(anonymous_0)
FN:17,(anonymous_1)
FN:18,(anonymous_2)
FN:24,(anonymous_3)
FN:25,(anonymous_4)
FN:32,(anonymous_5)
FNF:6
FNH:6
FNDA:2,(anonymous_0)
FNDA:4,(anonymous_1)
FNDA:2,(anonymous_2)
FNDA:4,(anonymous_3)
FNDA:2,(anonymous_4)
FNDA:4,(anonymous_5)
DA:8,14
DA:17,2
DA:18,4
DA:19,2
DA:20,2
DA:24,2
DA:25,4
DA:26,2
DA:27,2
DA:30,2
DA:33,4
DA:63,14
DA:72,14
LF:13
LH:13
BRF:0
BRH:0
end_of_record
TN:
SF:src/components/Review.js
FN:7,(anonymous_0)
FN:25,(anonymous_1)
FN:26,(anonymous_2)
FN:39,(anonymous_3)
FN:44,(anonymous_4)
FN:102,(anonymous_5)
FNF:6
FNH:4
FNDA:15,(anonymous_0)
FNDA:14,(anonymous_1)
FNDA:3,(anonymous_2)
FNDA:0,(anonymous_3)
FNDA:1,(anonymous_4)
FNDA:0,(anonymous_5)
DA:7,26
DA:23,15
DA:24,15
DA:26,14
DA:27,3
DA:28,2
DA:30,3
DA:31,1
DA:37,15
DA:39,15
DA:40,0
DA:41,0
DA:44,15
DA:45,1
DA:46,0
DA:48,1
DA:52,15
DA:102,0
DA:110,26
DA:122,26
LF:20
LH:16
BRDA:27,0,0,2
BRDA:27,0,1,1
BRDA:30,1,0,1
BRDA:30,1,1,2
BRDA:45,2,0,0
BRDA:45,2,1,1
BRDA:56,3,0,6
BRDA:56,3,1,9
BRDA:56,4,0,15
BRDA:56,4,1,11
BRDA:61,5,0,2
BRDA:61,5,1,4
BRDA:67,6,0,2
BRDA:67,6,1,4
BRDA:77,7,0,15
BRDA:77,7,1,6
BRDA:81,8,0,6
BRDA:81,8,1,1
BRDA:86,9,0,3
BRDA:86,9,1,3
BRDA:89,10,0,6
BRDA:89,10,1,4
BRDA:98,11,0,15
BRDA:98,11,1,1
BRF:24
BRH:23
end_of_record
TN:
SF:src/components/RichText.js
FN:38,(anonymous_0)
FN:38,(anonymous_1)
FN:61,(anonymous_2)
FN:70,(anonymous_3)
FN:89,(anonymous_4)
FN:89,(anonymous_5)
FN:90,(anonymous_6)
FN:101,(anonymous_7)
FN:117,(anonymous_8)
FN:127,(anonymous_9)
FN:127,(anonymous_10)
FN:148,(anonymous_11)
FN:153,(anonymous_12)
FN:226,(anonymous_13)
FNF:14
FNH:11
FNDA:3,(anonymous_0)
FNDA:2,(anonymous_1)
FNDA:1,(anonymous_2)
FNDA:0,(anonymous_3)
FNDA:20,(anonymous_4)
FNDA:18,(anonymous_5)
FNDA:0,(anonymous_6)
FNDA:1,(anonymous_7)
FNDA:21,(anonymous_8)
FNDA:21,(anonymous_9)
FNDA:2,(anonymous_10)
FNDA:1,(anonymous_11)
FNDA:19,(anonymous_12)
FNDA:0,(anonymous_13)
DA:24,17
DA:38,17
DA:39,2
DA:40,2
DA:42,1
DA:44,1
DA:45,1
DA:47,0
DA:54,0
DA:58,1
DA:59,1
DA:60,1
DA:63,1
DA:64,1
DA:68,1
DA:72,0
DA:79,0
DA:80,0
DA:81,0
DA:82,0
DA:85,1
DA:89,20
DA:90,18
DA:91,0
DA:92,0
DA:96,0
DA:99,18
DA:102,1
DA:103,1
DA:104,1
DA:105,1
DA:110,1
DA:118,21
DA:120,21
DA:127,21
DA:128,2
DA:129,2
DA:131,2
DA:132,2
DA:133,1
DA:141,1
DA:142,1
DA:144,1
DA:148,21
DA:149,1
DA:150,1
DA:154,19
DA:155,19
DA:158,19
DA:169,19
DA:182,19
DA:216,17
DA:223,17
DA:229,17
LF:54
LH:44
BRDA:40,0,0,1
BRDA:40,0,1,1
BRDA:40,1,0,2
BRDA:40,1,1,1
BRDA:45,2,0,0
BRDA:45,2,1,1
BRDA:121,3,0,21
BRDA:121,3,1,1
BRF:8
BRH:7
end_of_record
TN:
SF:src/components/Root.js
FN:16,(anonymous_0)
FN:22,(anonymous_1)
FNF:2
FNH:1
FNDA:1,(anonymous_0)
FNDA:0,(anonymous_1)
DA:11,1
DA:14,1
DA:16,1
DA:17,1
DA:22,1
DA:23,0
DA:26,1
DA:35,1
LF:8
LH:7
BRF:0
BRH:0
end_of_record
TN:
SF:src/components/SaveMessage.js
FN:23,(anonymous_0)
FN:24,(anonymous_1)
FN:26,(anonymous_2)
FN:27,(anonymous_3)
FN:28,(anonymous_4)
FNF:5
FNH:5
FNDA:73,(anonymous_0)
FNDA:13,(anonymous_1)
FNDA:73,(anonymous_2)
FNDA:60,(anonymous_3)
FNDA:73,(anonymous_4)
DA:7,6
DA:23,6
DA:24,73
DA:26,73
DA:27,73
DA:28,73
DA:31,73
DA:32,73
DA:33,73
DA:34,73
DA:36,73
DA:37,7
DA:40,66
DA:41,62
DA:42,4
DA:43,3
DA:45,1
DA:48,66
DA:49,66
DA:52,6
LF:20
LH:20
BRDA:36,0,0,7
BRDA:36,0,1,66
BRDA:36,1,0,73
BRDA:36,1,1,72
BRDA:40,2,0,62
BRDA:40,2,1,4
BRDA:42,3,0,3
BRDA:42,3,1,1
BRF:8
BRH:8
end_of_record
TN:
SF:src/components/Section.js
FN:9,(anonymous_0)
FN:37,(anonymous_1)
FNF:2
FNH:2
FNDA:14,(anonymous_0)
FNDA:16,(anonymous_1)
DA:9,24
DA:10,14
DA:11,14
DA:13,14
DA:26,24
DA:32,24
DA:37,24
DA:38,16
DA:40,16
DA:58,24
DA:66,24
LF:11
LH:11
BRDA:15,0,0,14
BRDA:15,0,1,12
BRDA:16,1,0,14
BRDA:16,1,1,4
BRDA:42,2,0,16
BRDA:42,2,1,16
BRDA:43,3,0,16
BRDA:43,3,1,14
BRDA:47,4,0,16
BRDA:47,4,1,0
BRDA:48,5,0,0
BRDA:48,5,1,0
BRF:12
BRH:9
end_of_record
TN:
SF:src/components/TextArea.js
FN:5,(anonymous_0)
FN:16,(anonymous_1)
FNF:2
FNH:2
FNDA:3,(anonymous_0)
FNDA:3,(anonymous_1)
DA:5,15
DA:6,3
DA:17,3
DA:27,15
DA:31,15
LF:5
LH:5
BRF:0
BRH:0
end_of_record
TN:
SF:src/components/UpgradeBrowser.js
FN:32,(anonymous_0)
FN:48,(anonymous_1)
FNF:2
FNH:2
FNDA:42,(anonymous_0)
FNDA:37,(anonymous_1)
DA:4,14
DA:22,14
DA:33,42
DA:48,14
DA:50,37
LF:5
LH:5
BRDA:50,0,0,1
BRDA:50,0,1,36
BRF:2
BRH:2
end_of_record
TN:
SF:src/components/Wrapper.js
FN:9,(anonymous_0)
FN:9,(anonymous_1)
FN:11,(anonymous_2)
FNF:3
FNH:3
FNDA:30,(anonymous_0)
FNDA:3,(anonymous_1)
FNDA:4,(anonymous_2)
DA:9,30
DA:11,3
DA:12,4
DA:13,4
DA:15,4
DA:25,3
LF:6
LH:6
BRDA:16,0,0,1
BRDA:16,0,1,3
BRF:2
BRH:2
end_of_record
TN:
SF:src/containers/ApdApplication.js
FN:27,(anonymous_0)
FN:45,(anonymous_1)
FN:65,(anonymous_2)
FN:125,(anonymous_3)
FNF:4
FNH:4
FNDA:8,(anonymous_0)
FNDA:4,(anonymous_1)
FNDA:4,(anonymous_2)
FNDA:12,(anonymous_3)
DA:27,5
DA:39,8
DA:40,8
DA:41,8
DA:42,8
DA:44,8
DA:46,4
DA:47,1
DA:48,1
DA:49,3
DA:50,0
DA:51,3
DA:52,3
DA:53,3
DA:54,3
DA:56,0
DA:65,8
DA:66,4
DA:67,2
DA:71,8
DA:72,2
DA:74,6
DA:75,4
DA:82,2
DA:90,2
DA:105,5
DA:118,5
DA:125,12
DA:133,5
LF:29
LH:27
BRDA:46,0,0,1
BRDA:46,0,1,3
BRDA:46,1,0,4
BRDA:46,1,1,1
BRDA:49,2,0,0
BRDA:49,2,1,3
BRDA:49,3,0,3
BRDA:49,3,1,2
BRDA:51,4,0,3
BRDA:51,4,1,0
BRDA:51,5,0,3
BRDA:51,5,1,3
BRDA:51,5,2,2
BRDA:53,6,0,0
BRDA:53,7,0,0
BRDA:53,8,0,3
BRDA:53,8,1,0
BRDA:66,9,0,2
BRDA:66,9,1,2
BRDA:71,10,0,2
BRDA:71,10,1,6
BRDA:74,11,0,4
BRDA:74,11,1,2
BRDA:74,12,0,6
BRDA:74,12,1,5
BRDA:95,13,0,2
BRDA:95,13,1,2
BRDA:130,14,0,12
BRDA:130,14,1,7
BRF:29
BRH:24
end_of_record
TN:
SF:src/containers/ApdExport.js
FN:13,(anonymous_0)
FN:34,(anonymous_1)
FN:57,(anonymous_2)
FNF:3
FNH:3
FNDA:3,(anonymous_0)
FNDA:1,(anonymous_1)
FNDA:1,(anonymous_2)
DA:13,7
DA:14,3
DA:16,3
DA:17,0
DA:20,3
DA:35,1
DA:47,7
DA:53,7
DA:57,7
DA:61,7
LF:10
LH:9
BRDA:16,0,0,0
BRDA:16,0,1,3
BRDA:35,1,0,1
BRDA:35,1,1,1
BRF:4
BRH:3
end_of_record
TN:
SF:src/containers/AriaAnnounce.js
FN:7,(anonymous_0)
FN:28,(anonymous_1)
FNF:2
FNH:1
FNDA:2,(anonymous_0)
FNDA:0,(anonymous_1)
DA:7,3
DA:8,2
DA:9,2
DA:20,3
DA:24,3
DA:28,3
LF:6
LH:6
BRF:0
BRH:0
end_of_record
TN:
SF:src/containers/AssurancesAndCompliance.js
FN:24,(anonymous_0)
FN:27,(anonymous_1)
FN:46,(anonymous_2)
FN:57,(anonymous_3)
FN:57,(anonymous_4)
FN:72,(anonymous_5)
FN:72,(anonymous_6)
FN:97,(anonymous_7)
FN:102,(anonymous_8)
FN:162,(anonymous_9)
FNF:10
FNH:10
FNDA:180,(anonymous_0)
FNDA:17,(anonymous_1)
FNDA:4,(anonymous_2)
FNDA:120,(anonymous_3)
FNDA:4,(anonymous_4)
FNDA:60,(anonymous_5)
FNDA:4,(anonymous_6)
FNDA:16,(anonymous_7)
FNDA:60,(anonymous_8)
FNDA:2,(anonymous_9)
DA:24,7
DA:25,180
DA:27,7
DA:28,17
DA:30,16
DA:37,7
DA:42,7
DA:46,7
DA:57,120
DA:58,4
DA:60,1
DA:62,1
DA:64,1
DA:66,1
DA:68,0
DA:72,60
DA:75,4
DA:77,1
DA:79,1
DA:81,1
DA:83,1
DA:85,0
DA:89,4
DA:98,16
DA:103,60
DA:150,7
DA:162,7
DA:164,7
LF:28
LH:26
BRDA:28,0,0,1
BRDA:28,0,1,16
BRDA:58,1,0,1
BRDA:58,1,1,1
BRDA:58,1,2,1
BRDA:58,1,3,1
BRDA:58,1,4,0
BRDA:75,2,0,1
BRDA:75,2,1,1
BRDA:75,2,2,1
BRDA:75,2,3,1
BRDA:75,2,4,0
BRF:12
BRH:10
end_of_record
TN:
SF:src/containers/BudgetSummary.js
FN:15,DataRow
FN:44,(anonymous_1)
FN:46,(anonymous_2)
FN:62,(anonymous_3)
FN:85,(anonymous_4)
FN:91,(anonymous_5)
FN:110,(anonymous_6)
FN:129,(anonymous_7)
FN:165,(anonymous_8)
FN:200,(anonymous_9)
FNF:10
FNH:10
FNDA:38,DataRow
FNDA:10,(anonymous_1)
FNDA:40,(anonymous_2)
FNDA:11,(anonymous_3)
FNDA:2,(anonymous_4)
FNDA:6,(anonymous_5)
FNDA:6,(anonymous_6)
FNDA:6,(anonymous_7)
FNDA:5,(anonymous_8)
FNDA:2,(anonymous_9)
DA:8,8
DA:16,38
DA:38,8
DA:44,8
DA:45,10
DA:47,40
DA:57,8
DA:62,8
DA:63,11
DA:81,8
DA:85,8
DA:86,2
DA:92,6
DA:111,6
DA:130,6
DA:166,5
DA:167,5
DA:194,8
DA:200,8
DA:201,2
LF:20
LH:20
BRDA:19,0,0,9
BRDA:19,0,1,29
BRDA:66,1,0,4
BRDA:66,1,1,7
BRDA:171,2,0,1
BRDA:171,2,1,4
BRDA:176,3,0,1
BRDA:176,3,1,4
BRF:8
BRH:8
end_of_record
TN:
SF:src/containers/ConnectedWaypoint.js
FN:7,(anonymous_0)
FN:12,(anonymous_1)
FN:30,(anonymous_2)
FNF:3
FNH:3
FNDA:17,(anonymous_0)
FNDA:1,(anonymous_1)
FNDA:15,(anonymous_2)
DA:7,13
DA:8,17
DA:12,1
DA:18,13
DA:25,13
DA:30,15
DA:34,13
LF:7
LH:7
BRF:0
BRH:0
end_of_record
TN:
SF:src/containers/Dashboard.js
FN:8,(anonymous_0)
FN:15,(anonymous_1)
FNF:2
FNH:2
FNDA:2,(anonymous_0)
FNDA:2,(anonymous_1)
DA:8,5
DA:9,2
DA:11,5
DA:15,5
LF:4
LH:4
BRDA:9,0,0,1
BRDA:9,0,1,1
BRF:2
BRH:2
end_of_record
TN:
SF:src/containers/ExecutiveSummary.js
FN:19,(anonymous_0)
FN:31,(anonymous_1)
FN:61,(anonymous_2)
FN:102,(anonymous_3)
FN:132,(anonymous_4)
FNF:5
FNH:5
FNDA:1,(anonymous_0)
FNDA:2,(anonymous_1)
FNDA:4,(anonymous_2)
FNDA:2,(anonymous_3)
FNDA:1,(anonymous_4)
DA:19,7
DA:20,1
DA:21,1
DA:32,2
DA:62,4
DA:103,2
DA:126,7
DA:132,7
LF:8
LH:8
BRDA:36,0,0,2
BRDA:36,0,1,0
BRDA:41,1,0,1
BRDA:41,1,1,1
BRDA:43,2,0,2
BRDA:43,2,1,2
BRDA:64,3,0,2
BRDA:64,3,1,2
BRDA:103,4,0,1
BRDA:103,4,1,1
BRF:10
BRH:9
end_of_record
TN:
SF:src/containers/ExecutiveSummaryBudget.js
FN:9,(anonymous_0)
FN:11,(anonymous_1)
FN:14,(anonymous_2)
FN:27,(anonymous_3)
FN:33,(anonymous_4)
FN:91,(anonymous_5)
FN:203,(anonymous_6)
FN:266,(anonymous_7)
FNF:8
FNH:8
FNDA:23,(anonymous_0)
FNDA:48,(anonymous_1)
FNDA:2,(anonymous_2)
FNDA:2,(anonymous_3)
FNDA:2,(anonymous_4)
FNDA:3,(anonymous_5)
FNDA:3,(anonymous_6)
FNDA:1,(anonymous_7)
DA:9,8
DA:10,23
DA:11,8
DA:12,48
DA:14,8
DA:15,2
DA:20,8
DA:25,8
DA:27,8
DA:28,2
DA:30,2
DA:32,1
DA:33,2
DA:37,1
DA:92,3
DA:204,3
DA:262,8
DA:266,8
LF:18
LH:18
BRDA:10,0,0,16
BRDA:10,0,1,7
BRDA:30,1,0,1
BRDA:30,1,1,1
BRDA:95,2,0,1
BRDA:95,2,1,2
BRDA:207,3,0,1
BRDA:207,3,1,2
BRF:8
BRH:8
end_of_record
TN:
SF:src/containers/IncentivePayments.js
FN:24,(anonymous_0)
FN:35,(anonymous_1)
FN:36,(anonymous_2)
FN:41,(anonymous_3)
FN:42,(anonymous_4)
FN:47,(anonymous_5)
FN:48,(anonymous_6)
FN:53,(anonymous_7)
FN:54,(anonymous_8)
FN:60,(anonymous_9)
FN:72,(anonymous_10)
FN:97,(anonymous_11)
FN:129,(anonymous_12)
FN:161,(anonymous_13)
FN:193,(anonymous_14)
FN:240,(anonymous_15)
FNF:16
FNH:16
FNDA:3,(anonymous_0)
FNDA:24,(anonymous_1)
FNDA:1,(anonymous_2)
FNDA:24,(anonymous_3)
FNDA:1,(anonymous_4)
FNDA:24,(anonymous_5)
FNDA:1,(anonymous_6)
FNDA:24,(anonymous_7)
FNDA:1,(anonymous_8)
FNDA:6,(anonymous_9)
FNDA:24,(anonymous_10)
FNDA:24,(anonymous_11)
FNDA:24,(anonymous_12)
FNDA:24,(anonymous_13)
FNDA:24,(anonymous_14)
FNDA:2,(anonymous_15)
DA:22,8
DA:24,8
DA:35,3
DA:36,24
DA:37,1
DA:41,3
DA:42,24
DA:43,1
DA:47,3
DA:48,24
DA:49,1
DA:53,3
DA:54,24
DA:55,1
DA:58,3
DA:61,6
DA:73,24
DA:98,24
DA:130,24
DA:162,24
DA:194,24
DA:227,8
DA:238,8
DA:240,8
DA:246,8
LF:25
LH:25
BRDA:99,0,0,0
BRDA:99,0,1,24
BRDA:100,1,0,0
BRDA:100,1,1,0
BRDA:109,2,0,24
BRDA:109,2,1,12
BRDA:131,3,0,0
BRDA:131,3,1,24
BRDA:132,4,0,0
BRDA:132,4,1,0
BRDA:141,5,0,24
BRDA:141,5,1,12
BRDA:163,6,0,0
BRDA:163,6,1,24
BRDA:164,7,0,0
BRDA:164,7,1,0
BRDA:173,8,0,24
BRDA:173,8,1,12
BRDA:195,9,0,0
BRDA:195,9,1,24
BRDA:196,10,0,0
BRDA:196,10,1,0
BRDA:205,11,0,24
BRDA:205,11,1,12
BRF:24
BRH:12
end_of_record
TN:
SF:src/containers/LoginApplication.js
FN:25,(anonymous_0)
FN:49,(anonymous_1)
FN:52,(anonymous_2)
FN:53,(anonymous_3)
FN:61,(anonymous_4)
FN:86,(anonymous_5)
FN:102,(anonymous_6)
FN:110,(anonymous_7)
FN:116,(anonymous_8)
FN:124,(anonymous_9)
FN:130,(anonymous_10)
FN:137,(anonymous_11)
FN:143,(anonymous_12)
FN:150,(anonymous_13)
FN:222,(anonymous_14)
FNF:15
FNH:6
FNDA:16,(anonymous_0)
FNDA:10,(anonymous_1)
FNDA:1,(anonymous_2)
FNDA:0,(anonymous_3)
FNDA:10,(anonymous_4)
FNDA:0,(anonymous_5)
FNDA:0,(anonymous_6)
FNDA:0,(anonymous_7)
FNDA:0,(anonymous_8)
FNDA:0,(anonymous_9)
FNDA:0,(anonymous_10)
FNDA:0,(anonymous_11)
FNDA:0,(anonymous_12)
FNDA:1,(anonymous_13)
FNDA:16,(anonymous_14)
DA:25,5
DA:44,16
DA:45,16
DA:46,16
DA:47,16
DA:49,16
DA:50,10
DA:51,1
DA:52,1
DA:53,1
DA:54,0
DA:60,16
DA:61,10
DA:68,16
DA:70,16
DA:71,1
DA:72,15
DA:73,1
DA:79,14
DA:80,1
DA:81,13
DA:82,1
DA:86,16
DA:87,0
DA:91,0
DA:92,0
DA:94,0
DA:95,0
DA:96,0
DA:102,16
DA:103,0
DA:104,0
DA:105,0
DA:110,16
DA:111,0
DA:112,0
DA:116,16
DA:117,0
DA:118,0
DA:119,0
DA:124,16
DA:125,0
DA:126,0
DA:130,16
DA:131,0
DA:132,0
DA:133,0
DA:137,16
DA:138,0
DA:139,0
DA:143,16
DA:144,0
DA:145,0
DA:146,0
DA:150,16
DA:151,1
DA:152,1
DA:155,16
DA:156,2
DA:163,14
DA:164,2
DA:167,12
DA:168,5
DA:169,5
DA:170,0
DA:173,5
DA:176,7
DA:195,5
DA:215,5
DA:222,5
DA:233,16
DA:244,5
LF:72
LH:46
BRDA:50,0,0,1
BRDA:50,0,1,9
BRDA:50,1,0,10
BRDA:50,1,1,1
BRDA:70,2,0,1
BRDA:70,2,1,15
BRDA:72,3,0,1
BRDA:72,3,1,14
BRDA:79,4,0,1
BRDA:79,4,1,13
BRDA:81,5,0,1
BRDA:81,5,1,12
BRDA:87,6,0,0
BRDA:87,6,1,0
BRDA:88,7,0,0
BRDA:88,7,1,0
BRDA:95,8,0,0
BRDA:95,8,1,0
BRDA:104,9,0,0
BRDA:104,9,1,0
BRDA:118,10,0,0
BRDA:118,10,1,0
BRDA:132,11,0,0
BRDA:132,11,1,0
BRDA:145,12,0,0
BRDA:145,12,1,0
BRDA:155,13,0,2
BRDA:155,13,1,14
BRDA:163,14,0,2
BRDA:163,14,1,12
BRDA:163,15,0,14
BRDA:163,15,1,2
BRDA:167,16,0,5
BRDA:167,16,1,7
BRDA:168,17,0,4
BRDA:168,18,0,5
BRDA:168,18,1,4
BRDA:169,19,0,0
BRDA:169,19,1,5
BRF:39
BRH:24
end_of_record
TN:
SF:src/containers/PrivateRoute.js
FN:6,(anonymous_0)
FN:9,(anonymous_1)
FN:30,(anonymous_2)
FNF:3
FNH:3
FNDA:2,(anonymous_0)
FNDA:2,(anonymous_1)
FNDA:1,(anonymous_2)
DA:6,4
DA:7,2
DA:10,2
DA:24,4
DA:30,4
LF:5
LH:5
BRDA:10,0,0,1
BRDA:10,0,1,1
BRF:2
BRH:2
end_of_record
TN:
SF:src/containers/ProposedBudget.js
FN:11,(anonymous_0)
FNF:1
FNH:1
FNDA:2,(anonymous_0)
DA:11,7
DA:12,2
LF:2
LH:2
BRF:0
BRH:0
end_of_record
TN:
SF:src/containers/QuarterlyBudgetSummary.js
FN:19,(anonymous_0)
FN:25,(anonymous_1)
FN:30,(anonymous_2)
FN:44,(anonymous_3)
FN:62,(anonymous_4)
FN:72,(anonymous_5)
FN:99,(anonymous_6)
FN:128,(anonymous_7)
FNF:8
FNH:8
FNDA:3,(anonymous_0)
FNDA:4,(anonymous_1)
FNDA:8,(anonymous_2)
FNDA:32,(anonymous_3)
FNDA:24,(anonymous_4)
FNDA:96,(anonymous_5)
FNDA:12,(anonymous_6)
FNDA:2,(anonymous_7)
DA:8,8
DA:12,8
DA:13,8
DA:19,8
DA:21,3
DA:23,2
DA:26,4
DA:27,4
DA:31,8
DA:45,32
DA:63,24
DA:73,96
DA:100,12
DA:123,8
DA:128,8
LF:15
LH:15
BRDA:21,0,0,1
BRDA:21,0,1,2
BRDA:66,1,0,8
BRDA:66,1,1,16
BRDA:102,2,0,4
BRDA:102,2,1,8
BRF:6
BRH:6
end_of_record
TN:
SF:src/containers/SessionEndingAlert.js
FN:13,(anonymous_0)
FN:27,(anonymous_1)
FN:36,(anonymous_2)
FN:57,(anonymous_3)
FN:105,(anonymous_4)
FNF:5
FNH:2
FNDA:4,(anonymous_0)
FNDA:0,(anonymous_1)
FNDA:0,(anonymous_2)
FNDA:0,(anonymous_3)
FNDA:1,(anonymous_4)
DA:13,4
DA:21,4
DA:22,4
DA:27,4
DA:28,0
DA:36,4
DA:37,0
DA:38,0
DA:41,4
DA:58,0
DA:96,4
DA:105,4
DA:107,1
DA:114,4
LF:14
LH:10
BRDA:22,0,0,3
BRDA:22,0,1,1
BRDA:48,1,0,4
BRDA:48,1,1,3
BRDA:68,2,0,3
BRDA:68,2,1,1
BRDA:69,3,0,1
BRDA:69,3,1,2
BRDA:72,4,0,3
BRDA:72,4,1,1
BRDA:73,5,0,1
BRDA:73,5,1,2
BRF:12
BRH:12
end_of_record
TN:
SF:src/containers/SummaryActivityBreakdown.js
FN:10,(anonymous_0)
FN:63,(anonymous_1)
FNF:2
FNH:2
FNDA:13,(anonymous_0)
FNDA:14,(anonymous_1)
DA:10,9
DA:18,13
DA:20,13
DA:54,9
DA:63,9
DA:71,14
DA:73,14
LF:7
LH:7
BRDA:30,0,0,13
BRDA:30,0,1,0
BRDA:31,1,0,13
BRDA:31,1,1,0
BRDA:66,2,0,12
BRDA:67,3,0,12
BRDA:68,4,0,12
BRF:7
BRH:5
end_of_record
TN:
SF:src/containers/SummaryBudgetByActivity.js
FN:15,(anonymous_0)
FN:40,(anonymous_1)
FN:42,(anonymous_2)
FN:60,(anonymous_3)
FN:108,(anonymous_4)
FN:109,(anonymous_5)
FN:124,(anonymous_6)
FN:125,(anonymous_7)
FN:156,(anonymous_8)
FNF:9
FNH:9
FNDA:25,(anonymous_0)
FNDA:7,(anonymous_1)
FNDA:28,(anonymous_2)
FNDA:3,(anonymous_3)
FNDA:3,(anonymous_4)
FNDA:14,(anonymous_5)
FNDA:3,(anonymous_6)
FNDA:6,(anonymous_7)
FNDA:2,(anonymous_8)
DA:8,8
DA:15,8
DA:16,25
DA:33,8
DA:40,8
DA:41,7
DA:43,28
DA:54,8
DA:60,8
DA:61,3
DA:103,8
DA:108,8
DA:109,3
DA:110,14
DA:119,8
DA:124,8
DA:125,3
DA:126,6
DA:146,8
DA:152,8
DA:156,8
LF:21
LH:21
BRDA:19,0,0,6
BRDA:19,0,1,19
BRDA:25,1,0,6
BRDA:25,1,1,19
BRDA:130,2,0,6
BRDA:130,2,1,4
BRDA:138,3,0,6
BRDA:138,3,1,4
BRF:8
BRH:8
end_of_record
TN:
SF:src/containers/UnexpectedError.js
FN:11,(anonymous_0)
FN:12,(anonymous_1)
FN:57,(anonymous_2)
FNF:3
FNH:2
FNDA:4,(anonymous_0)
FNDA:0,(anonymous_1)
FNDA:3,(anonymous_2)
DA:11,6
DA:12,4
DA:13,0
DA:16,4
DA:51,6
DA:57,6
DA:62,6
LF:7
LH:6
BRDA:18,0,0,4
BRDA:18,0,1,2
BRDA:41,1,0,2
BRDA:41,1,1,1
BRDA:42,2,0,1
BRDA:42,2,1,1
BRF:6
BRH:6
end_of_record
TN:
SF:src/containers/activity/ActivityRoutes.js
FN:19,(anonymous_0)
FNF:1
FNH:1
FNDA:2,(anonymous_0)
DA:19,8
DA:20,2
DA:22,2
DA:60,8
DA:64,8
LF:5
LH:5
BRF:0
BRH:0
end_of_record
TN:
SF:src/containers/activity/All.js
FN:14,(anonymous_0)
FN:22,(anonymous_1)
FN:42,(anonymous_2)
FNF:3
FNH:3
FNDA:3,(anonymous_0)
FNDA:12,(anonymous_1)
FNDA:2,(anonymous_2)
DA:14,7
DA:15,3
DA:16,3
DA:23,12
DA:37,7
DA:42,7
DA:46,7
LF:7
LH:7
BRF:0
BRH:0
end_of_record
TN:
SF:src/containers/activity/ContractorResources.js
FN:20,(anonymous_0)
FN:28,(anonymous_1)
FN:32,(anonymous_2)
FN:37,(anonymous_3)
FN:41,(anonymous_4)
FN:72,(anonymous_5)
FNF:6
FNH:3
FNDA:1,(anonymous_0)
FNDA:0,(anonymous_1)
FNDA:0,(anonymous_2)
FNDA:0,(anonymous_3)
FNDA:1,(anonymous_4)
FNDA:1,(anonymous_5)
DA:20,9
DA:26,1
DA:28,1
DA:29,0
DA:32,1
DA:33,0
DA:34,0
DA:37,1
DA:38,0
DA:41,1
DA:42,1
DA:44,1
DA:65,9
DA:72,9
DA:77,9
LF:15
LH:11
BRF:0
BRH:0
end_of_record
TN:
SF:src/containers/activity/CostAllocateFFP.js
FN:22,(anonymous_0)
FN:31,(anonymous_1)
FN:42,(anonymous_2)
FN:97,(anonymous_3)
FN:108,(anonymous_4)
FN:108,(anonymous_5)
FN:122,(anonymous_6)
FN:337,(anonymous_7)
FNF:8
FNH:8
FNDA:45,(anonymous_0)
FNDA:93,(anonymous_1)
FNDA:62,(anonymous_2)
FNDA:45,(anonymous_3)
FNDA:4,(anonymous_4)
FNDA:1,(anonymous_5)
FNDA:90,(anonymous_6)
FNDA:44,(anonymous_7)
DA:22,11
DA:28,45
DA:29,45
DA:31,45
DA:32,93
DA:34,93
DA:35,62
DA:38,93
DA:39,93
DA:42,45
DA:43,62
DA:44,1
DA:47,1
DA:49,61
DA:51,62
DA:54,45
DA:55,45
DA:56,1
DA:59,1
DA:62,45
DA:90,11
DA:97,11
DA:108,45
DA:109,1
DA:110,1
DA:113,45
DA:115,45
DA:123,90
DA:321,11
DA:333,11
DA:337,11
DA:348,44
DA:349,44
DA:351,44
DA:361,11
LF:35
LH:35
BRDA:34,0,0,62
BRDA:34,0,1,31
BRDA:43,1,0,1
BRDA:43,1,1,61
BRDA:55,2,0,1
BRDA:55,2,1,44
BRDA:117,3,0,43
BRDA:117,3,1,2
BRDA:144,4,0,90
BRDA:144,4,1,86
BRDA:191,5,0,90
BRDA:191,5,1,4
BRDA:278,6,0,90
BRDA:278,6,1,4
BRDA:288,7,0,90
BRDA:288,7,1,86
BRDA:340,8,0,42
BRDA:341,9,0,42
BRDA:342,10,0,42
BRDA:343,11,0,42
BRDA:344,12,0,42
BRDA:345,13,0,42
BRDA:353,14,0,44
BRDA:353,14,1,1
BRF:24
BRH:24
end_of_record
TN:
SF:src/containers/activity/CostAllocateFFPQuarterly.js
FN:24,(anonymous_0)
FN:35,(anonymous_1)
FN:36,(anonymous_2)
FN:42,(anonymous_3)
FN:43,(anonymous_4)
FN:62,(anonymous_5)
FN:83,(anonymous_6)
FN:109,(anonymous_7)
FN:126,(anonymous_8)
FN:152,(anonymous_9)
FN:170,(anonymous_10)
FN:204,(anonymous_11)
FN:206,(anonymous_12)
FNF:13
FNH:13
FNDA:86,(anonymous_0)
FNDA:4,(anonymous_1)
FNDA:1,(anonymous_2)
FNDA:4,(anonymous_3)
FNDA:1,(anonymous_4)
FNDA:340,(anonymous_5)
FNDA:340,(anonymous_6)
FNDA:340,(anonymous_7)
FNDA:340,(anonymous_8)
FNDA:340,(anonymous_9)
FNDA:340,(anonymous_10)
FNDA:85,(anonymous_11)
FNDA:85,(anonymous_12)
DA:17,12
DA:18,12
DA:24,12
DA:35,86
DA:36,4
DA:37,1
DA:38,1
DA:42,86
DA:43,4
DA:44,1
DA:45,1
DA:49,86
DA:50,1
DA:53,85
DA:63,340
DA:84,340
DA:110,340
DA:127,340
DA:153,340
DA:171,340
DA:189,12
DA:200,12
DA:204,12
DA:205,85
DA:206,85
DA:207,85
DA:208,85
DA:211,12
LF:28
LH:28
BRDA:49,0,0,1
BRDA:49,0,1,85
BRDA:85,1,0,336
BRDA:85,1,1,4
BRDA:128,2,0,336
BRDA:128,2,1,4
BRF:6
BRH:6
end_of_record
TN:
SF:src/containers/activity/CostAllocationRows.js
FN:5,(anonymous_0)
FN:6,(anonymous_1)
FN:27,(anonymous_2)
FNF:3
FNH:3
FNDA:477,(anonymous_0)
FNDA:836,(anonymous_1)
FNDA:98,(anonymous_2)
DA:5,15
DA:6,477
DA:7,836
DA:23,15
DA:27,15
DA:28,98
DA:148,15
DA:160,15
LF:8
LH:8
BRDA:7,0,0,836
BRDA:7,0,1,0
BRDA:8,1,0,836
BRDA:8,1,1,0
BRDA:10,2,0,836
BRDA:10,2,1,509
BRDA:13,3,0,836
BRDA:13,3,1,509
BRDA:16,4,0,836
BRDA:16,4,1,509
BRDA:29,5,0,98
BRDA:29,5,1,97
BRDA:36,6,0,98
BRDA:36,6,1,1
BRDA:50,7,0,98
BRDA:50,7,1,97
BRDA:67,8,0,97
BRDA:67,8,1,1
BRDA:79,9,0,98
BRDA:79,9,1,97
BRDA:96,10,0,97
BRDA:96,10,1,1
BRDA:108,11,0,98
BRDA:108,11,1,97
BRDA:125,12,0,97
BRDA:125,12,1,1
BRDA:134,13,0,98
BRDA:134,13,1,96
BRDA:139,14,0,97
BRDA:139,14,1,1
BRF:30
BRH:28
end_of_record
TN:
SF:src/containers/activity/Costs.js
FN:10,(anonymous_0)
FNF:1
FNH:1
FNDA:1,(anonymous_0)
DA:10,9
DA:11,1
DA:27,9
LF:3
LH:3
BRF:0
BRH:0
end_of_record
TN:
SF:src/containers/activity/EntryDetails.js
FN:14,(anonymous_0)
FN:27,(anonymous_1)
FN:39,(anonymous_2)
FN:45,(anonymous_3)
FN:68,(anonymous_4)
FN:100,(anonymous_5)
FN:123,(anonymous_6)
FNF:7
FNH:5
FNDA:11,(anonymous_0)
FNDA:12,(anonymous_1)
FNDA:0,(anonymous_2)
FNDA:11,(anonymous_3)
FNDA:1,(anonymous_4)
FNDA:0,(anonymous_5)
FNDA:7,(anonymous_6)
DA:14,8
DA:15,11
DA:16,11
DA:17,9
DA:19,2
DA:21,11
DA:22,9
DA:24,11
DA:27,8
DA:35,12
DA:37,12
DA:39,12
DA:40,0
DA:41,0
DA:44,12
DA:45,11
DA:50,12
DA:68,1
DA:77,12
DA:100,0
DA:109,8
DA:118,8
DA:123,8
DA:124,7
DA:127,7
DA:130,8
LF:26
LH:23
BRDA:16,0,0,9
BRDA:16,0,1,2
BRDA:21,1,0,9
BRDA:21,1,1,2
BRDA:60,2,0,12
BRDA:60,2,1,10
BRDA:81,3,0,2
BRDA:81,3,1,10
BRDA:97,4,0,12
BRDA:97,4,1,1
BRF:10
BRH:10
end_of_record
TN:
SF:src/containers/activity/EntryPage.js
FN:9,(anonymous_0)
FN:27,(anonymous_1)
FN:31,(anonymous_2)
FNF:3
FNH:3
FNDA:2,(anonymous_0)
FNDA:2,(anonymous_1)
FNDA:9,(anonymous_2)
DA:9,7
DA:10,2
DA:12,2
DA:23,7
DA:27,7
DA:31,9
LF:6
LH:6
BRDA:15,0,0,2
BRDA:15,0,1,0
BRF:2
BRH:1
end_of_record
TN:
SF:src/containers/activity/Milestones.js
FN:15,(anonymous_0)
FN:19,(anonymous_1)
FN:23,(anonymous_2)
FN:28,(anonymous_3)
FN:32,(anonymous_4)
FN:65,(anonymous_5)
FNF:6
FNH:3
FNDA:1,(anonymous_0)
FNDA:0,(anonymous_1)
FNDA:0,(anonymous_2)
FNDA:1,(anonymous_3)
FNDA:0,(anonymous_4)
FNDA:1,(anonymous_5)
DA:15,9
DA:17,1
DA:19,1
DA:20,0
DA:23,1
DA:24,0
DA:25,0
DA:28,1
DA:29,1
DA:32,1
DA:33,0
DA:36,1
DA:59,9
DA:65,9
DA:69,9
LF:15
LH:11
BRF:0
BRH:0
end_of_record
TN:
SF:src/containers/activity/NonPersonnelCosts.js
FN:23,(anonymous_0)
FN:31,(anonymous_1)
FN:35,(anonymous_2)
FN:40,(anonymous_3)
FN:44,(anonymous_4)
FN:74,(anonymous_5)
FNF:6
FNH:3
FNDA:1,(anonymous_0)
FNDA:0,(anonymous_1)
FNDA:0,(anonymous_2)
FNDA:1,(anonymous_3)
FNDA:0,(anonymous_4)
FNDA:1,(anonymous_5)
DA:23,10
DA:29,1
DA:31,1
DA:32,0
DA:35,1
DA:36,0
DA:37,0
DA:40,1
DA:41,1
DA:44,1
DA:45,0
DA:48,1
DA:67,10
DA:74,10
DA:79,10
LF:15
LH:11
BRF:0
BRH:0
end_of_record
TN:
SF:src/containers/activity/Outcomes.js
FN:19,(anonymous_0)
FN:26,(anonymous_1)
FN:30,(anonymous_2)
FN:35,(anonymous_3)
FN:39,(anonymous_4)
FN:71,(anonymous_5)
FNF:6
FNH:3
FNDA:1,(anonymous_0)
FNDA:0,(anonymous_1)
FNDA:0,(anonymous_2)
FNDA:1,(anonymous_3)
FNDA:0,(anonymous_4)
FNDA:1,(anonymous_5)
DA:19,9
DA:24,1
DA:26,1
DA:27,0
DA:30,1
DA:31,0
DA:32,0
DA:35,1
DA:36,1
DA:39,1
DA:40,0
DA:43,1
DA:65,9
DA:71,9
DA:75,9
LF:15
LH:11
BRF:0
BRH:0
end_of_record
TN:
SF:src/containers/activity/Overview.js
FN:19,(anonymous_0)
FN:29,(anonymous_1)
FN:36,(anonymous_2)
FN:44,(anonymous_3)
FN:51,(anonymous_4)
FN:64,(anonymous_5)
FN:76,(anonymous_6)
FN:83,(anonymous_7)
FN:90,(anonymous_8)
FN:97,(anonymous_9)
FN:187,(anonymous_10)
FNF:11
FNH:11
FNDA:5,(anonymous_0)
FNDA:5,(anonymous_1)
FNDA:5,(anonymous_2)
FNDA:1,(anonymous_3)
FNDA:5,(anonymous_4)
FNDA:5,(anonymous_5)
FNDA:1,(anonymous_6)
FNDA:5,(anonymous_7)
FNDA:5,(anonymous_8)
FNDA:1,(anonymous_9)
FNDA:2,(anonymous_10)
DA:19,9
DA:26,5
DA:28,5
DA:30,5
DA:35,5
DA:37,5
DA:43,5
DA:45,1
DA:50,5
DA:52,5
DA:63,5
DA:65,5
DA:75,5
DA:77,1
DA:82,5
DA:84,5
DA:89,5
DA:91,5
DA:96,5
DA:98,1
DA:103,5
DA:179,9
DA:187,9
DA:188,2
DA:193,9
LF:25
LH:25
BRDA:54,0,0,0
BRDA:54,0,1,5
BRDA:67,1,0,0
BRDA:67,1,1,5
BRDA:109,2,0,1
BRDA:109,2,1,4
BRDA:111,3,0,1
BRDA:111,3,1,0
BRDA:147,4,0,5
BRDA:147,4,1,0
BRF:10
BRH:6
end_of_record
TN:
SF:src/containers/activity/Schedule.js
FN:14,(anonymous_0)
FN:16,(anonymous_1)
FN:23,(anonymous_2)
FN:67,(anonymous_3)
FNF:4
FNH:4
FNDA:2,(anonymous_0)
FNDA:1,(anonymous_1)
FNDA:1,(anonymous_2)
FNDA:2,(anonymous_3)
DA:14,10
DA:15,2
DA:17,1
DA:22,2
DA:24,1
DA:29,2
DA:60,10
DA:67,10
DA:71,10
LF:9
LH:9
BRF:0
BRH:0
end_of_record
TN:
SF:src/containers/activity/StandardsAndConditions.js
FN:14,(anonymous_0)
FN:42,(anonymous_1)
FN:50,(anonymous_2)
FN:69,(anonymous_3)
FNF:4
FNH:4
FNDA:2,(anonymous_0)
FNDA:1,(anonymous_1)
FNDA:1,(anonymous_2)
FNDA:2,(anonymous_3)
DA:14,9
DA:20,2
DA:42,1
DA:51,1
DA:62,9
DA:69,9
DA:73,9
LF:7
LH:7
BRF:0
BRH:0
end_of_record
TN:
SF:src/containers/activity/StatePersonnel.js
FN:16,(anonymous_0)
FN:25,(anonymous_1)
FN:29,(anonymous_2)
FN:34,(anonymous_3)
FN:38,(anonymous_4)
FN:66,(anonymous_5)
FNF:6
FNH:3
FNDA:1,(anonymous_0)
FNDA:0,(anonymous_1)
FNDA:0,(anonymous_2)
FNDA:1,(anonymous_3)
FNDA:0,(anonymous_4)
FNDA:1,(anonymous_5)
DA:16,10
DA:23,1
DA:25,1
DA:26,0
DA:29,1
DA:30,0
DA:31,0
DA:34,1
DA:35,1
DA:38,1
DA:40,1
DA:59,10
DA:66,10
DA:71,10
LF:14
LH:11
BRF:0
BRH:0
end_of_record
TN:
SF:src/containers/activity/ContractorResource/ContractorResourceForm.js
FN:16,(anonymous_0)
FN:21,reducer
FN:72,(anonymous_2)
FN:74,(anonymous_3)
FN:79,(anonymous_4)
FN:79,(anonymous_5)
FN:84,(anonymous_6)
FN:85,(anonymous_7)
FN:90,(anonymous_8)
FN:91,(anonymous_9)
FN:101,(anonymous_10)
FN:102,(anonymous_11)
FN:111,(anonymous_12)
FN:124,(anonymous_13)
FN:175,(anonymous_14)
FN:189,(anonymous_15)
FN:197,(anonymous_16)
FN:202,(anonymous_17)
FN:232,(anonymous_18)
FN:240,(anonymous_19)
FNF:20
FNH:8
FNDA:1,(anonymous_0)
FNDA:0,reducer
FNDA:1,(anonymous_2)
FNDA:0,(anonymous_3)
FNDA:2,(anonymous_4)
FNDA:0,(anonymous_5)
FNDA:2,(anonymous_6)
FNDA:0,(anonymous_7)
FNDA:2,(anonymous_8)
FNDA:0,(anonymous_9)
FNDA:2,(anonymous_10)
FNDA:0,(anonymous_11)
FNDA:0,(anonymous_12)
FNDA:0,(anonymous_13)
FNDA:0,(anonymous_14)
FNDA:0,(anonymous_15)
FNDA:0,(anonymous_16)
FNDA:2,(anonymous_17)
FNDA:0,(anonymous_18)
FNDA:2,(anonymous_19)
DA:15,10
DA:17,1
DA:19,1
DA:22,0
DA:24,0
DA:29,0
DA:34,0
DA:45,0
DA:56,0
DA:64,0
DA:70,1
DA:72,1
DA:74,1
DA:75,0
DA:76,0
DA:79,2
DA:80,0
DA:84,1
DA:85,2
DA:86,0
DA:90,1
DA:91,2
DA:92,0
DA:93,0
DA:101,1
DA:102,2
DA:103,0
DA:104,0
DA:111,1
DA:112,0
DA:115,1
DA:125,0
DA:176,0
DA:189,0
DA:197,0
DA:203,2
DA:233,0
DA:241,2
DA:263,10
DA:280,10
LF:40
LH:19
BRDA:22,0,0,0
BRDA:22,0,1,0
BRDA:22,0,2,0
BRDA:22,0,3,0
BRDA:22,0,4,0
BRDA:22,0,5,0
BRDA:230,1,0,0
BRDA:230,1,1,1
BRF:8
BRH:1
end_of_record
TN:
SF:src/containers/activity/ContractorResource/ContractorResourceReview.js
FN:7,(anonymous_0)
FN:13,(anonymous_1)
FN:16,(anonymous_2)
FN:49,(anonymous_3)
FNF:4
FNH:4
FNDA:1,(anonymous_0)
FNDA:1,(anonymous_1)
FNDA:1,(anonymous_2)
FNDA:2,(anonymous_3)
DA:7,10
DA:13,1
DA:15,1
DA:16,1
DA:20,1
DA:49,2
DA:71,10
DA:87,10
LF:8
LH:8
BRDA:23,0,0,1
BRDA:23,0,1,0
BRDA:30,1,0,1
BRDA:30,1,1,0
BRDA:37,2,0,1
BRDA:37,2,1,0
BRDA:49,3,0,2
BRDA:49,3,1,0
BRF:8
BRH:4
end_of_record
TN:
SF:src/containers/activity/ContractorResource/index.js
FNF:0
FNH:0
LF:0
LH:0
BRF:0
BRH:0
end_of_record
TN:
SF:src/containers/activity/CostAllocation/CostAllocate.js
FN:11,(anonymous_0)
FN:15,(anonymous_1)
FN:48,(anonymous_2)
FNF:3
FNH:3
FNDA:2,(anonymous_0)
FNDA:1,(anonymous_1)
FNDA:1,(anonymous_2)
DA:11,9
DA:14,2
DA:15,2
DA:17,2
DA:42,9
DA:48,9
DA:49,1
DA:54,9
LF:8
LH:8
BRF:0
BRH:0
end_of_record
TN:
SF:src/containers/activity/CostAllocation/OtherFunding.js
FN:24,(anonymous_0)
FN:35,(anonymous_1)
FN:35,(anonymous_2)
FN:38,(anonymous_3)
FN:38,(anonymous_4)
FN:45,(anonymous_5)
FN:122,(anonymous_6)
FNF:7
FNH:5
FNDA:2,(anonymous_0)
FNDA:4,(anonymous_1)
FNDA:0,(anonymous_2)
FNDA:4,(anonymous_3)
FNDA:1,(anonymous_4)
FNDA:4,(anonymous_5)
FNDA:0,(anonymous_6)
DA:24,9
DA:32,2
DA:33,2
DA:35,4
DA:36,0
DA:38,4
DA:40,2
DA:46,4
DA:113,9
DA:122,9
DA:131,0
DA:132,0
DA:139,9
LF:13
LH:10
BRDA:79,0,0,4
BRDA:79,0,1,0
BRDA:125,1,0,0
BRDA:126,2,0,0
BRDA:127,3,0,0
BRDA:128,4,0,0
BRF:6
BRH:1
end_of_record
TN:
SF:src/containers/activity/CostAllocation/index.js
FN:7,(anonymous_0)
FNF:1
FNH:0
FNDA:0,(anonymous_0)
DA:7,8
DA:8,0
DA:14,8
LF:3
LH:2
BRF:0
BRH:0
end_of_record
TN:
SF:src/containers/activity/Milestone/MilestoneForm.js
FN:13,(anonymous_0)
FN:16,reducer
FN:32,(anonymous_2)
FN:35,(anonymous_3)
FN:38,(anonymous_4)
FNF:5
FNH:2
FNDA:1,(anonymous_0)
FNDA:0,reducer
FNDA:0,(anonymous_2)
FNDA:0,(anonymous_3)
FNDA:1,(anonymous_4)
DA:12,10
DA:14,1
DA:17,0
DA:19,0
DA:24,0
DA:30,1
DA:32,1
DA:33,0
DA:35,1
DA:36,0
DA:38,1
DA:39,1
DA:40,1
DA:43,1
DA:75,10
DA:85,10
LF:16
LH:11
BRDA:17,0,0,0
BRDA:17,0,1,0
BRF:2
BRH:0
end_of_record
TN:
SF:src/containers/activity/Milestone/MilestoneReview.js
FN:6,(anonymous_0)
FN:12,(anonymous_1)
FNF:2
FNH:2
FNDA:1,(anonymous_0)
FNDA:1,(anonymous_1)
DA:6,10
DA:12,1
DA:14,1
DA:30,10
DA:40,10
LF:5
LH:5
BRDA:16,0,0,1
BRDA:16,0,1,0
BRDA:20,1,0,1
BRDA:20,1,1,0
BRF:4
BRH:2
end_of_record
TN:
SF:src/containers/activity/Milestone/index.js
FNF:0
FNH:0
LF:0
LH:0
BRF:0
BRH:0
end_of_record
TN:
SF:src/containers/activity/NameAndFundingSource/NameAndFundingSourceForm.js
FN:11,(anonymous_0)
FN:18,(anonymous_1)
FN:25,(anonymous_2)
FN:31,(anonymous_3)
FNF:4
FNH:4
FNDA:3,(anonymous_0)
FNDA:1,(anonymous_1)
FNDA:1,(anonymous_2)
FNDA:9,(anonymous_3)
DA:11,10
DA:17,3
DA:19,1
DA:24,3
DA:26,1
DA:31,9
DA:37,3
DA:58,10
DA:68,10
LF:9
LH:9
BRF:0
BRH:0
end_of_record
TN:
SF:src/containers/activity/NameAndFundingSource/NameAndFundingSourceReview.js
FN:6,(anonymous_0)
FN:48,(anonymous_1)
FNF:2
FNH:1
FNDA:2,(anonymous_0)
FNDA:0,(anonymous_1)
DA:6,10
DA:12,2
DA:36,10
DA:46,10
LF:4
LH:4
BRDA:15,0,0,0
BRDA:15,0,1,2
BRDA:22,1,0,2
BRDA:22,1,1,0
BRDA:29,2,0,1
BRDA:29,2,1,1
BRF:6
BRH:4
end_of_record
TN:
SF:src/containers/activity/NameAndFundingSource/index.js
FNF:0
FNH:0
LF:0
LH:0
BRF:0
BRH:0
end_of_record
TN:
SF:src/containers/activity/NonPersonnelCost/NonPersonnelCostForm.js
FN:14,(anonymous_0)
FN:25,reducer
FN:49,(anonymous_2)
FN:54,(anonymous_3)
FN:56,(anonymous_4)
FN:58,(anonymous_5)
FN:58,(anonymous_6)
FN:67,(anonymous_7)
FN:90,(anonymous_8)
FNF:9
FNH:5
FNDA:1,(anonymous_0)
FNDA:0,reducer
FNDA:1,(anonymous_2)
FNDA:0,(anonymous_3)
FNDA:0,(anonymous_4)
FNDA:2,(anonymous_5)
FNDA:0,(anonymous_6)
FNDA:6,(anonymous_7)
FNDA:2,(anonymous_8)
DA:13,11
DA:23,1
DA:26,0
DA:28,0
DA:33,0
DA:41,0
DA:47,1
DA:49,1
DA:50,1
DA:51,1
DA:54,1
DA:56,1
DA:58,2
DA:60,1
DA:67,6
DA:68,1
DA:69,1
DA:91,2
DA:106,11
DA:117,11
LF:20
LH:16
BRDA:26,0,0,0
BRDA:26,0,1,0
BRDA:26,0,2,0
BRF:3
BRH:0
end_of_record
TN:
SF:src/containers/activity/NonPersonnelCost/NonPersonnelCostReview.js
FN:7,(anonymous_0)
FN:24,(anonymous_1)
FNF:2
FNH:2
FNDA:1,(anonymous_0)
FNDA:2,(anonymous_1)
DA:7,11
DA:13,1
DA:25,2
DA:34,11
DA:45,11
LF:5
LH:5
BRDA:15,0,0,1
BRDA:15,0,1,0
BRF:2
BRH:1
end_of_record
TN:
SF:src/containers/activity/NonPersonnelCost/index.js
FNF:0
FNH:0
LF:0
LH:0
BRF:0
BRH:0
end_of_record
TN:
SF:src/containers/activity/OutcomesAndMetrics/OutcomeAndMetricForm.js
FN:19,(anonymous_0)
FN:30,reducer
FN:73,(anonymous_2)
FN:78,(anonymous_3)
FN:82,(anonymous_4)
FN:86,(anonymous_5)
FN:86,(anonymous_6)
FN:102,(anonymous_7)
FN:108,(anonymous_8)
FN:114,(anonymous_9)
FNF:10
FNH:4
FNDA:2,(anonymous_0)
FNDA:0,reducer
FNDA:1,(anonymous_2)
FNDA:0,(anonymous_3)
FNDA:0,(anonymous_4)
FNDA:4,(anonymous_5)
FNDA:0,(anonymous_6)
FNDA:0,(anonymous_7)
FNDA:4,(anonymous_8)
FNDA:0,(anonymous_9)
DA:18,10
DA:28,2
DA:31,0
DA:33,0
DA:38,0
DA:39,0
DA:48,0
DA:49,0
DA:50,0
DA:56,0
DA:57,0
DA:59,0
DA:65,0
DA:71,2
DA:73,2
DA:74,1
DA:75,1
DA:78,2
DA:79,0
DA:82,2
DA:83,0
DA:86,4
DA:87,0
DA:90,2
DA:103,0
DA:109,4
DA:114,0
DA:160,10
DA:170,10
LF:29
LH:13
BRDA:31,0,0,0
BRDA:31,0,1,0
BRDA:31,0,2,0
BRDA:31,0,3,0
BRDA:31,0,4,0
BRDA:112,1,0,0
BRDA:112,1,1,4
BRDA:112,2,0,4
BRDA:112,2,1,0
BRDA:118,3,0,4
BRDA:118,3,1,0
BRF:11
BRH:3
end_of_record
TN:
SF:src/containers/activity/OutcomesAndMetrics/OutcomeAndMetricReview.js
FN:5,(anonymous_0)
FN:24,(anonymous_1)
FNF:2
FNH:2
FNDA:1,(anonymous_0)
FNDA:2,(anonymous_1)
DA:5,10
DA:11,1
DA:25,2
DA:35,10
DA:45,10
LF:5
LH:5
BRDA:14,0,0,1
BRDA:14,0,1,0
BRDA:18,1,0,1
BRDA:18,1,1,0
BRDA:20,2,0,1
BRDA:20,2,1,0
BRDA:26,3,0,2
BRDA:26,3,1,0
BRF:8
BRH:4
end_of_record
TN:
SF:src/containers/activity/OutcomesAndMetrics/index.js
FNF:0
FNH:0
LF:0
LH:0
BRF:0
BRH:0
end_of_record
TN:
SF:src/containers/activity/StatePerson/StatePersonForm.js
FN:14,(anonymous_0)
FN:25,reducer
FN:63,(anonymous_2)
FN:65,(anonymous_3)
FN:67,(anonymous_4)
FN:69,(anonymous_5)
FN:71,(anonymous_6)
FNF:7
FNH:2
FNDA:2,(anonymous_0)
FNDA:0,reducer
FNDA:0,(anonymous_2)
FNDA:0,(anonymous_3)
FNDA:0,(anonymous_4)
FNDA:0,(anonymous_5)
FNDA:1,(anonymous_6)
DA:13,11
DA:23,2
DA:26,0
DA:28,0
DA:33,0
DA:44,0
DA:55,0
DA:61,2
DA:63,2
DA:65,2
DA:67,2
DA:69,2
DA:71,2
DA:72,1
DA:73,1
DA:76,2
DA:105,11
DA:116,11
LF:18
LH:13
BRDA:26,0,0,0
BRDA:26,0,1,0
BRDA:26,0,2,0
BRDA:26,0,3,0
BRF:4
BRH:0
end_of_record
TN:
SF:src/containers/activity/StatePerson/StatePersonReview.js
FN:7,(anonymous_0)
FN:24,(anonymous_1)
FNF:2
FNH:2
FNDA:1,(anonymous_0)
FNDA:2,(anonymous_1)
DA:7,11
DA:13,1
DA:25,2
DA:37,11
DA:49,11
LF:5
LH:5
BRDA:15,0,0,1
BRDA:15,0,1,0
BRDA:19,1,0,1
BRDA:19,1,1,0
BRDA:28,2,0,0
BRDA:28,2,1,2
BRF:6
BRH:3
end_of_record
TN:
SF:src/containers/activity/StatePerson/index.js
FNF:0
FNH:0
LF:0
LH:0
BRF:0
BRH:0
end_of_record
TN:
SF:src/containers/viewOnly/ApdSummary.js
FN:7,(anonymous_0)
FNF:1
FNH:1
FNDA:1,(anonymous_0)
DA:7,5
DA:15,1
DA:36,5
DA:43,5
DA:50,5
LF:5
LH:5
BRDA:19,0,0,1
BRDA:19,0,1,1
BRDA:23,1,0,1
BRDA:23,1,1,1
BRDA:27,2,0,1
BRDA:27,2,1,1
BRDA:31,3,0,1
BRDA:31,3,1,1
BRF:8
BRH:8
end_of_record
TN:
SF:src/containers/viewOnly/AssurancesAndCompliance.js
FN:11,(anonymous_0)
FN:15,(anonymous_1)
FN:21,(anonymous_2)
FN:70,(anonymous_3)
FNF:4
FNH:0
FNDA:0,(anonymous_0)
FNDA:0,(anonymous_1)
FNDA:0,(anonymous_2)
FNDA:0,(anonymous_3)
DA:11,4
DA:12,0
DA:16,0
DA:22,0
DA:66,4
DA:70,4
LF:6
LH:3
BRDA:27,0,0,0
BRDA:27,0,1,0
BRDA:33,1,0,0
BRDA:33,1,1,0
BRDA:46,2,0,0
BRDA:46,2,1,0
BRDA:51,3,0,0
BRDA:51,3,1,0
BRF:8
BRH:0
end_of_record
TN:
SF:src/containers/viewOnly/ExecutiveSummary.js
FN:18,(anonymous_0)
FN:43,(anonymous_1)
FN:54,(anonymous_2)
FN:82,(anonymous_3)
FN:109,(anonymous_4)
FNF:5
FNH:0
FNDA:0,(anonymous_0)
FNDA:0,(anonymous_1)
FNDA:0,(anonymous_2)
FNDA:0,(anonymous_3)
FNDA:0,(anonymous_4)
DA:19,0
DA:20,0
DA:44,0
DA:55,0
DA:83,0
DA:103,4
DA:109,4
LF:7
LH:2
BRDA:44,0,0,0
BRDA:44,0,1,0
BRDA:58,1,0,0
BRDA:58,1,1,0
BRDA:61,2,0,0
BRDA:61,2,1,0
BRDA:63,3,0,0
BRDA:63,3,1,0
BRDA:83,4,0,0
BRDA:83,4,1,0
BRF:10
BRH:0
end_of_record
TN:
SF:src/containers/viewOnly/Export.js
FN:9,(anonymous_0)
FN:10,(anonymous_1)
FN:14,(anonymous_2)
FN:67,(anonymous_3)
FNF:4
FNH:2
FNDA:2,(anonymous_0)
FNDA:0,(anonymous_1)
FNDA:1,(anonymous_2)
FNDA:0,(anonymous_3)
DA:9,5
DA:10,2
DA:11,0
DA:14,2
DA:15,1
DA:16,1
DA:19,2
DA:67,0
DA:77,5
DA:82,5
LF:10
LH:8
BRF:0
BRH:0
end_of_record
TN:
SF:src/containers/viewOnly/ProposedBudget.js
FN:8,(anonymous_0)
FNF:1
FNH:0
FNDA:0,(anonymous_0)
DA:8,4
DA:9,0
LF:2
LH:1
BRF:0
BRH:0
end_of_record
TN:
SF:src/containers/viewOnly/activities/Activity.js
FN:10,(anonymous_0)
FN:12,(anonymous_1)
FN:13,(anonymous_2)
FN:23,(anonymous_3)
FN:35,(anonymous_4)
FN:51,(anonymous_5)
FN:61,(anonymous_6)
FN:73,(anonymous_7)
FN:83,(anonymous_8)
FN:93,(anonymous_9)
FN:122,(anonymous_10)
FN:226,(anonymous_11)
FN:237,(anonymous_12)
FN:248,(anonymous_13)
FN:257,(anonymous_14)
FN:278,(anonymous_15)
FN:279,(anonymous_16)
FNF:17
FNH:17
FNDA:2,(anonymous_0)
FNDA:43,(anonymous_1)
FNDA:64,(anonymous_2)
FNDA:92,(anonymous_3)
FNDA:170,(anonymous_4)
FNDA:141,(anonymous_5)
FNDA:282,(anonymous_6)
FNDA:57,(anonymous_7)
FNDA:114,(anonymous_8)
FNDA:79,(anonymous_9)
FNDA:158,(anonymous_10)
FNDA:170,(anonymous_11)
FNDA:141,(anonymous_12)
FNDA:57,(anonymous_13)
FNDA:79,(anonymous_14)
FNDA:2,(anonymous_15)
FNDA:2,(anonymous_16)
DA:10,6
DA:12,6
DA:13,43
DA:14,64
DA:24,92
DA:35,43
DA:36,170
DA:51,43
DA:52,141
DA:62,282
DA:73,43
DA:74,57
DA:84,114
DA:93,43
DA:94,79
DA:123,158
DA:143,43
DA:227,170
DA:238,141
DA:248,57
DA:258,79
DA:278,2
DA:280,2
DA:318,6
LF:24
LH:24
BRDA:18,0,0,64
BRDA:18,0,1,0
BRDA:25,1,0,92
BRDA:25,1,1,0
BRDA:40,2,0,170
BRDA:40,2,1,0
BRDA:45,3,0,170
BRDA:45,3,1,0
BRDA:56,4,0,141
BRDA:56,4,1,14
BRDA:64,5,0,0
BRDA:64,5,1,282
BRDA:78,6,0,57
BRDA:78,6,1,0
BRDA:99,7,0,79
BRDA:99,7,1,7
BRDA:102,8,0,79
BRDA:102,8,1,0
BRDA:109,9,0,79
BRDA:109,9,1,21
BRDA:125,10,0,158
BRDA:125,10,1,0
BRDA:147,11,0,43
BRDA:147,11,1,0
BRDA:153,12,0,43
BRDA:153,12,1,0
BRDA:157,13,0,43
BRDA:157,13,1,0
BRDA:165,14,0,43
BRDA:165,14,1,0
BRDA:174,15,0,43
BRDA:174,15,1,0
BRDA:185,16,0,0
BRDA:185,16,1,43
BRDA:205,17,0,0
BRDA:205,17,1,43
BRDA:217,18,0,43
BRDA:217,18,1,0
BRDA:232,19,0,43
BRDA:232,19,1,0
BRDA:243,20,0,43
BRDA:243,20,1,0
BRDA:252,21,0,43
BRDA:252,21,1,0
BRDA:263,22,0,43
BRDA:263,22,1,0
BRDA:292,23,0,2
BRDA:292,23,1,0
BRDA:303,24,0,43
BRDA:303,24,1,0
BRF:50
BRH:28
end_of_record
TN:
SF:src/containers/viewOnly/activities/ActivityList.js
FN:5,(anonymous_0)
FN:6,(anonymous_1)
FN:21,(anonymous_2)
FNF:3
FNH:3
FNDA:7,(anonymous_0)
FNDA:42,(anonymous_1)
FNDA:42,(anonymous_2)
DA:5,5
DA:6,7
DA:7,42
DA:17,7
DA:22,42
DA:29,5
LF:6
LH:6
BRDA:10,0,0,42
BRDA:10,0,1,0
BRDA:11,1,0,42
BRDA:11,1,1,0
BRF:4
BRH:2
end_of_record
TN:
SF:src/containers/viewOnly/activities/All.js
FN:8,(anonymous_0)
FN:13,(anonymous_1)
FNF:2
FNH:2
FNDA:7,(anonymous_0)
FNDA:42,(anonymous_1)
DA:8,5
DA:9,7
DA:14,42
DA:20,5
LF:4
LH:4
BRF:0
BRH:0
end_of_record
TN:
SF:src/data/assurancesAndCompliance.yaml
FNF:0
FNH:0
DA:1,55
LF:1
LH:1
BRF:0
BRH:0
end_of_record
TN:
SF:src/fixtures/mo-hitech-apd.js
FNF:0
FNH:0
DA:1,1
DA:2,1
DA:1400,1
LF:3
LH:3
BRF:0
BRH:0
end_of_record
TN:
SF:src/fixtures/mo-hitech-budget.js
FNF:0
FNH:0
DA:1,1
LF:1
LH:1
BRF:0
BRH:0
end_of_record
TN:
SF:src/helpers/dateValidation.js
FN:2,IsNumeric
FN:7,addError
FN:16,(anonymous_2)
FNF:3
FNH:0
FNDA:0,IsNumeric
FNDA:0,addError
FNDA:0,(anonymous_2)
DA:3,0
DA:8,0
DA:9,0
DA:16,10
DA:17,0
DA:19,0
DA:20,0
DA:22,0
DA:23,0
DA:24,0
DA:25,0
DA:26,0
DA:27,0
DA:28,0
DA:29,0
DA:30,0
DA:32,0
DA:33,0
DA:36,0
DA:37,0
DA:40,0
DA:41,0
DA:44,0
DA:45,0
DA:46,0
DA:47,0
LF:26
LH:1
BRDA:3,0,0,0
BRDA:3,0,1,0
BRDA:8,1,0,0
BRDA:8,1,1,0
BRDA:19,2,0,0
BRDA:19,2,1,0
BRDA:32,3,0,0
BRDA:32,3,1,0
BRDA:32,4,0,0
BRDA:32,4,1,0
BRDA:32,4,2,0
BRDA:36,5,0,0
BRDA:36,5,1,0
BRDA:36,6,0,0
BRDA:36,6,1,0
BRDA:40,7,0,0
BRDA:40,7,1,0
BRDA:40,8,0,0
BRDA:40,8,1,0
BRDA:40,8,2,0
BRDA:45,9,0,0
BRDA:45,9,1,0
BRF:22
BRH:0
end_of_record
TN:
SF:src/helpers/subFormValidation.js
FN:3,findSubForm
FN:9,notADateField
FN:19,(anonymous_2)
FN:30,(anonymous_3)
FN:56,(anonymous_4)
FN:60,(anonymous_5)
FN:79,(anonymous_6)
FNF:7
FNH:0
FNDA:0,findSubForm
FNDA:0,notADateField
FNDA:0,(anonymous_2)
FNDA:0,(anonymous_3)
FNDA:0,(anonymous_4)
FNDA:0,(anonymous_5)
FNDA:0,(anonymous_6)
DA:5,0
DA:6,0
DA:10,0
DA:12,0
DA:13,0
DA:15,0
DA:19,10
DA:20,0
DA:21,0
DA:23,0
DA:24,0
DA:26,0
DA:30,10
DA:31,0
DA:32,0
DA:34,0
DA:35,0
DA:38,0
DA:39,0
DA:40,0
DA:41,0
DA:43,0
DA:44,0
DA:46,0
DA:49,0
DA:50,0
DA:51,0
DA:56,10
DA:57,0
DA:60,10
DA:61,0
DA:63,0
DA:64,0
DA:65,0
DA:67,0
DA:68,0
DA:70,0
DA:74,0
DA:76,0
DA:79,10
DA:80,0
DA:81,0
DA:83,0
LF:43
LH:5
BRDA:5,0,0,0
BRDA:5,0,1,0
BRDA:12,1,0,0
BRDA:12,1,1,0
BRDA:12,2,0,0
BRDA:12,2,1,0
BRDA:12,2,2,0
BRDA:23,3,0,0
BRDA:23,3,1,0
BRDA:34,4,0,0
BRDA:34,4,1,0
BRDA:38,5,0,0
BRDA:38,5,1,0
BRDA:38,6,0,0
BRDA:38,6,1,0
BRDA:43,7,0,0
BRDA:43,7,1,0
BRDA:49,8,0,0
BRDA:49,8,1,0
BRDA:67,9,0,0
BRDA:67,9,1,0
BRF:21
BRH:0
end_of_record
TN:
SF:src/helpers/textValidation.js
FN:5,(anonymous_0)
FN:11,(anonymous_1)
FN:24,(anonymous_2)
FN:44,(anonymous_3)
FN:58,(anonymous_4)
FNF:5
FNH:0
FNDA:0,(anonymous_0)
FNDA:0,(anonymous_1)
FNDA:0,(anonymous_2)
FNDA:0,(anonymous_3)
FNDA:0,(anonymous_4)
DA:2,10
DA:3,10
DA:5,10
DA:7,0
DA:8,0
DA:11,10
DA:12,0
DA:13,0
DA:15,0
DA:18,0
DA:20,0
DA:24,10
DA:25,0
DA:26,0
DA:27,0
DA:29,0
DA:30,0
DA:32,0
DA:35,0
DA:36,0
DA:37,0
DA:38,0
DA:41,0
DA:44,10
DA:45,0
DA:47,0
DA:48,0
DA:49,0
DA:50,0
DA:51,0
DA:52,0
DA:55,0
DA:58,10
DA:59,0
DA:60,0
DA:61,0
DA:62,0
DA:63,0
DA:65,0
LF:39
LH:7
BRDA:7,0,0,0
BRDA:7,0,1,0
BRDA:15,1,0,0
BRDA:15,1,1,0
BRDA:29,2,0,0
BRDA:29,2,1,0
BRDA:35,3,0,0
BRDA:35,3,1,0
BRDA:47,4,0,0
BRDA:47,4,1,0
BRDA:51,5,0,0
BRDA:51,5,1,0
BRDA:65,6,0,0
BRDA:65,6,1,0
BRDA:65,7,0,0
BRDA:65,7,1,0
BRF:16
BRH:0
end_of_record
TN:
SF:src/i18n/index.js
FN:22,(anonymous_0)
FN:31,(anonymous_1)
FN:32,(anonymous_2)
FNF:3
FNH:3
FNDA:1,(anonymous_0)
FNDA:1,(anonymous_1)
FNDA:1709,(anonymous_2)
DA:8,94
DA:9,94
DA:10,94
DA:13,94
DA:15,94
DA:18,94
DA:22,94
DA:23,1
DA:24,1
DA:26,1
DA:30,94
DA:31,1
DA:32,1709
LF:13
LH:13
BRDA:18,0,0,94
BRDA:18,0,1,94
BRDA:18,0,2,0
BRDA:18,0,3,0
BRDA:23,1,0,1
BRDA:23,1,1,1
BRDA:24,2,0,1
BRDA:24,2,1,0
BRDA:24,3,0,1
BRDA:24,3,1,1
BRDA:30,4,0,1
BRDA:30,4,1,93
BRDA:30,5,0,94
BRDA:30,5,1,94
BRDA:31,6,0,1
BRDA:31,6,1,0
BRDA:32,7,0,889
BRF:17
BRH:13
end_of_record
TN:
SF:src/i18n/locales/en/app.yaml
FNF:0
FNH:0
DA:1,94
LF:1
LH:1
BRF:0
BRH:0
end_of_record
TN:
SF:src/i18n/locales/en/assurancesAndCompliance.yaml
FNF:0
FNH:0
DA:1,94
LF:1
LH:1
BRF:0
BRH:0
end_of_record
TN:
SF:src/i18n/locales/en/certifyAndSubmit.yaml
FNF:0
FNH:0
DA:1,94
LF:1
LH:1
BRF:0
BRH:0
end_of_record
TN:
SF:src/i18n/locales/en/errors.yaml
FNF:0
FNH:0
DA:1,94
LF:1
LH:1
BRF:0
BRH:0
end_of_record
TN:
SF:src/i18n/locales/en/executiveSummary.yaml
FNF:0
FNH:0
DA:1,94
LF:1
LH:1
BRF:0
BRH:0
end_of_record
TN:
SF:src/i18n/locales/en/index.js
FNF:0
FNH:0
LF:0
LH:0
BRF:0
BRH:0
end_of_record
TN:
SF:src/i18n/locales/en/previousActivities.yaml
FNF:0
FNH:0
DA:1,94
LF:1
LH:1
BRF:0
BRH:0
end_of_record
TN:
SF:src/i18n/locales/en/proposedBudget.yaml
FNF:0
FNH:0
DA:1,94
LF:1
LH:1
BRF:0
BRH:0
end_of_record
TN:
SF:src/i18n/locales/en/scheduleSummary.yaml
FNF:0
FNH:0
DA:1,94
LF:1
LH:1
BRF:0
BRH:0
end_of_record
TN:
SF:src/i18n/locales/en/sidebar.yaml
FNF:0
FNH:0
DA:1,94
LF:1
LH:1
BRF:0
BRH:0
end_of_record
TN:
SF:src/i18n/locales/en/stateDashboard.yaml
FNF:0
FNH:0
DA:1,94
LF:1
LH:1
BRF:0
BRH:0
end_of_record
TN:
SF:src/i18n/locales/en/storybook.yaml
FNF:0
FNH:0
DA:1,94
LF:1
LH:1
BRF:0
BRH:0
end_of_record
TN:
SF:src/i18n/locales/en/table.yaml
FNF:0
FNH:0
DA:1,94
LF:1
LH:1
BRF:0
BRH:0
end_of_record
TN:
SF:src/i18n/locales/en/activities/activities.yaml
FNF:0
FNH:0
DA:1,94
LF:1
LH:1
BRF:0
BRH:0
end_of_record
TN:
SF:src/i18n/locales/en/activities/contractorResources.yaml
FNF:0
FNH:0
DA:1,94
LF:1
LH:1
BRF:0
BRH:0
end_of_record
TN:
SF:src/i18n/locales/en/activities/costAllocate.yaml
FNF:0
FNH:0
DA:1,94
LF:1
LH:1
BRF:0
BRH:0
end_of_record
TN:
SF:src/i18n/locales/en/activities/expenses.yaml
FNF:0
FNH:0
DA:1,94
LF:1
LH:1
BRF:0
BRH:0
end_of_record
TN:
SF:src/i18n/locales/en/activities/index.js
FNF:0
FNH:0
LF:0
LH:0
BRF:0
BRH:0
end_of_record
TN:
SF:src/i18n/locales/en/activities/milestones.yaml
FNF:0
FNH:0
DA:1,94
LF:1
LH:1
BRF:0
BRH:0
end_of_record
TN:
SF:src/i18n/locales/en/activities/otherFunding.yaml
FNF:0
FNH:0
DA:1,94
LF:1
LH:1
BRF:0
BRH:0
end_of_record
TN:
SF:src/i18n/locales/en/activities/outcomes.yaml
FNF:0
FNH:0
DA:1,94
LF:1
LH:1
BRF:0
BRH:0
end_of_record
TN:
SF:src/i18n/locales/en/activities/overview.yaml
FNF:0
FNH:0
DA:1,94
LF:1
LH:1
BRF:0
BRH:0
end_of_record
TN:
SF:src/i18n/locales/en/activities/schedule.yaml
FNF:0
FNH:0
DA:1,94
LF:1
LH:1
BRF:0
BRH:0
end_of_record
TN:
SF:src/i18n/locales/en/activities/standardsAndConditions.yaml
FNF:0
FNH:0
DA:1,94
LF:1
LH:1
BRF:0
BRH:0
end_of_record
TN:
SF:src/i18n/locales/en/activities/statePersonnel.yaml
FNF:0
FNH:0
DA:1,94
LF:1
LH:1
BRF:0
BRH:0
end_of_record
TN:
SF:src/i18n/locales/en/apd/apd.yaml
FNF:0
FNH:0
DA:1,94
LF:1
LH:1
BRF:0
BRH:0
end_of_record
TN:
SF:src/i18n/locales/en/apd/index.js
FNF:0
FNH:0
LF:0
LH:0
BRF:0
BRH:0
end_of_record
TN:
SF:src/i18n/locales/en/apd/stateProfile.yaml
FNF:0
FNH:0
DA:1,94
LF:1
LH:1
BRF:0
BRH:0
end_of_record
TN:
SF:src/layout/footer/Footer.js
FN:3,(anonymous_0)
FNF:1
FNH:0
FNDA:0,(anonymous_0)
DA:3,3
DA:4,0
LF:2
LH:1
BRF:0
BRH:0
end_of_record
TN:
SF:src/layout/header/ApdHeader.js
FN:15,(anonymous_0)
FN:18,(anonymous_1)
FN:26,(anonymous_2)
FN:38,(anonymous_3)
FN:54,(anonymous_4)
FN:65,(anonymous_5)
FN:78,(anonymous_6)
FN:107,(anonymous_7)
FNF:8
FNH:3
FNDA:12,(anonymous_0)
FNDA:11,(anonymous_1)
FNDA:0,(anonymous_2)
FNDA:0,(anonymous_3)
FNDA:0,(anonymous_4)
FNDA:0,(anonymous_5)
FNDA:0,(anonymous_6)
FNDA:14,(anonymous_7)
DA:15,7
DA:16,12
DA:18,12
DA:19,11
DA:21,11
DA:22,0
DA:26,12
DA:27,0
DA:29,0
DA:30,0
DA:32,0
DA:35,0
DA:38,12
DA:39,0
DA:40,0
DA:44,12
DA:54,0
DA:65,0
DA:79,0
DA:80,0
DA:81,0
DA:98,7
DA:105,7
DA:107,14
DA:113,7
LF:25
LH:12
BRDA:21,0,0,0
BRDA:21,0,1,11
BRDA:29,1,0,0
BRDA:29,1,1,0
BRDA:39,2,0,0
BRDA:39,2,1,0
BRDA:39,3,0,0
BRDA:39,3,1,0
BRDA:48,4,0,0
BRDA:48,4,1,12
BRF:10
BRH:2
end_of_record
TN:
SF:src/layout/header/DashboardButton.js
FN:7,(anonymous_0)
FN:9,(anonymous_1)
FNF:2
FNH:2
FNDA:2,(anonymous_0)
FNDA:1,(anonymous_1)
DA:7,5
DA:8,2
DA:9,1
DA:15,5
DA:20,5
LF:5
LH:5
BRF:0
BRH:0
end_of_record
TN:
SF:src/layout/header/Header.js
FN:26,(anonymous_0)
FN:34,(anonymous_1)
FN:43,(anonymous_2)
FN:44,(anonymous_3)
FN:56,(anonymous_4)
FN:70,(anonymous_5)
FN:213,(anonymous_6)
FNF:7
FNH:7
FNDA:5,(anonymous_0)
FNDA:2,(anonymous_1)
FNDA:2,(anonymous_2)
FNDA:2,(anonymous_3)
FNDA:6,(anonymous_4)
FNDA:6,(anonymous_5)
FNDA:2,(anonymous_6)
DA:27,5
DA:28,5
DA:31,5
DA:34,5
DA:35,2
DA:36,1
DA:38,1
DA:40,1
DA:43,5
DA:44,2
DA:45,2
DA:47,1
DA:50,1
DA:52,2
DA:65,6
DA:66,6
DA:68,6
DA:70,6
DA:71,6
DA:72,0
DA:74,6
DA:75,0
DA:77,6
DA:78,4
DA:80,2
DA:94,6
DA:194,4
DA:205,4
DA:213,4
DA:222,4
LF:30
LH:28
BRDA:35,0,0,1
BRDA:35,0,1,1
BRDA:45,1,0,1
BRDA:45,1,1,1
BRDA:71,2,0,0
BRDA:71,2,1,6
BRDA:71,3,0,6
BRDA:71,3,1,2
BRDA:74,4,0,0
BRDA:74,4,1,6
BRDA:74,5,0,6
BRDA:74,5,1,4
BRDA:77,6,0,4
BRDA:77,6,1,2
BRDA:77,7,0,6
BRDA:77,7,1,4
BRDA:83,8,0,0
BRDA:83,8,1,2
BRDA:86,9,0,2
BRDA:86,9,1,0
BRDA:86,10,0,2
BRDA:86,10,1,2
BRDA:104,11,0,6
BRDA:104,11,1,6
BRDA:107,12,0,6
BRDA:107,12,1,2
BRDA:107,12,2,0
BRDA:116,13,0,1
BRDA:116,13,1,5
BRDA:120,14,0,6
BRDA:120,14,1,0
BRDA:124,15,0,6
BRDA:124,15,1,1
BRDA:124,15,2,1
BRDA:135,16,0,1
BRDA:135,16,1,0
BRDA:135,16,2,0
BRDA:141,17,0,6
BRDA:141,17,1,6
BRF:39
BRH:31
end_of_record
TN:
SF:src/layout/header/HeaderSaveMessage.js
FN:15,(anonymous_0)
FN:31,(anonymous_1)
FN:72,(anonymous_2)
FNF:3
FNH:3
FNDA:8,(anonymous_0)
FNDA:1,(anonymous_1)
FNDA:1,(anonymous_2)
DA:15,5
DA:16,8
DA:17,8
DA:19,8
DA:20,2
DA:23,1
DA:26,1
DA:30,1
DA:37,1
DA:43,8
DA:44,3
DA:51,5
DA:52,0
DA:59,5
DA:66,5
DA:72,5
LF:16
LH:15
BRDA:19,0,0,2
BRDA:19,0,1,6
BRDA:20,1,0,1
BRDA:20,1,1,1
BRDA:43,2,0,3
BRDA:43,2,1,5
BRDA:51,3,0,0
BRDA:51,3,1,5
BRF:8
BRH:7
end_of_record
TN:
SF:src/layout/nav/Nav.js
FN:8,(anonymous_0)
FN:11,(anonymous_1)
FN:29,(anonymous_2)
FNF:3
FNH:3
FNDA:4,(anonymous_0)
FNDA:2,(anonymous_1)
FNDA:3,(anonymous_2)
DA:8,7
DA:10,4
DA:11,4
DA:12,4
DA:19,7
DA:23,7
DA:29,7
LF:7
LH:7
BRF:0
BRH:0
end_of_record
TN:
SF:src/layout/nav/NavLink.js
FN:5,(anonymous_0)
FNF:1
FNH:1
FNDA:17,(anonymous_0)
DA:5,11
DA:6,17
DA:11,11
DA:15,11
LF:4
LH:4
BRF:0
BRH:0
end_of_record
TN:
SF:src/layout/nav/SecondaryNav.js
FN:13,(anonymous_0)
FN:52,(anonymous_1)
FNF:2
FNH:2
FNDA:16,(anonymous_0)
FNDA:12,(anonymous_1)
DA:13,25
DA:14,16
DA:15,16
DA:18,16
DA:21,16
DA:41,25
DA:45,25
DA:52,25
DA:58,25
LF:9
LH:9
BRDA:18,0,0,16
BRDA:18,0,1,4
BRDA:23,1,0,16
BRDA:23,1,1,3
BRF:4
BRH:4
[...]
BRDA:40,1,7,2
BRDA:40,1,8,2
BRDA:40,1,9,3
BRDA:40,1,10,4
BRDA:40,1,11,1
BRDA:40,1,12,1
BRDA:40,1,13,1
BRDA:40,1,14,1
BRDA:40,1,15,1
BRDA:40,1,16,1
BRDA:40,1,17,641
BRF:19
BRH:19
end_of_record
TN:
SF:src/reducers/budget.js
FN:6,(anonymous_0)
FN:11,(anonymous_1)
FN:13,(anonymous_2)
FN:41,(anonymous_3)
FN:43,(anonymous_4)
FN:50,(anonymous_5)
FN:52,(anonymous_6)
FN:55,(anonymous_7)
FN:81,(anonymous_8)
FN:98,(anonymous_9)
FN:100,(anonymous_10)
FN:118,(anonymous_11)
FN:145,(anonymous_12)
FN:153,(anonymous_13)
FN:154,(anonymous_14)
FN:156,(anonymous_15)
FN:179,(anonymous_16)
FN:193,(anonymous_17)
FN:194,(anonymous_18)
FN:225,(anonymous_19)
FN:244,(anonymous_20)
FN:259,(anonymous_21)
FN:274,(anonymous_22)
FN:275,(anonymous_23)
FN:286,(anonymous_24)
FN:287,(anonymous_25)
FN:298,(anonymous_26)
FN:299,(anonymous_27)
FN:313,(anonymous_28)
FN:320,(anonymous_29)
FN:422,(anonymous_30)
FN:424,(anonymous_31)
FN:474,(anonymous_32)
FN:496,(anonymous_33)
FN:550,(anonymous_34)
FN:589,(anonymous_35)
FN:590,(anonymous_36)
FN:606,(anonymous_37)
FNF:38
FNH:38
FNDA:976,(anonymous_0)
FNDA:9438,(anonymous_1)
FNDA:66,(anonymous_2)
FNDA:2145,(anonymous_3)
FNDA:9009,(anonymous_4)
FNDA:858,(anonymous_5)
FNDA:6,(anonymous_6)
FNDA:24,(anonymous_7)
FNDA:429,(anonymous_8)
FNDA:84,(anonymous_9)
FNDA:1,(anonymous_10)
FNDA:105,(anonymous_11)
FNDA:6,(anonymous_12)
FNDA:2,(anonymous_13)
FNDA:1,(anonymous_14)
FNDA:3,(anonymous_15)
FNDA:18,(anonymous_16)
FNDA:18,(anonymous_17)
FNDA:72,(anonymous_18)
FNDA:18,(anonymous_19)
FNDA:18,(anonymous_20)
FNDA:18,(anonymous_21)
FNDA:7,(anonymous_22)
FNDA:21,(anonymous_23)
FNDA:7,(anonymous_24)
FNDA:21,(anonymous_25)
FNDA:8,(anonymous_26)
FNDA:24,(anonymous_27)
FNDA:162,(anonymous_28)
FNDA:18,(anonymous_29)
FNDA:24,(anonymous_30)
FNDA:72,(anonymous_31)
FNDA:12,(anonymous_32)
FNDA:54,(anonymous_33)
FNDA:216,(anonymous_34)
FNDA:646,(anonymous_35)
FNDA:1936,(anonymous_36)
FNDA:648,(anonymous_37)
DA:6,32
DA:7,976
DA:8,976
DA:11,9438
DA:13,66
DA:32,32
DA:39,32
DA:41,32
DA:42,2145
DA:43,9009
DA:50,32
DA:51,858
DA:52,6
DA:55,24
DA:81,429
DA:98,84
DA:100,32
DA:102,1
DA:107,1
DA:108,1
DA:109,1
DA:118,1
DA:121,105
DA:123,96
DA:124,96
DA:125,96
DA:126,96
DA:131,105
DA:132,66
DA:133,66
DA:138,105
DA:139,39
DA:145,1
DA:150,6
DA:151,1
DA:153,2
DA:154,1
DA:156,3
DA:169,6
DA:173,6
DA:177,6
DA:179,18
DA:193,18
DA:194,72
DA:216,6
DA:225,18
DA:235,6
DA:244,6
DA:245,18
DA:249,18
DA:259,18
DA:274,6
DA:275,7
DA:276,21
DA:277,21
DA:279,21
DA:280,21
DA:281,21
DA:282,21
DA:286,6
DA:287,7
DA:288,21
DA:289,21
DA:291,21
DA:292,21
DA:293,21
DA:294,21
DA:298,6
DA:299,8
DA:300,24
DA:301,24
DA:302,24
DA:304,24
DA:305,24
DA:306,24
DA:307,24
DA:313,162
DA:320,6
DA:321,18
DA:322,18
DA:323,18
DA:324,18
DA:327,18
DA:332,18
DA:340,18
DA:341,18
DA:345,18
DA:353,18
DA:357,18
DA:361,18
DA:407,18
DA:408,18
DA:409,18
DA:410,18
DA:412,18
DA:413,18
DA:414,18
DA:415,18
DA:422,18
DA:424,24
DA:425,72
DA:426,72
DA:428,72
DA:429,72
DA:431,72
DA:432,72
DA:437,24
DA:438,24
DA:440,24
DA:441,24
DA:443,24
DA:444,24
DA:449,18
DA:450,15
DA:453,18
DA:454,18
DA:455,18
DA:456,18
DA:457,18
DA:458,18
DA:460,18
DA:463,9
DA:464,9
DA:470,6
DA:474,6
DA:475,12
DA:476,12
DA:478,12
DA:479,12
DA:481,12
DA:482,12
DA:484,12
DA:485,12
DA:491,18
DA:492,18
DA:493,18
DA:494,18
DA:496,18
DA:497,54
DA:498,54
DA:504,54
DA:515,54
DA:524,54
DA:525,54
DA:529,54
DA:530,54
DA:534,54
DA:537,45
DA:541,45
DA:545,45
DA:546,45
DA:550,54
DA:552,216
DA:553,216
DA:559,216
DA:560,216
DA:564,216
DA:570,216
DA:571,144
DA:577,216
DA:579,180
DA:582,180
DA:589,1
DA:590,646
DA:591,1936
DA:592,1635
DA:593,976
DA:594,659
DA:595,645
DA:600,1
DA:602,1
DA:606,32
DA:607,648
DA:609,1
DA:611,1
DA:613,646
LF:176
LH:176
BRDA:6,0,0,976
BRDA:41,1,0,1716
BRDA:98,2,0,84
BRDA:98,2,1,25
BRDA:121,3,0,96
BRDA:121,3,1,9
BRDA:131,4,0,66
BRDA:131,4,1,39
BRDA:138,5,0,39
BRDA:138,5,1,66
BRDA:138,6,0,105
BRDA:138,6,1,78
BRDA:150,7,0,1
BRDA:150,7,1,5
BRDA:169,8,0,6
BRDA:169,8,1,5
BRDA:333,9,0,18
BRDA:333,9,1,3
BRDA:334,10,0,18
BRDA:334,10,1,3
BRDA:335,11,0,18
BRDA:335,11,1,3
BRDA:449,12,0,15
BRDA:449,12,1,3
BRDA:460,13,0,9
BRDA:460,13,1,9
BRDA:460,14,0,18
BRDA:460,14,1,12
BRDA:464,15,0,6
BRDA:464,15,1,3
BRDA:492,16,0,6
BRDA:492,16,1,12
BRDA:497,17,0,18
BRDA:497,17,1,36
BRDA:498,18,0,18
BRDA:498,18,1,36
BRDA:534,19,0,45
BRDA:534,19,1,9
BRDA:570,20,0,144
BRDA:570,20,1,72
BRDA:577,21,0,180
BRDA:577,21,1,36
BRDA:591,22,0,1635
BRDA:591,22,1,301
BRDA:592,23,0,976
BRDA:592,23,1,659
BRDA:594,24,0,645
BRDA:594,24,1,14
BRDA:606,25,0,428
BRDA:607,26,0,1
BRDA:607,26,1,1
BRDA:607,26,2,646
BRF:52
BRH:52
end_of_record
TN:
SF:src/reducers/budget.selectors.js
FN:5,(anonymous_0)
FN:9,(anonymous_1)
FN:11,(anonymous_2)
FN:14,(anonymous_3)
FN:26,(anonymous_4)
FN:28,(anonymous_5)
FN:50,(anonymous_6)
FNF:7
FNH:7
FNDA:4,(anonymous_0)
FNDA:2,(anonymous_1)
FNDA:6,(anonymous_2)
FNDA:30,(anonymous_3)
FNDA:1,(anonymous_4)
FNDA:2,(anonymous_5)
FNDA:1,(anonymous_6)
DA:5,9
DA:7,9
DA:10,2
DA:11,6
DA:14,30
DA:20,2
DA:24,9
DA:27,1
DA:29,2
DA:31,2
DA:44,1
DA:48,9
DA:55,1
LF:13
LH:13
BRF:0
BRH:0
end_of_record
TN:
SF:src/reducers/errors.js
FN:20,(anonymous_0)
FN:64,(anonymous_1)
FN:89,(anonymous_2)
FN:90,(anonymous_3)
FN:91,(anonymous_4)
FNF:5
FNH:5
FNDA:7,(anonymous_0)
FNDA:655,(anonymous_1)
FNDA:1,(anonymous_2)
FNDA:1,(anonymous_3)
FNDA:1,(anonymous_4)
DA:20,32
DA:21,7
DA:22,7
DA:23,3
DA:24,3
DA:27,3
DA:28,2
DA:33,7
DA:36,32
DA:45,32
DA:57,32
DA:64,32
DA:65,655
DA:72,6
DA:77,3
DA:78,3
DA:85,646
DA:89,32
DA:90,32
DA:91,32
LF:20
LH:20
BRDA:22,0,0,3
BRDA:22,0,1,4
BRDA:27,1,0,2
BRDA:27,1,1,1
BRDA:33,2,0,5
BRDA:33,2,1,2
BRDA:64,3,0,448
BRDA:65,4,0,1
BRDA:65,4,1,2
BRDA:65,4,2,3
BRDA:65,4,3,4
BRDA:65,4,4,5
BRDA:65,4,5,6
BRDA:65,4,6,1
BRDA:65,4,7,2
BRDA:65,4,8,3
BRDA:65,4,9,646
BRF:17
BRH:17
end_of_record
TN:
SF:src/reducers/index.js
FN:16,(anonymous_0)
FNF:1
FNH:1
FNDA:149,(anonymous_0)
DA:16,31
DA:17,149
LF:2
LH:2
BRF:0
BRH:0
end_of_record
TN:
SF:src/reducers/nav.items.js
FN:4,(anonymous_0)
FN:113,(anonymous_1)
FN:140,(anonymous_2)
FN:142,(anonymous_3)
FN:146,(anonymous_4)
FN:150,(anonymous_5)
FN:151,(anonymous_6)
FN:155,(anonymous_7)
FN:167,(anonymous_8)
FN:171,(anonymous_9)
FN:174,(anonymous_10)
FN:183,(anonymous_11)
FNF:12
FNH:12
FNDA:199,(anonymous_0)
FNDA:9,(anonymous_1)
FNDA:162,(anonymous_2)
FNDA:207,(anonymous_3)
FNDA:153,(anonymous_4)
FNDA:201,(anonymous_5)
FNDA:207,(anonymous_6)
FNDA:4,(anonymous_7)
FNDA:162,(anonymous_8)
FNDA:16,(anonymous_9)
FNDA:9,(anonymous_10)
FNDA:54,(anonymous_11)
DA:4,32
DA:5,199
DA:6,11
DA:110,188
DA:113,32
DA:140,162
DA:142,32
DA:143,207
DA:144,207
DA:145,39
DA:146,153
DA:150,32
DA:151,201
DA:152,207
DA:153,5
DA:154,5
DA:155,3
DA:156,4
DA:157,4
DA:161,207
DA:162,39
DA:167,32
DA:169,162
DA:170,162
DA:171,16
DA:172,4
DA:174,9
DA:183,162
DA:184,162
DA:185,162
LF:30
LH:30
BRDA:5,0,0,11
BRDA:5,0,1,188
BRDA:144,1,0,39
BRDA:144,1,1,168
BRDA:144,2,0,207
BRDA:144,2,1,39
BRDA:150,3,0,162
BRDA:152,4,0,5
BRDA:152,4,1,202
BRDA:152,5,0,207
BRDA:152,5,1,202
BRDA:154,6,0,3
BRDA:154,6,1,2
BRDA:161,7,0,39
BRDA:161,7,1,168
BRDA:161,8,0,207
BRDA:161,8,1,39
BRDA:167,9,0,0
BRDA:167,10,0,0
BRDA:167,11,0,3
BRDA:167,12,0,1
BRDA:169,13,0,3
BRDA:169,13,1,159
BRDA:170,14,0,4
BRDA:170,14,1,158
BRDA:175,15,0,9
BRDA:175,15,1,0
BRF:27
BRH:24
end_of_record
TN:
SF:src/reducers/nav.js
FN:6,(anonymous_0)
FN:13,(anonymous_1)
FN:16,(anonymous_2)
FN:18,(anonymous_3)
FN:26,(anonymous_4)
FN:31,(anonymous_5)
FN:46,(anonymous_6)
FNF:7
FNH:7
FNDA:583,(anonymous_0)
FNDA:163,(anonymous_1)
FNDA:210,(anonymous_2)
FNDA:48,(anonymous_3)
FNDA:17,(anonymous_4)
FNDA:4,(anonymous_5)
FNDA:652,(anonymous_6)
DA:6,32
DA:7,583
DA:8,414
DA:9,210
DA:10,210
DA:13,32
DA:14,163
DA:15,163
DA:16,210
DA:18,163
DA:20,163
DA:21,163
DA:24,163
DA:25,1
DA:26,17
DA:29,163
DA:30,1
DA:31,4
DA:35,163
DA:38,32
DA:46,32
DA:47,652
DA:49,1
DA:55,1
DA:63,0
DA:64,0
DA:72,158
DA:73,158
DA:75,158
DA:82,158
DA:88,158
DA:97,493
LF:32
LH:30
BRDA:7,0,0,169
BRDA:7,0,1,414
BRDA:8,1,0,204
BRDA:8,1,1,210
BRDA:10,2,0,41
BRDA:10,2,1,169
BRDA:10,3,0,210
BRDA:10,3,1,210
BRDA:16,4,0,210
BRDA:16,4,1,210
BRDA:16,4,2,169
BRDA:20,5,0,6
BRDA:20,5,1,157
BRDA:21,6,0,5
BRDA:21,6,1,158
BRDA:24,7,0,1
BRDA:24,7,1,162
BRDA:29,8,0,1
BRDA:29,8,1,162
BRDA:46,9,0,447
BRDA:46,10,0,4
BRDA:47,11,0,1
BRDA:47,11,1,0
BRDA:47,11,2,158
BRDA:47,11,3,493
BRDA:63,12,0,0
BRDA:63,12,1,0
BRDA:63,13,0,0
BRDA:63,13,1,0
BRF:29
BRH:24
end_of_record
TN:
SF:src/reducers/patch.js
FN:20,(anonymous_0)
FN:36,(anonymous_1)
FNF:2
FNH:2
FNDA:3,(anonymous_0)
FNDA:656,(anonymous_1)
DA:18,32
DA:20,32
DA:21,3
DA:22,3
DA:23,2
DA:24,1
DA:26,1
DA:30,1
DA:33,32
DA:36,32
DA:37,656
DA:39,1
DA:42,1
DA:43,1
DA:46,1
DA:47,1
DA:48,1
DA:52,1
DA:59,1
DA:84,3
DA:86,3
DA:87,1
DA:89,2
DA:96,1
DA:99,1
DA:105,646
LF:26
LH:26
BRDA:22,0,0,2
BRDA:22,0,1,1
BRDA:23,1,0,1
BRDA:23,1,1,1
BRDA:36,2,0,448
BRDA:37,3,0,1
BRDA:37,3,1,1
BRDA:37,3,2,1
BRDA:37,3,3,1
BRDA:37,3,4,1
BRDA:37,3,5,3
BRDA:37,3,6,1
BRDA:37,3,7,1
BRDA:37,3,8,646
BRDA:86,4,0,1
BRDA:86,4,1,2
BRDA:86,5,0,3
BRDA:86,5,1,1
BRF:18
BRH:18
end_of_record
TN:
SF:src/reducers/patch.selectors.js
FN:1,(anonymous_0)
FN:3,(anonymous_1)
FNF:2
FNH:2
FNDA:6,(anonymous_0)
FNDA:4,(anonymous_1)
DA:1,55
DA:3,55
LF:2
LH:2
BRF:0
BRH:0
end_of_record
TN:
SF:src/reducers/saving.js
FN:15,(anonymous_0)
FN:45,(anonymous_1)
FN:52,(anonymous_2)
FN:59,(anonymous_3)
FN:66,(anonymous_4)
FNF:5
FNH:5
FNDA:650,(anonymous_0)
FNDA:4,(anonymous_1)
FNDA:2,(anonymous_2)
FNDA:5,(anonymous_3)
FNDA:2,(anonymous_4)
DA:8,39
DA:16,650
DA:18,1
DA:20,1
DA:22,1
DA:29,1
DA:36,646
DA:45,39
DA:52,39
DA:59,39
DA:66,39
LF:11
LH:11
BRDA:15,0,0,448
BRDA:16,1,0,1
BRDA:16,1,1,1
BRDA:16,1,2,1
BRDA:16,1,3,1
BRDA:16,1,4,646
BRDA:18,2,0,1
BRDA:18,2,1,1
BRDA:52,3,0,0
BRF:9
BRH:8
end_of_record
TN:
SF:src/reducers/user.js
FN:10,(anonymous_0)
FN:20,(anonymous_1)
FN:42,(anonymous_2)
FNF:3
FNH:3
FNDA:222,(anonymous_0)
FNDA:650,(anonymous_1)
FNDA:2,(anonymous_2)
DA:9,37
DA:10,222
DA:12,37
DA:20,37
DA:21,650
DA:23,1
DA:26,1
DA:34,1
DA:36,3
DA:38,644
DA:42,37
LF:11
LH:11
BRDA:20,0,0,399
BRDA:21,1,0,1
BRDA:21,1,1,0
BRDA:21,1,2,1
BRDA:21,1,3,1
BRDA:21,1,4,3
BRDA:21,1,5,644
BRF:7
BRH:6
end_of_record
TN:
SF:src/reducers/user.selector.js
FN:1,(anonymous_0)
FN:11,(anonymous_1)
FN:19,(anonymous_2)
FN:27,(anonymous_3)
FN:31,(anonymous_4)
FN:37,(anonymous_5)
FN:42,(anonymous_6)
FN:47,(anonymous_7)
FN:53,(anonymous_8)
FN:60,(anonymous_9)
FN:66,(anonymous_10)
FNF:11
FNH:8
FNDA:2,(anonymous_0)
FNDA:21,(anonymous_1)
FNDA:2,(anonymous_2)
FNDA:99,(anonymous_3)
FNDA:0,(anonymous_4)
FNDA:0,(anonymous_5)
FNDA:0,(anonymous_6)
FNDA:4,(anonymous_7)
FNDA:2,(anonymous_8)
FNDA:18,(anonymous_9)
FNDA:15,(anonymous_10)
DA:1,62
DA:6,2
DA:11,62
DA:16,21
DA:19,62
DA:24,2
DA:27,62
DA:29,99
DA:31,62
DA:34,0
DA:37,62
DA:38,0
DA:39,0
DA:42,62
DA:43,0
DA:44,0
DA:47,62
DA:52,4
DA:53,2
DA:57,2
DA:60,62
DA:65,18
DA:66,15
DA:70,3
LF:24
LH:19
BRDA:3,0,0,0
BRDA:3,1,0,0
BRDA:28,2,0,0
BRDA:28,3,0,0
BRDA:32,4,0,0
BRDA:32,5,0,0
BRDA:32,6,0,0
BRDA:32,7,0,0
BRDA:32,8,0,0
BRDA:38,9,0,0
BRDA:38,10,0,0
BRDA:38,10,1,0
BRDA:43,11,0,0
BRDA:43,12,0,0
BRDA:43,12,1,0
BRDA:52,13,0,2
BRDA:52,13,1,2
BRDA:53,14,0,1
BRDA:53,14,1,1
BRDA:65,15,0,15
BRDA:65,15,1,3
BRDA:66,16,0,14
BRDA:66,16,1,1
BRF:23
BRH:8
end_of_record
TN:
SF:src/reducers/working.js
FN:42,(anonymous_0)
FN:62,(anonymous_1)
FN:63,(anonymous_2)
FN:64,(anonymous_3)
FNF:4
FNH:4
FNDA:655,(anonymous_0)
FNDA:1,(anonymous_1)
FNDA:1,(anonymous_2)
FNDA:1,(anonymous_3)
DA:13,32
DA:23,32
DA:32,32
DA:42,32
DA:43,655
DA:47,3
DA:55,6
DA:58,646
DA:62,32
DA:63,32
DA:64,32
LF:11
LH:11
BRDA:42,0,0,448
BRDA:43,1,0,1
BRDA:43,1,1,2
BRDA:43,1,2,3
BRDA:43,1,3,1
BRDA:43,1,4,2
BRDA:43,1,5,3
BRDA:43,1,6,4
BRDA:43,1,7,5
BRDA:43,1,8,6
BRDA:43,1,9,646
BRF:11
BRH:11
end_of_record
TN:
SF:src/shared/apd-testing-library.js
FN:23,(anonymous_0)
FN:40,(anonymous_1)
FN:61,(anonymous_2)
FN:73,(anonymous_3)
FNF:4
FNH:1
FNDA:148,(anonymous_0)
FNDA:0,(anonymous_1)
FNDA:0,(anonymous_2)
FNDA:0,(anonymous_3)
DA:23,30
DA:31,148
DA:32,148
DA:38,148
DA:41,0
DA:61,30
DA:66,0
DA:67,0
DA:71,0
DA:74,0
LF:10
LH:5
BRDA:23,0,0,79
BRDA:25,1,0,123
BRDA:26,2,0,148
BRDA:27,3,0,88
BRDA:28,4,0,148
BRDA:29,5,0,148
BRDA:61,6,0,0
BRDA:63,7,0,0
BRDA:64,8,0,0
BRF:9
BRH:6
end_of_record
TN:
SF:src/util/api.js
FN:11,(anonymous_0)
FNF:1
FNH:1
FNDA:139,(anonymous_0)
DA:4,107
DA:6,107
DA:11,107
DA:13,139
DA:14,139
DA:15,139
DA:17,107
LF:7
LH:7
BRDA:4,0,0,107
BRDA:4,0,1,106
BRDA:13,1,0,139
BRDA:13,1,1,137
BRDA:14,2,0,2
BRDA:14,2,1,137
BRF:6
BRH:6
end_of_record
TN:
SF:src/util/auth.js
FN:12,(anonymous_0)
FN:26,(anonymous_1)
FN:30,(anonymous_2)
FN:49,(anonymous_3)
FN:59,(anonymous_4)
FN:66,(anonymous_5)
FN:72,(anonymous_6)
FN:81,(anonymous_7)
FN:83,(anonymous_8)
FN:91,(anonymous_9)
FN:95,(anonymous_10)
FN:100,(anonymous_11)
FN:101,(anonymous_12)
FN:106,(anonymous_13)
FN:112,(anonymous_14)
FN:115,(anonymous_15)
FN:118,(anonymous_16)
FN:120,(anonymous_17)
FN:130,(anonymous_18)
FN:149,(anonymous_19)
FN:151,(anonymous_20)
FN:152,(anonymous_21)
FN:162,(anonymous_22)
FN:165,(anonymous_23)
FN:166,(anonymous_24)
FN:173,(anonymous_25)
FN:185,(anonymous_26)
FN:188,(anonymous_27)
FN:196,(anonymous_28)
FN:197,(anonymous_29)
FN:201,(anonymous_30)
FN:203,(anonymous_31)
FN:205,(anonymous_32)
FN:208,(anonymous_33)
FN:221,(anonymous_34)
FN:223,(anonymous_35)
FN:225,(anonymous_36)
FN:233,(anonymous_37)
FN:236,(anonymous_38)
FN:239,(anonymous_39)
FN:242,(anonymous_40)
FN:244,(anonymous_41)
FN:246,(anonymous_42)
FNF:43
FNH:31
FNDA:4,(anonymous_0)
FNDA:0,(anonymous_1)
FNDA:110,(anonymous_2)
FNDA:2,(anonymous_3)
FNDA:3,(anonymous_4)
FNDA:3,(anonymous_5)
FNDA:137,(anonymous_6)
FNDA:0,(anonymous_7)
FNDA:1,(anonymous_8)
FNDA:1,(anonymous_9)
FNDA:2,(anonymous_10)
FNDA:2,(anonymous_11)
FNDA:0,(anonymous_12)
FNDA:10,(anonymous_13)
FNDA:0,(anonymous_14)
FNDA:0,(anonymous_15)
FNDA:0,(anonymous_16)
FNDA:1,(anonymous_17)
FNDA:1,(anonymous_18)
FNDA:1,(anonymous_19)
FNDA:1,(anonymous_20)
FNDA:1,(anonymous_21)
FNDA:1,(anonymous_22)
FNDA:0,(anonymous_23)
FNDA:2,(anonymous_24)
FNDA:9,(anonymous_25)
FNDA:3,(anonymous_26)
FNDA:3,(anonymous_27)
FNDA:2,(anonymous_28)
FNDA:0,(anonymous_29)
FNDA:0,(anonymous_30)
FNDA:3,(anonymous_31)
FNDA:3,(anonymous_32)
FNDA:3,(anonymous_33)
FNDA:2,(anonymous_34)
FNDA:0,(anonymous_35)
FNDA:1,(anonymous_36)
FNDA:3,(anonymous_37)
FNDA:3,(anonymous_38)
FNDA:3,(anonymous_39)
FNDA:0,(anonymous_40)
FNDA:0,(anonymous_41)
FNDA:2,(anonymous_42)
DA:8,110
DA:9,110
DA:12,110
DA:13,4
DA:15,3
DA:21,3
DA:23,1
DA:26,110
DA:30,110
DA:32,110
DA:37,0
DA:43,110
DA:45,110
DA:47,110
DA:49,110
DA:50,2
DA:51,2
DA:59,110
DA:60,3
DA:61,3
DA:63,0
DA:66,110
DA:67,3
DA:68,3
DA:72,110
DA:73,137
DA:74,137
DA:75,1
DA:77,136
DA:81,110
DA:83,110
DA:84,1
DA:91,110
DA:92,1
DA:95,110
DA:96,2
DA:97,2
DA:98,2
DA:100,2
DA:101,0
DA:103,0
DA:106,110
DA:107,10
DA:112,110
DA:113,0
DA:116,0
DA:118,0
DA:120,110
DA:121,1
DA:122,1
DA:131,1
DA:132,1
DA:133,1
DA:135,1
DA:136,1
DA:138,0
DA:140,0
DA:143,1
DA:149,110
DA:150,1
DA:151,1
DA:153,1
DA:154,1
DA:155,1
DA:162,110
DA:163,1
DA:164,1
DA:165,1
DA:166,2
DA:168,0
DA:173,110
DA:179,9
DA:180,9
DA:181,9
DA:182,9
DA:185,110
DA:186,3
DA:189,3
DA:190,3
DA:191,1
DA:192,1
DA:194,2
DA:196,2
DA:197,0
DA:199,0
DA:201,0
DA:203,110
DA:204,3
DA:206,3
DA:209,3
DA:210,3
DA:211,3
DA:213,2
DA:215,0
DA:217,1
DA:219,0
DA:221,2
DA:223,0
DA:225,110
DA:226,1
DA:227,1
DA:228,1
DA:229,1
DA:233,110
DA:234,3
DA:237,3
DA:240,3
DA:246,110
DA:247,2
DA:248,2
LF:110
LH:94
BRDA:13,0,0,1
BRDA:13,0,1,3
BRDA:23,1,0,1
BRDA:23,1,1,0
BRDA:32,2,0,0
BRDA:32,2,1,110
BRDA:33,3,0,110
BRDA:33,3,1,1
BRDA:50,4,0,2
BRDA:50,4,1,0
BRDA:60,5,0,3
BRDA:60,5,1,0
BRDA:67,6,0,3
BRDA:67,6,1,0
BRDA:81,7,0,0
BRDA:81,7,1,0
BRDA:97,8,0,2
BRDA:97,8,1,0
BRDA:115,9,0,0
BRDA:131,10,0,0
BRDA:132,11,0,0
BRDA:133,12,0,1
BRDA:136,13,0,0
BRDA:136,13,1,1
BRDA:164,14,0,1
BRDA:164,14,1,0
BRDA:165,15,0,1
BRDA:165,15,1,0
BRDA:174,16,0,0
BRDA:175,17,0,9
BRDA:176,18,0,9
BRDA:177,19,0,9
BRDA:179,20,0,9
BRDA:179,20,1,0
BRDA:180,21,0,0
BRDA:180,21,1,9
BRDA:181,22,0,0
BRDA:181,22,1,9
BRDA:182,23,0,0
BRDA:182,23,1,9
BRDA:189,24,0,3
BRDA:189,24,1,0
BRDA:190,25,0,1
BRDA:190,25,1,2
BRDA:209,26,0,3
BRDA:209,26,1,0
BRDA:210,27,0,1
BRDA:211,28,0,2
BRDA:211,28,1,1
BRF:49
BRH:28
end_of_record
TN:
SF:src/util/browser.js
FNF:0
FNH:0
DA:3,22
DA:4,22
DA:6,10
DA:13,22
DA:22,22
DA:27,22
LF:6
LH:6
BRDA:3,0,0,22
BRDA:3,0,1,12
BRDA:4,1,0,10
BRDA:4,1,1,12
BRDA:4,2,0,22
BRDA:4,2,1,22
BRDA:13,3,0,22
BRDA:13,3,1,2
BRDA:13,3,2,21
BRDA:13,3,3,2
BRDA:13,3,4,20
BRDA:27,4,0,22
BRDA:27,4,1,19
BRF:13
BRH:13
end_of_record
TN:
SF:src/util/formats.js
FN:4,(anonymous_0)
FN:6,(anonymous_1)
FN:9,(anonymous_2)
FN:10,(anonymous_3)
FN:11,(anonymous_4)
FNF:5
FNH:5
FNDA:192,(anonymous_0)
FNDA:192,(anonymous_1)
FNDA:14,(anonymous_2)
FNDA:2,(anonymous_3)
FNDA:173,(anonymous_4)
DA:4,192
DA:6,15
DA:7,192
DA:9,15
DA:10,15
DA:11,173
LF:6
LH:6
BRDA:4,0,0,192
BRDA:4,0,1,191
BRDA:6,1,0,2
BRDA:7,2,0,191
BRDA:7,2,1,1
BRDA:10,3,0,1
BRDA:11,4,0,172
BRF:7
BRH:7
end_of_record
TN:
SF:src/util/index.js
FN:63,(anonymous_0)
FN:78,(anonymous_1)
FN:80,(anonymous_2)
FN:85,(anonymous_3)
FN:85,(anonymous_4)
FN:87,(anonymous_5)
FN:91,(anonymous_6)
FN:92,(anonymous_7)
FN:102,(anonymous_8)
FN:112,(anonymous_9)
FN:131,(anonymous_10)
FN:157,(anonymous_11)
FN:167,(anonymous_12)
FN:169,(anonymous_13)
FN:182,(anonymous_14)
FN:185,(anonymous_15)
FN:190,(anonymous_16)
FN:192,(anonymous_17)
FN:194,(anonymous_18)
FN:195,(anonymous_19)
FN:198,(anonymous_20)
FN:200,(anonymous_21)
FNF:22
FNH:18
FNDA:117,(anonymous_0)
FNDA:351,(anonymous_1)
FNDA:234,(anonymous_2)
FNDA:4,(anonymous_3)
FNDA:140,(anonymous_4)
FNDA:1,(anonymous_5)
FNDA:4,(anonymous_6)
FNDA:4,(anonymous_7)
FNDA:117,(anonymous_8)
FNDA:50028,(anonymous_9)
FNDA:552,(anonymous_10)
FNDA:98,(anonymous_11)
FNDA:117,(anonymous_12)
FNDA:0,(anonymous_13)
FNDA:0,(anonymous_14)
FNDA:0,(anonymous_15)
FNDA:0,(anonymous_16)
FNDA:82,(anonymous_17)
FNDA:99,(anonymous_18)
FNDA:243,(anonymous_19)
FNDA:2,(anonymous_20)
FNDA:4,(anonymous_21)
DA:6,117
DA:8,117
DA:15,117
DA:63,117
DA:64,117
DA:69,117
DA:70,0
DA:72,117
DA:78,351
DA:80,234
DA:82,117
DA:83,117
DA:85,140
DA:87,117
DA:88,1
DA:91,4
DA:93,4
DA:94,4
DA:95,4
DA:102,117
DA:103,117
DA:112,117
DA:113,50028
DA:114,50028
DA:115,51110
DA:119,50028
DA:120,50028
DA:131,117
DA:132,552
DA:133,303
DA:135,249
DA:142,249
DA:143,249
DA:144,246
DA:146,3
DA:157,117
DA:158,98
DA:159,98
DA:161,98
DA:167,117
DA:168,117
DA:169,117
DA:170,0
DA:171,0
DA:174,0
DA:176,0
DA:182,117
DA:183,0
DA:185,0
DA:190,0
DA:192,117
DA:194,99
DA:195,243
DA:198,117
DA:199,2
DA:200,2
DA:201,4
DA:202,1
DA:204,2
LF:59
LH:51
BRDA:69,0,0,0
BRDA:69,0,1,117
BRDA:94,1,0,1
BRDA:94,1,1,3
BRDA:118,2,0,51110
BRDA:118,2,1,50028
BRDA:132,3,0,303
BRDA:132,3,1,249
BRDA:143,4,0,246
BRDA:143,4,1,3
BRDA:171,5,0,0
BRDA:171,5,1,0
BRDA:171,6,0,0
BRDA:171,6,1,0
BRDA:192,7,0,0
BRDA:192,8,0,1
BRDA:194,9,0,42
BRDA:194,9,1,40
BRDA:201,10,0,3
BRDA:201,10,1,1
BRDA:202,11,0,1
BRDA:202,11,1,0
BRF:22
BRH:15
end_of_record
TN:
SF:src/util/md.js
FNF:0
FNH:0
DA:3,37
LF:1
LH:1
BRF:0
BRH:0
end_of_record
TN:
SF:src/util/regulations.js
FN:4,(anonymous_0)
FN:6,(anonymous_1)
FNF:2
FNH:2
FNDA:216,(anonymous_0)
FNDA:810,(anonymous_1)
DA:3,54
DA:4,216
DA:6,810
LF:3
LH:3
BRF:0
BRH:0
end_of_record
TN:
SF:src/util/roundedPercents.js
FN:12,(anonymous_0)
FN:17,(anonymous_1)
FN:18,(anonymous_2)
FN:22,(anonymous_3)
FN:26,(anonymous_4)
FN:27,(anonymous_5)
FN:41,(anonymous_6)
FN:42,(anonymous_7)
FNF:8
FNH:8
FNDA:146,(anonymous_0)
FNDA:475,(anonymous_1)
FNDA:475,(anonymous_2)
FNDA:475,(anonymous_3)
FNDA:475,(anonymous_4)
FNDA:475,(anonymous_5)
FNDA:69,(anonymous_6)
FNDA:54,(anonymous_7)
DA:12,33
DA:17,475
DA:18,475
DA:22,475
DA:26,475
DA:27,475
DA:32,146
DA:34,146
DA:40,19
DA:41,69
DA:43,54
DA:44,44
DA:46,10
DA:49,19
DA:50,36
DA:52,19
DA:54,127
LF:17
LH:17
BRDA:12,0,0,0
BRDA:12,1,0,0
BRDA:34,2,0,19
BRDA:34,2,1,127
BRDA:43,3,0,44
BRDA:43,3,1,10
BRDA:46,4,0,6
BRDA:46,4,1,4
BRF:8
BRH:6
end_of_record
TN:
SF:src/util/states.js
FN:60,(anonymous_0)
FNF:1
FNH:1
FNDA:6608,(anonymous_0)
DA:1,118
DA:60,6608
DA:65,118
LF:3
LH:3
BRF:0
BRH:0
end_of_record
