{"/app/db/mongodb.js":{"path":"/app/db/mongodb.js","statementMap":{"0":{"start":{"line":1,"column":0},"end":{"line":1,"column":21}},"1":{"start":{"line":3,"column":17},"end":{"line":3,"column":36}},"2":{"start":{"line":4,"column":15},"end":{"line":4,"column":47}},"3":{"start":{"line":6,"column":14},"end":{"line":29,"column":4}},"4":{"start":{"line":7,"column":2},"end":{"line":29,"column":4}},"5":{"start":{"line":8,"column":4},"end":{"line":8,"column":52}},"6":{"start":{"line":10,"column":6},"end":{"line":11,"column":61}},"7":{"start":{"line":12,"column":19},"end":{"line":12,"column":55}},"8":{"start":{"line":14,"column":4},"end":{"line":17,"column":7}},"9":{"start":{"line":15,"column":6},"end":{"line":15,"column":42}},"10":{"start":{"line":16,"column":6},"end":{"line":16,"column":16}},"11":{"start":{"line":19,"column":4},"end":{"line":28,"column":5}},"12":{"start":{"line":20,"column":6},"end":{"line":24,"column":9}},"13":{"start":{"line":26,"column":6},"end":{"line":26,"column":58}},"14":{"start":{"line":27,"column":6},"end":{"line":27,"column":18}},"15":{"start":{"line":31,"column":17},"end":{"line":44,"column":4}},"16":{"start":{"line":32,"column":2},"end":{"line":44,"column":4}},"17":{"start":{"line":33,"column":4},"end":{"line":36,"column":7}},"18":{"start":{"line":34,"column":6},"end":{"line":34,"column":45}},"19":{"start":{"line":35,"column":6},"end":{"line":35,"column":16}},"20":{"start":{"line":38,"column":4},"end":{"line":43,"column":5}},"21":{"start":{"line":39,"column":6},"end":{"line":39,"column":48}},"22":{"start":{"line":41,"column":6},"end":{"line":41,"column":61}},"23":{"start":{"line":42,"column":6},"end":{"line":42,"column":18}},"24":{"start":{"line":46,"column":28},"end":{"line":61,"column":1}},"25":{"start":{"line":47,"column":17},"end":{"line":47,"column":47}},"26":{"start":{"line":48,"column":2},"end":{"line":50,"column":3}},"27":{"start":{"line":49,"column":4},"end":{"line":49,"column":26}},"28":{"start":{"line":51,"column":2},"end":{"line":53,"column":3}},"29":{"start":{"line":52,"column":4},"end":{"line":52,"column":23}},"30":{"start":{"line":54,"column":2},"end":{"line":56,"column":3}},"31":{"start":{"line":55,"column":4},"end":{"line":55,"column":24}},"32":{"start":{"line":57,"column":2},"end":{"line":59,"column":3}},"33":{"start":{"line":58,"column":4},"end":{"line":58,"column":27}},"34":{"start":{"line":60,"column":2},"end":{"line":60,"column":19}},"35":{"start":{"line":63,"column":0},"end":{"line":63,"column":58}}},"fnMap":{"0":{"name":"(anonymous_0)","decl":{"start":{"line":6,"column":14},"end":{"line":6,"column":15}},"loc":{"start":{"line":7,"column":2},"end":{"line":29,"column":4}},"line":7},"1":{"name":"(anonymous_1)","decl":{"start":{"line":7,"column":14},"end":{"line":7,"column":15}},"loc":{"start":{"line":7,"column":35},"end":{"line":29,"column":3}},"line":7},"2":{"name":"(anonymous_2)","decl":{"start":{"line":14,"column":40},"end":{"line":14,"column":41}},"loc":{"start":{"line":14,"column":46},"end":{"line":17,"column":5}},"line":14},"3":{"name":"(anonymous_3)","decl":{"start":{"line":31,"column":17},"end":{"line":31,"column":18}},"loc":{"start":{"line":32,"column":2},"end":{"line":44,"column":4}},"line":32},"4":{"name":"(anonymous_4)","decl":{"start":{"line":32,"column":14},"end":{"line":32,"column":15}},"loc":{"start":{"line":32,"column":35},"end":{"line":44,"column":3}},"line":32},"5":{"name":"(anonymous_5)","decl":{"start":{"line":33,"column":43},"end":{"line":33,"column":44}},"loc":{"start":{"line":33,"column":49},"end":{"line":36,"column":5}},"line":33},"6":{"name":"(anonymous_6)","decl":{"start":{"line":46,"column":28},"end":{"line":46,"column":29}},"loc":{"start":{"line":46,"column":34},"end":{"line":61,"column":1}},"line":46}},"branchMap":{"0":{"loc":{"start":{"line":10,"column":6},"end":{"line":11,"column":61}},"type":"binary-expr","locations":[{"start":{"line":10,"column":6},"end":{"line":10,"column":27}},{"start":{"line":11,"column":6},"end":{"line":11,"column":61}}],"line":10},"1":{"loc":{"start":{"line":12,"column":19},"end":{"line":12,"column":55}},"type":"binary-expr","locations":[{"start":{"line":12,"column":19},"end":{"line":12,"column":45}},{"start":{"line":12,"column":49},"end":{"line":12,"column":55}}],"line":12},"2":{"loc":{"start":{"line":48,"column":2},"end":{"line":50,"column":3}},"type":"if","locations":[{"start":{"line":48,"column":2},"end":{"line":50,"column":3}},{"start":{"line":48,"column":2},"end":{"line":50,"column":3}}],"line":48},"3":{"loc":{"start":{"line":51,"column":2},"end":{"line":53,"column":3}},"type":"if","locations":[{"start":{"line":51,"column":2},"end":{"line":53,"column":3}},{"start":{"line":51,"column":2},"end":{"line":53,"column":3}}],"line":51},"4":{"loc":{"start":{"line":54,"column":2},"end":{"line":56,"column":3}},"type":"if","locations":[{"start":{"line":54,"column":2},"end":{"line":56,"column":3}},{"start":{"line":54,"column":2},"end":{"line":56,"column":3}}],"line":54},"5":{"loc":{"start":{"line":57,"column":2},"end":{"line":59,"column":3}},"type":"if","locations":[{"start":{"line":57,"column":2},"end":{"line":59,"column":3}},{"start":{"line":57,"column":2},"end":{"line":59,"column":3}}],"line":57}},"s":{"0":1,"1":1,"2":1,"3":1,"4":0,"5":0,"6":0,"7":0,"8":0,"9":0,"10":0,"11":0,"12":0,"13":0,"14":0,"15":1,"16":0,"17":0,"18":0,"19":0,"20":0,"21":0,"22":0,"23":0,"24":1,"25":0,"26":0,"27":0,"28":0,"29":0,"30":0,"31":0,"32":0,"33":0,"34":0,"35":1},"f":{"0":0,"1":0,"2":0,"3":0,"4":0,"5":0,"6":0},"b":{"0":[0,0],"1":[0,0],"2":[0,0],"3":[0,0],"4":[0,0],"5":[0,0]},"_coverageSchema":"1a1c01bbd47fc00a2c39e90264f33305004495a9","hash":"9af97f298037d88ee448ac59505a69603cf6720d","contentHash":"83e70cf6c22e8aa56d22ed286334386ef02dbf95725f5f5232ceb2d07a28d02f"},"/app/models/index.js":{"path":"/app/models/index.js","statementMap":{"0":{"start":{"line":1,"column":0},"end":{"line":1,"column":17}}},"fnMap":{},"branchMap":{},"s":{"0":1},"f":{},"b":{},"_coverageSchema":"1a1c01bbd47fc00a2c39e90264f33305004495a9","hash":"df439578970bdf56c3a9dfcd000af2ec64b4e6bd","contentHash":"eca6f874ed356ea719429e5cac2dfbe261142f4a32d67ec4917accc0eff4c16a"},"/app/models/apd.js":{"path":"/app/models/apd.js","statementMap":{"0":{"start":{"line":1,"column":17},"end":{"line":1,"column":36}},"1":{"start":{"line":3,"column":21},"end":{"line":19,"column":1}},"2":{"start":{"line":21,"column":24},"end":{"line":31,"column":1}},"3":{"start":{"line":33,"column":25},"end":{"line":53,"column":1}},"4":{"start":{"line":55,"column":18},"end":{"line":367,"column":2}},"5":{"start":{"line":82,"column":21},"end":{"line":82,"column":33}},"6":{"start":{"line":83,"column":10},"end":{"line":83,"column":41}},"7":{"start":{"line":369,"column":12},"end":{"line":369,"column":44}},"8":{"start":{"line":371,"column":0},"end":{"line":371,"column":21}}},"fnMap":{"0":{"name":"(anonymous_0)","decl":{"start":{"line":81,"column":19},"end":{"line":81,"column":20}},"loc":{"start":{"line":81,"column":24},"end":{"line":84,"column":9}},"line":81}},"branchMap":{"0":{"loc":{"start":{"line":83,"column":17},"end":{"line":83,"column":40}},"type":"binary-expr","locations":[{"start":{"line":83,"column":17},"end":{"line":83,"column":26}},{"start":{"line":83,"column":30},"end":{"line":83,"column":40}}],"line":83}},"s":{"0":1,"1":1,"2":1,"3":1,"4":1,"5":0,"6":0,"7":1,"8":1},"f":{"0":0},"b":{"0":[0,0]},"_coverageSchema":"1a1c01bbd47fc00a2c39e90264f33305004495a9","hash":"86f17ef42444bf41565a18383e3580dedc3edb4d","contentHash":"2f76131b5832abd2b971e8959a9b2885a7207b2251c66c0e68af537531c333b5"},"/app/logger/index.js":{"path":"/app/logger/index.js","statementMap":{"0":{"start":{"line":1,"column":19},"end":{"line":1,"column":39}},"1":{"start":{"line":4,"column":0},"end":{"line":4,"column":50}},"2":{"start":{"line":4,"column":26},"end":{"line":4,"column":49}}},"fnMap":{"0":{"name":"(anonymous_0)","decl":{"start":{"line":4,"column":17},"end":{"line":4,"column":18}},"loc":{"start":{"line":4,"column":26},"end":{"line":4,"column":49}},"line":4}},"branchMap":{},"s":{"0":1,"1":1,"2":43},"f":{"0":43},"b":{},"_coverageSchema":"1a1c01bbd47fc00a2c39e90264f33305004495a9","hash":"32af483228bce204c94a0a92a65987709c34eceb","contentHash":"881ac1d39a483327c48563a972672a01357cad5374293592a9b6e3943c084bde"},"/app/logger/winston.js":{"path":"/app/logger/winston.js","statementMap":{"0":{"start":{"line":1,"column":0},"end":{"line":1,"column":18}},"1":{"start":{"line":2,"column":11},"end":{"line":2,"column":24}},"2":{"start":{"line":3,"column":16},"end":{"line":3,"column":34}},"3":{"start":{"line":4,"column":30},"end":{"line":4,"column":56}},"4":{"start":{"line":6,"column":45},"end":{"line":6,"column":56}},"5":{"start":{"line":8,"column":16},"end":{"line":13,"column":1}},"6":{"start":{"line":16,"column":19},"end":{"line":24,"column":17}},"7":{"start":{"line":26,"column":15},"end":{"line":31,"column":2}},"8":{"start":{"line":34,"column":0},"end":{"line":47,"column":2}},"9":{"start":{"line":36,"column":4},"end":{"line":45,"column":5}},"10":{"start":{"line":37,"column":22},"end":{"line":37,"column":38}},"11":{"start":{"line":38,"column":21},"end":{"line":41,"column":7}},"12":{"start":{"line":42,"column":6},"end":{"line":42,"column":33}},"13":{"start":{"line":44,"column":6},"end":{"line":44,"column":65}},"14":{"start":{"line":49,"column":0},"end":{"line":49,"column":28}}},"fnMap":{"0":{"name":"(anonymous_0)","decl":{"start":{"line":35,"column":9},"end":{"line":35,"column":10}},"loc":{"start":{"line":35,"column":17},"end":{"line":46,"column":3}},"line":35}},"branchMap":{"0":{"loc":{"start":{"line":17,"column":2},"end":{"line":17,"column":60}},"type":"binary-expr","locations":[{"start":{"line":17,"column":2},"end":{"line":17,"column":24}},{"start":{"line":17,"column":28},"end":{"line":17,"column":60}}],"line":17},"1":{"loc":{"start":{"line":18,"column":2},"end":{"line":21,"column":6}},"type":"binary-expr","locations":[{"start":{"line":18,"column":2},"end":{"line":18,"column":21}},{"start":{"line":19,"column":4},"end":{"line":21,"column":6}}],"line":18}},"s":{"0":1,"1":1,"2":1,"3":1,"4":1,"5":1,"6":1,"7":1,"8":1,"9":3,"10":3,"11":3,"12":3,"13":0,"14":1},"f":{"0":3},"b":{"0":[1,1],"1":[1,0]},"_coverageSchema":"1a1c01bbd47fc00a2c39e90264f33305004495a9","hash":"0ec0d194f29999e70513e139632f0cf240196381","contentHash":"54c8713e3b4b3f859f98be105fc472135a631a5bf4f3720523ed13ccbd63f854"},"/app/env.js":{"path":"/app/env.js","statementMap":{"0":{"start":{"line":3,"column":15},"end":{"line":3,"column":32}},"1":{"start":{"line":5,"column":17},"end":{"line":17,"column":1}},"2":{"start":{"line":19,"column":0},"end":{"line":19,"column":16}},"3":{"start":{"line":20,"column":0},"end":{"line":20,"column":46}}},"fnMap":{},"branchMap":{},"s":{"0":1,"1":1,"2":1,"3":1},"f":{},"b":{},"_coverageSchema":"1a1c01bbd47fc00a2c39e90264f33305004495a9","hash":"a741d3b831b8eef13ce53862387554e73ba5c9c8","contentHash":"dde62e3b2383acfd253d5a940cc499cae6e74025674b54f7e48fcebff623c637"},"/app/db/knex.js":{"path":"/app/db/knex.js","statementMap":{"0":{"start":{"line":1,"column":13},"end":{"line":1,"column":28}},"1":{"start":{"line":2,"column":15},"end":{"line":2,"column":37}},"2":{"start":{"line":4,"column":21},"end":{"line":4,"column":32}},"3":{"start":{"line":5,"column":0},"end":{"line":11,"column":1}},"4":{"start":{"line":6,"column":12},"end":{"line":6,"column":77}},"5":{"start":{"line":7,"column":2},"end":{"line":7,"column":75}},"6":{"start":{"line":8,"column":2},"end":{"line":8,"column":26}},"7":{"start":{"line":9,"column":2},"end":{"line":9,"column":21}},"8":{"start":{"line":10,"column":2},"end":{"line":10,"column":18}},"9":{"start":{"line":13,"column":0},"end":{"line":13,"column":40}}},"fnMap":{},"branchMap":{"0":{"loc":{"start":{"line":5,"column":0},"end":{"line":11,"column":1}},"type":"if","locations":[{"start":{"line":5,"column":0},"end":{"line":11,"column":1}},{"start":{"line":5,"column":0},"end":{"line":11,"column":1}}],"line":5}},"s":{"0":1,"1":1,"2":1,"3":1,"4":0,"5":0,"6":0,"7":0,"8":0,"9":1},"f":{},"b":{"0":[0,1]},"_coverageSchema":"1a1c01bbd47fc00a2c39e90264f33305004495a9","hash":"b461ef4759fb36c07e55ae4d853f23a949e99acf","contentHash":"0212e6cdd023df791782cbe0f37caebe89fa15821c3feaa5b8b5be2727f52d1a"},"/app/knexfile.js":{"path":"/app/knexfile.js","statementMap":{"0":{"start":{"line":1,"column":0},"end":{"line":30,"column":2}}},"fnMap":{},"branchMap":{"0":{"loc":{"start":{"line":5,"column":12},"end":{"line":5,"column":43}},"type":"binary-expr","locations":[{"start":{"line":5,"column":12},"end":{"line":5,"column":35}},{"start":{"line":5,"column":39},"end":{"line":5,"column":43}}],"line":5},"1":{"loc":{"start":{"line":6,"column":16},"end":{"line":6,"column":55}},"type":"binary-expr","locations":[{"start":{"line":6,"column":16},"end":{"line":6,"column":39}},{"start":{"line":6,"column":43},"end":{"line":6,"column":55}}],"line":6},"2":{"loc":{"start":{"line":7,"column":12},"end":{"line":7,"column":49}},"type":"binary-expr","locations":[{"start":{"line":7,"column":12},"end":{"line":7,"column":35}},{"start":{"line":7,"column":39},"end":{"line":7,"column":49}}],"line":7},"3":{"loc":{"start":{"line":8,"column":16},"end":{"line":8,"column":52}},"type":"binary-expr","locations":[{"start":{"line":8,"column":16},"end":{"line":8,"column":43}},{"start":{"line":8,"column":47},"end":{"line":8,"column":52}}],"line":8},"4":{"loc":{"start":{"line":16,"column":12},"end":{"line":16,"column":44}},"type":"binary-expr","locations":[{"start":{"line":16,"column":12},"end":{"line":16,"column":36}},{"start":{"line":16,"column":40},"end":{"line":16,"column":44}}],"line":16},"5":{"loc":{"start":{"line":17,"column":16},"end":{"line":17,"column":61}},"type":"binary-expr","locations":[{"start":{"line":17,"column":16},"end":{"line":17,"column":40}},{"start":{"line":17,"column":44},"end":{"line":17,"column":61}}],"line":17},"6":{"loc":{"start":{"line":18,"column":12},"end":{"line":18,"column":44}},"type":"binary-expr","locations":[{"start":{"line":18,"column":12},"end":{"line":18,"column":36}},{"start":{"line":18,"column":40},"end":{"line":18,"column":44}}],"line":18},"7":{"loc":{"start":{"line":19,"column":12},"end":{"line":19,"column":50}},"type":"binary-expr","locations":[{"start":{"line":19,"column":12},"end":{"line":19,"column":36}},{"start":{"line":19,"column":40},"end":{"line":19,"column":50}}],"line":19},"8":{"loc":{"start":{"line":20,"column":16},"end":{"line":20,"column":53}},"type":"binary-expr","locations":[{"start":{"line":20,"column":16},"end":{"line":20,"column":44}},{"start":{"line":20,"column":48},"end":{"line":20,"column":53}}],"line":20}},"s":{"0":1},"f":{},"b":{"0":[1,1],"1":[1,1],"2":[1,1],"3":[1,1],"4":[1,1],"5":[1,1],"6":[1,1],"7":[1,1],"8":[1,1]},"_coverageSchema":"1a1c01bbd47fc00a2c39e90264f33305004495a9","hash":"cccef2770b6495911bcb7a96c6d278e7ede00053","contentHash":"2a10dd8573b1aa4adeb1108b999f4ecfc519f45c49d1e1de6e8d323958890c5a"},"/app/api.js":{"path":"/app/api.js","statementMap":{"0":{"start":{"line":3,"column":0},"end":{"line":3,"column":17}},"1":{"start":{"line":5,"column":16},"end":{"line":5,"column":34}},"2":{"start":{"line":6,"column":13},"end":{"line":6,"column":28}},"3":{"start":{"line":7,"column":15},"end":{"line":7,"column":32}},"4":{"start":{"line":8,"column":19},"end":{"line":8,"column":41}},"5":{"start":{"line":9,"column":20},"end":{"line":9,"column":42}},"6":{"start":{"line":10,"column":23},"end":{"line":10,"column":38}},"7":{"start":{"line":11,"column":15},"end":{"line":11,"column":42}},"8":{"start":{"line":12,"column":36},"end":{"line":12,"column":62}},"9":{"start":{"line":13,"column":31},"end":{"line":13,"column":62}},"10":{"start":{"line":14,"column":15},"end":{"line":14,"column":34}},"11":{"start":{"line":15,"column":25},"end":{"line":15,"column":65}},"12":{"start":{"line":16,"column":21},"end":{"line":16,"column":57}},"13":{"start":{"line":18,"column":30},"end":{"line":18,"column":53}},"14":{"start":{"line":19,"column":11},"end":{"line":19,"column":39}},"15":{"start":{"line":21,"column":0},"end":{"line":25,"column":1}},"16":{"start":{"line":22,"column":2},"end":{"line":22,"column":15}},"17":{"start":{"line":24,"column":2},"end":{"line":24,"column":51}},"18":{"start":{"line":28,"column":12},"end":{"line":28,"column":21}},"19":{"start":{"line":29,"column":0},"end":{"line":29,"column":18}},"20":{"start":{"line":35,"column":0},"end":{"line":35,"column":28}},"21":{"start":{"line":37,"column":0},"end":{"line":37,"column":49}},"22":{"start":{"line":39,"column":0},"end":{"line":47,"column":1}},"23":{"start":{"line":43,"column":2},"end":{"line":46,"column":4}},"24":{"start":{"line":49,"column":0},"end":{"line":76,"column":3}},"25":{"start":{"line":52,"column":2},"end":{"line":52,"column":51}},"26":{"start":{"line":56,"column":2},"end":{"line":59,"column":4}},"27":{"start":{"line":65,"column":2},"end":{"line":65,"column":50}},"28":{"start":{"line":70,"column":2},"end":{"line":70,"column":46}},"29":{"start":{"line":74,"column":2},"end":{"line":74,"column":50}},"30":{"start":{"line":75,"column":2},"end":{"line":75,"column":9}},"31":{"start":{"line":78,"column":0},"end":{"line":86,"column":3}},"32":{"start":{"line":79,"column":2},"end":{"line":79,"column":20}},"33":{"start":{"line":80,"column":2},"end":{"line":80,"column":16}},"34":{"start":{"line":81,"column":2},"end":{"line":84,"column":5}},"35":{"start":{"line":85,"column":2},"end":{"line":85,"column":16}},"36":{"start":{"line":88,"column":0},"end":{"line":88,"column":42}},"37":{"start":{"line":89,"column":0},"end":{"line":89,"column":33}},"38":{"start":{"line":90,"column":0},"end":{"line":90,"column":51}},"39":{"start":{"line":91,"column":0},"end":{"line":91,"column":23}},"40":{"start":{"line":92,"column":0},"end":{"line":92,"column":48}},"41":{"start":{"line":93,"column":0},"end":{"line":93,"column":43}},"42":{"start":{"line":98,"column":0},"end":{"line":98,"column":46}},"43":{"start":{"line":99,"column":0},"end":{"line":101,"column":3}},"44":{"start":{"line":100,"column":2},"end":{"line":100,"column":24}},"45":{"start":{"line":105,"column":0},"end":{"line":105,"column":41}},"46":{"start":{"line":107,"column":0},"end":{"line":107,"column":8}},"47":{"start":{"line":108,"column":0},"end":{"line":108,"column":42}},"48":{"start":{"line":109,"column":0},"end":{"line":109,"column":32}},"49":{"start":{"line":111,"column":0},"end":{"line":111,"column":34}},"50":{"start":{"line":112,"column":0},"end":{"line":112,"column":12}},"51":{"start":{"line":115,"column":0},"end":{"line":117,"column":3}},"52":{"start":{"line":116,"column":2},"end":{"line":116,"column":24}},"53":{"start":{"line":120,"column":0},"end":{"line":120,"column":22}},"54":{"start":{"line":122,"column":0},"end":{"line":122,"column":21}}},"fnMap":{"0":{"name":"(anonymous_0)","decl":{"start":{"line":49,"column":8},"end":{"line":49,"column":9}},"loc":{"start":{"line":49,"column":26},"end":{"line":76,"column":1}},"line":49},"1":{"name":"(anonymous_1)","decl":{"start":{"line":78,"column":8},"end":{"line":78,"column":9}},"loc":{"start":{"line":78,"column":28},"end":{"line":86,"column":1}},"line":78},"2":{"name":"(anonymous_2)","decl":{"start":{"line":99,"column":22},"end":{"line":99,"column":23}},"loc":{"start":{"line":99,"column":34},"end":{"line":101,"column":1}},"line":99},"3":{"name":"(anonymous_3)","decl":{"start":{"line":115,"column":13},"end":{"line":115,"column":14}},"loc":{"start":{"line":115,"column":25},"end":{"line":117,"column":1}},"line":115}},"branchMap":{"0":{"loc":{"start":{"line":39,"column":0},"end":{"line":47,"column":1}},"type":"if","locations":[{"start":{"line":39,"column":0},"end":{"line":47,"column":1}},{"start":{"line":39,"column":0},"end":{"line":47,"column":1}}],"line":39},"1":{"loc":{"start":{"line":45,"column":4},"end":{"line":45,"column":65}},"type":"binary-expr","locations":[{"start":{"line":45,"column":4},"end":{"line":45,"column":38}},{"start":{"line":45,"column":42},"end":{"line":45,"column":65}}],"line":45}},"s":{"0":1,"1":1,"2":1,"3":1,"4":1,"5":1,"6":1,"7":1,"8":1,"9":1,"10":1,"11":1,"12":1,"13":1,"14":1,"15":1,"16":1,"17":0,"18":1,"19":1,"20":1,"21":1,"22":1,"23":0,"24":1,"25":3,"26":3,"27":3,"28":3,"29":3,"30":3,"31":1,"32":3,"33":3,"34":3,"35":3,"36":1,"37":1,"38":1,"39":1,"40":1,"41":1,"42":1,"43":1,"44":1,"45":1,"46":1,"47":1,"48":1,"49":1,"50":1,"51":1,"52":1,"53":1,"54":1},"f":{"0":3,"1":3,"2":1,"3":1},"b":{"0":[0,1],"1":[0,0]},"_coverageSchema":"1a1c01bbd47fc00a2c39e90264f33305004495a9","hash":"4d34550b7c9e2faf1c29bbc5c1b4e2ab17451311","contentHash":"d6f267df1da19c9bb48afe144fe6039eb142fa3a785b47d28239fa165fa2968b"},"/app/logger/morgan.js":{"path":"/app/logger/morgan.js","statementMap":{"0":{"start":{"line":1,"column":15},"end":{"line":1,"column":32}},"1":{"start":{"line":2,"column":19},"end":{"line":2,"column":39}},"2":{"start":{"line":5,"column":0},"end":{"line":5,"column":34}},"3":{"start":{"line":5,"column":26},"end":{"line":5,"column":32}},"4":{"start":{"line":6,"column":0},"end":{"line":6,"column":34}},"5":{"start":{"line":6,"column":26},"end":{"line":6,"column":32}},"6":{"start":{"line":7,"column":0},"end":{"line":7,"column":77}},"7":{"start":{"line":7,"column":52},"end":{"line":7,"column":75}},"8":{"start":{"line":8,"column":0},"end":{"line":8,"column":52}},"9":{"start":{"line":8,"column":27},"end":{"line":8,"column":50}},"10":{"start":{"line":12,"column":20},"end":{"line":25,"column":13}},"11":{"start":{"line":24,"column":16},"end":{"line":24,"column":41}},"12":{"start":{"line":27,"column":21},"end":{"line":27,"column":81}},"13":{"start":{"line":29,"column":32},"end":{"line":29,"column":79}},"14":{"start":{"line":31,"column":0},"end":{"line":31,"column":45}}},"fnMap":{"0":{"name":"(anonymous_0)","decl":{"start":{"line":5,"column":19},"end":{"line":5,"column":20}},"loc":{"start":{"line":5,"column":26},"end":{"line":5,"column":32}},"line":5},"1":{"name":"(anonymous_1)","decl":{"start":{"line":6,"column":19},"end":{"line":6,"column":20}},"loc":{"start":{"line":6,"column":26},"end":{"line":6,"column":32}},"line":6},"2":{"name":"(anonymous_2)","decl":{"start":{"line":7,"column":38},"end":{"line":7,"column":39}},"loc":{"start":{"line":7,"column":52},"end":{"line":7,"column":75}},"line":7},"3":{"name":"(anonymous_3)","decl":{"start":{"line":8,"column":20},"end":{"line":8,"column":21}},"loc":{"start":{"line":8,"column":27},"end":{"line":8,"column":50}},"line":8},"4":{"name":"(anonymous_4)","decl":{"start":{"line":24,"column":7},"end":{"line":24,"column":8}},"loc":{"start":{"line":24,"column":16},"end":{"line":24,"column":41}},"line":24}},"branchMap":{"0":{"loc":{"start":{"line":8,"column":27},"end":{"line":8,"column":50}},"type":"binary-expr","locations":[{"start":{"line":8,"column":27},"end":{"line":8,"column":35}},{"start":{"line":8,"column":39},"end":{"line":8,"column":50}}],"line":8}},"s":{"0":1,"1":1,"2":1,"3":3,"4":1,"5":3,"6":1,"7":3,"8":1,"9":3,"10":1,"11":8,"12":1,"13":1,"14":1},"f":{"0":3,"1":3,"2":3,"3":3,"4":8},"b":{"0":[3,0]},"_coverageSchema":"1a1c01bbd47fc00a2c39e90264f33305004495a9","hash":"4c6a4cbb6449fd69f48551913fb02dd9ecb6dede","contentHash":"7f7c48edb98842db07827164925fabbe63f5a718cbd4537b5a59c48ea4857eb9"},"/app/auth/jwtMiddleware.js":{"path":"/app/auth/jwtMiddleware.js","statementMap":{"0":{"start":{"line":1,"column":42},"end":{"line":1,"column":63}},"1":{"start":{"line":2,"column":15},"end":{"line":2,"column":53}},"2":{"start":{"line":18,"column":22},"end":{"line":34,"column":1}},"3":{"start":{"line":24,"column":2},"end":{"line":32,"column":3}},"4":{"start":{"line":25,"column":16},"end":{"line":25,"column":30}},"5":{"start":{"line":26,"column":19},"end":{"line":26,"column":55}},"6":{"start":{"line":27,"column":4},"end":{"line":27,"column":31}},"7":{"start":{"line":27,"column":17},"end":{"line":27,"column":31}},"8":{"start":{"line":28,"column":4},"end":{"line":28,"column":22}},"9":{"start":{"line":30,"column":4},"end":{"line":30,"column":63}},"10":{"start":{"line":31,"column":4},"end":{"line":31,"column":21}},"11":{"start":{"line":33,"column":2},"end":{"line":33,"column":16}},"12":{"start":{"line":36,"column":0},"end":{"line":36,"column":31}}},"fnMap":{"0":{"name":"(anonymous_0)","decl":{"start":{"line":18,"column":22},"end":{"line":18,"column":23}},"loc":{"start":{"line":23,"column":5},"end":{"line":34,"column":1}},"line":23}},"branchMap":{"0":{"loc":{"start":{"line":22,"column":2},"end":{"line":22,"column":66}},"type":"default-arg","locations":[{"start":{"line":22,"column":64},"end":{"line":22,"column":66}}],"line":22},"1":{"loc":{"start":{"line":22,"column":4},"end":{"line":22,"column":28}},"type":"default-arg","locations":[{"start":{"line":22,"column":16},"end":{"line":22,"column":28}}],"line":22},"2":{"loc":{"start":{"line":22,"column":30},"end":{"line":22,"column":59}},"type":"default-arg","locations":[{"start":{"line":22,"column":44},"end":{"line":22,"column":59}}],"line":22},"3":{"loc":{"start":{"line":26,"column":19},"end":{"line":26,"column":55}},"type":"cond-expr","locations":[{"start":{"line":26,"column":25},"end":{"line":26,"column":47}},{"start":{"line":26,"column":50},"end":{"line":26,"column":55}}],"line":26},"4":{"loc":{"start":{"line":27,"column":4},"end":{"line":27,"column":31}},"type":"if","locations":[{"start":{"line":27,"column":4},"end":{"line":27,"column":31}},{"start":{"line":27,"column":4},"end":{"line":27,"column":31}}],"line":27},"5":{"loc":{"start":{"line":30,"column":35},"end":{"line":30,"column":59}},"type":"binary-expr","locations":[{"start":{"line":30,"column":35},"end":{"line":30,"column":46}},{"start":{"line":30,"column":50},"end":{"line":30,"column":59}}],"line":30}},"s":{"0":1,"1":1,"2":1,"3":2,"4":2,"5":2,"6":2,"7":2,"8":0,"9":0,"10":0,"11":0,"12":1},"f":{"0":2},"b":{"0":[2],"1":[2],"2":[2],"3":[0,2],"4":[2,0],"5":[0,0]},"_coverageSchema":"1a1c01bbd47fc00a2c39e90264f33305004495a9","hash":"325c8fda272f32926cf56b16d695175a85fab03d","contentHash":"045c7a1680294bb91671eef7140baec801b861e361e810daff327632129e85ae"},"/app/auth/jwtUtils.js":{"path":"/app/auth/jwtUtils.js","statementMap":{"0":{"start":{"line":1,"column":12},"end":{"line":1,"column":35}},"1":{"start":{"line":2,"column":22},"end":{"line":2,"column":43}},"2":{"start":{"line":3,"column":63},"end":{"line":3,"column":79}},"3":{"start":{"line":14,"column":23},"end":{"line":15,"column":17}},"4":{"start":{"line":15,"column":2},"end":{"line":15,"column":17}},"5":{"start":{"line":23,"column":21},"end":{"line":57,"column":1}},"6":{"start":{"line":24,"column":16},"end":{"line":24,"column":40}},"7":{"start":{"line":26,"column":2},"end":{"line":30,"column":3}},"8":{"start":{"line":27,"column":4},"end":{"line":29,"column":5}},"9":{"start":{"line":28,"column":6},"end":{"line":28,"column":33}},"10":{"start":{"line":32,"column":18},"end":{"line":32,"column":21}},"11":{"start":{"line":33,"column":20},"end":{"line":33,"column":59}},"12":{"start":{"line":35,"column":16},"end":{"line":37,"column":3}},"13":{"start":{"line":39,"column":2},"end":{"line":55,"column":3}},"14":{"start":{"line":44,"column":15},"end":{"line":44,"column":21}},"15":{"start":{"line":45,"column":20},"end":{"line":45,"column":39}},"16":{"start":{"line":46,"column":27},"end":{"line":48,"column":5}},"17":{"start":{"line":47,"column":6},"end":{"line":47,"column":46}},"18":{"start":{"line":49,"column":4},"end":{"line":54,"column":5}},"19":{"start":{"line":51,"column":20},"end":{"line":51,"column":48}},"20":{"start":{"line":52,"column":23},"end":{"line":52,"column":50}},"21":{"start":{"line":53,"column":6},"end":{"line":53,"column":34}},"22":{"start":{"line":56,"column":2},"end":{"line":56,"column":14}},"23":{"start":{"line":60,"column":18},"end":{"line":62,"column":1}},"24":{"start":{"line":61,"column":2},"end":{"line":61,"column":32}},"25":{"start":{"line":71,"column":23},"end":{"line":77,"column":1}},"26":{"start":{"line":79,"column":26},"end":{"line":81,"column":1}},"27":{"start":{"line":80,"column":2},"end":{"line":80,"column":31}},"28":{"start":{"line":83,"column":13},"end":{"line":85,"column":1}},"29":{"start":{"line":84,"column":2},"end":{"line":84,"column":49}},"30":{"start":{"line":87,"column":24},"end":{"line":93,"column":1}},"31":{"start":{"line":88,"column":2},"end":{"line":92,"column":3}},"32":{"start":{"line":89,"column":4},"end":{"line":89,"column":42}},"33":{"start":{"line":91,"column":4},"end":{"line":91,"column":37}},"34":{"start":{"line":95,"column":22},"end":{"line":115,"column":1}},"35":{"start":{"line":104,"column":18},"end":{"line":104,"column":32}},"36":{"start":{"line":106,"column":17},"end":{"line":106,"column":78}},"37":{"start":{"line":107,"column":2},"end":{"line":107,"column":27}},"38":{"start":{"line":107,"column":15},"end":{"line":107,"column":27}},"39":{"start":{"line":109,"column":39},"end":{"line":109,"column":45}},"40":{"start":{"line":110,"column":15},"end":{"line":110,"column":61}},"41":{"start":{"line":111,"column":2},"end":{"line":111,"column":29}},"42":{"start":{"line":112,"column":2},"end":{"line":112,"column":24}},"43":{"start":{"line":114,"column":2},"end":{"line":114,"column":14}},"44":{"start":{"line":117,"column":24},"end":{"line":135,"column":1}},"45":{"start":{"line":125,"column":18},"end":{"line":125,"column":32}},"46":{"start":{"line":127,"column":17},"end":{"line":127,"column":78}},"47":{"start":{"line":128,"column":2},"end":{"line":128,"column":27}},"48":{"start":{"line":128,"column":15},"end":{"line":128,"column":27}},"49":{"start":{"line":130,"column":38},"end":{"line":130,"column":44}},"50":{"start":{"line":131,"column":15},"end":{"line":131,"column":60}},"51":{"start":{"line":132,"column":2},"end":{"line":132,"column":24}},"52":{"start":{"line":134,"column":2},"end":{"line":134,"column":14}},"53":{"start":{"line":137,"column":20},"end":{"line":145,"column":1}},"54":{"start":{"line":142,"column":24},"end":{"line":142,"column":53}},"55":{"start":{"line":143,"column":2},"end":{"line":143,"column":41}},"56":{"start":{"line":144,"column":2},"end":{"line":144,"column":33}},"57":{"start":{"line":147,"column":26},"end":{"line":150,"column":1}},"58":{"start":{"line":148,"column":15},"end":{"line":148,"column":46}},"59":{"start":{"line":149,"column":2},"end":{"line":149,"column":14}},"60":{"start":{"line":152,"column":0},"end":{"line":175,"column":1}},"61":{"start":{"line":153,"column":2},"end":{"line":163,"column":4}},"62":{"start":{"line":165,"column":2},"end":{"line":174,"column":4}}},"fnMap":{"0":{"name":"(anonymous_0)","decl":{"start":{"line":14,"column":23},"end":{"line":14,"column":24}},"loc":{"start":{"line":15,"column":2},"end":{"line":15,"column":17}},"line":15},"1":{"name":"(anonymous_1)","decl":{"start":{"line":23,"column":21},"end":{"line":23,"column":22}},"loc":{"start":{"line":23,"column":28},"end":{"line":57,"column":1}},"line":23},"2":{"name":"(anonymous_2)","decl":{"start":{"line":46,"column":40},"end":{"line":46,"column":41}},"loc":{"start":{"line":47,"column":6},"end":{"line":47,"column":46}},"line":47},"3":{"name":"(anonymous_3)","decl":{"start":{"line":60,"column":18},"end":{"line":60,"column":19}},"loc":{"start":{"line":60,"column":24},"end":{"line":62,"column":1}},"line":60},"4":{"name":"(anonymous_4)","decl":{"start":{"line":79,"column":26},"end":{"line":79,"column":27}},"loc":{"start":{"line":79,"column":32},"end":{"line":81,"column":1}},"line":79},"5":{"name":"(anonymous_5)","decl":{"start":{"line":83,"column":13},"end":{"line":83,"column":14}},"loc":{"start":{"line":83,"column":52},"end":{"line":85,"column":1}},"line":83},"6":{"name":"(anonymous_6)","decl":{"start":{"line":87,"column":24},"end":{"line":87,"column":25}},"loc":{"start":{"line":87,"column":33},"end":{"line":93,"column":1}},"line":87},"7":{"name":"(anonymous_7)","decl":{"start":{"line":95,"column":22},"end":{"line":95,"column":23}},"loc":{"start":{"line":103,"column":5},"end":{"line":115,"column":1}},"line":103},"8":{"name":"(anonymous_8)","decl":{"start":{"line":117,"column":24},"end":{"line":117,"column":25}},"loc":{"start":{"line":124,"column":5},"end":{"line":135,"column":1}},"line":124},"9":{"name":"(anonymous_9)","decl":{"start":{"line":137,"column":20},"end":{"line":137,"column":21}},"loc":{"start":{"line":141,"column":5},"end":{"line":145,"column":1}},"line":141},"10":{"name":"(anonymous_10)","decl":{"start":{"line":147,"column":26},"end":{"line":147,"column":27}},"loc":{"start":{"line":147,"column":41},"end":{"line":150,"column":1}},"line":147}},"branchMap":{"0":{"loc":{"start":{"line":14,"column":31},"end":{"line":14,"column":60}},"type":"default-arg","locations":[{"start":{"line":14,"column":58},"end":{"line":14,"column":60}}],"line":14},"1":{"loc":{"start":{"line":14,"column":33},"end":{"line":14,"column":53}},"type":"default-arg","locations":[{"start":{"line":14,"column":44},"end":{"line":14,"column":53}}],"line":14},"2":{"loc":{"start":{"line":26,"column":2},"end":{"line":30,"column":3}},"type":"if","locations":[{"start":{"line":26,"column":2},"end":{"line":30,"column":3}},{"start":{"line":26,"column":2},"end":{"line":30,"column":3}}],"line":26},"3":{"loc":{"start":{"line":26,"column":6},"end":{"line":26,"column":27}},"type":"binary-expr","locations":[{"start":{"line":26,"column":6},"end":{"line":26,"column":11}},{"start":{"line":26,"column":15},"end":{"line":26,"column":27}}],"line":26},"4":{"loc":{"start":{"line":27,"column":4},"end":{"line":29,"column":5}},"type":"if","locations":[{"start":{"line":27,"column":4},"end":{"line":29,"column":5}},{"start":{"line":27,"column":4},"end":{"line":29,"column":5}}],"line":27},"5":{"loc":{"start":{"line":33,"column":20},"end":{"line":33,"column":59}},"type":"binary-expr","locations":[{"start":{"line":33,"column":20},"end":{"line":33,"column":38}},{"start":{"line":33,"column":42},"end":{"line":33,"column":59}}],"line":33},"6":{"loc":{"start":{"line":39,"column":2},"end":{"line":55,"column":3}},"type":"if","locations":[{"start":{"line":39,"column":2},"end":{"line":55,"column":3}},{"start":{"line":39,"column":2},"end":{"line":55,"column":3}}],"line":39},"7":{"loc":{"start":{"line":39,"column":6},"end":{"line":39,"column":41}},"type":"binary-expr","locations":[{"start":{"line":39,"column":6},"end":{"line":39,"column":9}},{"start":{"line":39,"column":13},"end":{"line":39,"column":28}},{"start":{"line":39,"column":32},"end":{"line":39,"column":41}}],"line":39},"8":{"loc":{"start":{"line":49,"column":4},"end":{"line":54,"column":5}},"type":"if","locations":[{"start":{"line":49,"column":4},"end":{"line":54,"column":5}},{"start":{"line":49,"column":4},"end":{"line":54,"column":5}}],"line":49},"9":{"loc":{"start":{"line":83,"column":23},"end":{"line":83,"column":47}},"type":"default-arg","locations":[{"start":{"line":83,"column":33},"end":{"line":83,"column":47}}],"line":83},"10":{"loc":{"start":{"line":97,"column":2},"end":{"line":102,"column":8}},"type":"default-arg","locations":[{"start":{"line":102,"column":6},"end":{"line":102,"column":8}}],"line":97},"11":{"loc":{"start":{"line":98,"column":4},"end":{"line":98,"column":28}},"type":"default-arg","locations":[{"start":{"line":98,"column":16},"end":{"line":98,"column":28}}],"line":98},"12":{"loc":{"start":{"line":99,"column":4},"end":{"line":99,"column":24}},"type":"default-arg","locations":[{"start":{"line":99,"column":15},"end":{"line":99,"column":24}}],"line":99},"13":{"loc":{"start":{"line":100,"column":4},"end":{"line":100,"column":25}},"type":"default-arg","locations":[{"start":{"line":100,"column":14},"end":{"line":100,"column":25}}],"line":100},"14":{"loc":{"start":{"line":101,"column":4},"end":{"line":101,"column":40}},"type":"default-arg","locations":[{"start":{"line":101,"column":21},"end":{"line":101,"column":40}}],"line":101},"15":{"loc":{"start":{"line":106,"column":17},"end":{"line":106,"column":78}},"type":"cond-expr","locations":[{"start":{"line":106,"column":27},"end":{"line":106,"column":70}},{"start":{"line":106,"column":73},"end":{"line":106,"column":78}}],"line":106},"16":{"loc":{"start":{"line":107,"column":2},"end":{"line":107,"column":27}},"type":"if","locations":[{"start":{"line":107,"column":2},"end":{"line":107,"column":27}},{"start":{"line":107,"column":2},"end":{"line":107,"column":27}}],"line":107},"17":{"loc":{"start":{"line":119,"column":2},"end":{"line":123,"column":8}},"type":"default-arg","locations":[{"start":{"line":123,"column":6},"end":{"line":123,"column":8}}],"line":119},"18":{"loc":{"start":{"line":120,"column":4},"end":{"line":120,"column":28}},"type":"default-arg","locations":[{"start":{"line":120,"column":16},"end":{"line":120,"column":28}}],"line":120},"19":{"loc":{"start":{"line":121,"column":4},"end":{"line":121,"column":30}},"type":"default-arg","locations":[{"start":{"line":121,"column":15},"end":{"line":121,"column":30}}],"line":121},"20":{"loc":{"start":{"line":122,"column":4},"end":{"line":122,"column":25}},"type":"default-arg","locations":[{"start":{"line":122,"column":14},"end":{"line":122,"column":25}}],"line":122},"21":{"loc":{"start":{"line":127,"column":17},"end":{"line":127,"column":78}},"type":"cond-expr","locations":[{"start":{"line":127,"column":27},"end":{"line":127,"column":70}},{"start":{"line":127,"column":73},"end":{"line":127,"column":78}}],"line":127},"22":{"loc":{"start":{"line":128,"column":2},"end":{"line":128,"column":27}},"type":"if","locations":[{"start":{"line":128,"column":2},"end":{"line":128,"column":27}},{"start":{"line":128,"column":2},"end":{"line":128,"column":27}}],"line":128},"23":{"loc":{"start":{"line":140,"column":2},"end":{"line":140,"column":76}},"type":"default-arg","locations":[{"start":{"line":140,"column":74},"end":{"line":140,"column":76}}],"line":140},"24":{"loc":{"start":{"line":140,"column":4},"end":{"line":140,"column":31}},"type":"default-arg","locations":[{"start":{"line":140,"column":15},"end":{"line":140,"column":31}}],"line":140},"25":{"loc":{"start":{"line":140,"column":33},"end":{"line":140,"column":69}},"type":"default-arg","locations":[{"start":{"line":140,"column":50},"end":{"line":140,"column":69}}],"line":140},"26":{"loc":{"start":{"line":152,"column":0},"end":{"line":175,"column":1}},"type":"if","locations":[{"start":{"line":152,"column":0},"end":{"line":175,"column":1}},{"start":{"line":152,"column":0},"end":{"line":175,"column":1}}],"line":152}},"s":{"0":1,"1":1,"2":1,"3":1,"4":0,"5":1,"6":2,"7":2,"8":0,"9":0,"10":2,"11":2,"12":2,"13":2,"14":0,"15":0,"16":0,"17":0,"18":0,"19":0,"20":0,"21":0,"22":2,"23":1,"24":0,"25":1,"26":1,"27":0,"28":1,"29":0,"30":1,"31":0,"32":0,"33":0,"34":1,"35":0,"36":0,"37":0,"38":0,"39":0,"40":0,"41":0,"42":0,"43":0,"44":1,"45":0,"46":0,"47":0,"48":0,"49":0,"50":0,"51":0,"52":0,"53":1,"54":0,"55":0,"56":0,"57":1,"58":0,"59":0,"60":1,"61":1,"62":0},"f":{"0":0,"1":2,"2":0,"3":0,"4":0,"5":0,"6":0,"7":0,"8":0,"9":0,"10":0},"b":{"0":[0],"1":[0],"2":[0,2],"3":[2,0],"4":[0,0],"5":[2,2],"6":[0,2],"7":[2,2,0],"8":[0,0],"9":[0],"10":[0],"11":[0],"12":[0],"13":[0],"14":[0],"15":[0,0],"16":[0,0],"17":[0],"18":[0],"19":[0],"20":[0],"21":[0,0],"22":[0,0],"23":[0],"24":[0],"25":[0],"26":[1,0]},"_coverageSchema":"1a1c01bbd47fc00a2c39e90264f33305004495a9","hash":"c642eee0d8716cba7bb8f206a225266dd9474547","contentHash":"bf21bcc4338030d43f5ad3cbaed110bce44fc23a2625c37586a1943ceaf285d4"},"/app/auth/oktaAuth.js":{"path":"/app/auth/oktaAuth.js","statementMap":{"0":{"start":{"line":1,"column":24},"end":{"line":1,"column":53}},"1":{"start":{"line":2,"column":13},"end":{"line":2,"column":45}},"2":{"start":{"line":3,"column":15},"end":{"line":3,"column":49}},"3":{"start":{"line":8,"column":4},"end":{"line":8,"column":31}},"4":{"start":{"line":11,"column":2},"end":{"line":11,"column":13}},"5":{"start":{"line":12,"column":20},"end":{"line":12,"column":61}},"6":{"start":{"line":19,"column":34},"end":{"line":20,"column":46}},"7":{"start":{"line":20,"column":2},"end":{"line":20,"column":46}},"8":{"start":{"line":23,"column":25},"end":{"line":26,"column":2}},"9":{"start":{"line":34,"column":31},"end":{"line":62,"column":1}},"10":{"start":{"line":38,"column":18},"end":{"line":44,"column":3}},"11":{"start":{"line":46,"column":2},"end":{"line":48,"column":3}},"12":{"start":{"line":47,"column":4},"end":{"line":47,"column":24}},"13":{"start":{"line":50,"column":2},"end":{"line":61,"column":7}},"14":{"start":{"line":52,"column":17},"end":{"line":52,"column":27}},"15":{"start":{"line":54,"column":6},"end":{"line":56,"column":8}},"16":{"start":{"line":59,"column":6},"end":{"line":59,"column":26}},"17":{"start":{"line":60,"column":6},"end":{"line":60,"column":28}},"18":{"start":{"line":65,"column":21},"end":{"line":68,"column":2}},"19":{"start":{"line":75,"column":24},"end":{"line":86,"column":1}},"20":{"start":{"line":76,"column":2},"end":{"line":85,"column":7}},"21":{"start":{"line":80,"column":6},"end":{"line":80,"column":20}},"22":{"start":{"line":83,"column":6},"end":{"line":83,"column":30}},"23":{"start":{"line":84,"column":6},"end":{"line":84,"column":19}},"24":{"start":{"line":88,"column":0},"end":{"line":105,"column":1}},"25":{"start":{"line":89,"column":2},"end":{"line":97,"column":4}},"26":{"start":{"line":99,"column":2},"end":{"line":104,"column":4}}},"fnMap":{"0":{"name":"(anonymous_0)","decl":{"start":{"line":19,"column":34},"end":{"line":19,"column":35}},"loc":{"start":{"line":20,"column":2},"end":{"line":20,"column":46}},"line":20},"1":{"name":"(anonymous_1)","decl":{"start":{"line":34,"column":31},"end":{"line":34,"column":32}},"loc":{"start":{"line":37,"column":5},"end":{"line":62,"column":1}},"line":37},"2":{"name":"(anonymous_2)","decl":{"start":{"line":52,"column":10},"end":{"line":52,"column":11}},"loc":{"start":{"line":52,"column":17},"end":{"line":52,"column":27}},"line":52},"3":{"name":"(anonymous_3)","decl":{"start":{"line":53,"column":10},"end":{"line":53,"column":11}},"loc":{"start":{"line":53,"column":18},"end":{"line":57,"column":5}},"line":53},"4":{"name":"(anonymous_4)","decl":{"start":{"line":58,"column":11},"end":{"line":58,"column":12}},"loc":{"start":{"line":58,"column":20},"end":{"line":61,"column":5}},"line":58},"5":{"name":"(anonymous_5)","decl":{"start":{"line":75,"column":24},"end":{"line":75,"column":25}},"loc":{"start":{"line":75,"column":69},"end":{"line":86,"column":1}},"line":75},"6":{"name":"(anonymous_6)","decl":{"start":{"line":78,"column":10},"end":{"line":78,"column":11}},"loc":{"start":{"line":78,"column":26},"end":{"line":81,"column":5}},"line":78},"7":{"name":"(anonymous_7)","decl":{"start":{"line":82,"column":11},"end":{"line":82,"column":12}},"loc":{"start":{"line":82,"column":20},"end":{"line":85,"column":5}},"line":82}},"branchMap":{"0":{"loc":{"start":{"line":36,"column":2},"end":{"line":36,"column":63}},"type":"default-arg","locations":[{"start":{"line":36,"column":61},"end":{"line":36,"column":63}}],"line":36},"1":{"loc":{"start":{"line":36,"column":4},"end":{"line":36,"column":18}},"type":"default-arg","locations":[{"start":{"line":36,"column":13},"end":{"line":36,"column":18}}],"line":36},"2":{"loc":{"start":{"line":36,"column":20},"end":{"line":36,"column":29}},"type":"default-arg","locations":[{"start":{"line":36,"column":27},"end":{"line":36,"column":29}}],"line":36},"3":{"loc":{"start":{"line":36,"column":31},"end":{"line":36,"column":56}},"type":"default-arg","locations":[{"start":{"line":36,"column":40},"end":{"line":36,"column":56}}],"line":36},"4":{"loc":{"start":{"line":46,"column":2},"end":{"line":48,"column":3}},"type":"if","locations":[{"start":{"line":46,"column":2},"end":{"line":48,"column":3}},{"start":{"line":46,"column":2},"end":{"line":48,"column":3}}],"line":46},"5":{"loc":{"start":{"line":46,"column":6},"end":{"line":46,"column":38}},"type":"binary-expr","locations":[{"start":{"line":46,"column":6},"end":{"line":46,"column":23}},{"start":{"line":46,"column":27},"end":{"line":46,"column":38}}],"line":46},"6":{"loc":{"start":{"line":75,"column":32},"end":{"line":75,"column":64}},"type":"default-arg","locations":[{"start":{"line":75,"column":62},"end":{"line":75,"column":64}}],"line":75},"7":{"loc":{"start":{"line":75,"column":34},"end":{"line":75,"column":57}},"type":"default-arg","locations":[{"start":{"line":75,"column":45},"end":{"line":75,"column":57}}],"line":75},"8":{"loc":{"start":{"line":88,"column":0},"end":{"line":105,"column":1}},"type":"if","locations":[{"start":{"line":88,"column":0},"end":{"line":105,"column":1}},{"start":{"line":88,"column":0},"end":{"line":105,"column":1}}],"line":88}},"s":{"0":1,"1":1,"2":1,"3":1,"4":1,"5":1,"6":1,"7":0,"8":1,"9":1,"10":0,"11":0,"12":0,"13":0,"14":0,"15":0,"16":0,"17":0,"18":1,"19":1,"20":0,"21":0,"22":0,"23":0,"24":1,"25":1,"26":0},"f":{"0":0,"1":0,"2":0,"3":0,"4":0,"5":0,"6":0,"7":0},"b":{"0":[0],"1":[0],"2":[0],"3":[0],"4":[0,0],"5":[0,0],"6":[0],"7":[0],"8":[1,0]},"_coverageSchema":"1a1c01bbd47fc00a2c39e90264f33305004495a9","hash":"d8a4e5ae63b8ac00db7b66714e044d387e49b751","contentHash":"f8c795be116dbd24fed88010865903de2eb2128e811869f5df0b483d8a53f258"},"/app/auth/mockedOktaAuth.js":{"path":"/app/auth/mockedOktaAuth.js","statementMap":{"0":{"start":{"line":1,"column":22},"end":{"line":8,"column":1}},"1":{"start":{"line":10,"column":23},"end":{"line":17,"column":1}},"2":{"start":{"line":19,"column":17},"end":{"line":26,"column":1}},"3":{"start":{"line":28,"column":19},"end":{"line":35,"column":1}},"4":{"start":{"line":37,"column":30},"end":{"line":44,"column":1}},"5":{"start":{"line":46,"column":31},"end":{"line":53,"column":1}},"6":{"start":{"line":55,"column":23},"end":{"line":93,"column":1}},"7":{"start":{"line":57,"column":4},"end":{"line":66,"column":7}},"8":{"start":{"line":58,"column":6},"end":{"line":65,"column":9}},"9":{"start":{"line":69,"column":4},"end":{"line":71,"column":5}},"10":{"start":{"line":70,"column":6},"end":{"line":70,"column":44}},"11":{"start":{"line":72,"column":4},"end":{"line":74,"column":5}},"12":{"start":{"line":73,"column":6},"end":{"line":73,"column":45}},"13":{"start":{"line":75,"column":4},"end":{"line":77,"column":5}},"14":{"start":{"line":76,"column":6},"end":{"line":76,"column":52}},"15":{"start":{"line":78,"column":4},"end":{"line":80,"column":5}},"16":{"start":{"line":79,"column":6},"end":{"line":79,"column":35}},"17":{"start":{"line":81,"column":4},"end":{"line":83,"column":5}},"18":{"start":{"line":82,"column":6},"end":{"line":82,"column":39}},"19":{"start":{"line":84,"column":4},"end":{"line":88,"column":5}},"20":{"start":{"line":85,"column":6},"end":{"line":87,"column":9}},"21":{"start":{"line":86,"column":8},"end":{"line":86,"column":28}},"22":{"start":{"line":89,"column":4},"end":{"line":91,"column":7}},"23":{"start":{"line":90,"column":6},"end":{"line":90,"column":38}},"24":{"start":{"line":95,"column":22},"end":{"line":145,"column":1}},"25":{"start":{"line":96,"column":2},"end":{"line":101,"column":3}},"26":{"start":{"line":97,"column":4},"end":{"line":100,"column":6}},"27":{"start":{"line":102,"column":2},"end":{"line":107,"column":3}},"28":{"start":{"line":103,"column":4},"end":{"line":106,"column":6}},"29":{"start":{"line":108,"column":2},"end":{"line":113,"column":3}},"30":{"start":{"line":109,"column":4},"end":{"line":112,"column":6}},"31":{"start":{"line":114,"column":2},"end":{"line":119,"column":3}},"32":{"start":{"line":115,"column":4},"end":{"line":118,"column":6}},"33":{"start":{"line":120,"column":2},"end":{"line":125,"column":3}},"34":{"start":{"line":121,"column":4},"end":{"line":124,"column":6}},"35":{"start":{"line":126,"column":2},"end":{"line":131,"column":3}},"36":{"start":{"line":127,"column":4},"end":{"line":130,"column":6}},"37":{"start":{"line":132,"column":2},"end":{"line":137,"column":3}},"38":{"start":{"line":133,"column":4},"end":{"line":136,"column":6}},"39":{"start":{"line":138,"column":2},"end":{"line":143,"column":3}},"40":{"start":{"line":139,"column":4},"end":{"line":142,"column":6}},"41":{"start":{"line":144,"column":2},"end":{"line":144,"column":15}},"42":{"start":{"line":147,"column":0},"end":{"line":150,"column":2}}},"fnMap":{"0":{"name":"(anonymous_0)","decl":{"start":{"line":56,"column":13},"end":{"line":56,"column":14}},"loc":{"start":{"line":56,"column":19},"end":{"line":67,"column":3}},"line":56},"1":{"name":"(anonymous_1)","decl":{"start":{"line":57,"column":23},"end":{"line":57,"column":24}},"loc":{"start":{"line":57,"column":34},"end":{"line":66,"column":5}},"line":57},"2":{"name":"(anonymous_2)","decl":{"start":{"line":68,"column":11},"end":{"line":68,"column":12}},"loc":{"start":{"line":68,"column":17},"end":{"line":92,"column":3}},"line":68},"3":{"name":"(anonymous_3)","decl":{"start":{"line":85,"column":25},"end":{"line":85,"column":26}},"loc":{"start":{"line":85,"column":36},"end":{"line":87,"column":7}},"line":85},"4":{"name":"(anonymous_4)","decl":{"start":{"line":89,"column":23},"end":{"line":89,"column":24}},"loc":{"start":{"line":89,"column":34},"end":{"line":91,"column":5}},"line":89},"5":{"name":"(anonymous_5)","decl":{"start":{"line":95,"column":22},"end":{"line":95,"column":23}},"loc":{"start":{"line":95,"column":31},"end":{"line":145,"column":1}},"line":95}},"branchMap":{"0":{"loc":{"start":{"line":69,"column":4},"end":{"line":71,"column":5}},"type":"if","locations":[{"start":{"line":69,"column":4},"end":{"line":71,"column":5}},{"start":{"line":69,"column":4},"end":{"line":71,"column":5}}],"line":69},"1":{"loc":{"start":{"line":72,"column":4},"end":{"line":74,"column":5}},"type":"if","locations":[{"start":{"line":72,"column":4},"end":{"line":74,"column":5}},{"start":{"line":72,"column":4},"end":{"line":74,"column":5}}],"line":72},"2":{"loc":{"start":{"line":75,"column":4},"end":{"line":77,"column":5}},"type":"if","locations":[{"start":{"line":75,"column":4},"end":{"line":77,"column":5}},{"start":{"line":75,"column":4},"end":{"line":77,"column":5}}],"line":75},"3":{"loc":{"start":{"line":78,"column":4},"end":{"line":80,"column":5}},"type":"if","locations":[{"start":{"line":78,"column":4},"end":{"line":80,"column":5}},{"start":{"line":78,"column":4},"end":{"line":80,"column":5}}],"line":78},"4":{"loc":{"start":{"line":81,"column":4},"end":{"line":83,"column":5}},"type":"if","locations":[{"start":{"line":81,"column":4},"end":{"line":83,"column":5}},{"start":{"line":81,"column":4},"end":{"line":83,"column":5}}],"line":81},"5":{"loc":{"start":{"line":84,"column":4},"end":{"line":88,"column":5}},"type":"if","locations":[{"start":{"line":84,"column":4},"end":{"line":88,"column":5}},{"start":{"line":84,"column":4},"end":{"line":88,"column":5}}],"line":84},"6":{"loc":{"start":{"line":96,"column":2},"end":{"line":101,"column":3}},"type":"if","locations":[{"start":{"line":96,"column":2},"end":{"line":101,"column":3}},{"start":{"line":96,"column":2},"end":{"line":101,"column":3}}],"line":96},"7":{"loc":{"start":{"line":102,"column":2},"end":{"line":107,"column":3}},"type":"if","locations":[{"start":{"line":102,"column":2},"end":{"line":107,"column":3}},{"start":{"line":102,"column":2},"end":{"line":107,"column":3}}],"line":102},"8":{"loc":{"start":{"line":108,"column":2},"end":{"line":113,"column":3}},"type":"if","locations":[{"start":{"line":108,"column":2},"end":{"line":113,"column":3}},{"start":{"line":108,"column":2},"end":{"line":113,"column":3}}],"line":108},"9":{"loc":{"start":{"line":114,"column":2},"end":{"line":119,"column":3}},"type":"if","locations":[{"start":{"line":114,"column":2},"end":{"line":119,"column":3}},{"start":{"line":114,"column":2},"end":{"line":119,"column":3}}],"line":114},"10":{"loc":{"start":{"line":120,"column":2},"end":{"line":125,"column":3}},"type":"if","locations":[{"start":{"line":120,"column":2},"end":{"line":125,"column":3}},{"start":{"line":120,"column":2},"end":{"line":125,"column":3}}],"line":120},"11":{"loc":{"start":{"line":126,"column":2},"end":{"line":131,"column":3}},"type":"if","locations":[{"start":{"line":126,"column":2},"end":{"line":131,"column":3}},{"start":{"line":126,"column":2},"end":{"line":131,"column":3}}],"line":126},"12":{"loc":{"start":{"line":132,"column":2},"end":{"line":137,"column":3}},"type":"if","locations":[{"start":{"line":132,"column":2},"end":{"line":137,"column":3}},{"start":{"line":132,"column":2},"end":{"line":137,"column":3}}],"line":132},"13":{"loc":{"start":{"line":138,"column":2},"end":{"line":143,"column":3}},"type":"if","locations":[{"start":{"line":138,"column":2},"end":{"line":143,"column":3}},{"start":{"line":138,"column":2},"end":{"line":143,"column":3}}],"line":138}},"s":{"0":1,"1":1,"2":1,"3":1,"4":1,"5":1,"6":1,"7":0,"8":0,"9":0,"10":0,"11":0,"12":0,"13":0,"14":0,"15":0,"16":0,"17":0,"18":0,"19":0,"20":0,"21":0,"22":0,"23":0,"24":1,"25":0,"26":0,"27":0,"28":0,"29":0,"30":0,"31":0,"32":0,"33":0,"34":0,"35":0,"36":0,"37":0,"38":0,"39":0,"40":0,"41":0,"42":1},"f":{"0":0,"1":0,"2":0,"3":0,"4":0,"5":0},"b":{"0":[0,0],"1":[0,0],"2":[0,0],"3":[0,0],"4":[0,0],"5":[0,0],"6":[0,0],"7":[0,0],"8":[0,0],"9":[0,0],"10":[0,0],"11":[0,0],"12":[0,0],"13":[0,0]},"_coverageSchema":"1a1c01bbd47fc00a2c39e90264f33305004495a9","hash":"3346b841b815f58588f5ac245f9d228fe57961f4","contentHash":"e2f0b9d7915fce0d91d013699933238f261783d8dfbd670822641987ef66a459"},"/app/db/index.js":{"path":"/app/db/index.js","statementMap":{"0":{"start":{"line":1,"column":13},"end":{"line":1,"column":30}},"1":{"start":{"line":2,"column":21},"end":{"line":2,"column":46}},"2":{"start":{"line":3,"column":13},"end":{"line":3,"column":30}},"3":{"start":{"line":4,"column":13},"end":{"line":4,"column":30}},"4":{"start":{"line":5,"column":14},"end":{"line":5,"column":32}},"5":{"start":{"line":6,"column":15},"end":{"line":6,"column":34}},"6":{"start":{"line":7,"column":14},"end":{"line":7,"column":32}},"7":{"start":{"line":8,"column":15},"end":{"line":8,"column":34}},"8":{"start":{"line":9,"column":14},"end":{"line":9,"column":32}},"9":{"start":{"line":11,"column":0},"end":{"line":21,"column":2}}},"fnMap":{},"branchMap":{},"s":{"0":1,"1":1,"2":1,"3":1,"4":1,"5":1,"6":1,"7":1,"8":1,"9":1},"f":{},"b":{},"_coverageSchema":"1a1c01bbd47fc00a2c39e90264f33305004495a9","hash":"fec507724a48ff9774d56802c748688b43846cdf","contentHash":"f1f2811b8cbba2911502fbbac10b21ae0c5815f2fa204582133cfd0194eef293"},"/app/db/affiliations.js":{"path":"/app/db/affiliations.js","statementMap":{"0":{"start":{"line":1,"column":15},"end":{"line":1,"column":54}},"1":{"start":{"line":2,"column":13},"end":{"line":2,"column":30}},"2":{"start":{"line":4,"column":24},"end":{"line":17,"column":1}},"3":{"start":{"line":19,"column":24},"end":{"line":24,"column":1}},"4":{"start":{"line":26,"column":33},"end":{"line":59,"column":1}},"5":{"start":{"line":32,"column":16},"end":{"line":35,"column":78}},"6":{"start":{"line":39,"column":20},"end":{"line":41,"column":49}},"7":{"start":{"line":43,"column":30},"end":{"line":43,"column":61}},"8":{"start":{"line":45,"column":2},"end":{"line":55,"column":3}},"9":{"start":{"line":46,"column":4},"end":{"line":54,"column":9}},"10":{"start":{"line":51,"column":8},"end":{"line":53,"column":42}},"11":{"start":{"line":57,"column":2},"end":{"line":57,"column":43}},"12":{"start":{"line":58,"column":2},"end":{"line":58,"column":12}},"13":{"start":{"line":61,"column":42},"end":{"line":68,"column":1}},"14":{"start":{"line":67,"column":2},"end":{"line":67,"column":68}},"15":{"start":{"line":70,"column":32},"end":{"line":76,"column":1}},"16":{"start":{"line":71,"column":2},"end":{"line":75,"column":79}},"17":{"start":{"line":78,"column":27},"end":{"line":88,"column":1}},"18":{"start":{"line":79,"column":2},"end":{"line":87,"column":13}},"19":{"start":{"line":90,"column":36},"end":{"line":92,"column":1}},"20":{"start":{"line":91,"column":2},"end":{"line":91,"column":60}},"21":{"start":{"line":94,"column":27},"end":{"line":125,"column":1}},"22":{"start":{"line":101,"column":18},"end":{"line":121,"column":3}},"23":{"start":{"line":102,"column":29},"end":{"line":107,"column":5}},"24":{"start":{"line":110,"column":4},"end":{"line":117,"column":5}},"25":{"start":{"line":112,"column":6},"end":{"line":115,"column":8}},"26":{"start":{"line":116,"column":6},"end":{"line":116,"column":21}},"27":{"start":{"line":119,"column":4},"end":{"line":119,"column":68}},"28":{"start":{"line":120,"column":4},"end":{"line":120,"column":19}},"29":{"start":{"line":122,"column":18},"end":{"line":122,"column":20}},"30":{"start":{"line":123,"column":2},"end":{"line":123,"column":40}},"31":{"start":{"line":124,"column":2},"end":{"line":124,"column":32}},"32":{"start":{"line":127,"column":27},"end":{"line":148,"column":1}},"33":{"start":{"line":128,"column":16},"end":{"line":137,"column":28}},"34":{"start":{"line":133,"column":6},"end":{"line":135,"column":46}},"35":{"start":{"line":139,"column":2},"end":{"line":145,"column":3}},"36":{"start":{"line":140,"column":4},"end":{"line":143,"column":5}},"37":{"start":{"line":141,"column":6},"end":{"line":141,"column":47}},"38":{"start":{"line":142,"column":6},"end":{"line":142,"column":16}},"39":{"start":{"line":144,"column":4},"end":{"line":144,"column":60}},"40":{"start":{"line":147,"column":2},"end":{"line":147,"column":15}},"41":{"start":{"line":150,"column":36},"end":{"line":159,"column":1}},"42":{"start":{"line":156,"column":23},"end":{"line":156,"column":64}},"43":{"start":{"line":157,"column":2},"end":{"line":157,"column":33}},"44":{"start":{"line":157,"column":21},"end":{"line":157,"column":33}},"45":{"start":{"line":158,"column":2},"end":{"line":158,"column":43}},"46":{"start":{"line":161,"column":30},"end":{"line":180,"column":1}},"47":{"start":{"line":165,"column":16},"end":{"line":168,"column":78}},"48":{"start":{"line":170,"column":2},"end":{"line":179,"column":7}},"49":{"start":{"line":175,"column":6},"end":{"line":178,"column":54}},"50":{"start":{"line":182,"column":30},"end":{"line":244,"column":1}},"51":{"start":{"line":196,"column":31},"end":{"line":199,"column":14}},"52":{"start":{"line":201,"column":2},"end":{"line":203,"column":3}},"53":{"start":{"line":202,"column":4},"end":{"line":202,"column":60}},"54":{"start":{"line":208,"column":29},"end":{"line":211,"column":72}},"55":{"start":{"line":213,"column":23},"end":{"line":213,"column":27}},"56":{"start":{"line":214,"column":2},"end":{"line":222,"column":3}},"57":{"start":{"line":215,"column":18},"end":{"line":215,"column":28}},"58":{"start":{"line":216,"column":4},"end":{"line":218,"column":5}},"59":{"start":{"line":217,"column":6},"end":{"line":217,"column":92}},"60":{"start":{"line":219,"column":4},"end":{"line":221,"column":5}},"61":{"start":{"line":220,"column":6},"end":{"line":220,"column":76}},"62":{"start":{"line":224,"column":31},"end":{"line":231,"column":3}},"63":{"start":{"line":233,"column":2},"end":{"line":243,"column":6}},"64":{"start":{"line":241,"column":6},"end":{"line":242,"column":37}},"65":{"start":{"line":246,"column":0},"end":{"line":258,"column":2}}},"fnMap":{"0":{"name":"(anonymous_0)","decl":{"start":{"line":26,"column":33},"end":{"line":26,"column":34}},"loc":{"start":{"line":31,"column":6},"end":{"line":59,"column":1}},"line":31},"1":{"name":"(anonymous_1)","decl":{"start":{"line":49,"column":16},"end":{"line":49,"column":17}},"loc":{"start":{"line":49,"column":27},"end":{"line":54,"column":7}},"line":49},"2":{"name":"(anonymous_2)","decl":{"start":{"line":61,"column":42},"end":{"line":61,"column":43}},"loc":{"start":{"line":66,"column":6},"end":{"line":68,"column":1}},"line":66},"3":{"name":"(anonymous_3)","decl":{"start":{"line":70,"column":32},"end":{"line":70,"column":33}},"loc":{"start":{"line":70,"column":64},"end":{"line":76,"column":1}},"line":70},"4":{"name":"(anonymous_4)","decl":{"start":{"line":78,"column":27},"end":{"line":78,"column":28}},"loc":{"start":{"line":78,"column":70},"end":{"line":88,"column":1}},"line":78},"5":{"name":"(anonymous_5)","decl":{"start":{"line":90,"column":36},"end":{"line":90,"column":37}},"loc":{"start":{"line":90,"column":79},"end":{"line":92,"column":1}},"line":90},"6":{"name":"(anonymous_6)","decl":{"start":{"line":94,"column":27},"end":{"line":94,"column":28}},"loc":{"start":{"line":94,"column":43},"end":{"line":125,"column":1}},"line":94},"7":{"name":"(anonymous_7)","decl":{"start":{"line":101,"column":18},"end":{"line":101,"column":19}},"loc":{"start":{"line":101,"column":44},"end":{"line":121,"column":3}},"line":101},"8":{"name":"(anonymous_8)","decl":{"start":{"line":127,"column":27},"end":{"line":127,"column":28}},"loc":{"start":{"line":127,"column":65},"end":{"line":148,"column":1}},"line":127},"9":{"name":"(anonymous_9)","decl":{"start":{"line":132,"column":11},"end":{"line":132,"column":12}},"loc":{"start":{"line":132,"column":23},"end":{"line":136,"column":5}},"line":132},"10":{"name":"(anonymous_10)","decl":{"start":{"line":150,"column":36},"end":{"line":150,"column":37}},"loc":{"start":{"line":155,"column":6},"end":{"line":159,"column":1}},"line":155},"11":{"name":"(anonymous_11)","decl":{"start":{"line":161,"column":30},"end":{"line":161,"column":31}},"loc":{"start":{"line":164,"column":6},"end":{"line":180,"column":1}},"line":164},"12":{"name":"(anonymous_12)","decl":{"start":{"line":174,"column":13},"end":{"line":174,"column":14}},"loc":{"start":{"line":174,"column":24},"end":{"line":179,"column":5}},"line":174},"13":{"name":"(anonymous_13)","decl":{"start":{"line":182,"column":30},"end":{"line":182,"column":31}},"loc":{"start":{"line":191,"column":6},"end":{"line":244,"column":1}},"line":191},"14":{"name":"(anonymous_14)","decl":{"start":{"line":240,"column":10},"end":{"line":240,"column":11}},"loc":{"start":{"line":240,"column":15},"end":{"line":243,"column":5}},"line":240}},"branchMap":{"0":{"loc":{"start":{"line":28,"column":2},"end":{"line":28,"column":15}},"type":"default-arg","locations":[{"start":{"line":28,"column":11},"end":{"line":28,"column":15}}],"line":28},"1":{"loc":{"start":{"line":29,"column":2},"end":{"line":29,"column":20}},"type":"default-arg","locations":[{"start":{"line":29,"column":15},"end":{"line":29,"column":20}}],"line":29},"2":{"loc":{"start":{"line":30,"column":2},"end":{"line":30,"column":11}},"type":"default-arg","locations":[{"start":{"line":30,"column":7},"end":{"line":30,"column":11}}],"line":30},"3":{"loc":{"start":{"line":39,"column":20},"end":{"line":41,"column":49}},"type":"cond-expr","locations":[{"start":{"line":40,"column":6},"end":{"line":40,"column":27}},{"start":{"line":41,"column":6},"end":{"line":41,"column":49}}],"line":39},"4":{"loc":{"start":{"line":43,"column":30},"end":{"line":43,"column":61}},"type":"binary-expr","locations":[{"start":{"line":43,"column":30},"end":{"line":43,"column":53}},{"start":{"line":43,"column":57},"end":{"line":43,"column":61}}],"line":43},"5":{"loc":{"start":{"line":45,"column":2},"end":{"line":55,"column":3}},"type":"if","locations":[{"start":{"line":45,"column":2},"end":{"line":55,"column":3}},{"start":{"line":45,"column":2},"end":{"line":55,"column":3}}],"line":45},"6":{"loc":{"start":{"line":65,"column":2},"end":{"line":65,"column":54}},"type":"default-arg","locations":[{"start":{"line":65,"column":30},"end":{"line":65,"column":54}}],"line":65},"7":{"loc":{"start":{"line":70,"column":41},"end":{"line":70,"column":59}},"type":"default-arg","locations":[{"start":{"line":70,"column":57},"end":{"line":70,"column":59}}],"line":70},"8":{"loc":{"start":{"line":70,"column":43},"end":{"line":70,"column":52}},"type":"default-arg","locations":[{"start":{"line":70,"column":48},"end":{"line":70,"column":52}}],"line":70},"9":{"loc":{"start":{"line":78,"column":54},"end":{"line":78,"column":63}},"type":"default-arg","locations":[{"start":{"line":78,"column":59},"end":{"line":78,"column":63}}],"line":78},"10":{"loc":{"start":{"line":90,"column":63},"end":{"line":90,"column":72}},"type":"default-arg","locations":[{"start":{"line":90,"column":68},"end":{"line":90,"column":72}}],"line":90},"11":{"loc":{"start":{"line":110,"column":4},"end":{"line":117,"column":5}},"type":"if","locations":[{"start":{"line":110,"column":4},"end":{"line":117,"column":5}},{"start":{"line":110,"column":4},"end":{"line":117,"column":5}}],"line":110},"12":{"loc":{"start":{"line":127,"column":34},"end":{"line":127,"column":60}},"type":"default-arg","locations":[{"start":{"line":127,"column":58},"end":{"line":127,"column":60}}],"line":127},"13":{"loc":{"start":{"line":127,"column":44},"end":{"line":127,"column":53}},"type":"default-arg","locations":[{"start":{"line":127,"column":49},"end":{"line":127,"column":53}}],"line":127},"14":{"loc":{"start":{"line":139,"column":2},"end":{"line":145,"column":3}},"type":"if","locations":[{"start":{"line":139,"column":2},"end":{"line":145,"column":3}},{"start":{"line":139,"column":2},"end":{"line":145,"column":3}}],"line":139},"15":{"loc":{"start":{"line":140,"column":4},"end":{"line":143,"column":5}},"type":"if","locations":[{"start":{"line":140,"column":4},"end":{"line":143,"column":5}},{"start":{"line":140,"column":4},"end":{"line":143,"column":5}}],"line":140},"16":{"loc":{"start":{"line":152,"column":2},"end":{"line":152,"column":11}},"type":"default-arg","locations":[{"start":{"line":152,"column":7},"end":{"line":152,"column":11}}],"line":152},"17":{"loc":{"start":{"line":153,"column":2},"end":{"line":153,"column":42}},"type":"default-arg","locations":[{"start":{"line":153,"column":24},"end":{"line":153,"column":42}}],"line":153},"18":{"loc":{"start":{"line":154,"column":2},"end":{"line":154,"column":42}},"type":"default-arg","locations":[{"start":{"line":154,"column":24},"end":{"line":154,"column":42}}],"line":154},"19":{"loc":{"start":{"line":157,"column":2},"end":{"line":157,"column":33}},"type":"if","locations":[{"start":{"line":157,"column":2},"end":{"line":157,"column":33}},{"start":{"line":157,"column":2},"end":{"line":157,"column":33}}],"line":157},"20":{"loc":{"start":{"line":163,"column":2},"end":{"line":163,"column":11}},"type":"default-arg","locations":[{"start":{"line":163,"column":7},"end":{"line":163,"column":11}}],"line":163},"21":{"loc":{"start":{"line":183,"column":2},"end":{"line":183,"column":11}},"type":"default-arg","locations":[{"start":{"line":183,"column":7},"end":{"line":183,"column":11}}],"line":183},"22":{"loc":{"start":{"line":184,"column":2},"end":{"line":184,"column":20}},"type":"default-arg","locations":[{"start":{"line":184,"column":16},"end":{"line":184,"column":20}}],"line":184},"23":{"loc":{"start":{"line":196,"column":38},"end":{"line":196,"column":55}},"type":"binary-expr","locations":[{"start":{"line":196,"column":38},"end":{"line":196,"column":49}},{"start":{"line":196,"column":53},"end":{"line":196,"column":55}}],"line":196},"24":{"loc":{"start":{"line":201,"column":2},"end":{"line":203,"column":3}},"type":"if","locations":[{"start":{"line":201,"column":2},"end":{"line":203,"column":3}},{"start":{"line":201,"column":2},"end":{"line":203,"column":3}}],"line":201},"25":{"loc":{"start":{"line":208,"column":29},"end":{"line":211,"column":72}},"type":"cond-expr","locations":[{"start":{"line":208,"column":45},"end":{"line":208,"column":59}},{"start":{"line":208,"column":62},"end":{"line":211,"column":72}}],"line":208},"26":{"loc":{"start":{"line":208,"column":69},"end":{"line":208,"column":86}},"type":"binary-expr","locations":[{"start":{"line":208,"column":69},"end":{"line":208,"column":80}},{"start":{"line":208,"column":84},"end":{"line":208,"column":86}}],"line":208},"27":{"loc":{"start":{"line":214,"column":2},"end":{"line":222,"column":3}},"type":"if","locations":[{"start":{"line":214,"column":2},"end":{"line":222,"column":3}},{"start":{"line":214,"column":2},"end":{"line":222,"column":3}}],"line":214},"28":{"loc":{"start":{"line":216,"column":4},"end":{"line":218,"column":5}},"type":"if","locations":[{"start":{"line":216,"column":4},"end":{"line":218,"column":5}},{"start":{"line":216,"column":4},"end":{"line":218,"column":5}}],"line":216},"29":{"loc":{"start":{"line":216,"column":8},"end":{"line":216,"column":79}},"type":"binary-expr","locations":[{"start":{"line":216,"column":8},"end":{"line":216,"column":39}},{"start":{"line":216,"column":43},"end":{"line":216,"column":79}}],"line":216},"30":{"loc":{"start":{"line":219,"column":4},"end":{"line":221,"column":5}},"type":"if","locations":[{"start":{"line":219,"column":4},"end":{"line":221,"column":5}},{"start":{"line":219,"column":4},"end":{"line":221,"column":5}}],"line":219},"31":{"loc":{"start":{"line":220,"column":23},"end":{"line":220,"column":75}},"type":"cond-expr","locations":[{"start":{"line":220,"column":43},"end":{"line":220,"column":47}},{"start":{"line":220,"column":50},"end":{"line":220,"column":75}}],"line":220},"32":{"loc":{"start":{"line":228,"column":17},"end":{"line":228,"column":60}},"type":"cond-expr","locations":[{"start":{"line":228,"column":44},"end":{"line":228,"column":48}},{"start":{"line":228,"column":51},"end":{"line":228,"column":60}}],"line":228},"33":{"loc":{"start":{"line":229,"column":16},"end":{"line":229,"column":33}},"type":"binary-expr","locations":[{"start":{"line":229,"column":16},"end":{"line":229,"column":25}},{"start":{"line":229,"column":29},"end":{"line":229,"column":33}}],"line":229},"34":{"loc":{"start":{"line":233,"column":10},"end":{"line":233,"column":27}},"type":"binary-expr","locations":[{"start":{"line":233,"column":10},"end":{"line":233,"column":21}},{"start":{"line":233,"column":25},"end":{"line":233,"column":27}}],"line":233},"35":{"loc":{"start":{"line":236,"column":15},"end":{"line":236,"column":58}},"type":"cond-expr","locations":[{"start":{"line":236,"column":42},"end":{"line":236,"column":46}},{"start":{"line":236,"column":49},"end":{"line":236,"column":58}}],"line":236},"36":{"loc":{"start":{"line":241,"column":14},"end":{"line":241,"column":31}},"type":"binary-expr","locations":[{"start":{"line":241,"column":14},"end":{"line":241,"column":25}},{"start":{"line":241,"column":29},"end":{"line":241,"column":31}}],"line":241}},"s":{"0":1,"1":1,"2":1,"3":1,"4":1,"5":0,"6":0,"7":0,"8":0,"9":0,"10":0,"11":0,"12":0,"13":1,"14":0,"15":1,"16":0,"17":1,"18":0,"19":1,"20":0,"21":1,"22":0,"23":0,"24":0,"25":0,"26":0,"27":0,"28":0,"29":0,"30":0,"31":0,"32":1,"33":0,"34":0,"35":0,"36":0,"37":0,"38":0,"39":0,"40":0,"41":1,"42":0,"43":0,"44":0,"45":0,"46":1,"47":0,"48":0,"49":0,"50":1,"51":0,"52":0,"53":0,"54":0,"55":0,"56":0,"57":0,"58":0,"59":0,"60":0,"61":0,"62":0,"63":0,"64":0,"65":1},"f":{"0":0,"1":0,"2":0,"3":0,"4":0,"5":0,"6":0,"7":0,"8":0,"9":0,"10":0,"11":0,"12":0,"13":0,"14":0},"b":{"0":[0],"1":[0],"2":[0],"3":[0,0],"4":[0,0],"5":[0,0],"6":[0],"7":[0],"8":[0],"9":[0],"10":[0],"11":[0,0],"12":[0],"13":[0],"14":[0,0],"15":[0,0],"16":[0],"17":[0],"18":[0],"19":[0,0],"20":[0],"21":[0],"22":[0],"23":[0,0],"24":[0,0],"25":[0,0],"26":[0,0],"27":[0,0],"28":[0,0],"29":[0,0],"30":[0,0],"31":[0,0],"32":[0,0],"33":[0,0],"34":[0,0],"35":[0,0],"36":[0,0]},"_coverageSchema":"1a1c01bbd47fc00a2c39e90264f33305004495a9","hash":"c12590b1cda70ffa286bb1d57019d8d5d414877e","contentHash":"bc4ae0bd3e600b0e0d7af4933dfe6f2ed403256d7c0e1c4a36ca47693b50c938"},"/app/db/apds.js":{"path":"/app/db/apds.js","statementMap":{"0":{"start":{"line":1,"column":17},"end":{"line":1,"column":36}},"1":{"start":{"line":2,"column":23},"end":{"line":2,"column":49}},"2":{"start":{"line":3,"column":20},"end":{"line":3,"column":42}},"3":{"start":{"line":4,"column":15},"end":{"line":4,"column":46}},"4":{"start":{"line":5,"column":31},"end":{"line":5,"column":50}},"5":{"start":{"line":6,"column":24},"end":{"line":6,"column":45}},"6":{"start":{"line":8,"column":18},"end":{"line":13,"column":1}},"7":{"start":{"line":9,"column":15},"end":{"line":9,"column":27}},"8":{"start":{"line":11,"column":2},"end":{"line":11,"column":31}},"9":{"start":{"line":12,"column":2},"end":{"line":12,"column":31}},"10":{"start":{"line":15,"column":22},"end":{"line":16,"column":59}},"11":{"start":{"line":16,"column":2},"end":{"line":16,"column":59}},"12":{"start":{"line":18,"column":26},"end":{"line":25,"column":10}},"13":{"start":{"line":22,"column":2},"end":{"line":25,"column":10}},"14":{"start":{"line":27,"column":19},"end":{"line":28,"column":25}},"15":{"start":{"line":28,"column":2},"end":{"line":28,"column":25}},"16":{"start":{"line":30,"column":27},"end":{"line":34,"column":45}},"17":{"start":{"line":34,"column":5},"end":{"line":34,"column":45}},"18":{"start":{"line":37,"column":17},"end":{"line":55,"column":1}},"19":{"start":{"line":45,"column":18},"end":{"line":45,"column":52}},"20":{"start":{"line":47,"column":26},"end":{"line":47,"column":52}},"21":{"start":{"line":49,"column":2},"end":{"line":52,"column":5}},"22":{"start":{"line":54,"column":2},"end":{"line":54,"column":21}},"23":{"start":{"line":57,"column":26},"end":{"line":165,"column":1}},"24":{"start":{"line":68,"column":17},"end":{"line":68,"column":63}},"25":{"start":{"line":69,"column":2},"end":{"line":157,"column":3}},"26":{"start":{"line":71,"column":25},"end":{"line":71,"column":27}},"27":{"start":{"line":72,"column":18},"end":{"line":72,"column":28}},"28":{"start":{"line":74,"column":4},"end":{"line":78,"column":7}},"29":{"start":{"line":79,"column":4},"end":{"line":126,"column":5}},"30":{"start":{"line":80,"column":6},"end":{"line":80,"column":71}},"31":{"start":{"line":82,"column":6},"end":{"line":82,"column":71}},"32":{"start":{"line":85,"column":27},"end":{"line":85,"column":29}},"33":{"start":{"line":86,"column":6},"end":{"line":88,"column":9}},"34":{"start":{"line":87,"column":8},"end":{"line":87,"column":49}},"35":{"start":{"line":90,"column":6},"end":{"line":116,"column":7}},"36":{"start":{"line":91,"column":8},"end":{"line":115,"column":11}},"37":{"start":{"line":93,"column":12},"end":{"line":93,"column":27}},"38":{"start":{"line":96,"column":27},"end":{"line":96,"column":56}},"39":{"start":{"line":98,"column":10},"end":{"line":107,"column":12}},"40":{"start":{"line":110,"column":10},"end":{"line":114,"column":12}},"41":{"start":{"line":119,"column":27},"end":{"line":121,"column":7}},"42":{"start":{"line":120,"column":15},"end":{"line":120,"column":32}},"43":{"start":{"line":122,"column":6},"end":{"line":122,"column":78}},"44":{"start":{"line":125,"column":6},"end":{"line":125,"column":72}},"45":{"start":{"line":125,"column":53},"end":{"line":125,"column":70}},"46":{"start":{"line":129,"column":25},"end":{"line":131,"column":5}},"47":{"start":{"line":130,"column":6},"end":{"line":130,"column":41}},"48":{"start":{"line":132,"column":4},"end":{"line":134,"column":5}},"49":{"start":{"line":133,"column":6},"end":{"line":133,"column":65}},"50":{"start":{"line":137,"column":29},"end":{"line":137,"column":31}},"51":{"start":{"line":138,"column":18},"end":{"line":138,"column":66}},"52":{"start":{"line":139,"column":4},"end":{"line":149,"column":5}},"53":{"start":{"line":142,"column":6},"end":{"line":148,"column":9}},"54":{"start":{"line":143,"column":8},"end":{"line":147,"column":10}},"55":{"start":{"line":151,"column":4},"end":{"line":156,"column":6}},"56":{"start":{"line":159,"column":2},"end":{"line":164,"column":4}},"57":{"start":{"line":167,"column":0},"end":{"line":174,"column":2}}},"fnMap":{"0":{"name":"(anonymous_0)","decl":{"start":{"line":8,"column":18},"end":{"line":8,"column":19}},"loc":{"start":{"line":8,"column":71},"end":{"line":13,"column":1}},"line":8},"1":{"name":"(anonymous_1)","decl":{"start":{"line":15,"column":22},"end":{"line":15,"column":23}},"loc":{"start":{"line":16,"column":2},"end":{"line":16,"column":59}},"line":16},"2":{"name":"(anonymous_2)","decl":{"start":{"line":18,"column":26},"end":{"line":18,"column":27}},"loc":{"start":{"line":22,"column":2},"end":{"line":25,"column":10}},"line":22},"3":{"name":"(anonymous_3)","decl":{"start":{"line":27,"column":19},"end":{"line":27,"column":20}},"loc":{"start":{"line":28,"column":2},"end":{"line":28,"column":25}},"line":28},"4":{"name":"(anonymous_4)","decl":{"start":{"line":30,"column":27},"end":{"line":30,"column":28}},"loc":{"start":{"line":34,"column":5},"end":{"line":34,"column":45}},"line":34},"5":{"name":"(anonymous_5)","decl":{"start":{"line":37,"column":17},"end":{"line":37,"column":18}},"loc":{"start":{"line":43,"column":5},"end":{"line":55,"column":1}},"line":43},"6":{"name":"(anonymous_6)","decl":{"start":{"line":57,"column":26},"end":{"line":57,"column":27}},"loc":{"start":{"line":66,"column":5},"end":{"line":165,"column":1}},"line":66},"7":{"name":"(anonymous_7)","decl":{"start":{"line":86,"column":20},"end":{"line":86,"column":21}},"loc":{"start":{"line":86,"column":45},"end":{"line":88,"column":7}},"line":86},"8":{"name":"(anonymous_8)","decl":{"start":{"line":91,"column":40},"end":{"line":91,"column":41}},"loc":{"start":{"line":91,"column":47},"end":{"line":115,"column":9}},"line":91},"9":{"name":"(anonymous_9)","decl":{"start":{"line":120,"column":8},"end":{"line":120,"column":9}},"loc":{"start":{"line":120,"column":15},"end":{"line":120,"column":32}},"line":120},"10":{"name":"(anonymous_10)","decl":{"start":{"line":125,"column":46},"end":{"line":125,"column":47}},"loc":{"start":{"line":125,"column":53},"end":{"line":125,"column":70}},"line":125},"11":{"name":"(anonymous_11)","decl":{"start":{"line":129,"column":36},"end":{"line":129,"column":37}},"loc":{"start":{"line":130,"column":6},"end":{"line":130,"column":41}},"line":130},"12":{"name":"(anonymous_12)","decl":{"start":{"line":142,"column":30},"end":{"line":142,"column":31}},"loc":{"start":{"line":142,"column":61},"end":{"line":148,"column":7}},"line":142}},"branchMap":{"0":{"loc":{"start":{"line":8,"column":30},"end":{"line":8,"column":66}},"type":"default-arg","locations":[{"start":{"line":8,"column":64},"end":{"line":8,"column":66}}],"line":8},"1":{"loc":{"start":{"line":8,"column":32},"end":{"line":8,"column":59}},"type":"default-arg","locations":[{"start":{"line":8,"column":38},"end":{"line":8,"column":59}}],"line":8},"2":{"loc":{"start":{"line":15,"column":33},"end":{"line":15,"column":69}},"type":"default-arg","locations":[{"start":{"line":15,"column":67},"end":{"line":15,"column":69}}],"line":15},"3":{"loc":{"start":{"line":15,"column":35},"end":{"line":15,"column":62}},"type":"default-arg","locations":[{"start":{"line":15,"column":41},"end":{"line":15,"column":62}}],"line":15},"4":{"loc":{"start":{"line":20,"column":2},"end":{"line":20,"column":38}},"type":"default-arg","locations":[{"start":{"line":20,"column":36},"end":{"line":20,"column":38}}],"line":20},"5":{"loc":{"start":{"line":20,"column":4},"end":{"line":20,"column":31}},"type":"default-arg","locations":[{"start":{"line":20,"column":10},"end":{"line":20,"column":31}}],"line":20},"6":{"loc":{"start":{"line":27,"column":30},"end":{"line":27,"column":66}},"type":"default-arg","locations":[{"start":{"line":27,"column":64},"end":{"line":27,"column":66}}],"line":27},"7":{"loc":{"start":{"line":27,"column":32},"end":{"line":27,"column":59}},"type":"default-arg","locations":[{"start":{"line":27,"column":38},"end":{"line":27,"column":59}}],"line":27},"8":{"loc":{"start":{"line":33,"column":2},"end":{"line":33,"column":38}},"type":"default-arg","locations":[{"start":{"line":33,"column":36},"end":{"line":33,"column":38}}],"line":33},"9":{"loc":{"start":{"line":33,"column":4},"end":{"line":33,"column":31}},"type":"default-arg","locations":[{"start":{"line":33,"column":10},"end":{"line":33,"column":31}}],"line":33},"10":{"loc":{"start":{"line":42,"column":4},"end":{"line":42,"column":31}},"type":"default-arg","locations":[{"start":{"line":42,"column":10},"end":{"line":42,"column":31}}],"line":42},"11":{"loc":{"start":{"line":61,"column":2},"end":{"line":65,"column":8}},"type":"default-arg","locations":[{"start":{"line":65,"column":6},"end":{"line":65,"column":8}}],"line":61},"12":{"loc":{"start":{"line":62,"column":4},"end":{"line":62,"column":31}},"type":"default-arg","locations":[{"start":{"line":62,"column":10},"end":{"line":62,"column":31}}],"line":62},"13":{"loc":{"start":{"line":63,"column":4},"end":{"line":63,"column":38}},"type":"default-arg","locations":[{"start":{"line":63,"column":20},"end":{"line":63,"column":38}}],"line":63},"14":{"loc":{"start":{"line":64,"column":4},"end":{"line":64,"column":26}},"type":"default-arg","locations":[{"start":{"line":64,"column":15},"end":{"line":64,"column":26}}],"line":64},"15":{"loc":{"start":{"line":69,"column":2},"end":{"line":157,"column":3}},"type":"if","locations":[{"start":{"line":69,"column":2},"end":{"line":157,"column":3}},{"start":{"line":69,"column":2},"end":{"line"
[...]
":{"line":55,"column":2}},"2":{"start":{"line":57,"column":16},"end":{"line":71,"column":1}},"3":{"start":{"line":73,"column":0},"end":{"line":73,"column":58}}},"fnMap":{},"branchMap":{},"s":{"0":1,"1":1,"2":1,"3":1},"f":{},"b":{},"_coverageSchema":"1a1c01bbd47fc00a2c39e90264f33305004495a9","hash":"36b15df347968cbae030de998f7e25ca020e36e1","contentHash":"4273c3344e1d70df3ff88057bbc5cc26e7af02cc15caa971ccc5e5ff980bb484"},"/app/routes/roles/openAPI.js":{"path":"/app/routes/roles/openAPI.js","statementMap":{"0":{"start":{"line":4,"column":4},"end":{"line":4,"column":33}},"1":{"start":{"line":6,"column":11},"end":{"line":9,"column":1}},"2":{"start":{"line":11,"column":13},"end":{"line":14,"column":1}},"3":{"start":{"line":16,"column":19},"end":{"line":22,"column":1}},"4":{"start":{"line":24,"column":17},"end":{"line":37,"column":1}},"5":{"start":{"line":39,"column":0},"end":{"line":39,"column":40}}},"fnMap":{},"branchMap":{},"s":{"0":1,"1":1,"2":1,"3":1,"4":1,"5":1},"f":{},"b":{},"_coverageSchema":"1a1c01bbd47fc00a2c39e90264f33305004495a9","hash":"7eac4a7ea2839faa81b20b880e74efa24d9146f9","contentHash":"00768061a3a25c77c1aa90befeea86a28efb19c8b1428cf45eb3939d5d67920f"},"/app/routes/states/openAPI.js":{"path":"/app/routes/states/openAPI.js","statementMap":{"0":{"start":{"line":4,"column":4},"end":{"line":4,"column":33}},"1":{"start":{"line":6,"column":11},"end":{"line":9,"column":1}},"2":{"start":{"line":11,"column":13},"end":{"line":14,"column":1}},"3":{"start":{"line":17,"column":24},"end":{"line":20,"column":1}},"4":{"start":{"line":22,"column":20},"end":{"line":28,"column":1}},"5":{"start":{"line":30,"column":24},"end":{"line":38,"column":1}},"6":{"start":{"line":40,"column":18},"end":{"line":53,"column":1}},"7":{"start":{"line":55,"column":17},"end":{"line":88,"column":1}},"8":{"start":{"line":90,"column":0},"end":{"line":93,"column":2}}},"fnMap":{},"branchMap":{},"s":{"0":1,"1":1,"2":1,"3":1,"4":1,"5":1,"6":1,"7":1,"8":1},"f":{},"b":{},"_coverageSchema":"1a1c01bbd47fc00a2c39e90264f33305004495a9","hash":"cb4829055f250bda2bc9e62ab2a2f2f609f4be07","contentHash":"0cceb680a038a72055e02af5286b13fc95ec5d54c34a64eb4df8248d93408efd"},"/app/routes/states/affilitations/openAPI.js":{"path":"/app/routes/states/affilitations/openAPI.js","statementMap":{"0":{"start":{"line":6,"column":4},"end":{"line":6,"column":36}},"1":{"start":{"line":8,"column":11},"end":{"line":11,"column":1}},"2":{"start":{"line":13,"column":16},"end":{"line":16,"column":1}},"3":{"start":{"line":18,"column":17},"end":{"line":21,"column":1}},"4":{"start":{"line":23,"column":16},"end":{"line":26,"column":1}},"5":{"start":{"line":28,"column":15},"end":{"line":32,"column":1}},"6":{"start":{"line":34,"column":19},"end":{"line":38,"column":1}},"7":{"start":{"line":40,"column":19},"end":{"line":44,"column":1}},"8":{"start":{"line":46,"column":22},"end":{"line":50,"column":1}},"9":{"start":{"line":52,"column":25},"end":{"line":60,"column":1}},"10":{"start":{"line":62,"column":30},"end":{"line":71,"column":1}},"11":{"start":{"line":73,"column":20},"end":{"line":81,"column":1}},"12":{"start":{"line":83,"column":26},"end":{"line":94,"column":1}},"13":{"start":{"line":96,"column":13},"end":{"line":96,"column":29}},"14":{"start":{"line":98,"column":30},"end":{"line":121,"column":1}},"15":{"start":{"line":123,"column":25},"end":{"line":143,"column":1}},"16":{"start":{"line":145,"column":23},"end":{"line":162,"column":1}},"17":{"start":{"line":164,"column":25},"end":{"line":191,"column":1}},"18":{"start":{"line":193,"column":26},"end":{"line":202,"column":1}},"19":{"start":{"line":204,"column":0},"end":{"line":204,"column":35}}},"fnMap":{},"branchMap":{},"s":{"0":1,"1":1,"2":1,"3":1,"4":1,"5":1,"6":1,"7":1,"8":1,"9":1,"10":1,"11":1,"12":1,"13":1,"14":1,"15":1,"16":1,"17":1,"18":1,"19":1},"f":{},"b":{},"_coverageSchema":"1a1c01bbd47fc00a2c39e90264f33305004495a9","hash":"ce09c60a3b2d4f3bea53c1f5493f4f4c7d83cf66","contentHash":"f9f024066d25cf55bd04f8baf413a954ddb7be1c5d3ed175551c16217ce166dc"},"/app/routes/users/openAPI.js":{"path":"/app/routes/users/openAPI.js","statementMap":{"0":{"start":{"line":4,"column":4},"end":{"line":4,"column":33}},"1":{"start":{"line":6,"column":25},"end":{"line":40,"column":1}},"2":{"start":{"line":42,"column":16},"end":{"line":83,"column":1}},"3":{"start":{"line":85,"column":0},"end":{"line":85,"column":39}}},"fnMap":{},"branchMap":{},"s":{"0":1,"1":1,"2":1,"3":1},"f":{},"b":{},"_coverageSchema":"1a1c01bbd47fc00a2c39e90264f33305004495a9","hash":"dad31209a389179d091b683f21f3389122c38a59","contentHash":"65e582aadd1529a035dcc555d82bfd6b3f65d47342755d777f828ea264f12636"},"/app/middleware/endpointCoverage.js":{"path":"/app/middleware/endpointCoverage.js","statementMap":{"0":{"start":{"line":1,"column":11},"end":{"line":1,"column":24}},"1":{"start":{"line":2,"column":15},"end":{"line":2,"column":67}},"2":{"start":{"line":4,"column":38},"end":{"line":4,"column":49}},"3":{"start":{"line":6,"column":22},"end":{"line":33,"column":1}},"4":{"start":{"line":14,"column":13},"end":{"line":14,"column":50}},"5":{"start":{"line":24,"column":2},"end":{"line":24,"column":52}},"6":{"start":{"line":25,"column":12},"end":{"line":25,"column":54}},"7":{"start":{"line":27,"column":2},"end":{"line":30,"column":3}},"8":{"start":{"line":28,"column":4},"end":{"line":28,"column":15}},"9":{"start":{"line":29,"column":4},"end":{"line":29,"column":53}},"10":{"start":{"line":32,"column":2},"end":{"line":32,"column":13}},"11":{"start":{"line":35,"column":16},"end":{"line":35,"column":18}},"12":{"start":{"line":36,"column":0},"end":{"line":38,"column":1}},"13":{"start":{"line":37,"column":2},"end":{"line":37,"column":66}},"14":{"start":{"line":40,"column":35},"end":{"line":87,"column":1}},"15":{"start":{"line":41,"column":2},"end":{"line":41,"column":65}},"16":{"start":{"line":41,"column":58},"end":{"line":41,"column":65}},"17":{"start":{"line":43,"column":2},"end":{"line":86,"column":5}},"18":{"start":{"line":44,"column":4},"end":{"line":63,"column":5}},"19":{"start":{"line":45,"column":6},"end":{"line":62,"column":11}},"20":{"start":{"line":46,"column":21},"end":{"line":46,"column":30}},"21":{"start":{"line":48,"column":30},"end":{"line":48,"column":49}},"22":{"start":{"line":49,"column":10},"end":{"line":61,"column":11}},"23":{"start":{"line":49,"column":34},"end":{"line":49,"column":63}},"24":{"start":{"line":50,"column":12},"end":{"line":52,"column":51}},"25":{"start":{"line":50,"column":32},"end":{"line":50,"column":61}},"26":{"start":{"line":54,"column":12},"end":{"line":60,"column":15}},"27":{"start":{"line":65,"column":16},"end":{"line":65,"column":33}},"28":{"start":{"line":66,"column":4},"end":{"line":83,"column":6}},"29":{"start":{"line":67,"column":19},"end":{"line":67,"column":56}},"30":{"start":{"line":69,"column":6},"end":{"line":78,"column":7}},"31":{"start":{"line":70,"column":8},"end":{"line":75,"column":9}},"32":{"start":{"line":72,"column":10},"end":{"line":74,"column":56}},"33":{"start":{"line":72,"column":30},"end":{"line":72,"column":67}},"34":{"start":{"line":77,"column":8},"end":{"line":77,"column":30}},"35":{"start":{"line":80,"column":6},"end":{"line":80,"column":74}},"36":{"start":{"line":82,"column":6},"end":{"line":82,"column":26}},"37":{"start":{"line":85,"column":4},"end":{"line":85,"column":11}},"38":{"start":{"line":89,"column":0},"end":{"line":91,"column":2}}},"fnMap":{"0":{"name":"(anonymous_0)","decl":{"start":{"line":6,"column":22},"end":{"line":6,"column":23}},"loc":{"start":{"line":6,"column":29},"end":{"line":33,"column":1}},"line":6},"1":{"name":"(anonymous_1)","decl":{"start":{"line":40,"column":35},"end":{"line":40,"column":36}},"loc":{"start":{"line":40,"column":45},"end":{"line":87,"column":1}},"line":40},"2":{"name":"(anonymous_2)","decl":{"start":{"line":43,"column":13},"end":{"line":43,"column":14}},"loc":{"start":{"line":43,"column":33},"end":{"line":86,"column":3}},"line":43},"3":{"name":"(anonymous_3)","decl":{"start":{"line":46,"column":16},"end":{"line":46,"column":17}},"loc":{"start":{"line":46,"column":21},"end":{"line":46,"column":30}},"line":46},"4":{"name":"(anonymous_4)","decl":{"start":{"line":47,"column":17},"end":{"line":47,"column":18}},"loc":{"start":{"line":47,"column":51},"end":{"line":62,"column":9}},"line":47},"5":{"name":"(anonymous_5)","decl":{"start":{"line":49,"column":29},"end":{"line":49,"column":30}},"loc":{"start":{"line":49,"column":34},"end":{"line":49,"column":63}},"line":49},"6":{"name":"(anonymous_6)","decl":{"start":{"line":50,"column":27},"end":{"line":50,"column":28}},"loc":{"start":{"line":50,"column":32},"end":{"line":50,"column":61}},"line":50},"7":{"name":"(anonymous_7)","decl":{"start":{"line":66,"column":14},"end":{"line":66,"column":15}},"loc":{"start":{"line":66,"column":27},"end":{"line":83,"column":5}},"line":66},"8":{"name":"(anonymous_8)","decl":{"start":{"line":72,"column":25},"end":{"line":72,"column":26}},"loc":{"start":{"line":72,"column":30},"end":{"line":72,"column":67}},"line":72}},"branchMap":{"0":{"loc":{"start":{"line":36,"column":0},"end":{"line":38,"column":1}},"type":"if","locations":[{"start":{"line":36,"column":0},"end":{"line":38,"column":1}},{"start":{"line":36,"column":0},"end":{"line":38,"column":1}}],"line":36},"1":{"loc":{"start":{"line":41,"column":2},"end":{"line":41,"column":65}},"type":"if","locations":[{"start":{"line":41,"column":2},"end":{"line":41,"column":65}},{"start":{"line":41,"column":2},"end":{"line":41,"column":65}}],"line":41},"2":{"loc":{"start":{"line":44,"column":4},"end":{"line":63,"column":5}},"type":"if","locations":[{"start":{"line":44,"column":4},"end":{"line":63,"column":5}},{"start":{"line":44,"column":4},"end":{"line":63,"column":5}}],"line":44},"3":{"loc":{"start":{"line":49,"column":10},"end":{"line":61,"column":11}},"type":"if","locations":[{"start":{"line":49,"column":10},"end":{"line":61,"column":11}},{"start":{"line":49,"column":10},"end":{"line":61,"column":11}}],"line":49},"4":{"loc":{"start":{"line":67,"column":19},"end":{"line":67,"column":56}},"type":"cond-expr","locations":[{"start":{"line":67,"column":31},"end":{"line":67,"column":45}},{"start":{"line":67,"column":48},"end":{"line":67,"column":56}}],"line":67},"5":{"loc":{"start":{"line":70,"column":8},"end":{"line":75,"column":9}},"type":"if","locations":[{"start":{"line":70,"column":8},"end":{"line":75,"column":9}},{"start":{"line":70,"column":8},"end":{"line":75,"column":9}}],"line":70}},"s":{"0":1,"1":1,"2":1,"3":1,"4":65,"5":65,"6":65,"7":65,"8":0,"9":0,"10":65,"11":1,"12":1,"13":1,"14":1,"15":1,"16":0,"17":1,"18":3,"19":0,"20":0,"21":0,"22":0,"23":0,"24":0,"25":0,"26":0,"27":3,"28":3,"29":4,"30":4,"31":4,"32":4,"33":65,"34":1,"35":4,"36":4,"37":3,"38":1},"f":{"0":65,"1":1,"2":3,"3":0,"4":0,"5":0,"6":0,"7":4,"8":65},"b":{"0":[1,0],"1":[0,1],"2":[0,3],"3":[0,0],"4":[4,0],"5":[4,0]},"_coverageSchema":"1a1c01bbd47fc00a2c39e90264f33305004495a9","hash":"2c04034923d4ff5827fe55413b98e0f20887bcad","contentHash":"3d28c9186a52344a2360bc80e116d5de9a3306ebfecfb1ce1b35ba0dd09e8e23"},"/app/middleware/errorHandler.js":{"path":"/app/middleware/errorHandler.js","statementMap":{"0":{"start":{"line":1,"column":15},"end":{"line":1,"column":62}},"1":{"start":{"line":3,"column":23},"end":{"line":11,"column":1}},"2":{"start":{"line":34,"column":21},"end":{"line":67,"column":1}},"3":{"start":{"line":35,"column":2},"end":{"line":35,"column":45}},"4":{"start":{"line":36,"column":15},"end":{"line":36,"column":32}},"5":{"start":{"line":39,"column":2},"end":{"line":51,"column":3}},"6":{"start":{"line":40,"column":4},"end":{"line":46,"column":5}},"7":{"start":{"line":41,"column":6},"end":{"line":41,"column":39}},"8":{"start":{"line":42,"column":11},"end":{"line":46,"column":5}},"9":{"start":{"line":43,"column":6},"end":{"line":43,"column":37}},"10":{"start":{"line":45,"column":6},"end":{"line":45,"column":42}},"11":{"start":{"line":47,"column":9},"end":{"line":51,"column":3}},"12":{"start":{"line":48,"column":4},"end":{"line":48,"column":29}},"13":{"start":{"line":50,"column":4},"end":{"line":50,"column":48}},"14":{"start":{"line":53,"column":2},"end":{"line":56,"column":3}},"15":{"start":{"line":54,"column":4},"end":{"line":54,"column":17}},"16":{"start":{"line":55,"column":4},"end":{"line":55,"column":45}},"17":{"start":{"line":58,"column":2},"end":{"line":61,"column":3}},"18":{"start":{"line":59,"column":4},"end":{"line":59,"column":17}},"19":{"start":{"line":60,"column":4},"end":{"line":60,"column":45}},"20":{"start":{"line":63,"column":2},"end":{"line":65,"column":3}},"21":{"start":{"line":64,"column":4},"end":{"line":64,"column":21}},"22":{"start":{"line":66,"column":2},"end":{"line":66,"column":48}},"23":{"start":{"line":69,"column":0},"end":{"line":69,"column":30}}},"fnMap":{"0":{"name":"(anonymous_0)","decl":{"start":{"line":34,"column":21},"end":{"line":34,"column":22}},"loc":{"start":{"line":34,"column":46},"end":{"line":67,"column":1}},"line":34}},"branchMap":{"0":{"loc":{"start":{"line":36,"column":15},"end":{"line":36,"column":32}},"type":"binary-expr","locations":[{"start":{"line":36,"column":15},"end":{"line":36,"column":25}},{"start":{"line":36,"column":29},"end":{"line":36,"column":32}}],"line":36},"1":{"loc":{"start":{"line":39,"column":2},"end":{"line":51,"column":3}},"type":"if","locations":[{"start":{"line":39,"column":2},"end":{"line":51,"column":3}},{"start":{"line":39,"column":2},"end":{"line":51,"column":3}}],"line":39},"2":{"loc":{"start":{"line":40,"column":4},"end":{"line":46,"column":5}},"type":"if","locations":[{"start":{"line":40,"column":4},"end":{"line":46,"column":5}},{"start":{"line":40,"column":4},"end":{"line":46,"column":5}}],"line":40},"3":{"loc":{"start":{"line":42,"column":11},"end":{"line":46,"column":5}},"type":"if","locations":[{"start":{"line":42,"column":11},"end":{"line":46,"column":5}},{"start":{"line":42,"column":11},"end":{"line":46,"column":5}}],"line":42},"4":{"loc":{"start":{"line":47,"column":9},"end":{"line":51,"column":3}},"type":"if","locations":[{"start":{"line":47,"column":9},"end":{"line":51,"column":3}},{"start":{"line":47,"column":9},"end":{"line":51,"column":3}}],"line":47},"5":{"loc":{"start":{"line":53,"column":2},"end":{"line":56,"column":3}},"type":"if","locations":[{"start":{"line":53,"column":2},"end":{"line":56,"column":3}},{"start":{"line":53,"column":2},"end":{"line":56,"column":3}}],"line":53},"6":{"loc":{"start":{"line":58,"column":2},"end":{"line":61,"column":3}},"type":"if","locations":[{"start":{"line":58,"column":2},"end":{"line":61,"column":3}},{"start":{"line":58,"column":2},"end":{"line":61,"column":3}}],"line":58},"7":{"loc":{"start":{"line":63,"column":2},"end":{"line":65,"column":3}},"type":"if","locations":[{"start":{"line":63,"column":2},"end":{"line":65,"column":3}},{"start":{"line":63,"column":2},"end":{"line":65,"column":3}}],"line":63}},"s":{"0":1,"1":1,"2":1,"3":1,"4":1,"5":1,"6":1,"7":1,"8":0,"9":0,"10":0,"11":0,"12":0,"13":0,"14":1,"15":0,"16":0,"17":1,"18":0,"19":0,"20":1,"21":0,"22":1,"23":1},"f":{"0":1},"b":{"0":[1,1],"1":[1,0],"2":[1,0],"3":[0,0],"4":[0,0],"5":[0,1],"6":[0,1],"7":[0,1]},"_coverageSchema":"1a1c01bbd47fc00a2c39e90264f33305004495a9","hash":"87c515a891548bb21d0ffd748260e79fef01ab74","contentHash":"de20381d930421e4dbe5291fbc57652ea31312ba3524b046110fb6859858cb6a"},"/app/routes/me/index.js":{"path":"/app/routes/me/index.js","statementMap":{"0":{"start":{"line":1,"column":12},"end":{"line":1,"column":28}},"1":{"start":{"line":3,"column":0},"end":{"line":5,"column":2}},"2":{"start":{"line":4,"column":2},"end":{"line":4,"column":19}}},"fnMap":{"0":{"name":"(anonymous_0)","decl":{"start":{"line":3,"column":17},"end":{"line":3,"column":18}},"loc":{"start":{"line":3,"column":54},"end":{"line":5,"column":1}},"line":3}},"branchMap":{"0":{"loc":{"start":{"line":3,"column":23},"end":{"line":3,"column":49}},"type":"default-arg","locations":[{"start":{"line":3,"column":47},"end":{"line":3,"column":49}}],"line":3},"1":{"loc":{"start":{"line":3,"column":25},"end":{"line":3,"column":42}},"type":"default-arg","locations":[{"start":{"line":3,"column":39},"end":{"line":3,"column":42}}],"line":3}},"s":{"0":1,"1":1,"2":1},"f":{"0":1},"b":{"0":[1],"1":[1]},"_coverageSchema":"1a1c01bbd47fc00a2c39e90264f33305004495a9","hash":"b7786740ec42a45e85db595dbb20bf0b5b9f37a9","contentHash":"134281a1a1740f862c6aa4218dacee748bded2de5ba7aebe0722162ce2ce6ec2"},"/app/routes/me/get.js":{"path":"/app/routes/me/get.js","statementMap":{"0":{"start":{"line":1,"column":15},"end":{"line":1,"column":54}},"1":{"start":{"line":7,"column":4},"end":{"line":7,"column":34}},"2":{"start":{"line":9,"column":0},"end":{"line":42,"column":2}},"3":{"start":{"line":18,"column":2},"end":{"line":18,"column":42}},"4":{"start":{"line":19,"column":2},"end":{"line":29,"column":5}},"5":{"start":{"line":20,"column":4},"end":{"line":28,"column":5}},"6":{"start":{"line":23,"column":19},"end":{"line":23,"column":68}},"7":{"start":{"line":24,"column":6},"end":{"line":24,"column":47}},"8":{"start":{"line":24,"column":17},"end":{"line":24,"column":47}},"9":{"start":{"line":25,"column":6},"end":{"line":25,"column":28}},"10":{"start":{"line":27,"column":6},"end":{"line":27,"column":21}},"11":{"start":{"line":31,"column":2},"end":{"line":41,"column":5}},"12":{"start":{"line":32,"column":4},"end":{"line":40,"column":5}},"13":{"start":{"line":35,"column":19},"end":{"line":35,"column":70}},"14":{"start":{"line":36,"column":6},"end":{"line":36,"column":47}},"15":{"start":{"line":36,"column":17},"end":{"line":36,"column":47}},"16":{"start":{"line":37,"column":6},"end":{"line":37,"column":28}},"17":{"start":{"line":39,"column":6},"end":{"line":39,"column":21}}},"fnMap":{"0":{"name":"(anonymous_0)","decl":{"start":{"line":9,"column":17},"end":{"line":9,"column":18}},"loc":{"start":{"line":17,"column":5},"end":{"line":42,"column":1}},"line":17},"1":{"name":"(anonymous_1)","decl":{"start":{"line":19,"column":17},"end":{"line":19,"column":18}},"loc":{"start":{"line":19,"column":43},"end":{"line":29,"column":3}},"line":19},"2":{"name":"(anonymous_2)","decl":{"start":{"line":31,"column":25},"end":{"line":31,"column":26}},"loc":{"start":{"line":31,"column":51},"end":{"line":41,"column":3}},"line":31}},"branchMap":{"0":{"loc":{"start":{"line":11,"column":2},"end":{"line":16,"column":8}},"type":"default-arg","locations":[{"start":{"line":16,"column":6},"end":{"line":16,"column":8}}],"line":11},"1":{"loc":{"start":{"line":12,"column":4},"end":{"line":12,"column":31}},"type":"default-arg","locations":[{"start":{"line":12,"column":17},"end":{"line":12,"column":31}}],"line":12},"2":{"loc":{"start":{"line":13,"column":4},"end":{"line":13,"column":32}},"type":"default-arg","locations":[{"start":{"line":13,"column":17},"end":{"line":13,"column":32}}],"line":13},"3":{"loc":{"start":{"line":14,"column":4},"end":{"line":14,"column":34}},"type":"default-arg","locations":[{"start":{"line":14,"column":21},"end":{"line":14,"column":34}}],"line":14},"4":{"loc":{"start":{"line":15,"column":4},"end":{"line":15,"column":34}},"type":"default-arg","locations":[{"start":{"line":15,"column":19},"end":{"line":15,"column":34}}],"line":15},"5":{"loc":{"start":{"line":24,"column":6},"end":{"line":24,"column":47}},"type":"if","locations":[{"start":{"line":24,"column":6},"end":{"line":24,"column":47}},{"start":{"line":24,"column":6},"end":{"line":24,"column":47}}],"line":24},"6":{"loc":{"start":{"line":36,"column":6},"end":{"line":36,"column":47}},"type":"if","locations":[{"start":{"line":36,"column":6},"end":{"line":36,"column":47}},{"start":{"line":36,"column":6},"end":{"line":36,"column":47}}],"line":36}},"s":{"0":1,"1":1,"2":1,"3":1,"4":1,"5":0,"6":0,"7":0,"8":0,"9":0,"10":0,"11":1,"12":0,"13":0,"14":0,"15":0,"16":0,"17":0},"f":{"0":1,"1":0,"2":0},"b":{"0":[1],"1":[1],"2":[1],"3":[1],"4":[1],"5":[0,0],"6":[0,0]},"_coverageSchema":"1a1c01bbd47fc00a2c39e90264f33305004495a9","hash":"c393384edccb72dff172821363e76e0bb5fc97e8","contentHash":"fc99dc69b4160c325b7cea7a82c24ec72c3c842960df203c3115505df2087057"}}